[0.079s] Invoking command in '/home/team/SoftwareDevelopment/ROS2/skinny/build/talon': AMENT_PREFIX_PATH=/home/team/SoftwareDevelopment/ROS2/skinny/install/messages:${AMENT_PREFIX_PATH} CMAKE_PREFIX_PATH=/home/team/SoftwareDevelopment/ROS2/skinny/install/messages:${CMAKE_PREFIX_PATH} LD_LIBRARY_PATH=/home/team/SoftwareDevelopment/ROS2/skinny/install/messages/lib:${LD_LIBRARY_PATH} PYTHONPATH=/home/team/SoftwareDevelopment/ROS2/skinny/install/messages/lib/python3.8/site-packages:${PYTHONPATH} /usr/bin/cmake --build /home/team/SoftwareDevelopment/ROS2/skinny/build/talon -- -j4 -l4
[0.234s] [35m[1mScanning dependencies of target talon_node[0m
[0.348s] [ 50%] [32mBuilding CXX object CMakeFiles/talon_node.dir/src/talon_node.cpp.o[0m
[0.831s] [01m[K/home/team/SoftwareDevelopment/ROS2/skinny/src/talon/src/talon_node.cpp:18:10:[m[K [01;31m[Kfatal error: [m[Kmessages/msg/TalonOut.h: No such file or directory
[0.831s]    18 | #include [01;31m[K"messages/msg/TalonOut.h"[m[K
[0.831s]       |          [01;31m[K^~~~~~~~~~~~~~~~~~~~~~~~~[m[K
[0.832s] compilation terminated.
[0.839s] make[2]: *** [CMakeFiles/talon_node.dir/build.make:63: CMakeFiles/talon_node.dir/src/talon_node.cpp.o] Error 1
[0.840s] make[1]: *** [CMakeFiles/Makefile2:78: CMakeFiles/talon_node.dir/all] Error 2
[0.841s] make: *** [Makefile:141: all] Error 2
[0.848s] Invoked command in '/home/team/SoftwareDevelopment/ROS2/skinny/build/talon' returned '2': AMENT_PREFIX_PATH=/home/team/SoftwareDevelopment/ROS2/skinny/install/messages:${AMENT_PREFIX_PATH} CMAKE_PREFIX_PATH=/home/team/SoftwareDevelopment/ROS2/skinny/install/messages:${CMAKE_PREFIX_PATH} LD_LIBRARY_PATH=/home/team/SoftwareDevelopment/ROS2/skinny/install/messages/lib:${LD_LIBRARY_PATH} PYTHONPATH=/home/team/SoftwareDevelopment/ROS2/skinny/install/messages/lib/python3.8/site-packages:${PYTHONPATH} /usr/bin/cmake --build /home/team/SoftwareDevelopment/ROS2/skinny/build/talon -- -j4 -l4
