[0.120s] Invoking command in '/home/team/SoftwareDevelopment/ROS2/skinny/build/logic': AMENT_PREFIX_PATH=/home/team/SoftwareDevelopment/ROS2/skinny/install/messages:${AMENT_PREFIX_PATH} CMAKE_PREFIX_PATH=/home/team/SoftwareDevelopment/ROS2/skinny/install/messages:/opt/ros/eloquent LD_LIBRARY_PATH=/home/team/SoftwareDevelopment/ROS2/skinny/install/messages/lib:${LD_LIBRARY_PATH} PYTHONPATH=/home/team/SoftwareDevelopment/ROS2/skinny/install/messages/lib/python3.6/site-packages:${PYTHONPATH} /usr/bin/cmake --build /home/team/SoftwareDevelopment/ROS2/skinny/build/logic -- -j4 -l4
[0.308s] [35m[1mScanning dependencies of target logic_node[0m
[0.423s] [ 50%] [32mBuilding CXX object CMakeFiles/logic_node.dir/src/logic_node.cpp.o[0m
[4.609s] In file included from [01m[K/home/team/SoftwareDevelopment/ROS2/skinny/src/logic/include/logic/Automation1.hpp:1:0[m[K,
[4.610s]                  from [01m[K/home/team/SoftwareDevelopment/ROS2/skinny/src/logic/src/logic_node.cpp:17[m[K:
[4.610s] [01m[K/home/team/SoftwareDevelopment/ROS2/skinny/src/logic/include/logic/Automation.hpp:19:30:[m[K [01;31m[Kerror: [m[KISO C++ forbids declaration of â€˜[01m[KsetNode[m[Kâ€™ with no type [[01;31m[K-fpermissive[m[K]
[4.611s]      setNode(rclcpp::Node node[01;31m[K)[m[K{
[4.611s]                               [01;31m[K^[m[K
[4.612s] [01m[K/home/team/SoftwareDevelopment/ROS2/skinny/src/logic/include/logic/Automation.hpp:[m[K In member function â€˜[01m[Kint Automation::setNode(rclcpp::Node)[m[Kâ€™:
[4.612s] [01m[K/home/team/SoftwareDevelopment/ROS2/skinny/src/logic/include/logic/Automation.hpp:20:20:[m[K [01;31m[Kerror: [m[Kâ€˜[01m[Krclcpp::Node& rclcpp::Node::operator=(const rclcpp::Node&)[m[Kâ€™ is private within this context
[4.613s]          this->node=[01;31m[Knode[m[K;
[4.613s]                     [01;31m[K^~~~[m[K
[4.614s] In file included from [01m[K/opt/ros/eloquent/include/rclcpp/context.hpp:33:0[m[K,
[4.614s]                  from [01m[K/opt/ros/eloquent/include/rclcpp/contexts/default_context.hpp:18[m[K,
[4.615s]                  from [01m[K/opt/ros/eloquent/include/rclcpp/executor.hpp:32[m[K,
[4.615s]                  from [01m[K/opt/ros/eloquent/include/rclcpp/executors/multi_threaded_executor.hpp:25[m[K,
[4.616s]                  from [01m[K/opt/ros/eloquent/include/rclcpp/executors.hpp:21[m[K,
[4.616s]                  from [01m[K/opt/ros/eloquent/include/rclcpp/rclcpp.hpp:145[m[K,
[4.617s]                  from [01m[K/home/team/SoftwareDevelopment/ROS2/skinny/src/logic/src/logic_node.cpp:4[m[K:
[4.618s] [01m[K/opt/ros/eloquent/include/rclcpp/macros.hpp:28:17:[m[K [01;36m[Knote: [m[Kdeclared private here
[4.619s]    __VA_ARGS__ & [01;36m[Ko[m[Kperator=(const __VA_ARGS__ &) = delete;
[4.619s]                  [01;36m[K^[m[K
[4.620s] [01m[K/opt/ros/eloquent/include/rclcpp/node.hpp:1088:3:[m[K [01;36m[Knote: [m[Kin expansion of macro â€˜[01m[KRCLCPP_DISABLE_COPY[m[Kâ€™
[4.620s]    [01;36m[KRCLCPP_DISABLE_COPY[m[K(Node)
[4.621s]    [01;36m[K^~~~~~~~~~~~~~~~~~~[m[K
[4.621s] In file included from [01m[K/home/team/SoftwareDevelopment/ROS2/skinny/src/logic/include/logic/Automation1.hpp:1:0[m[K,
[4.622s]                  from [01m[K/home/team/SoftwareDevelopment/ROS2/skinny/src/logic/src/logic_node.cpp:17[m[K:
[4.622s] [01m[K/home/team/SoftwareDevelopment/ROS2/skinny/src/logic/include/logic/Automation.hpp:20:20:[m[K [01;31m[Kerror: [m[Kuse of deleted function â€˜[01m[Krclcpp::Node& rclcpp::Node::operator=(const rclcpp::Node&)[m[Kâ€™
[4.623s]          this->node=[01;31m[Knode[m[K;
[4.623s]                     [01;31m[K^~~~[m[K
[4.624s] In file included from [01m[K/opt/ros/eloquent/include/rclcpp/context.hpp:33:0[m[K,
[4.624s]                  from [01m[K/opt/ros/eloquent/include/rclcpp/contexts/default_context.hpp:18[m[K,
[4.625s]                  from [01m[K/opt/ros/eloquent/include/rclcpp/executor.hpp:32[m[K,
[4.625s]                  from [01m[K/opt/ros/eloquent/include/rclcpp/executors/multi_threaded_executor.hpp:25[m[K,
[4.626s]                  from [01m[K/opt/ros/eloquent/include/rclcpp/executors.hpp:21[m[K,
[4.626s]                  from [01m[K/opt/ros/eloquent/include/rclcpp/rclcpp.hpp:145[m[K,
[4.627s]                  from [01m[K/home/team/SoftwareDevelopment/ROS2/skinny/src/logic/src/logic_node.cpp:4[m[K:
[4.627s] [01m[K/opt/ros/eloquent/include/rclcpp/macros.hpp:28:17:[m[K [01;36m[Knote: [m[Kdeclared here
[4.628s]    __VA_ARGS__ & [01;36m[Ko[m[Kperator=(const __VA_ARGS__ &) = delete;
[4.628s]                  [01;36m[K^[m[K
[4.629s] [01m[K/opt/ros/eloquent/include/rclcpp/node.hpp:1088:3:[m[K [01;36m[Knote: [m[Kin expansion of macro â€˜[01m[KRCLCPP_DISABLE_COPY[m[Kâ€™
[4.629s]    [01;36m[KRCLCPP_DISABLE_COPY[m[K(Node)
[4.630s]    [01;36m[K^~~~~~~~~~~~~~~~~~~[m[K
[4.630s] In file included from [01m[K/home/team/SoftwareDevelopment/ROS2/skinny/src/logic/include/logic/Automation1.hpp:1:0[m[K,
[4.631s]                  from [01m[K/home/team/SoftwareDevelopment/ROS2/skinny/src/logic/src/logic_node.cpp:17[m[K:
[4.631s] [01m[K/home/team/SoftwareDevelopment/ROS2/skinny/src/logic/include/logic/Automation.hpp:21:34:[m[K [01;31m[Kerror: [m[Kâ€˜[01m[KnodeHandle[m[Kâ€™ was not declared in this scope
[4.632s]          driveLeftSpeedPublisher= [01;31m[KnodeHandle[m[K->create_publisher<std_msgs::msg::Float32>("drive_left_speed",1);
[4.632s]                                   [01;31m[K^~~~~~~~~~[m[K
[4.633s] [01m[K/home/team/SoftwareDevelopment/ROS2/skinny/src/logic/include/logic/Automation.hpp:21:85:[m[K [01;31m[Kerror: [m[Kexpected primary-expression before â€˜[01m[K>[m[Kâ€™ token
[4.633s]          driveLeftSpeedPublisher= nodeHandle->create_publisher<std_msgs::msg::Float32[01;31m[K>[m[K("drive_left_speed",1);
[4.634s]                                                                                      [01;31m[K^[m[K
[4.634s] [01m[K/home/team/SoftwareDevelopment/ROS2/skinny/src/logic/include/logic/Automation.hpp:21:106:[m[K [01;35m[Kwarning: [m[Kleft operand of comma operator has no effect [[01;35m[K-Wunused-value[m[K]
[4.635s]          driveLeftSpeedPublisher= nodeHandle->create_publisher<std_msgs::msg::Float32>("drive_left_speed",[01;35m[K1[m[K);
[4.635s]                                                                                                           [01;35m[K^[m[K
[4.635s] [01m[K/home/team/SoftwareDevelopment/ROS2/skinny/src/logic/include/logic/Automation.hpp:22:86:[m[K [01;31m[Kerror: [m[Kexpected primary-expression before â€˜[01m[K>[m[Kâ€™ token
[4.636s]          driveRightSpeedPublisher= nodeHandle->create_publisher<std_msgs::msg::Float32[01;31m[K>[m[K("drive_right_speed",1);
[4.636s]                                                                                       [01;31m[K^[m[K
[4.637s] [01m[K/home/team/SoftwareDevelopment/ROS2/skinny/src/logic/include/logic/Automation.hpp:22:108:[m[K [01;35m[Kwarning: [m[Kleft operand of comma operator has no effect [[01;35m[K-Wunused-value[m[K]
[4.637s]          driveRightSpeedPublisher= nodeHandle->create_publisher<std_msgs::msg::Float32>("drive_right_speed",[01;35m[K1[m[K);
[4.638s]                                                                                                             [01;35m[K^[m[K
[4.638s] [01m[K/home/team/SoftwareDevelopment/ROS2/skinny/src/logic/include/logic/Automation.hpp:23:5:[m[K [01;35m[Kwarning: [m[Kno return statement in function returning non-void [[01;35m[K-Wreturn-type[m[K]
[4.639s]      [01;35m[K}[m[K
[4.639s]      [01;35m[K^[m[K
[4.682s] [01m[K/home/team/SoftwareDevelopment/ROS2/skinny/src/logic/src/logic_node.cpp:[m[K At global scope:
[4.683s] [01m[K/home/team/SoftwareDevelopment/ROS2/skinny/src/logic/src/logic_node.cpp:33:40:[m[K [01;31m[Kerror: [m[Kuse of deleted function â€˜[01m[KAutomation1::Automation1()[m[Kâ€™
[4.683s]  Automation* automation=new Automation1([01;31m[K)[m[K;
[4.684s]                                         [01;31m[K^[m[K
[4.684s] In file included from [01m[K/home/team/SoftwareDevelopment/ROS2/skinny/src/logic/src/logic_node.cpp:17:0[m[K:
[4.685s] [01m[K/home/team/SoftwareDevelopment/ROS2/skinny/src/logic/include/logic/Automation1.hpp:3:7:[m[K [01;36m[Knote: [m[Kâ€˜[01m[KAutomation1::Automation1()[m[Kâ€™ is implicitly deleted because the default definition would be ill-formed:
[4.685s]  class [01;36m[KAutomation1[m[K : public Automation{
[4.686s]        [01;36m[K^~~~~~~~~~~[m[K
[4.686s] [01m[K/home/team/SoftwareDevelopment/ROS2/skinny/src/logic/include/logic/Automation1.hpp:3:7:[m[K [01;31m[Kerror: [m[Kuse of deleted function â€˜[01m[KAutomation::Automation()[m[Kâ€™
[4.687s] In file included from [01m[K/home/team/SoftwareDevelopment/ROS2/skinny/src/logic/include/logic/Automation1.hpp:1:0[m[K,
[4.687s]                  from [01m[K/home/team/SoftwareDevelopment/ROS2/skinny/src/logic/src/logic_node.cpp:17[m[K:
[4.688s] [01m[K/home/team/SoftwareDevelopment/ROS2/skinny/src/logic/include/logic/Automation.hpp:6:7:[m[K [01;36m[Knote: [m[Kâ€˜[01m[KAutomation::Automation()[m[Kâ€™ is implicitly deleted because the default definition would be ill-formed:
[4.688s]  class [01;36m[KAutomation[m[K{
[4.689s]        [01;36m[K^~~~~~~~~~[m[K
[4.689s] [01m[K/home/team/SoftwareDevelopment/ROS2/skinny/src/logic/include/logic/Automation.hpp:6:7:[m[K [01;31m[Kerror: [m[Kno matching function for call to â€˜[01m[Krclcpp::Node::Node()[m[Kâ€™
[4.690s] In file included from [01m[K/opt/ros/eloquent/include/rclcpp/executors/single_threaded_executor.hpp:28:0[m[K,
[4.690s]                  from [01m[K/opt/ros/eloquent/include/rclcpp/executors.hpp:22[m[K,
[4.691s]                  from [01m[K/opt/ros/eloquent/include/rclcpp/rclcpp.hpp:145[m[K,
[4.691s]                  from [01m[K/home/team/SoftwareDevelopment/ROS2/skinny/src/logic/src/logic_node.cpp:4[m[K:
[4.692s] [01m[K/opt/ros/eloquent/include/rclcpp/node.hpp:1083:3:[m[K [01;36m[Knote: [m[Kcandidate: rclcpp::Node::Node(const rclcpp::Node&, const string&)
[4.692s]    [01;36m[KNode[m[K(
[4.693s]    [01;36m[K^~~~[m[K
[4.693s] [01m[K/opt/ros/eloquent/include/rclcpp/node.hpp:1083:3:[m[K [01;36m[Knote: [m[K  candidate expects 2 arguments, 0 provided
[4.694s] [01m[K/opt/ros/eloquent/include/rclcpp/node.hpp:96:12:[m[K [01;36m[Knote: [m[Kcandidate: rclcpp::Node::Node(const string&, const string&, const rclcpp::NodeOptions&)
[4.694s]    explicit [01;36m[KNode[m[K(
[4.695s]             [01;36m[K^~~~[m[K
[4.695s] [01m[K/opt/ros/eloquent/include/rclcpp/node.hpp:96:12:[m[K [01;36m[Knote: [m[K  candidate expects 3 arguments, 0 provided
[4.696s] [01m[K/opt/ros/eloquent/include/rclcpp/node.hpp:85:12:[m[K [01;36m[Knote: [m[Kcandidate: rclcpp::Node::Node(const string&, const rclcpp::NodeOptions&)
[4.696s]    explicit [01;36m[KNode[m[K(
[4.697s]             [01;36m[K^~~~[m[K
[4.697s] [01m[K/opt/ros/eloquent/include/rclcpp/node.hpp:85:12:[m[K [01;36m[Knote: [m[K  candidate expects 2 arguments, 0 provided
[5.047s] [01m[K/home/team/SoftwareDevelopment/ROS2/skinny/src/logic/src/logic_node.cpp:[m[K In function â€˜[01m[Kint main(int, char**)[m[Kâ€™:
[5.048s] [01m[K/home/team/SoftwareDevelopment/ROS2/skinny/src/logic/src/logic_node.cpp:308:35:[m[K [01;31m[Kerror: [m[Kno matching function for call to â€˜[01m[KAutomation::setNode(rclcpp::Node::SharedPtr&)[m[Kâ€™
[5.049s]      automation->setNode(nodeHandle[01;31m[K)[m[K;
[5.049s]                                    [01;31m[K^[m[K
[5.050s] In file included from [01m[K/home/team/SoftwareDevelopment/ROS2/skinny/src/logic/include/logic/Automation1.hpp:1:0[m[K,
[5.050s]                  from [01m[K/home/team/SoftwareDevelopment/ROS2/skinny/src/logic/src/logic_node.cpp:17[m[K:
[5.051s] [01m[K/home/team/SoftwareDevelopment/ROS2/skinny/src/logic/include/logic/Automation.hpp:19:5:[m[K [01;36m[Knote: [m[Kcandidate: int Automation::setNode(rclcpp::Node)
[5.051s]      [01;36m[KsetNode[m[K(rclcpp::Node node){
[5.051s]      [01;36m[K^~~~~~~[m[K
[5.052s] [01m[K/home/team/SoftwareDevelopment/ROS2/skinny/src/logic/include/logic/Automation.hpp:19:5:[m[K [01;36m[Knote: [m[K  no known conversion for argument 1 from â€˜[01m[Krclcpp::Node::SharedPtr {aka std::shared_ptr<rclcpp::Node>}[m[Kâ€™ to â€˜[01m[Krclcpp::Node[m[Kâ€™
[15.122s] make[2]: *** [CMakeFiles/logic_node.dir/src/logic_node.cpp.o] Error 1
[15.124s] CMakeFiles/logic_node.dir/build.make:62: recipe for target 'CMakeFiles/logic_node.dir/src/logic_node.cpp.o' failed
[15.125s] CMakeFiles/Makefile2:131: recipe for target 'CMakeFiles/logic_node.dir/all' failed
[15.125s] make[1]: *** [CMakeFiles/logic_node.dir/all] Error 2
[15.126s] make: *** [all] Error 2
[15.127s] Makefile:140: recipe for target 'all' failed
[15.131s] Invoked command in '/home/team/SoftwareDevelopment/ROS2/skinny/build/logic' returned '2': AMENT_PREFIX_PATH=/home/team/SoftwareDevelopment/ROS2/skinny/install/messages:${AMENT_PREFIX_PATH} CMAKE_PREFIX_PATH=/home/team/SoftwareDevelopment/ROS2/skinny/install/messages:/opt/ros/eloquent LD_LIBRARY_PATH=/home/team/SoftwareDevelopment/ROS2/skinny/install/messages/lib:${LD_LIBRARY_PATH} PYTHONPATH=/home/team/SoftwareDevelopment/ROS2/skinny/install/messages/lib/python3.6/site-packages:${PYTHONPATH} /usr/bin/cmake --build /home/team/SoftwareDevelopment/ROS2/skinny/build/logic -- -j4 -l4
