[0.124s] Invoking command in '/home/team/SoftwareDevelopment/ROS2/skinny/build/logic': AMENT_PREFIX_PATH=/home/team/SoftwareDevelopment/ROS2/skinny/install/messages:${AMENT_PREFIX_PATH} CMAKE_PREFIX_PATH=/home/team/SoftwareDevelopment/ROS2/skinny/install/messages:${CMAKE_PREFIX_PATH} LD_LIBRARY_PATH=/home/team/SoftwareDevelopment/ROS2/skinny/install/messages/lib:${LD_LIBRARY_PATH} PYTHONPATH=/home/team/SoftwareDevelopment/ROS2/skinny/install/messages/lib/python3.8/site-packages:${PYTHONPATH} /usr/bin/cmake --build /home/team/SoftwareDevelopment/ROS2/skinny/build/logic -- -j4 -l4
[0.302s] [35m[1mScanning dependencies of target logic_node[0m
[0.435s] [ 50%] [32mBuilding CXX object CMakeFiles/logic_node.dir/src/logic_node.cpp.o[0m
[5.786s] [01m[K/home/team/SoftwareDevelopment/ROS2/skinny/src/logic/src/logic_node.cpp:[m[K In function â€˜[01m[Kvoid updateSpeed()[m[Kâ€™:
[5.786s] [01m[K/home/team/SoftwareDevelopment/ROS2/skinny/src/logic/src/logic_node.cpp:48:33:[m[K [01;31m[Kerror: [m[Krequest for member â€˜[01m[Kpublish[m[Kâ€™ in â€˜[01m[KdriveLeftSpeedPublisher[m[Kâ€™, which is of non-class type â€˜[01m[Kint[m[Kâ€™
[5.787s]    48 |         driveLeftSpeedPublisher.[01;31m[Kpublish[m[K(speedLeft);
[5.787s]       |                                 [01;31m[K^~~~~~~[m[K
[5.787s] [01m[K/home/team/SoftwareDevelopment/ROS2/skinny/src/logic/src/logic_node.cpp:49:34:[m[K [01;31m[Kerror: [m[Krequest for member â€˜[01m[Kpublish[m[Kâ€™ in â€˜[01m[KdriveRightSpeedPublisher[m[Kâ€™, which is of non-class type â€˜[01m[Kint[m[Kâ€™
[5.788s]    49 |         driveRightSpeedPublisher.[01;31m[Kpublish[m[K(speedRight);
[5.788s]       |                                  [01;31m[K^~~~~~~[m[K
[5.789s] [01m[K/home/team/SoftwareDevelopment/ROS2/skinny/src/logic/src/logic_node.cpp:53:33:[m[K [01;31m[Kerror: [m[Krequest for member â€˜[01m[Kpublish[m[Kâ€™ in â€˜[01m[KdriveLeftSpeedPublisher[m[Kâ€™, which is of non-class type â€˜[01m[Kint[m[Kâ€™
[5.789s]    53 |         driveLeftSpeedPublisher.[01;31m[Kpublish[m[K(speedLeft);
[5.789s]       |                                 [01;31m[K^~~~~~~[m[K
[5.790s] [01m[K/home/team/SoftwareDevelopment/ROS2/skinny/src/logic/src/logic_node.cpp:54:34:[m[K [01;31m[Kerror: [m[Krequest for member â€˜[01m[Kpublish[m[Kâ€™ in â€˜[01m[KdriveRightSpeedPublisher[m[Kâ€™, which is of non-class type â€˜[01m[Kint[m[Kâ€™
[5.790s]    54 |         driveRightSpeedPublisher.[01;31m[Kpublish[m[K(speedRight);
[5.791s]       |                                  [01;31m[K^~~~~~~[m[K
[5.791s] [01m[K/home/team/SoftwareDevelopment/ROS2/skinny/src/logic/src/logic_node.cpp:[m[K At global scope:
[5.792s] [01m[K/home/team/SoftwareDevelopment/ROS2/skinny/src/logic/src/logic_node.cpp:59:33:[m[K [01;31m[Kerror: [m[Kâ€˜[01m[Kmessages[m[Kâ€™ does not name a type
[5.792s]    59 | void joystickAxisCallback(const [01;31m[Kmessages[m[K::msg::AxisState::SharedPtr axisState){
[5.793s]       |                                 [01;31m[K^~~~~~~~[m[K
[5.793s] [01m[K/home/team/SoftwareDevelopment/ROS2/skinny/src/logic/src/logic_node.cpp:59:46:[m[K [01;31m[Kerror: [m[Kexpected unqualified-id before â€˜[01m[K::[m[Kâ€™ token
[5.794s]    59 | void joystickAxisCallback(const messages::msg[01;31m[K::[m[KAxisState::SharedPtr axisState){
[5.794s]       |                                              [01;31m[K^~[m[K
[5.794s] [01m[K/home/team/SoftwareDevelopment/ROS2/skinny/src/logic/src/logic_node.cpp:59:46:[m[K [01;31m[Kerror: [m[Kexpected â€˜[01m[K)[m[Kâ€™ before â€˜[01m[K::[m[Kâ€™ token
[5.795s]    59 | void joystickAxisCallback[34m[K([m[Kconst messages::msg[01;31m[K:[m[K[32m[K:[m[KAxisState::SharedPtr axisState){
[5.795s]       |                          [34m[K~[m[K                   [01;31m[K^[m[K[32m[K~[m[K
[5.795s]       |                                              [32m[K)[m[K
[5.796s] [01m[K/home/team/SoftwareDevelopment/ROS2/skinny/src/logic/src/logic_node.cpp:59:46:[m[K [01;31m[Kerror: [m[Kexpected initializer before â€˜[01m[K::[m[Kâ€™ token
[5.796s]    59 | void joystickAxisCallback(const messages::msg[01;31m[K::[m[KAxisState::SharedPtr axisState){
[5.797s]       |                                              [01;31m[K^~[m[K
[5.798s] [01m[K/home/team/SoftwareDevelopment/ROS2/skinny/src/logic/src/logic_node.cpp:74:35:[m[K [01;31m[Kerror: [m[Kâ€˜[01m[Kmessages[m[Kâ€™ does not name a type
[5.798s]    74 | void joystickButtonCallback(const [01;31m[Kmessages[m[K::msg::ButtonState::SharedPtr buttonState){
[5.798s]       |                                   [01;31m[K^~~~~~~~[m[K
[5.799s] [01m[K/home/team/SoftwareDevelopment/ROS2/skinny/src/logic/src/logic_node.cpp:74:48:[m[K [01;31m[Kerror: [m[Kexpected unqualified-id before â€˜[01m[K::[m[Kâ€™ token
[5.799s]    74 | void joystickButtonCallback(const messages::msg[01;31m[K::[m[KButtonState::SharedPtr buttonState){
[5.799s]       |                                                [01;31m[K^~[m[K
[5.800s] [01m[K/home/team/SoftwareDevelopment/ROS2/skinny/src/logic/src/logic_node.cpp:74:48:[m[K [01;31m[Kerror: [m[Kexpected â€˜[01m[K)[m[Kâ€™ before â€˜[01m[K::[m[Kâ€™ token
[5.800s]    74 | void joystickButtonCallback[34m[K([m[Kconst messages::msg[01;31m[K:[m[K[32m[K:[m[KButtonState::SharedPtr buttonState){
[5.801s]       |                            [34m[K~[m[K                   [01;31m[K^[m[K[32m[K~[m[K
[5.801s]       |                                                [32m[K)[m[K
[5.802s] [01m[K/home/team/SoftwareDevelopment/ROS2/skinny/src/logic/src/logic_node.cpp:74:48:[m[K [01;31m[Kerror: [m[Kexpected initializer before â€˜[01m[K::[m[Kâ€™ token
[5.802s]    74 | void joystickButtonCallback(const messages::msg[01;31m[K::[m[KButtonState::SharedPtr buttonState){
[5.803s]       |                                                [01;31m[K^~[m[K
[5.803s] [01m[K/home/team/SoftwareDevelopment/ROS2/skinny/src/logic/src/logic_node.cpp:126:32:[m[K [01;31m[Kerror: [m[Kâ€˜[01m[Kmessages[m[Kâ€™ does not name a type
[5.804s]   126 | void joystickHatCallback(const [01;31m[Kmessages[m[K::msg::HatState::SharedPtr hatState){
[5.804s]       |                                [01;31m[K^~~~~~~~[m[K
[5.804s] [01m[K/home/team/SoftwareDevelopment/ROS2/skinny/src/logic/src/logic_node.cpp:126:45:[m[K [01;31m[Kerror: [m[Kexpected unqualified-id before â€˜[01m[K::[m[Kâ€™ token
[5.805s]   126 | void joystickHatCallback(const messages::msg[01;31m[K::[m[KHatState::SharedPtr hatState){
[5.805s]       |                                             [01;31m[K^~[m[K
[5.806s] [01m[K/home/team/SoftwareDevelopment/ROS2/skinny/src/logic/src/logic_node.cpp:126:45:[m[K [01;31m[Kerror: [m[Kexpected â€˜[01m[K)[m[Kâ€™ before â€˜[01m[K::[m[Kâ€™ token
[5.807s]   126 | void joystickHatCallback[34m[K([m[Kconst messages::msg[01;31m[K:[m[K[32m[K:[m[KHatState::SharedPtr hatState){
[5.807s]       |                         [34m[K~[m[K                   [01;31m[K^[m[K[32m[K~[m[K
[5.807s]       |                                             [32m[K)[m[K
[5.808s] [01m[K/home/team/SoftwareDevelopment/ROS2/skinny/src/logic/src/logic_node.cpp:126:45:[m[K [01;31m[Kerror: [m[Kexpected initializer before â€˜[01m[K::[m[Kâ€™ token
[5.808s]   126 | void joystickHatCallback(const messages::msg[01;31m[K::[m[KHatState::SharedPtr hatState){
[5.808s]       |                                             [01;31m[K^~[m[K
[5.809s] [01m[K/home/team/SoftwareDevelopment/ROS2/skinny/src/logic/src/logic_node.cpp:[m[K In function â€˜[01m[Kint main(int, char**)[m[Kâ€™:
[5.809s] [01m[K/home/team/SoftwareDevelopment/ROS2/skinny/src/logic/src/logic_node.cpp:134:66:[m[K [01;31m[Kerror: [m[Kâ€˜[01m[Kmessages[m[Kâ€™ was not declared in this scope; did you mean â€˜[01m[Kstd::__cxx11::messages[m[Kâ€™?
[5.809s]   134 |     auto joystickAxisSubscriber= nodeHandle->create_subscription<[01;31m[Kmessages[m[K::msg::AxisState>("joystick_axis",1,joystickAxisCallback);
[5.810s]       |                                                                  [01;31m[K^~~~~~~~[m[K
[5.810s]       |                                                                  [32m[Kstd::__cxx11::messages[m[K
[5.810s] In file included from [01m[K/usr/include/c++/9/string:43[m[K,
[5.810s]                  from [01m[K/usr/include/c++/9/stdexcept:39[m[K,
[5.811s]                  from [01m[K/usr/include/c++/9/array:39[m[K,
[5.811s]                  from [01m[K/usr/include/c++/9/tuple:39[m[K,
[5.812s]                  from [01m[K/usr/include/c++/9/bits/unique_ptr.h:37[m[K,
[5.812s]                  from [01m[K/usr/include/c++/9/memory:80[m[K,
[5.813s]                  from [01m[K/opt/ros/foxy/include/rclcpp/rclcpp.hpp:144[m[K,
[5.813s]                  from [01m[K/home/team/SoftwareDevelopment/ROS2/skinny/src/logic/src/logic_node.cpp:3[m[K:
[5.813s] [01m[K/usr/include/c++/9/bits/localefwd.h:206:11:[m[K [01;36m[Knote: [m[Kâ€˜[01m[Kstd::__cxx11::messages[m[Kâ€™ declared here
[5.814s]   206 |     class [01;36m[Kmessages[m[K;
[5.814s]       |           [01;36m[K^~~~~~~~[m[K
[5.814s] [01m[K/home/team/SoftwareDevelopment/ROS2/skinny/src/logic/src/logic_node.cpp:134:46:[m[K [01;31m[Kerror: [m[Kparse error in template argument list
[5.815s]   134 |     auto joystickAxisSubscriber= nodeHandle->[01;31m[Kcreate_subscription<messages::msg::AxisState>[m[K("joystick_axis",1,joystickAxisCallback);
[5.815s]       |                                              [01;31m[K^~~~~~~~~~~~~~~~~~~~~~~~~~~~~~~~~~~~~~~~~~~~~[m[K
[5.817s] [01m[K/home/team/SoftwareDevelopment/ROS2/skinny/src/logic/src/logic_node.cpp:134:110:[m[K [01;31m[Kerror: [m[Kâ€˜[01m[KjoystickAxisCallback[m[Kâ€™ was not declared in this scope
[5.818s]   134 |     auto joystickAxisSubscriber= nodeHandle->create_subscription<messages::msg::AxisState>("joystick_axis",1,[01;31m[KjoystickAxisCallback[m[K);
[5.818s]       |                                                                                                              [01;31m[K^~~~~~~~~~~~~~~~~~~~[m[K
[5.818s] [01m[K/home/team/SoftwareDevelopment/ROS2/skinny/src/logic/src/logic_node.cpp:135:48:[m[K [01;31m[Kerror: [m[Kparse error in template argument list
[5.819s]   135 |     auto joystickButtonSubscriber= nodeHandle->[01;31m[Kcreate_subscription<messages::msg::ButtonState>[m[K("joystick_button",1,joystickButtonCallback);
[5.819s]       |                                                [01;31m[K^~~~~~~~~~~~~~~~~~~~~~~~~~~~~~~~~~~~~~~~~~~~~~~[m[K
[5.829s] [01m[K/home/team/SoftwareDevelopment/ROS2/skinny/src/logic/src/logic_node.cpp:135:116:[m[K [01;31m[Kerror: [m[Kâ€˜[01m[KjoystickButtonCallback[m[Kâ€™ was not declared in this scope
[5.830s]   135 |     auto joystickButtonSubscriber= nodeHandle->create_subscription<messages::msg::ButtonState>("joystick_button",1,[01;31m[KjoystickButtonCallback[m[K);
[5.830s]       |                                                                                                                    [01;31m[K^~~~~~~~~~~~~~~~~~~~~~[m[K
[5.830s] [01m[K/home/team/SoftwareDevelopment/ROS2/skinny/src/logic/src/logic_node.cpp:136:45:[m[K [01;31m[Kerror: [m[Kparse error in template argument list
[5.831s]   136 |     auto joystickHatSubscriber= nodeHandle->[01;31m[Kcreate_subscription<messages::msg::HatState>[m[K("joystick_hat",1,joystickHatCallback);
[5.831s]       |                                             [01;31m[K^~~~~~~~~~~~~~~~~~~~~~~~~~~~~~~~~~~~~~~~~~~~[m[K
[5.840s] [01m[K/home/team/SoftwareDevelopment/ROS2/skinny/src/logic/src/logic_node.cpp:136:107:[m[K [01;31m[Kerror: [m[Kâ€˜[01m[KjoystickHatCallback[m[Kâ€™ was not declared in this scope
[5.840s]   136 |     auto joystickHatSubscriber= nodeHandle->create_subscription<messages::msg::HatState>("joystick_hat",1,[01;31m[KjoystickHatCallback[m[K);
[5.841s]       |                                                                                                           [01;31m[K^~~~~~~~~~~~~~~~~~~[m[K
[5.853s] [01m[K/home/team/SoftwareDevelopment/ROS2/skinny/src/logic/src/logic_node.cpp:138:82:[m[K [01;31m[Kerror: [m[Kcannot convert â€˜[01m[Kstd::shared_ptr<rclcpp::Publisher<std_msgs::msg::Float32_<std::allocator<void> >, std::allocator<void> > >[m[Kâ€™ to â€˜[01m[Kint[m[Kâ€™ in assignment
[5.854s]   138 |     driveLeftSpeedPublisher= [01;31m[KnodeHandle->create_publisher<std_msgs::msg::Float32>("drive_left_speed",1)[m[K;
[5.854s]       |                              [01;31m[K~~~~~~~~~~~~~~~~~~~~~~~~~~~~~~~~~~~~~~~~~~~~~~~~~~~~^~~~~~~~~~~~~~~~~~~~~~[m[K
[5.854s]       |                                                                                  [01;31m[K|[m[K
[5.855s]       |                                                                                  [01;31m[Kstd::shared_ptr<rclcpp::Publisher<std_msgs::msg::Float32_<std::allocator<void> >, std::allocator<void> > >[m[K
[5.855s] [01m[K/home/team/SoftwareDevelopment/ROS2/skinny/src/logic/src/logic_node.cpp:139:83:[m[K [01;31m[Kerror: [m[Kcannot convert â€˜[01m[Kstd::shared_ptr<rclcpp::Publisher<std_msgs::msg::Float32_<std::allocator<void> >, std::allocator<void> > >[m[Kâ€™ to â€˜[01m[Kint[m[Kâ€™ in assignment
[5.856s]   139 |     driveRightSpeedPublisher= [01;31m[KnodeHandle->create_publisher<std_msgs::msg::Float32>("drive_right_speed",1)[m[K;
[5.856s]       |                               [01;31m[K~~~~~~~~~~~~~~~~~~~~~~~~~~~~~~~~~~~~~~~~~~~~~~~~~~~~^~~~~~~~~~~~~~~~~~~~~~~[m[K
[5.856s]       |                                                                                   [01;31m[K|[m[K
[5.857s]       |                                                                                   [01;31m[Kstd::shared_ptr<rclcpp::Publisher<std_msgs::msg::Float32_<std::allocator<void> >, std::allocator<void> > >[m[K
[5.865s] [01m[K/home/team/SoftwareDevelopment/ROS2/skinny/src/logic/src/logic_node.cpp:140:75:[m[K [01;31m[Kerror: [m[Kcannot convert â€˜[01m[Kstd::shared_ptr<rclcpp::Publisher<std_msgs::msg::Bool_<std::allocator<void> >, std::allocator<void> > >[m[Kâ€™ to â€˜[01m[Kint[m[Kâ€™ in assignment
[5.866s]   140 |     driveStatePublisher= [01;31m[KnodeHandle->create_publisher<std_msgs::msg::Bool>("drive_state",1)[m[K;
[5.866s]       |                          [01;31m[K~~~~~~~~~~~~~~~~~~~~~~~~~~~~~~~~~~~~~~~~~~~~~~~~~^~~~~~~~~~~~~~~~~[m[K
[5.867s]       |                                                                           [01;31m[K|[m[K
[5.867s]       |                                                                           [01;31m[Kstd::shared_ptr<rclcpp::Publisher<std_msgs::msg::Bool_<std::allocator<void> >, std::allocator<void> > >[m[K
[9.487s] make[2]: *** [CMakeFiles/logic_node.dir/build.make:63: CMakeFiles/logic_node.dir/src/logic_node.cpp.o] Error 1
[9.489s] make[1]: *** [CMakeFiles/Makefile2:78: CMakeFiles/logic_node.dir/all] Error 2
[9.489s] make: *** [Makefile:141: all] Error 2
[9.500s] Invoked command in '/home/team/SoftwareDevelopment/ROS2/skinny/build/logic' returned '2': AMENT_PREFIX_PATH=/home/team/SoftwareDevelopment/ROS2/skinny/install/messages:${AMENT_PREFIX_PATH} CMAKE_PREFIX_PATH=/home/team/SoftwareDevelopment/ROS2/skinny/install/messages:${CMAKE_PREFIX_PATH} LD_LIBRARY_PATH=/home/team/SoftwareDevelopment/ROS2/skinny/install/messages/lib:${LD_LIBRARY_PATH} PYTHONPATH=/home/team/SoftwareDevelopment/ROS2/skinny/install/messages/lib/python3.8/site-packages:${PYTHONPATH} /usr/bin/cmake --build /home/team/SoftwareDevelopment/ROS2/skinny/build/logic -- -j4 -l4
