[35m[1mScanning dependencies of target logic_node[0m
[ 50%] [32mBuilding CXX object CMakeFiles/logic_node.dir/src/logic_node.cpp.o[0m
[01m[K/home/team/SoftwareDevelopment/ROS2/skinny/src/logic/src/logic_node.cpp:22:1:[m[K [01;31m[Kerror: [m[Kdeclaration of â€˜[01m[Kauto driveLeftSpeedPublisher[m[Kâ€™ has no initializer
   22 | [01;31m[Kauto[m[K driveLeftSpeedPublisher;
      | [01;31m[K^~~~[m[K
[01m[K/home/team/SoftwareDevelopment/ROS2/skinny/src/logic/src/logic_node.cpp:23:1:[m[K [01;31m[Kerror: [m[Kâ€˜[01m[Kros[m[Kâ€™ does not name a type; did you mean â€˜[01m[Kcos[m[Kâ€™?
   23 | [01;31m[Kros[m[K::Publisher driveRightSpeedPublisher;
      | [01;31m[K^~~[m[K
      | [32m[Kcos[m[K
[01m[K/home/team/SoftwareDevelopment/ROS2/skinny/src/logic/src/logic_node.cpp:24:1:[m[K [01;31m[Kerror: [m[Kâ€˜[01m[Kros[m[Kâ€™ does not name a type; did you mean â€˜[01m[Kcos[m[Kâ€™?
   24 | [01;31m[Kros[m[K::Publisher elbowLeftSpeedPublisher;
      | [01;31m[K^~~[m[K
      | [32m[Kcos[m[K
[01m[K/home/team/SoftwareDevelopment/ROS2/skinny/src/logic/src/logic_node.cpp:25:1:[m[K [01;31m[Kerror: [m[Kâ€˜[01m[Kros[m[Kâ€™ does not name a type; did you mean â€˜[01m[Kcos[m[Kâ€™?
   25 | [01;31m[Kros[m[K::Publisher elbowRightSpeedPublisher;
      | [01;31m[K^~~[m[K
      | [32m[Kcos[m[K
[01m[K/home/team/SoftwareDevelopment/ROS2/skinny/src/logic/src/logic_node.cpp:26:1:[m[K [01;31m[Kerror: [m[Kâ€˜[01m[Kros[m[Kâ€™ does not name a type; did you mean â€˜[01m[Kcos[m[Kâ€™?
   26 | [01;31m[Kros[m[K::Publisher binSpeedPublisher;
      | [01;31m[K^~~[m[K
      | [32m[Kcos[m[K
[01m[K/home/team/SoftwareDevelopment/ROS2/skinny/src/logic/src/logic_node.cpp:27:1:[m[K [01;31m[Kerror: [m[Kâ€˜[01m[Kros[m[Kâ€™ does not name a type; did you mean â€˜[01m[Kcos[m[Kâ€™?
   27 | [01;31m[Kros[m[K::Publisher drumSpeedPublisher;
      | [01;31m[K^~~[m[K
      | [32m[Kcos[m[K
[01m[K/home/team/SoftwareDevelopment/ROS2/skinny/src/logic/src/logic_node.cpp:28:1:[m[K [01;31m[Kerror: [m[Kâ€˜[01m[Kros[m[Kâ€™ does not name a type; did you mean â€˜[01m[Kcos[m[Kâ€™?
   28 | [01;31m[Kros[m[K::Publisher scoopDirPublisher;
      | [01;31m[K^~~[m[K
      | [32m[Kcos[m[K
[01m[K/home/team/SoftwareDevelopment/ROS2/skinny/src/logic/src/logic_node.cpp:29:1:[m[K [01;31m[Kerror: [m[Kâ€˜[01m[Kros[m[Kâ€™ does not name a type; did you mean â€˜[01m[Kcos[m[Kâ€™?
   29 | [01;31m[Kros[m[K::Publisher shoulderSpeedPublisher;
      | [01;31m[K^~~[m[K
      | [32m[Kcos[m[K
[01m[K/home/team/SoftwareDevelopment/ROS2/skinny/src/logic/src/logic_node.cpp:30:1:[m[K [01;31m[Kerror: [m[Kâ€˜[01m[Kros[m[Kâ€™ does not name a type; did you mean â€˜[01m[Kcos[m[Kâ€™?
   30 | [01;31m[Kros[m[K::Publisher shoulderLeftGoPublisher;
      | [01;31m[K^~~[m[K
      | [32m[Kcos[m[K
[01m[K/home/team/SoftwareDevelopment/ROS2/skinny/src/logic/src/logic_node.cpp:31:1:[m[K [01;31m[Kerror: [m[Kâ€˜[01m[Kros[m[Kâ€™ does not name a type; did you mean â€˜[01m[Kcos[m[Kâ€™?
   31 | [01;31m[Kros[m[K::Publisher shoulderRightGoPublisher;
      | [01;31m[K^~~[m[K
      | [32m[Kcos[m[K
[01m[K/home/team/SoftwareDevelopment/ROS2/skinny/src/logic/src/logic_node.cpp:32:1:[m[K [01;31m[Kerror: [m[Kâ€˜[01m[Kros[m[Kâ€™ does not name a type; did you mean â€˜[01m[Kcos[m[Kâ€™?
   32 | [01;31m[Kros[m[K::Publisher driveStatePublisher;
      | [01;31m[K^~~[m[K
      | [32m[Kcos[m[K
[01m[K/home/team/SoftwareDevelopment/ROS2/skinny/src/logic/src/logic_node.cpp:[m[K In function â€˜[01m[Kvoid updateSpeed()[m[Kâ€™:
[01m[K/home/team/SoftwareDevelopment/ROS2/skinny/src/logic/src/logic_node.cpp:37:15:[m[K [01;31m[Kerror: [m[Kâ€˜[01m[KFloat32[m[Kâ€™ is not a member of â€˜[01m[Kstd_msgs[m[Kâ€™; did you mean â€˜[01m[Kstd_msgs::msg::Float32[m[Kâ€™?
   37 |     std_msgs::[01;31m[KFloat32[m[K speedLeft;
      |               [01;31m[K^~~~~~~[m[K
In file included from [01m[K/opt/ros/foxy/include/std_msgs/msg/float32.hpp:7[m[K,
                 from [01m[K/home/team/SoftwareDevelopment/ROS2/skinny/src/logic/src/logic_node.cpp:5[m[K:
[01m[K/opt/ros/foxy/include/std_msgs/msg/detail/float32__struct.hpp:121:7:[m[K [01;36m[Knote: [m[Kâ€˜[01m[Kstd_msgs::msg::Float32[m[Kâ€™ declared here
  121 | using [01;36m[KFloat32[m[K =
      |       [01;36m[K^~~~~~~[m[K
[01m[K/home/team/SoftwareDevelopment/ROS2/skinny/src/logic/src/logic_node.cpp:38:15:[m[K [01;31m[Kerror: [m[Kâ€˜[01m[KFloat32[m[Kâ€™ is not a member of â€˜[01m[Kstd_msgs[m[Kâ€™; did you mean â€˜[01m[Kstd_msgs::msg::Float32[m[Kâ€™?
   38 |     std_msgs::[01;31m[KFloat32[m[K speedRight;
      |               [01;31m[K^~~~~~~[m[K
In file included from [01m[K/opt/ros/foxy/include/std_msgs/msg/float32.hpp:7[m[K,
                 from [01m[K/home/team/SoftwareDevelopment/ROS2/skinny/src/logic/src/logic_node.cpp:5[m[K:
[01m[K/opt/ros/foxy/include/std_msgs/msg/detail/float32__struct.hpp:121:7:[m[K [01;36m[Knote: [m[Kâ€˜[01m[Kstd_msgs::msg::Float32[m[Kâ€™ declared here
  121 | using [01;36m[KFloat32[m[K =
      |       [01;36m[K^~~~~~~[m[K
[01m[K/home/team/SoftwareDevelopment/ROS2/skinny/src/logic/src/logic_node.cpp:47:5:[m[K [01;31m[Kerror: [m[Kâ€˜[01m[KspeedLeft[m[Kâ€™ was not declared in this scope
   47 |     [01;31m[KspeedLeft[m[K.data = (joystick1Pitch + joystick1Roll);
      |     [01;31m[K^~~~~~~~~[m[K
[01m[K/home/team/SoftwareDevelopment/ROS2/skinny/src/logic/src/logic_node.cpp:48:5:[m[K [01;31m[Kerror: [m[Kâ€˜[01m[KspeedRight[m[Kâ€™ was not declared in this scope
   48 |     [01;31m[KspeedRight[m[K.data = (joystick1Pitch - joystick1Roll);
      |     [01;31m[K^~~~~~~~~~[m[K
[01m[K/home/team/SoftwareDevelopment/ROS2/skinny/src/logic/src/logic_node.cpp:58:9:[m[K [01;31m[Kerror: [m[Kâ€˜[01m[KdriveRightSpeedPublisher[m[Kâ€™ was not declared in this scope
   58 |         [01;31m[KdriveRightSpeedPublisher[m[K.publish(speedRight);
      |         [01;31m[K^~~~~~~~~~~~~~~~~~~~~~~~[m[K
[01m[K/home/team/SoftwareDevelopment/ROS2/skinny/src/logic/src/logic_node.cpp:63:9:[m[K [01;31m[Kerror: [m[Kâ€˜[01m[KdriveRightSpeedPublisher[m[Kâ€™ was not declared in this scope
   63 |         [01;31m[KdriveRightSpeedPublisher[m[K.publish(speedRight);
      |         [01;31m[K^~~~~~~~~~~~~~~~~~~~~~~~[m[K
[01m[K/home/team/SoftwareDevelopment/ROS2/skinny/src/logic/src/logic_node.cpp:[m[K At global scope:
[01m[K/home/team/SoftwareDevelopment/ROS2/skinny/src/logic/src/logic_node.cpp:68:33:[m[K [01;31m[Kerror: [m[Kâ€˜[01m[Kmessages[m[Kâ€™ does not name a type
   68 | void joystickAxisCallback(const [01;31m[Kmessages[m[K::msg::AxisState& axisState){
      |                                 [01;31m[K^~~~~~~~[m[K
[01m[K/home/team/SoftwareDevelopment/ROS2/skinny/src/logic/src/logic_node.cpp:68:46:[m[K [01;31m[Kerror: [m[Kexpected unqualified-id before â€˜[01m[K::[m[Kâ€™ token
   68 | void joystickAxisCallback(const messages::msg[01;31m[K::[m[KAxisState& axisState){
      |                                              [01;31m[K^~[m[K
[01m[K/home/team/SoftwareDevelopment/ROS2/skinny/src/logic/src/logic_node.cpp:68:46:[m[K [01;31m[Kerror: [m[Kexpected â€˜[01m[K)[m[Kâ€™ before â€˜[01m[K::[m[Kâ€™ token
   68 | void joystickAxisCallback[34m[K([m[Kconst messages::msg[01;31m[K:[m[K[32m[K:[m[KAxisState& axisState){
      |                          [34m[K~[m[K                   [01;31m[K^[m[K[32m[K~[m[K
      |                                              [32m[K)[m[K
[01m[K/home/team/SoftwareDevelopment/ROS2/skinny/src/logic/src/logic_node.cpp:68:46:[m[K [01;31m[Kerror: [m[Kexpected initializer before â€˜[01m[K::[m[Kâ€™ token
   68 | void joystickAxisCallback(const messages::msg[01;31m[K::[m[KAxisState& axisState){
      |                                              [01;31m[K^~[m[K
[01m[K/home/team/SoftwareDevelopment/ROS2/skinny/src/logic/src/logic_node.cpp:83:35:[m[K [01;31m[Kerror: [m[Kâ€˜[01m[Kmessages[m[Kâ€™ does not name a type
   83 | void joystickButtonCallback(const [01;31m[Kmessages[m[K::msg::ButtonState& buttonState){
      |                                   [01;31m[K^~~~~~~~[m[K
[01m[K/home/team/SoftwareDevelopment/ROS2/skinny/src/logic/src/logic_node.cpp:83:48:[m[K [01;31m[Kerror: [m[Kexpected unqualified-id before â€˜[01m[K::[m[Kâ€™ token
   83 | void joystickButtonCallback(const messages::msg[01;31m[K::[m[KButtonState& buttonState){
      |                                                [01;31m[K^~[m[K
[01m[K/home/team/SoftwareDevelopment/ROS2/skinny/src/logic/src/logic_node.cpp:83:48:[m[K [01;31m[Kerror: [m[Kexpected â€˜[01m[K)[m[Kâ€™ before â€˜[01m[K::[m[Kâ€™ token
   83 | void joystickButtonCallback[34m[K([m[Kconst messages::msg[01;31m[K:[m[K[32m[K:[m[KButtonState& buttonState){
      |                            [34m[K~[m[K                   [01;31m[K^[m[K[32m[K~[m[K
      |                                                [32m[K)[m[K
[01m[K/home/team/SoftwareDevelopment/ROS2/skinny/src/logic/src/logic_node.cpp:83:48:[m[K [01;31m[Kerror: [m[Kexpected initializer before â€˜[01m[K::[m[Kâ€™ token
   83 | void joystickButtonCallback(const messages::msg[01;31m[K::[m[KButtonState& buttonState){
      |                                                [01;31m[K^~[m[K
[01m[K/home/team/SoftwareDevelopment/ROS2/skinny/src/logic/src/logic_node.cpp:136:32:[m[K [01;31m[Kerror: [m[Kâ€˜[01m[Kmessages[m[Kâ€™ does not name a type
  136 | void joystickHatCallback(const [01;31m[Kmessages[m[K::msg::HatState& hatState){
      |                                [01;31m[K^~~~~~~~[m[K
[01m[K/home/team/SoftwareDevelopment/ROS2/skinny/src/logic/src/logic_node.cpp:136:45:[m[K [01;31m[Kerror: [m[Kexpected unqualified-id before â€˜[01m[K::[m[Kâ€™ token
  136 | void joystickHatCallback(const messages::msg[01;31m[K::[m[KHatState& hatState){
      |                                             [01;31m[K^~[m[K
[01m[K/home/team/SoftwareDevelopment/ROS2/skinny/src/logic/src/logic_node.cpp:136:45:[m[K [01;31m[Kerror: [m[Kexpected â€˜[01m[K)[m[Kâ€™ before â€˜[01m[K::[m[Kâ€™ token
  136 | void joystickHatCallback[34m[K([m[Kconst messages::msg[01;31m[K:[m[K[32m[K:[m[KHatState& hatState){
      |                         [34m[K~[m[K                   [01;31m[K^[m[K[32m[K~[m[K
      |                                             [32m[K)[m[K
[01m[K/home/team/SoftwareDevelopment/ROS2/skinny/src/logic/src/logic_node.cpp:136:45:[m[K [01;31m[Kerror: [m[Kexpected initializer before â€˜[01m[K::[m[Kâ€™ token
  136 | void joystickHatCallback(const messages::msg[01;31m[K::[m[KHatState& hatState){
      |                                             [01;31m[K^~[m[K
[01m[K/home/team/SoftwareDevelopment/ROS2/skinny/src/logic/src/logic_node.cpp:[m[K In function â€˜[01m[Kint main(int, char**)[m[Kâ€™:
[01m[K/home/team/SoftwareDevelopment/ROS2/skinny/src/logic/src/logic_node.cpp:144:66:[m[K [01;31m[Kerror: [m[Kâ€˜[01m[Kmessages[m[Kâ€™ was not declared in this scope; did you mean â€˜[01m[Kstd::__cxx11::messages[m[Kâ€™?
  144 |     auto joystickAxisSubscriber= nodeHandle->create_subscription<[01;31m[Kmessages[m[K::msg::AxisState>("joystick_axis",1,joystickAxisCallback);
      |                                                                  [01;31m[K^~~~~~~~[m[K
      |                                                                  [32m[Kstd::__cxx11::messages[m[K
In file included from [01m[K/usr/include/c++/9/string:43[m[K,
                 from [01m[K/usr/include/c++/9/stdexcept:39[m[K,
                 from [01m[K/usr/include/c++/9/array:39[m[K,
                 from [01m[K/usr/include/c++/9/tuple:39[m[K,
                 from [01m[K/usr/include/c++/9/bits/unique_ptr.h:37[m[K,
                 from [01m[K/usr/include/c++/9/memory:80[m[K,
                 from [01m[K/opt/ros/foxy/include/rclcpp/rclcpp.hpp:144[m[K,
                 from [01m[K/home/team/SoftwareDevelopment/ROS2/skinny/src/logic/src/logic_node.cpp:3[m[K:
[01m[K/usr/include/c++/9/bits/localefwd.h:206:11:[m[K [01;36m[Knote: [m[Kâ€˜[01m[Kstd::__cxx11::messages[m[Kâ€™ declared here
  206 |     class [01;36m[Kmessages[m[K;
      |           [01;36m[K^~~~~~~~[m[K
[01m[K/home/team/SoftwareDevelopment/ROS2/skinny/src/logic/src/logic_node.cpp:144:46:[m[K [01;31m[Kerror: [m[Kparse error in template argument list
  144 |     auto joystickAxisSubscriber= nodeHandle->[01;31m[Kcreate_subscription<messages::msg::AxisState>[m[K("joystick_axis",1,joystickAxisCallback);
      |                                              [01;31m[K^~~~~~~~~~~~~~~~~~~~~~~~~~~~~~~~~~~~~~~~~~~~~[m[K
[01m[K/home/team/SoftwareDevelopment/ROS2/skinny/src/logic/src/logic_node.cpp:144:110:[m[K [01;31m[Kerror: [m[Kâ€˜[01m[KjoystickAxisCallback[m[Kâ€™ was not declared in this scope
  144 |     auto joystickAxisSubscriber= nodeHandle->create_subscription<messages::msg::AxisState>("joystick_axis",1,[01;31m[KjoystickAxisCallback[m[K);
      |                                                                                                              [01;31m[K^~~~~~~~~~~~~~~~~~~~[m[K
[01m[K/home/team/SoftwareDevelopment/ROS2/skinny/src/logic/src/logic_node.cpp:145:48:[m[K [01;31m[Kerror: [m[Kparse error in template argument list
  145 |     auto joystickButtonSubscriber= nodeHandle->[01;31m[Kcreate_subscription<messages::msg::ButtonState>[m[K("joystick_button",1,joystickButtonCallback);
      |                                                [01;31m[K^~~~~~~~~~~~~~~~~~~~~~~~~~~~~~~~~~~~~~~~~~~~~~~[m[K
[01m[K/home/team/SoftwareDevelopment/ROS2/skinny/src/logic/src/logic_node.cpp:145:116:[m[K [01;31m[Kerror: [m[Kâ€˜[01m[KjoystickButtonCallback[m[Kâ€™ was not declared in this scope
  145 |     auto joystickButtonSubscriber= nodeHandle->create_subscription<messages::msg::ButtonState>("joystick_button",1,[01;31m[KjoystickButtonCallback[m[K);
      |                                                                                                                    [01;31m[K^~~~~~~~~~~~~~~~~~~~~~[m[K
[01m[K/home/team/SoftwareDevelopment/ROS2/skinny/src/logic/src/logic_node.cpp:146:45:[m[K [01;31m[Kerror: [m[Kparse error in template argument list
  146 |     auto joystickHatSubscriber= nodeHandle->[01;31m[Kcreate_subscription<messages::msg::HatState>[m[K("joystick_hat",1,joystickHatCallback);
      |                                             [01;31m[K^~~~~~~~~~~~~~~~~~~~~~~~~~~~~~~~~~~~~~~~~~~~[m[K
[01m[K/home/team/SoftwareDevelopment/ROS2/skinny/src/logic/src/logic_node.cpp:146:107:[m[K [01;31m[Kerror: [m[Kâ€˜[01m[KjoystickHatCallback[m[Kâ€™ was not declared in this scope
  146 |     auto joystickHatSubscriber= nodeHandle->create_subscription<messages::msg::HatState>("joystick_hat",1,[01;31m[KjoystickHatCallback[m[K);
      |                                                                                                           [01;31m[K^~~~~~~~~~~~~~~~~~~[m[K
[01m[K/home/team/SoftwareDevelopment/ROS2/skinny/src/logic/src/logic_node.cpp:149:5:[m[K [01;31m[Kerror: [m[Kâ€˜[01m[KdriveRightSpeedPublisher[m[Kâ€™ was not declared in this scope
  149 |     [01;31m[KdriveRightSpeedPublisher[m[K= nodeHandle->create_publisher<std_msgs::msg::Float32>("drive_right_speed",1);
      |     [01;31m[K^~~~~~~~~~~~~~~~~~~~~~~~[m[K
[01m[K/home/team/SoftwareDevelopment/ROS2/skinny/src/logic/src/logic_node.cpp:150:5:[m[K [01;31m[Kerror: [m[Kâ€˜[01m[KelbowLeftSpeedPublisher[m[Kâ€™ was not declared in this scope
  150 |     [01;31m[KelbowLeftSpeedPublisher[m[K= nodeHandle->create_publisher<std_msgs::msg::Float32>("elbow_left_speed",1);
      |     [01;31m[K^~~~~~~~~~~~~~~~~~~~~~~[m[K
[01m[K/home/team/SoftwareDevelopment/ROS2/skinny/src/logic/src/logic_node.cpp:151:5:[m[K [01;31m[Kerror: [m[Kâ€˜[01m[KelbowRightSpeedPublisher[m[Kâ€™ was not declared in this scope
  151 |     [01;31m[KelbowRightSpeedPublisher[m[K= nodeHandle->create_publisher<std_msgs::msg::Float32>("elbow_right_speed",1);
      |     [01;31m[K^~~~~~~~~~~~~~~~~~~~~~~~[m[K
[01m[K/home/team/SoftwareDevelopment/ROS2/skinny/src/logic/src/logic_node.cpp:152:5:[m[K [01;31m[Kerror: [m[Kâ€˜[01m[KbinSpeedPublisher[m[Kâ€™ was not declared in this scope
  152 |     [01;31m[KbinSpeedPublisher[m[K= nodeHandle->create_publisher<std_msgs::msg::Float32>("bin_speed",1);
      |     [01;31m[K^~~~~~~~~~~~~~~~~[m[K
[01m[K/home/team/SoftwareDevelopment/ROS2/skinny/src/logic/src/logic_node.cpp:153:5:[m[K [01;31m[Kerror: [m[Kâ€˜[01m[KdrumSpeedPublisher[m[Kâ€™ was not declared in this scope
  153 |     [01;31m[KdrumSpeedPublisher[m[K= nodeHandle->create_publisher<std_msgs::msg::UInt8>("drum_speed",1);
      |     [01;31m[K^~~~~~~~~~~~~~~~~~[m[K
[01m[K/home/team/SoftwareDevelopment/ROS2/skinny/src/logic/src/logic_node.cpp:154:5:[m[K [01;31m[Kerror: [m[Kâ€˜[01m[KscoopDirPublisher[m[Kâ€™ was not declared in this scope
  154 |     [01;31m[KscoopDirPublisher[m[K= nodeHandle->create_publisher<std_msgs::msg::Int8>("scoop_dir",1);
      |     [01;31m[K^~~~~~~~~~~~~~~~~[m[K
[01m[K/home/team/SoftwareDevelopment/ROS2/skinny/src/logic/src/logic_node.cpp:155:5:[m[K [01;31m[Kerror: [m[Kâ€˜[01m[KshoulderSpeedPublisher[m[Kâ€™ was not declared in this scope
  155 |     [01;31m[KshoulderSpeedPublisher[m[K= nodeHandle->create_publisher<std_msgs::msg::Float32>("shoulder_speed",1);
      |     [01;31m[K^~~~~~~~~~~~~~~~~~~~~~[m[K
[01m[K/home/team/SoftwareDevelopment/ROS2/skinny/src/logic/src/logic_node.cpp:156:5:[m[K [01;31m[Kerror: [m[Kâ€˜[01m[KshoulderLeftGoPublisher[m[Kâ€™ was not declared in this scope
  156 |     [01;31m[KshoulderLeftGoPublisher[m[K= nodeHandle->create_publisher<std_msgs::msg::Bool>("shoulder_L_Go",1);
      |     [01;31m[K^~~~~~~~~~~~~~~~~~~~~~~[m[K
[01m[K/home/team/SoftwareDevelopment/ROS2/skinny/src/logic/src/logic_node.cpp:157:5:[m[K [01;31m[Kerror: [m[Kâ€˜[01m[KshoulderRightGoPublisher[m[Kâ€™ was not declared in this scope
  157 |     [01;31m[KshoulderRightGoPublisher[m[K= nodeHandle->create_publisher<std_msgs::msg::Bool>("shoulder_R_Go",1);
      |     [01;31m[K^~~~~~~~~~~~~~~~~~~~~~~~[m[K
[01m[K/home/team/SoftwareDevelopment/ROS2/skinny/src/logic/src/logic_node.cpp:158:5:[m[K [01;31m[Kerror: [m[Kâ€˜[01m[KdriveStatePublisher[m[Kâ€™ was not declared in this scope
  158 |     [01;31m[KdriveStatePublisher[m[K= nodeHandle->create_publisher<std_msgs::msg::Bool>("drive_state",1);
      |     [01;31m[K^~~~~~~~~~~~~~~~~~~[m[K
[01m[K/home/team/SoftwareDevelopment/ROS2/skinny/src/logic/src/logic_node.cpp:161:12:[m[K [01;35m[Kwarning: [m[Kunused variable â€˜[01m[Kincrement[m[Kâ€™ [[01;35m[K-Wunused-variable[m[K]
  161 |     double [01;35m[Kincrement[m[K=.01;
      |            [01;35m[K^~~~~~~~~[m[K
[01m[K/home/team/SoftwareDevelopment/ROS2/skinny/src/logic/src/logic_node.cpp:162:12:[m[K [01;35m[Kwarning: [m[Kunused variable â€˜[01m[KjoystickXPrevious[m[Kâ€™ [[01;35m[K-Wunused-variable[m[K]
  162 |     double [01;35m[KjoystickXPrevious[m[K=0;
      |            [01;35m[K^~~~~~~~~~~~~~~~~[m[K
make[2]: *** [CMakeFiles/logic_node.dir/build.make:63: CMakeFiles/logic_node.dir/src/logic_node.cpp.o] Error 1
make[1]: *** [CMakeFiles/Makefile2:78: CMakeFiles/logic_node.dir/all] Error 2
make: *** [Makefile:141: all] Error 2
