[0.131s] Invoking command in '/home/team/SoftwareDevelopment/ROS2/skinny/build/logic': AMENT_PREFIX_PATH=/home/team/SoftwareDevelopment/ROS2/skinny/install/messages:${AMENT_PREFIX_PATH} CMAKE_PREFIX_PATH=/home/team/SoftwareDevelopment/ROS2/skinny/install/messages:${CMAKE_PREFIX_PATH} LD_LIBRARY_PATH=/home/team/SoftwareDevelopment/ROS2/skinny/install/messages/lib:${LD_LIBRARY_PATH} PYTHONPATH=/home/team/SoftwareDevelopment/ROS2/skinny/install/messages/lib/python3.8/site-packages:${PYTHONPATH} /usr/bin/cmake --build /home/team/SoftwareDevelopment/ROS2/skinny/build/logic -- -j4 -l4
[0.285s] [35m[1mScanning dependencies of target logic_node[0m
[0.411s] [ 50%] [32mBuilding CXX object CMakeFiles/logic_node.dir/src/logic_node.cpp.o[0m
[5.799s] [01m[K/home/team/SoftwareDevelopment/ROS2/skinny/src/logic/src/logic_node.cpp:22:1:[m[K [01;31m[Kerror: [m[Kdeclaration of â€˜[01m[Kauto driveLeftSpeedPublisher[m[Kâ€™ has no initializer
[5.799s]    22 | [01;31m[Kauto[m[K driveLeftSpeedPublisher;
[5.800s]       | [01;31m[K^~~~[m[K
[5.802s] [01m[K/home/team/SoftwareDevelopment/ROS2/skinny/src/logic/src/logic_node.cpp:23:1:[m[K [01;31m[Kerror: [m[Kâ€˜[01m[Kros[m[Kâ€™ does not name a type; did you mean â€˜[01m[Kcos[m[Kâ€™?
[5.803s]    23 | [01;31m[Kros[m[K::Publisher driveRightSpeedPublisher;
[5.803s]       | [01;31m[K^~~[m[K
[5.803s]       | [32m[Kcos[m[K
[5.805s] [01m[K/home/team/SoftwareDevelopment/ROS2/skinny/src/logic/src/logic_node.cpp:24:1:[m[K [01;31m[Kerror: [m[Kâ€˜[01m[Kros[m[Kâ€™ does not name a type; did you mean â€˜[01m[Kcos[m[Kâ€™?
[5.806s]    24 | [01;31m[Kros[m[K::Publisher elbowLeftSpeedPublisher;
[5.806s]       | [01;31m[K^~~[m[K
[5.807s]       | [32m[Kcos[m[K
[5.809s] [01m[K/home/team/SoftwareDevelopment/ROS2/skinny/src/logic/src/logic_node.cpp:25:1:[m[K [01;31m[Kerror: [m[Kâ€˜[01m[Kros[m[Kâ€™ does not name a type; did you mean â€˜[01m[Kcos[m[Kâ€™?
[5.809s]    25 | [01;31m[Kros[m[K::Publisher elbowRightSpeedPublisher;
[5.810s]       | [01;31m[K^~~[m[K
[5.810s]       | [32m[Kcos[m[K
[5.812s] [01m[K/home/team/SoftwareDevelopment/ROS2/skinny/src/logic/src/logic_node.cpp:26:1:[m[K [01;31m[Kerror: [m[Kâ€˜[01m[Kros[m[Kâ€™ does not name a type; did you mean â€˜[01m[Kcos[m[Kâ€™?
[5.812s]    26 | [01;31m[Kros[m[K::Publisher binSpeedPublisher;
[5.813s]       | [01;31m[K^~~[m[K
[5.813s]       | [32m[Kcos[m[K
[5.815s] [01m[K/home/team/SoftwareDevelopment/ROS2/skinny/src/logic/src/logic_node.cpp:27:1:[m[K [01;31m[Kerror: [m[Kâ€˜[01m[Kros[m[Kâ€™ does not name a type; did you mean â€˜[01m[Kcos[m[Kâ€™?
[5.816s]    27 | [01;31m[Kros[m[K::Publisher drumSpeedPublisher;
[5.816s]       | [01;31m[K^~~[m[K
[5.816s]       | [32m[Kcos[m[K
[5.819s] [01m[K/home/team/SoftwareDevelopment/ROS2/skinny/src/logic/src/logic_node.cpp:28:1:[m[K [01;31m[Kerror: [m[Kâ€˜[01m[Kros[m[Kâ€™ does not name a type; did you mean â€˜[01m[Kcos[m[Kâ€™?
[5.819s]    28 | [01;31m[Kros[m[K::Publisher scoopDirPublisher;
[5.820s]       | [01;31m[K^~~[m[K
[5.820s]       | [32m[Kcos[m[K
[5.822s] [01m[K/home/team/SoftwareDevelopment/ROS2/skinny/src/logic/src/logic_node.cpp:29:1:[m[K [01;31m[Kerror: [m[Kâ€˜[01m[Kros[m[Kâ€™ does not name a type; did you mean â€˜[01m[Kcos[m[Kâ€™?
[5.822s]    29 | [01;31m[Kros[m[K::Publisher shoulderSpeedPublisher;
[5.823s]       | [01;31m[K^~~[m[K
[5.823s]       | [32m[Kcos[m[K
[5.825s] [01m[K/home/team/SoftwareDevelopment/ROS2/skinny/src/logic/src/logic_node.cpp:30:1:[m[K [01;31m[Kerror: [m[Kâ€˜[01m[Kros[m[Kâ€™ does not name a type; did you mean â€˜[01m[Kcos[m[Kâ€™?
[5.826s]    30 | [01;31m[Kros[m[K::Publisher shoulderLeftGoPublisher;
[5.826s]       | [01;31m[K^~~[m[K
[5.827s]       | [32m[Kcos[m[K
[5.828s] [01m[K/home/team/SoftwareDevelopment/ROS2/skinny/src/logic/src/logic_node.cpp:31:1:[m[K [01;31m[Kerror: [m[Kâ€˜[01m[Kros[m[Kâ€™ does not name a type; did you mean â€˜[01m[Kcos[m[Kâ€™?
[5.829s]    31 | [01;31m[Kros[m[K::Publisher shoulderRightGoPublisher;
[5.829s]       | [01;31m[K^~~[m[K
[5.830s]       | [32m[Kcos[m[K
[5.832s] [01m[K/home/team/SoftwareDevelopment/ROS2/skinny/src/logic/src/logic_node.cpp:32:1:[m[K [01;31m[Kerror: [m[Kâ€˜[01m[Kros[m[Kâ€™ does not name a type; did you mean â€˜[01m[Kcos[m[Kâ€™?
[5.832s]    32 | [01;31m[Kros[m[K::Publisher driveStatePublisher;
[5.833s]       | [01;31m[K^~~[m[K
[5.834s]       | [32m[Kcos[m[K
[5.835s] [01m[K/home/team/SoftwareDevelopment/ROS2/skinny/src/logic/src/logic_node.cpp:[m[K In function â€˜[01m[Kvoid updateSpeed()[m[Kâ€™:
[5.835s] [01m[K/home/team/SoftwareDevelopment/ROS2/skinny/src/logic/src/logic_node.cpp:37:15:[m[K [01;31m[Kerror: [m[Kâ€˜[01m[KFloat32[m[Kâ€™ is not a member of â€˜[01m[Kstd_msgs[m[Kâ€™; did you mean â€˜[01m[Kstd_msgs::msg::Float32[m[Kâ€™?
[5.835s]    37 |     std_msgs::[01;31m[KFloat32[m[K speedLeft;
[5.836s]       |               [01;31m[K^~~~~~~[m[K
[5.836s] In file included from [01m[K/opt/ros/foxy/include/std_msgs/msg/float32.hpp:7[m[K,
[5.837s]                  from [01m[K/home/team/SoftwareDevelopment/ROS2/skinny/src/logic/src/logic_node.cpp:5[m[K:
[5.837s] [01m[K/opt/ros/foxy/include/std_msgs/msg/detail/float32__struct.hpp:121:7:[m[K [01;36m[Knote: [m[Kâ€˜[01m[Kstd_msgs::msg::Float32[m[Kâ€™ declared here
[5.837s]   121 | using [01;36m[KFloat32[m[K =
[5.838s]       |       [01;36m[K^~~~~~~[m[K
[5.838s] [01m[K/home/team/SoftwareDevelopment/ROS2/skinny/src/logic/src/logic_node.cpp:38:15:[m[K [01;31m[Kerror: [m[Kâ€˜[01m[KFloat32[m[Kâ€™ is not a member of â€˜[01m[Kstd_msgs[m[Kâ€™; did you mean â€˜[01m[Kstd_msgs::msg::Float32[m[Kâ€™?
[5.839s]    38 |     std_msgs::[01;31m[KFloat32[m[K speedRight;
[5.839s]       |               [01;31m[K^~~~~~~[m[K
[5.839s] In file included from [01m[K/opt/ros/foxy/include/std_msgs/msg/float32.hpp:7[m[K,
[5.840s]                  from [01m[K/home/team/SoftwareDevelopment/ROS2/skinny/src/logic/src/logic_node.cpp:5[m[K:
[5.840s] [01m[K/opt/ros/foxy/include/std_msgs/msg/detail/float32__struct.hpp:121:7:[m[K [01;36m[Knote: [m[Kâ€˜[01m[Kstd_msgs::msg::Float32[m[Kâ€™ declared here
[5.840s]   121 | using [01;36m[KFloat32[m[K =
[5.841s]       |       [01;36m[K^~~~~~~[m[K
[5.842s] [01m[K/home/team/SoftwareDevelopment/ROS2/skinny/src/logic/src/logic_node.cpp:47:5:[m[K [01;31m[Kerror: [m[Kâ€˜[01m[KspeedLeft[m[Kâ€™ was not declared in this scope
[5.842s]    47 |     [01;31m[KspeedLeft[m[K.data = (joystick1Pitch + joystick1Roll);
[5.843s]       |     [01;31m[K^~~~~~~~~[m[K
[5.849s] [01m[K/home/team/SoftwareDevelopment/ROS2/skinny/src/logic/src/logic_node.cpp:48:5:[m[K [01;31m[Kerror: [m[Kâ€˜[01m[KspeedRight[m[Kâ€™ was not declared in this scope
[5.849s]    48 |     [01;31m[KspeedRight[m[K.data = (joystick1Pitch - joystick1Roll);
[5.850s]       |     [01;31m[K^~~~~~~~~~[m[K
[5.864s] [01m[K/home/team/SoftwareDevelopment/ROS2/skinny/src/logic/src/logic_node.cpp:58:9:[m[K [01;31m[Kerror: [m[Kâ€˜[01m[KdriveRightSpeedPublisher[m[Kâ€™ was not declared in this scope
[5.865s]    58 |         [01;31m[KdriveRightSpeedPublisher[m[K.publish(speedRight);
[5.865s]       |         [01;31m[K^~~~~~~~~~~~~~~~~~~~~~~~[m[K
[5.877s] [01m[K/home/team/SoftwareDevelopment/ROS2/skinny/src/logic/src/logic_node.cpp:63:9:[m[K [01;31m[Kerror: [m[Kâ€˜[01m[KdriveRightSpeedPublisher[m[Kâ€™ was not declared in this scope
[5.878s]    63 |         [01;31m[KdriveRightSpeedPublisher[m[K.publish(speedRight);
[5.878s]       |         [01;31m[K^~~~~~~~~~~~~~~~~~~~~~~~[m[K
[5.883s] [01m[K/home/team/SoftwareDevelopment/ROS2/skinny/src/logic/src/logic_node.cpp:[m[K At global scope:
[5.883s] [01m[K/home/team/SoftwareDevelopment/ROS2/skinny/src/logic/src/logic_node.cpp:68:33:[m[K [01;31m[Kerror: [m[Kâ€˜[01m[Kmessages[m[Kâ€™ does not name a type
[5.884s]    68 | void joystickAxisCallback(const [01;31m[Kmessages[m[K::msg::AxisState& axisState){
[5.884s]       |                                 [01;31m[K^~~~~~~~[m[K
[5.884s] [01m[K/home/team/SoftwareDevelopment/ROS2/skinny/src/logic/src/logic_node.cpp:68:46:[m[K [01;31m[Kerror: [m[Kexpected unqualified-id before â€˜[01m[K::[m[Kâ€™ token
[5.885s]    68 | void joystickAxisCallback(const messages::msg[01;31m[K::[m[KAxisState& axisState){
[5.885s]       |                                              [01;31m[K^~[m[K
[5.886s] [01m[K/home/team/SoftwareDevelopment/ROS2/skinny/src/logic/src/logic_node.cpp:68:46:[m[K [01;31m[Kerror: [m[Kexpected â€˜[01m[K)[m[Kâ€™ before â€˜[01m[K::[m[Kâ€™ token
[5.886s]    68 | void joystickAxisCallback[34m[K([m[Kconst messages::msg[01;31m[K:[m[K[32m[K:[m[KAxisState& axisState){
[5.887s]       |                          [34m[K~[m[K                   [01;31m[K^[m[K[32m[K~[m[K
[5.887s]       |                                              [32m[K)[m[K
[5.887s] [01m[K/home/team/SoftwareDevelopment/ROS2/skinny/src/logic/src/logic_node.cpp:68:46:[m[K [01;31m[Kerror: [m[Kexpected initializer before â€˜[01m[K::[m[Kâ€™ token
[5.888s]    68 | void joystickAxisCallback(const messages::msg[01;31m[K::[m[KAxisState& axisState){
[5.889s]       |                                              [01;31m[K^~[m[K
[5.889s] [01m[K/home/team/SoftwareDevelopment/ROS2/skinny/src/logic/src/logic_node.cpp:83:35:[m[K [01;31m[Kerror: [m[Kâ€˜[01m[Kmessages[m[Kâ€™ does not name a type
[5.889s]    83 | void joystickButtonCallback(const [01;31m[Kmessages[m[K::msg::ButtonState& buttonState){
[5.890s]       |                                   [01;31m[K^~~~~~~~[m[K
[5.890s] [01m[K/home/team/SoftwareDevelopment/ROS2/skinny/src/logic/src/logic_node.cpp:83:48:[m[K [01;31m[Kerror: [m[Kexpected unqualified-id before â€˜[01m[K::[m[Kâ€™ token
[5.891s]    83 | void joystickButtonCallback(const messages::msg[01;31m[K::[m[KButtonState& buttonState){
[5.891s]       |                                                [01;31m[K^~[m[K
[5.891s] [01m[K/home/team/SoftwareDevelopment/ROS2/skinny/src/logic/src/logic_node.cpp:83:48:[m[K [01;31m[Kerror: [m[Kexpected â€˜[01m[K)[m[Kâ€™ before â€˜[01m[K::[m[Kâ€™ token
[5.892s]    83 | void joystickButtonCallback[34m[K([m[Kconst messages::msg[01;31m[K:[m[K[32m[K:[m[KButtonState& buttonState){
[5.892s]       |                            [34m[K~[m[K                   [01;31m[K^[m[K[32m[K~[m[K
[5.892s]       |                                                [32m[K)[m[K
[5.893s] [01m[K/home/team/SoftwareDevelopment/ROS2/skinny/src/logic/src/logic_node.cpp:83:48:[m[K [01;31m[Kerror: [m[Kexpected initializer before â€˜[01m[K::[m[Kâ€™ token
[5.894s]    83 | void joystickButtonCallback(const messages::msg[01;31m[K::[m[KButtonState& buttonState){
[5.894s]       |                                                [01;31m[K^~[m[K
[5.895s] [01m[K/home/team/SoftwareDevelopment/ROS2/skinny/src/logic/src/logic_node.cpp:136:32:[m[K [01;31m[Kerror: [m[Kâ€˜[01m[Kmessages[m[Kâ€™ does not name a type
[5.895s]   136 | void joystickHatCallback(const [01;31m[Kmessages[m[K::msg::HatState& hatState){
[5.895s]       |                                [01;31m[K^~~~~~~~[m[K
[5.896s] [01m[K/home/team/SoftwareDevelopment/ROS2/skinny/src/logic/src/logic_node.cpp:136:45:[m[K [01;31m[Kerror: [m[Kexpected unqualified-id before â€˜[01m[K::[m[Kâ€™ token
[5.896s]   136 | void joystickHatCallback(const messages::msg[01;31m[K::[m[KHatState& hatState){
[5.897s]       |                                             [01;31m[K^~[m[K
[5.897s] [01m[K/home/team/SoftwareDevelopment/ROS2/skinny/src/logic/src/logic_node.cpp:136:45:[m[K [01;31m[Kerror: [m[Kexpected â€˜[01m[K)[m[Kâ€™ before â€˜[01m[K::[m[Kâ€™ token
[5.898s]   136 | void joystickHatCallback[34m[K([m[Kconst messages::msg[01;31m[K:[m[K[32m[K:[m[KHatState& hatState){
[5.898s]       |                         [34m[K~[m[K                   [01;31m[K^[m[K[32m[K~[m[K
[5.899s]       |                                             [32m[K)[m[K
[5.899s] [01m[K/home/team/SoftwareDevelopment/ROS2/skinny/src/logic/src/logic_node.cpp:136:45:[m[K [01;31m[Kerror: [m[Kexpected initializer before â€˜[01m[K::[m[Kâ€™ token
[5.899s]   136 | void joystickHatCallback(const messages::msg[01;31m[K::[m[KHatState& hatState){
[5.900s]       |                                             [01;31m[K^~[m[K
[5.900s] [01m[K/home/team/SoftwareDevelopment/ROS2/skinny/src/logic/src/logic_node.cpp:[m[K In function â€˜[01m[Kint main(int, char**)[m[Kâ€™:
[5.900s] [01m[K/home/team/SoftwareDevelopment/ROS2/skinny/src/logic/src/logic_node.cpp:144:66:[m[K [01;31m[Kerror: [m[Kâ€˜[01m[Kmessages[m[Kâ€™ was not declared in this scope; did you mean â€˜[01m[Kstd::__cxx11::messages[m[Kâ€™?
[5.901s]   144 |     auto joystickAxisSubscriber= nodeHandle->create_subscription<[01;31m[Kmessages[m[K::msg::AxisState>("joystick_axis",1,joystickAxisCallback);
[5.901s]       |                                                                  [01;31m[K^~~~~~~~[m[K
[5.901s]       |                                                                  [32m[Kstd::__cxx11::messages[m[K
[5.902s] In file included from [01m[K/usr/include/c++/9/string:43[m[K,
[5.902s]                  from [01m[K/usr/include/c++/9/stdexcept:39[m[K,
[5.902s]                  from [01m[K/usr/include/c++/9/array:39[m[K,
[5.903s]                  from [01m[K/usr/include/c++/9/tuple:39[m[K,
[5.903s]                  from [01m[K/usr/include/c++/9/bits/unique_ptr.h:37[m[K,
[5.904s]                  from [01m[K/usr/include/c++/9/memory:80[m[K,
[5.904s]                  from [01m[K/opt/ros/foxy/include/rclcpp/rclcpp.hpp:144[m[K,
[5.904s]                  from [01m[K/home/team/SoftwareDevelopment/ROS2/skinny/src/logic/src/logic_node.cpp:3[m[K:
[5.905s] [01m[K/usr/include/c++/9/bits/localefwd.h:206:11:[m[K [01;36m[Knote: [m[Kâ€˜[01m[Kstd::__cxx11::messages[m[Kâ€™ declared here
[5.905s]   206 |     class [01;36m[Kmessages[m[K;
[5.905s]       |           [01;36m[K^~~~~~~~[m[K
[5.906s] [01m[K/home/team/SoftwareDevelopment/ROS2/skinny/src/logic/src/logic_node.cpp:144:46:[m[K [01;31m[Kerror: [m[Kparse error in template argument list
[5.906s]   144 |     auto joystickAxisSubscriber= nodeHandle->[01;31m[Kcreate_subscription<messages::msg::AxisState>[m[K("joystick_axis",1,joystickAxisCallback);
[5.906s]       |                                              [01;31m[K^~~~~~~~~~~~~~~~~~~~~~~~~~~~~~~~~~~~~~~~~~~~~[m[K
[5.909s] [01m[K/home/team/SoftwareDevelopment/ROS2/skinny/src/logic/src/logic_node.cpp:144:110:[m[K [01;31m[Kerror: [m[Kâ€˜[01m[KjoystickAxisCallback[m[Kâ€™ was not declared in this scope
[5.909s]   144 |     auto joystickAxisSubscriber= nodeHandle->create_subscription<messages::msg::AxisState>("joystick_axis",1,[01;31m[KjoystickAxisCallback[m[K);
[5.910s]       |                                                                                                              [01;31m[K^~~~~~~~~~~~~~~~~~~~[m[K
[5.910s] [01m[K/home/team/SoftwareDevelopment/ROS2/skinny/src/logic/src/logic_node.cpp:145:48:[m[K [01;31m[Kerror: [m[Kparse error in template argument list
[5.910s]   145 |     auto joystickButtonSubscriber= nodeHandle->[01;31m[Kcreate_subscription<messages::msg::ButtonState>[m[K("joystick_button",1,joystickButtonCallback);
[5.911s]       |                                                [01;31m[K^~~~~~~~~~~~~~~~~~~~~~~~~~~~~~~~~~~~~~~~~~~~~~~[m[K
[5.921s] [01m[K/home/team/SoftwareDevelopment/ROS2/skinny/src/logic/src/logic_node.cpp:145:116:[m[K [01;31m[Kerror: [m[Kâ€˜[01m[KjoystickButtonCallback[m[Kâ€™ was not declared in this scope
[5.921s]   145 |     auto joystickButtonSubscriber= nodeHandle->create_subscription<messages::msg::ButtonState>("joystick_button",1,[01;31m[KjoystickButtonCallback[m[K);
[5.922s]       |                                                                                                                    [01;31m[K^~~~~~~~~~~~~~~~~~~~~~[m[K
[5.922s] [01m[K/home/team/SoftwareDevelopment/ROS2/skinny/src/logic/src/logic_node.cpp:146:45:[m[K [01;31m[Kerror: [m[Kparse error in template argument list
[5.922s]   146 |     auto joystickHatSubscriber= nodeHandle->[01;31m[Kcreate_subscription<messages::msg::HatState>[m[K("joystick_hat",1,joystickHatCallback);
[5.923s]       |                                             [01;31m[K^~~~~~~~~~~~~~~~~~~~~~~~~~~~~~~~~~~~~~~~~~~~[m[K
[5.931s] [01m[K/home/team/SoftwareDevelopment/ROS2/skinny/src/logic/src/logic_node.cpp:146:107:[m[K [01;31m[Kerror: [m[Kâ€˜[01m[KjoystickHatCallback[m[Kâ€™ was not declared in this scope
[5.931s]   146 |     auto joystickHatSubscriber= nodeHandle->create_subscription<messages::msg::HatState>("joystick_hat",1,[01;31m[KjoystickHatCallback[m[K);
[5.932s]       |                                                                                                           [01;31m[K^~~~~~~~~~~~~~~~~~~[m[K
[5.958s] [01m[K/home/team/SoftwareDevelopment/ROS2/skinny/src/logic/src/logic_node.cpp:149:5:[m[K [01;31m[Kerror: [m[Kâ€˜[01m[KdriveRightSpeedPublisher[m[Kâ€™ was not declared in this scope
[5.958s]   149 |     [01;31m[KdriveRightSpeedPublisher[m[K= nodeHandle->create_publisher<std_msgs::msg::Float32>("drive_right_speed",1);
[5.959s]       |     [01;31m[K^~~~~~~~~~~~~~~~~~~~~~~~[m[K
[5.971s] [01m[K/home/team/SoftwareDevelopment/ROS2/skinny/src/logic/src/logic_node.cpp:150:5:[m[K [01;31m[Kerror: [m[Kâ€˜[01m[KelbowLeftSpeedPublisher[m[Kâ€™ was not declared in this scope
[5.972s]   150 |     [01;31m[KelbowLeftSpeedPublisher[m[K= nodeHandle->create_publisher<std_msgs::msg::Float32>("elbow_left_speed",1);
[5.972s]       |     [01;31m[K^~~~~~~~~~~~~~~~~~~~~~~[m[K
[5.985s] [01m[K/home/team/SoftwareDevelopment/ROS2/skinny/src/logic/src/logic_node.cpp:151:5:[m[K [01;31m[Kerror: [m[Kâ€˜[01m[KelbowRightSpeedPublisher[m[Kâ€™ was not declared in this scope
[5.985s]   151 |     [01;31m[KelbowRightSpeedPublisher[m[K= nodeHandle->create_publisher<std_msgs::msg::Float32>("elbow_right_speed",1);
[5.986s]       |     [01;31m[K^~~~~~~~~~~~~~~~~~~~~~~~[m[K
[5.995s] [01m[K/home/team/SoftwareDevelopment/ROS2/skinny/src/logic/src/logic_node.cpp:152:5:[m[K [01;31m[Kerror: [m[Kâ€˜[01m[KbinSpeedPublisher[m[Kâ€™ was not declared in this scope
[5.996s]   152 |     [01;31m[KbinSpeedPublisher[m[K= nodeHandle->create_publisher<std_msgs::msg::Float32>("bin_speed",1);
[5.996s]       |     [01;31m[K^~~~~~~~~~~~~~~~~[m[K
[6.005s] [01m[K/home/team/SoftwareDevelopment/ROS2/skinny/src/logic/src/logic_node.cpp:153:5:[m[K [01;31m[Kerror: [m[Kâ€˜[01m[KdrumSpeedPublisher[m[Kâ€™ was not declared in this scope
[6.006s]   153 |     [01;31m[KdrumSpeedPublisher[m[K= nodeHandle->create_publisher<std_msgs::msg::UInt8>("drum_speed",1);
[6.006s]       |     [01;31m[K^~~~~~~~~~~~~~~~~~[m[K
[6.026s] [01m[K/home/team/SoftwareDevelopment/ROS2/skinny/src/logic/src/logic_node.cpp:154:5:[m[K [01;31m[Kerror: [m[Kâ€˜[01m[KscoopDirPublisher[m[Kâ€™ was not declared in this scope
[6.027s]   154 |     [01;31m[KscoopDirPublisher[m[K= nodeHandle->create_publisher<std_msgs::msg::Int8>("scoop_dir",1);
[6.027s]       |     [01;31m[K^~~~~~~~~~~~~~~~~[m[K
[6.051s] [01m[K/home/team/SoftwareDevelopment/ROS2/skinny/src/logic/src/logic_node.cpp:155:5:[m[K [01;31m[Kerror: [m[Kâ€˜[01m[KshoulderSpeedPublisher[m[Kâ€™ was not declared in this scope
[6.051s]   155 |     [01;31m[KshoulderSpeedPublisher[m[K= nodeHandle->create_publisher<std_msgs::msg::Float32>("shoulder_speed",1);
[6.052s]       |     [01;31m[K^~~~~~~~~~~~~~~~~~~~~~[m[K
[6.064s] [01m[K/home/team/SoftwareDevelopment/ROS2/skinny/src/logic/src/logic_node.cpp:156:5:[m[K [01;31m[Kerror: [m[Kâ€˜[01m[KshoulderLeftGoPublisher[m[Kâ€™ was not declared in this scope
[6.065s]   156 |     [01;31m[KshoulderLeftGoPublisher[m[K= nodeHandle->create_publisher<std_msgs::msg::Bool>("shoulder_L_Go",1);
[6.065s]       |     [01;31m[K^~~~~~~~~~~~~~~~~~~~~~~[m[K
[6.089s] [01m[K/home/team/SoftwareDevelopment/ROS2/skinny/src/logic/src/logic_node.cpp:157:5:[m[K [01;31m[Kerror: [m[Kâ€˜[01m[KshoulderRightGoPublisher[m[Kâ€™ was not declared in this scope
[6.090s]   157 |     [01;31m[KshoulderRightGoPublisher[m[K= nodeHandle->create_publisher<std_msgs::msg::Bool>("shoulder_R_Go",1);
[6.090s]       |     [01;31m[K^~~~~~~~~~~~~~~~~~~~~~~~[m[K
[6.100s] [01m[K/home/team/SoftwareDevelopment/ROS2/skinny/src/logic/src/logic_node.cpp:158:5:[m[K [01;31m[Kerror: [m[Kâ€˜[01m[KdriveStatePublisher[m[Kâ€™ was not declared in this scope
[6.100s]   158 |     [01;31m[KdriveStatePublisher[m[K= nodeHandle->create_publisher<std_msgs::msg::Bool>("drive_state",1);
[6.101s]       |     [01;31m[K^~~~~~~~~~~~~~~~~~~[m[K
[6.105s] [01m[K/home/team/SoftwareDevelopment/ROS2/skinny/src/logic/src/logic_node.cpp:161:12:[m[K [01;35m[Kwarning: [m[Kunused variable â€˜[01m[Kincrement[m[Kâ€™ [[01;35m[K-Wunused-variable[m[K]
[6.105s]   161 |     double [01;35m[Kincrement[m[K=.01;
[6.106s]       |            [01;35m[K^~~~~~~~~[m[K
[6.106s] [01m[K/home/team/SoftwareDevelopment/ROS2/skinny/src/logic/src/logic_node.cpp:162:12:[m[K [01;35m[Kwarning: [m[Kunused variable â€˜[01m[KjoystickXPrevious[m[Kâ€™ [[01;35m[K-Wunused-variable[m[K]
[6.107s]   162 |     double [01;35m[KjoystickXPrevious[m[K=0;
[6.107s]       |            [01;35m[K^~~~~~~~~~~~~~~~~[m[K
[10.569s] make[2]: *** [CMakeFiles/logic_node.dir/build.make:63: CMakeFiles/logic_node.dir/src/logic_node.cpp.o] Error 1
[10.570s] make[1]: *** [CMakeFiles/Makefile2:78: CMakeFiles/logic_node.dir/all] Error 2
[10.570s] make: *** [Makefile:141: all] Error 2
[10.582s] Invoked command in '/home/team/SoftwareDevelopment/ROS2/skinny/build/logic' returned '2': AMENT_PREFIX_PATH=/home/team/SoftwareDevelopment/ROS2/skinny/install/messages:${AMENT_PREFIX_PATH} CMAKE_PREFIX_PATH=/home/team/SoftwareDevelopment/ROS2/skinny/install/messages:${CMAKE_PREFIX_PATH} LD_LIBRARY_PATH=/home/team/SoftwareDevelopment/ROS2/skinny/install/messages/lib:${LD_LIBRARY_PATH} PYTHONPATH=/home/team/SoftwareDevelopment/ROS2/skinny/install/messages/lib/python3.8/site-packages:${PYTHONPATH} /usr/bin/cmake --build /home/team/SoftwareDevelopment/ROS2/skinny/build/logic -- -j4 -l4
