[0.060s] Invoking command in '/home/team/SoftwareDevelopment/ROS2/skinny/build/power_distribution_panel': AMENT_PREFIX_PATH=/home/team/SoftwareDevelopment/ROS2/skinny/install/messages:${AMENT_PREFIX_PATH} CMAKE_PREFIX_PATH=/home/team/SoftwareDevelopment/ROS2/skinny/install/messages:${CMAKE_PREFIX_PATH} LD_LIBRARY_PATH=/home/team/SoftwareDevelopment/ROS2/skinny/install/messages/lib:${LD_LIBRARY_PATH} PYTHONPATH=/home/team/SoftwareDevelopment/ROS2/skinny/install/messages/lib/python3.8/site-packages:${PYTHONPATH} /usr/bin/cmake --build /home/team/SoftwareDevelopment/ROS2/skinny/build/power_distribution_panel -- -j4 -l4
[0.201s] [35m[1mScanning dependencies of target power_distribution_panel_node[0m
[0.348s] [ 33%] [32mBuilding CXX object CMakeFiles/power_distribution_panel_node.dir/src/power_distribution_panel_node.cpp.o[0m
[5.778s] [01m[K/home/team/SoftwareDevelopment/ROS2/skinny/src/power_distribution_panel/src/power_distribution_panel_node.cpp:[m[K In function â€˜[01m[Kint main(int, char**)[m[Kâ€™:
[5.779s] [01m[K/home/team/SoftwareDevelopment/ROS2/skinny/src/power_distribution_panel/src/power_distribution_panel_node.cpp:24:2:[m[K [01;31m[Kerror: [m[Kâ€˜[01m[Kros[m[Kâ€™ has not been declared
[5.779s]    24 |  [01;31m[Kros[m[K::init(argc,argv,"power_distribution_panel_node");
[5.780s]       |  [01;31m[K^~~[m[K
[5.780s] [01m[K/home/team/SoftwareDevelopment/ROS2/skinny/src/power_distribution_panel/src/power_distribution_panel_node.cpp:25:2:[m[K [01;31m[Kerror: [m[Kâ€˜[01m[Kros[m[Kâ€™ has not been declared
[5.781s]    25 |  [01;31m[Kros[m[K::NodeHandle nodeHandle;
[5.781s]       |  [01;31m[K^~~[m[K
[5.781s] [01m[K/home/team/SoftwareDevelopment/ROS2/skinny/src/power_distribution_panel/src/power_distribution_panel_node.cpp:26:2:[m[K [01;31m[Kerror: [m[Kâ€˜[01m[Kros[m[Kâ€™ has not been declared
[5.782s]    26 |  [01;31m[Kros[m[K::Publisher publisher=nodeHandle.advertise<messages::Power>("power",1);
[5.782s]       |  [01;31m[K^~~[m[K
[5.783s] [01m[K/home/team/SoftwareDevelopment/ROS2/skinny/src/power_distribution_panel/src/power_distribution_panel_node.cpp:27:12:[m[K [01;31m[Kerror: [m[Kâ€˜[01m[KPower[m[Kâ€™ is not a member of â€˜[01m[Kmessages[m[Kâ€™; did you mean â€˜[01m[Kmessages::msg::Power[m[Kâ€™?
[5.783s]    27 |  messages::[01;31m[KPower[m[K power;
[5.783s]       |            [01;31m[K^~~~~[m[K
[5.784s] In file included from [01m[K/home/team/SoftwareDevelopment/ROS2/skinny/install/messages/include/messages/msg/power.hpp:7[m[K,
[5.784s]                  from [01m[K/home/team/SoftwareDevelopment/ROS2/skinny/src/power_distribution_panel/src/power_distribution_panel_node.cpp:19[m[K:
[5.784s] [01m[K/home/team/SoftwareDevelopment/ROS2/skinny/install/messages/include/messages/msg/detail/power__struct.hpp:345:7:[m[K [01;36m[Knote: [m[Kâ€˜[01m[Kmessages::msg::Power[m[Kâ€™ declared here
[5.785s]   345 | using [01;36m[KPower[m[K =
[5.785s]       |       [01;36m[K^~~~~[m[K
[5.785s] [01m[K/home/team/SoftwareDevelopment/ROS2/skinny/src/power_distribution_panel/src/power_distribution_panel_node.cpp:59:8:[m[K [01;31m[Kerror: [m[Kâ€˜[01m[Kros[m[Kâ€™ has not been declared
[5.786s]    59 |  while([01;31m[Kros[m[K::ok()){
[5.786s]       |        [01;31m[K^~~[m[K
[5.790s] [01m[K/home/team/SoftwareDevelopment/ROS2/skinny/src/power_distribution_panel/src/power_distribution_panel_node.cpp:67:4:[m[K [01;31m[Kerror: [m[Kâ€˜[01m[Kpower[m[Kâ€™ was not declared in this scope
[5.791s]    67 |    [01;31m[Kpower[m[K.voltage=pdp.getVoltage();
[5.791s]       |    [01;31m[K^~~~~[m[K
[5.799s] [01m[K/home/team/SoftwareDevelopment/ROS2/skinny/src/power_distribution_panel/src/power_distribution_panel_node.cpp:85:4:[m[K [01;31m[Kerror: [m[Kâ€˜[01m[Kpublisher[m[Kâ€™ was not declared in this scope
[5.799s]    85 |    [01;31m[Kpublisher[m[K.publish(power);
[5.799s]       |    [01;31m[K^~~~~~~~~[m[K
[5.800s] [01m[K/home/team/SoftwareDevelopment/ROS2/skinny/src/power_distribution_panel/src/power_distribution_panel_node.cpp:88:3:[m[K [01;31m[Kerror: [m[Kâ€˜[01m[Kros[m[Kâ€™ has not been declared
[5.800s]    88 |   [01;31m[Kros[m[K::spinOnce();
[5.801s]       |   [01;31m[K^~~[m[K
[7.194s] make[2]: *** [CMakeFiles/power_distribution_panel_node.dir/build.make:63: CMakeFiles/power_distribution_panel_node.dir/src/power_distribution_panel_node.cpp.o] Error 1
[7.196s] make[1]: *** [CMakeFiles/Makefile2:78: CMakeFiles/power_distribution_panel_node.dir/all] Error 2
[7.196s] make: *** [Makefile:141: all] Error 2
[7.202s] Invoked command in '/home/team/SoftwareDevelopment/ROS2/skinny/build/power_distribution_panel' returned '2': AMENT_PREFIX_PATH=/home/team/SoftwareDevelopment/ROS2/skinny/install/messages:${AMENT_PREFIX_PATH} CMAKE_PREFIX_PATH=/home/team/SoftwareDevelopment/ROS2/skinny/install/messages:${CMAKE_PREFIX_PATH} LD_LIBRARY_PATH=/home/team/SoftwareDevelopment/ROS2/skinny/install/messages/lib:${LD_LIBRARY_PATH} PYTHONPATH=/home/team/SoftwareDevelopment/ROS2/skinny/install/messages/lib/python3.8/site-packages:${PYTHONPATH} /usr/bin/cmake --build /home/team/SoftwareDevelopment/ROS2/skinny/build/power_distribution_panel -- -j4 -l4
