[0.127s] Invoking command in '/home/team/SoftwareDevelopment/ROS2/skinny/build/zed_tracking': CMAKE_PREFIX_PATH=/home/team/SoftwareDevelopment/ROS2/skinny/install/messages:/home/team/SoftwareDevelopment/ROS2/skinny/install/talon:/home/team/SoftwareDevelopment/ROS2/skinny/install/power_distribution_panel:/home/team/SoftwareDevelopment/ROS2/skinny/install/logic:/home/team/SoftwareDevelopment/ROS2/skinny/install/communication:/home/team/SoftwareDevelopment/ROS2/skinny/install/excavation:/opt/ros/eloquent /usr/bin/cmake --build /home/team/SoftwareDevelopment/ROS2/skinny/build/zed_tracking -- -j4 -l4
[0.284s] [35m[1mScanning dependencies of target zed_tracking_node[0m
[0.402s] [ 33%] [32mBuilding CXX object CMakeFiles/zed_tracking_node.dir/src/zed_tracking_node.cpp.o[0m
[0.780s] In file included from [01m[K/home/team/SoftwareDevelopment/ROS2/skinny/src/zed_tracking/src/zed_tracking_node.cpp:4:0[m[K:
[0.780s] [01m[K/usr/local/zed/include/sl/Camera.hpp:94:2:[m[K [01;35m[Kwarning: [m[K#warning ("'Debug' builds are not supported since this library was built in 'Release', 'RelWithDebInfo' should be preferred to avoid crashes and memory issues") [[01;35m[K-Wcpp[m[K]
[0.781s]  #[01;35m[Kwarning[m[K("'Debug' builds are not supported since this library was built in 'Release', 'RelWithDebInfo' should be preferred to avoid crashes and memory issues")
[0.781s]   [01;35m[K^~~~~~~[m[K
[8.555s] [01m[K/home/team/SoftwareDevelopment/ROS2/skinny/src/zed_tracking/src/zed_tracking_node.cpp:[m[K In function â€˜[01m[Kint main(int, char**)[m[Kâ€™:
[8.556s] [01m[K/home/team/SoftwareDevelopment/ROS2/skinny/src/zed_tracking/src/zed_tracking_node.cpp:23:5:[m[K [01;31m[Kerror: [m[Kâ€˜[01m[KCamera[m[Kâ€™ was not declared in this scope
[8.557s]      [01;31m[KCamera[m[K zed;
[8.557s] 
[8.558s]      [01;31m[K^~~~~~[m[K
[8.558s] [01m[K/home/team/SoftwareDevelopment/ROS2/skinny/src/zed_tracking/src/zed_tracking_node.cpp:23:5:[m[K [01;36m[Knote: [m[Ksuggested alternative:
[8.559s] In file included from [01m[K/home/team/SoftwareDevelopment/ROS2/skinny/src/zed_tracking/src/zed_tracking_node.cpp:4:0[m[K:
[8.559s] [01m[K/usr/local/zed/include/sl/Camera.hpp:6418:57:[m[K [01;36m[Knote: [m[K  â€˜[01m[Ksl::Camera[m[Kâ€™
[8.560s]      class /*@cond SHOWHIDDEN*/SL_SDK_EXPORT/*@endcond*/ [01;36m[KCamera[m[K {
[8.560s]                                                          [01;36m[K^~~~~~[m[K
[8.561s] [01m[K/home/team/SoftwareDevelopment/ROS2/skinny/src/zed_tracking/src/zed_tracking_node.cpp:26:5:[m[K [01;31m[Kerror: [m[Kâ€˜[01m[KInitParameters[m[Kâ€™ was not declared in this scope
[8.561s]      [01;31m[KInitParameters[m[K init_params;
[8.562s] 
[8.562s]      [01;31m[K^~~~~~~~~~~~~~[m[K
[8.563s] [01m[K/home/team/SoftwareDevelopment/ROS2/skinny/src/zed_tracking/src/zed_tracking_node.cpp:26:5:[m[K [01;36m[Knote: [m[Ksuggested alternative:
[8.563s] In file included from [01m[K/home/team/SoftwareDevelopment/ROS2/skinny/src/zed_tracking/src/zed_tracking_node.cpp:4:0[m[K:
[8.564s] [01m[K/usr/local/zed/include/sl/Camera.hpp:5448:58:[m[K [01;36m[Knote: [m[K  â€˜[01m[Ksl::InitParameters[m[Kâ€™
[8.564s]      struct /*@cond SHOWHIDDEN*/SL_SDK_EXPORT/*@endcond*/ [01;36m[KInitParameters[m[K {
[8.565s]                                                           [01;36m[K^~~~~~~~~~~~~~[m[K
[8.565s] [01m[K/home/team/SoftwareDevelopment/ROS2/skinny/src/zed_tracking/src/zed_tracking_node.cpp:28:5:[m[K [01;31m[Kerror: [m[Kâ€˜[01m[Kinit_params[m[Kâ€™ was not declared in this scope
[8.566s]      [01;31m[Kinit_params[m[K.camera_resolution = RESOLUTION::VGA;
[8.566s] 
[8.567s]      [01;31m[K^~~~~~~~~~~[m[K
[8.572s] [01m[K/home/team/SoftwareDevelopment/ROS2/skinny/src/zed_tracking/src/zed_tracking_node.cpp:28:5:[m[K [01;36m[Knote: [m[Ksuggested alternative: â€˜[01m[Krcl_params_t[m[Kâ€™
[8.573s]      [01;36m[Kinit_params[m[K.camera_resolution = RESOLUTION::VGA;
[8.573s] 
[8.574s]      [01;36m[K^~~~~~~~~~~[m[K
[8.574s]      [32m[Krcl_params_t[m[K
[8.575s] [01m[K/home/team/SoftwareDevelopment/ROS2/skinny/src/zed_tracking/src/zed_tracking_node.cpp:28:37:[m[K [01;31m[Kerror: [m[Kâ€˜[01m[KRESOLUTION[m[Kâ€™ has not been declared
[8.576s]      init_params.camera_resolution = [01;31m[KRESOLUTION[m[K::VGA;
[8.576s] 
[8.578s]                                      [01;31m[K^~~~~~~~~~[m[K
[8.579s] [01m[K/home/team/SoftwareDevelopment/ROS2/skinny/src/zed_tracking/src/zed_tracking_node.cpp:29:36:[m[K [01;31m[Kerror: [m[Kâ€˜[01m[KUNIT[m[Kâ€™ has not been declared
[8.579s]      init_params.coordinate_units = [01;31m[KUNIT[m[K::METER;
[8.580s] 
[8.581s]                                     [01;31m[K^~~~[m[K
[8.581s] [01m[K/home/team/SoftwareDevelopment/ROS2/skinny/src/zed_tracking/src/zed_tracking_node.cpp:30:37:[m[K [01;31m[Kerror: [m[Kâ€˜[01m[KCOORDINATE_SYSTEM[m[Kâ€™ has not been declared
[8.582s]      init_params.coordinate_system = [01;31m[KCOORDINATE_SYSTEM[m[K::RIGHT_HANDED_Y_UP;
[8.583s] 
[8.584s]                                      [01;31m[K^~~~~~~~~~~~~~~~~[m[K
[8.584s] [01m[K/home/team/SoftwareDevelopment/ROS2/skinny/src/zed_tracking/src/zed_tracking_node.cpp:41:5:[m[K [01;31m[Kerror: [m[Kâ€˜[01m[KERROR_CODE[m[Kâ€™ was not declared in this scope
[8.585s]      [01;31m[KERROR_CODE[m[K err = zed.open(init_params);
[8.586s] 
[8.586s]      [01;31m[K^~~~~~~~~~[m[K
[8.587s] [01m[K/home/team/SoftwareDevelopment/ROS2/skinny/src/zed_tracking/src/zed_tracking_node.cpp:41:5:[m[K [01;36m[Knote: [m[Ksuggested alternative:
[8.588s] In file included from [01m[K/home/team/SoftwareDevelopment/ROS2/skinny/src/zed_tracking/src/zed_tracking_node.cpp:4:0[m[K:
[8.589s] [01m[K/usr/local/zed/include/sl/Camera.hpp:365:16:[m[K [01;36m[Knote: [m[K  â€˜[01m[Ksl::ERROR_CODE[m[Kâ€™
[8.590s]      enum class [01;36m[KERROR_CODE[m[K {
[8.590s]                 [01;36m[K^~~~~~~~~~[m[K
[8.591s] [01m[K/home/team/SoftwareDevelopment/ROS2/skinny/src/zed_tracking/src/zed_tracking_node.cpp:42:9:[m[K [01;31m[Kerror: [m[Kâ€˜[01m[Kerr[m[Kâ€™ was not declared in this scope
[8.591s]      if ([01;31m[Kerr[m[K != ERROR_CODE::SUCCESS) {
[8.592s] 
[8.592s]          [01;31m[K^~~[m[K
[8.593s] [01m[K/home/team/SoftwareDevelopment/ROS2/skinny/src/zed_tracking/src/zed_tracking_node.cpp:42:9:[m[K [01;36m[Knote: [m[Ksuggested alternative: â€˜[01m[Kerf[m[Kâ€™
[8.594s]      if ([01;36m[Kerr[m[K != ERROR_CODE::SUCCESS) {
[8.594s] 
[8.595s]          [01;36m[K^~~[m[K
[8.595s]          [32m[Kerf[m[K
[8.596s] [01m[K/home/team/SoftwareDevelopment/ROS2/skinny/src/zed_tracking/src/zed_tracking_node.cpp:42:16:[m[K [01;31m[Kerror: [m[Kâ€˜[01m[KERROR_CODE[m[Kâ€™ is not a class, namespace, or enumeration
[8.597s]      if (err != [01;31m[KERROR_CODE[m[K::SUCCESS) {
[8.598s] 
[8.599s]                 [01;31m[K^~~~~~~~~~[m[K
[8.599s] [01m[K/home/team/SoftwareDevelopment/ROS2/skinny/src/zed_tracking/src/zed_tracking_node.cpp:43:9:[m[K [01;31m[Kerror: [m[Kâ€˜[01m[Kcout[m[Kâ€™ was not declared in this scope
[8.600s]          [01;31m[Kcout[m[K << "Error, unable to open ZED camera: " << err << "\n";
[8.602s] 
[8.603s]          [01;31m[K^~~~[m[K
[8.603s] [01m[K/home/team/SoftwareDevelopment/ROS2/skinny/src/zed_tracking/src/zed_tracking_node.cpp:43:9:[m[K [01;36m[Knote: [m[Ksuggested alternative:
[8.604s] In file included from [01m[K/opt/ros/eloquent/include/rclcpp/executor.hpp:22:0[m[K,
[8.605s]                  from [01m[K/opt/ros/eloquent/include/rclcpp/executors/multi_threaded_executor.hpp:25[m[K,
[8.605s]                  from [01m[K/opt/ros/eloquent/include/rclcpp/executors.hpp:21[m[K,
[8.606s]                  from [01m[K/opt/ros/eloquent/include/rclcpp/rclcpp.hpp:145[m[K,
[8.607s]                  from [01m[K/home/team/SoftwareDevelopment/ROS2/skinny/src/zed_tracking/src/zed_tracking_node.cpp:2[m[K:
[8.607s] [01m[K/usr/include/c++/7/iostream:61:18:[m[K [01;36m[Knote: [m[K  â€˜[01m[Kstd::cout[m[Kâ€™
[8.608s]    extern ostream [01;36m[Kcout[m[K;  /// Linked to standard output
[8.609s]                   [01;36m[K^~~~[m[K
[8.609s] [01m[K/home/team/SoftwareDevelopment/ROS2/skinny/src/zed_tracking/src/zed_tracking_node.cpp:44:9:[m[K [01;31m[Kerror: [m[Kâ€˜[01m[Kzed[m[Kâ€™ was not declared in this scope
[8.610s]          [01;31m[Kzed[m[K.close();
[8.610s] 
[8.611s]          [01;31m[K^~~[m[K
[8.612s] [01m[K/home/team/SoftwareDevelopment/ROS2/skinny/src/zed_tracking/src/zed_tracking_node.cpp:44:9:[m[K [01;36m[Knote: [m[Ksuggested alternative: â€˜[01m[KzedZ[m[Kâ€™
[8.612s]          [01;36m[Kzed[m[K.close();
[8.613s] 
[8.614s]          [01;36m[K^~~[m[K
[8.615s]          [32m[KzedZ[m[K
[8.615s] [01m[K/home/team/SoftwareDevelopment/ROS2/skinny/src/zed_tracking/src/zed_tracking_node.cpp:48:23:[m[K [01;31m[Kerror: [m[Kâ€˜[01m[Kzed[m[Kâ€™ was not declared in this scope
[8.616s]      auto cameraInfo = [01;31m[Kzed[m[K.getCameraInformation();
[8.616s] 
[8.617s]                        [01;31m[K^~~[m[K
[8.617s] [01m[K/home/team/SoftwareDevelopment/ROS2/skinny/src/zed_tracking/src/zed_tracking_node.cpp:48:23:[m[K [01;36m[Knote: [m[Ksuggested alternative: â€˜[01m[KzedZ[m[Kâ€™
[8.618s]      auto cameraInfo = [01;36m[Kzed[m[K.getCameraInformation();
[8.618s] 
[8.619s]                        [01;36m[K^~~[m[K
[8.620s]                        [32m[KzedZ[m[K
[8.620s] [01m[K/home/team/SoftwareDevelopment/ROS2/skinny/src/zed_tracking/src/zed_tracking_node.cpp:49:5:[m[K [01;31m[Kerror: [m[Kâ€˜[01m[KResolution[m[Kâ€™ was not declared in this scope
[8.621s]      [01;31m[KResolution[m[K image_size = cameraInfo.camera_resolution;
[8.623s] 
[8.624s]      [01;31m[K^~~~~~~~~~[m[K
[8.624s] [01m[K/home/team/SoftwareDevelopment/ROS2/skinny/src/zed_tracking/src/zed_tracking_node.cpp:49:5:[m[K [01;36m[Knote: [m[Ksuggested alternative:
[8.625s] In file included from [01m[K/home/team/SoftwareDevelopment/ROS2/skinny/src/zed_tracking/src/zed_tracking_node.cpp:4:0[m[K:
[8.625s] [01m[K/usr/local/zed/include/sl/Camera.hpp:185:12:[m[K [01;36m[Knote: [m[K  â€˜[01m[Ksl::Resolution[m[Kâ€™
[8.626s]      struct [01;36m[KResolution[m[K {
[8.626s]             [01;36m[K^~~~~~~~~~[m[K
[8.627s] [01m[K/home/team/SoftwareDevelopment/ROS2/skinny/src/zed_tracking/src/zed_tracking_node.cpp:50:5:[m[K [01;31m[Kerror: [m[Kâ€˜[01m[KMat[m[Kâ€™ was not declared in this scope
[8.627s]      [01;31m[KMat[m[K image_zed(image_size, MAT_TYPE::U8_C4);
[8.628s] 
[8.628s]      [01;31m[K^~~[m[K
[8.629s] [01m[K/home/team/SoftwareDevelopment/ROS2/skinny/src/zed_tracking/src/zed_tracking_node.cpp:50:5:[m[K [01;36m[Knote: [m[Ksuggested alternatives:
[8.629s] In file included from [01m[K/home/team/SoftwareDevelopment/ROS2/skinny/src/zed_tracking/src/zed_tracking_node.cpp:4:0[m[K:
[8.629s] [01m[K/usr/local/zed/include/sl/Camera.hpp:2212:58:[m[K [01;36m[Knote: [m[K  â€˜[01m[Ksl::Mat[m[Kâ€™
[8.630s]      class /*@cond SHOWHIDDEN*/SL_CORE_EXPORT/*@endcond*/ [01;36m[KMat[m[K {
[8.630s]                                                           [01;36m[K^~~[m[K
[8.631s] In file included from [01m[K/usr/include/opencv2/core.hpp:59:0[m[K,
[8.631s]                  from [01m[K/home/team/SoftwareDevelopment/ROS2/skinny/src/zed_tracking/include/aruco.hpp:42[m[K,
[8.632s]                  from [01m[K/home/team/SoftwareDevelopment/ROS2/skinny/src/zed_tracking/src/zed_tracking_node.cpp:5[m[K:
[8.632s] [01m[K/usr/include/opencv2/core/mat.hpp:776:18:[m[K [01;36m[Knote: [m[K  â€˜[01m[Kcv::Mat[m[Kâ€™
[8.633s]  class CV_EXPORTS [01;36m[KMat[m[K
[8.633s]                   [01;36m[K^~~[m[K
[8.634s] [01m[K/home/team/SoftwareDevelopment/ROS2/skinny/src/zed_tracking/src/zed_tracking_node.cpp:51:33:[m[K [01;31m[Kerror: [m[Kâ€˜[01m[Kimage_zed[m[Kâ€™ was not declared in this scope
[8.634s]      cv::Mat image_ocv = cv::Mat([01;31m[Kimage_zed[m[K.getHeight(), image_zed.getWidth(), CV_8UC4, image_zed.getPtr<sl::uchar1>(MEM::CPU));
[8.635s] 
[8.635s]                                  [01;31m[K^~~~~~~~~[m[K
[8.636s] [01m[K/home/team/SoftwareDevelopment/ROS2/skinny/src/zed_tracking/src/zed_tracking_node.cpp:51:33:[m[K [01;36m[Knote: [m[Ksuggested alternative: â€˜[01m[Kimage_ocv[m[Kâ€™
[8.636s]      cv::Mat image_ocv = cv::Mat([01;36m[Kimage_zed[m[K.getHeight(), image_zed.getWidth(), CV_8UC4, image_zed.getPtr<sl::uchar1>(MEM::CPU));
[8.637s] 
[8.637s]                                  [01;36m[K^~~~~~~~~[m[K
[8.638s]                                  [32m[Kimage_ocv[m[K
[8.638s] [01m[K/home/team/SoftwareDevelopment/ROS2/skinny/src/zed_tracking/src/zed_tracking_node.cpp:51:116:[m[K [01;31m[Kerror: [m[Kâ€˜[01m[KMEM[m[Kâ€™ was not declared in this scope
[8.639s]      cv::Mat image_ocv = cv::Mat(image_zed.getHeight(), image_zed.getWidth(), CV_8UC4, image_zed.getPtr<sl::uchar1>([01;31m[KMEM[m[K::CPU));
[8.639s] 
[8.640s]                                                                                                                     [01;31m[K^~~[m[K
[8.640s] [01m[K/home/team/SoftwareDevelopment/ROS2/skinny/src/zed_tracking/src/zed_tracking_node.cpp:51:116:[m[K [01;36m[Knote: [m[Ksuggested alternative:
[8.641s] In file included from [01m[K/home/team/SoftwareDevelopment/ROS2/skinny/src/zed_tracking/src/zed_tracking_node.cpp:4:0[m[K:
[8.641s] [01m[K/usr/local/zed/include/sl/Camera.hpp:2139:16:[m[K [01;36m[Knote: [m[K  â€˜[01m[Ksl::MEM[m[Kâ€™
[8.642s]      enum class [01;36m[KMEM[m[K {
[8.642s]                 [01;36m[K^~~[m[K
[8.643s] [01m[K/home/team/SoftwareDevelopment/ROS2/skinny/src/zed_tracking/src/zed_tracking_node.cpp:51:32:[m[K [01;31m[Kerror: [m[Kexpected primary-expression before â€˜[01m[K([m[Kâ€™ token
[8.644s]      cv::Mat image_ocv = cv::Mat[01;31m[K([m[Kimage_zed.getHeight(), image_zed.getWidth(), CV_8UC4, image_zed.getPtr<sl::uchar1>(MEM::CPU));
[8.644s] 
[8.645s]                                 [01;31m[K^[m[K
[8.646s] [01m[K/home/team/SoftwareDevelopment/ROS2/skinny/src/zed_tracking/src/zed_tracking_node.cpp:51:114:[m[K [01;31m[Kerror: [m[Kexpected primary-expression before â€˜[01m[K>[m[Kâ€™ token
[8.647s]      cv::Mat image_ocv = cv::Mat(image_zed.getHeight(), image_zed.getWidth(), CV_8UC4, image_zed.getPtr<sl::uchar1[01;31m[K>[m[K(MEM::CPU));
[8.647s] 
[8.648s]                                                                                                                   [01;31m[K^[m[K
[8.648s] [01m[K/home/team/SoftwareDevelopment/ROS2/skinny/src/zed_tracking/src/zed_tracking_node.cpp:51:116:[m[K [01;31m[Kerror: [m[Kâ€˜[01m[KMEM[m[Kâ€™ is not a class, namespace, or enumeration
[8.649s]      cv::Mat image_ocv = cv::Mat(image_zed.getHeight(), image_zed.getWidth(), CV_8UC4, image_zed.getPtr<sl::uchar1>([01;31m[KMEM[m[K::CPU));
[8.649s] 
[8.650s]                                                                                                                     [01;31m[K^~~[m[K
[8.650s] [01m[K/home/team/SoftwareDevelopment/ROS2/skinny/src/zed_tracking/src/zed_tracking_node.cpp:66:5:[m[K [01;31m[Kerror: [m[Kâ€˜[01m[Kcout[m[Kâ€™ was not declared in this scope
[8.651s]      [01;31m[Kcout[m[K << "Make sure the ArUco marker is a 6x6 (100), measuring " << actual_marker_size_meters * 1000 << " mm" << endl;
[8.651s] 
[8.652s]      [01;31m[K^~~~[m[K
[8.652s] [01m[K/home/team/SoftwareDevelopment/ROS2/skinny/src/zed_tracking/src/zed_tracking_node.cpp:66:5:[m[K [01;36m[Knote: [m[Ksuggested alternative:
[8.653s] In file included from [01m[K/opt/ros/eloquent/include/rclcpp/executor.hpp:22:0[m[K,
[8.653s]                  from [01m[K/opt/ros/eloquent/include/rclcpp/executors/multi_threaded_executor.hpp:25[m[K,
[8.654s]                  from [01m[K/opt/ros/eloquent/include/rclcpp/executors.hpp:21[m[K,
[8.655s]                  from [01m[K/opt/ros/eloquent/include/rclcpp/rclcpp.hpp:145[m[K,
[8.655s]                  from [01m[K/home/team/SoftwareDevelopment/ROS2/skinny/src/zed_tracking/src/zed_tracking_node.cpp:2[m[K:
[8.656s] [01m[K/usr/include/c++/7/iostream:61:18:[m[K [01;36m[Knote: [m[K  â€˜[01m[Kstd::cout[m[Kâ€™
[8.656s]    extern ostream [01;36m[Kcout[m[K;  /// Linked to standard output
[8.657s]                   [01;36m[K^~~~[m[K
[8.658s] [01m[K/home/team/SoftwareDevelopment/ROS2/skinny/src/zed_tracking/src/zed_tracking_node.cpp:66:117:[m[K [01;31m[Kerror: [m[Kâ€˜[01m[Kendl[m[Kâ€™ was not declared in this scope
[8.659s]      cout << "Make sure the ArUco marker is a 6x6 (100), measuring " << actual_marker_size_meters * 1000 << " mm" << [01;31m[Kendl[m[K;
[8.659s] 
[8.660s]                                                                                                                      [01;31m[K^~~~[m[K
[8.660s] [01m[K/home/team/SoftwareDevelopment/ROS2/skinny/src/zed_tracking/src/zed_tracking_node.cpp:66:117:[m[K [01;36m[Knote: [m[Ksuggested alternative:
[8.661s] In file included from [01m[K/usr/include/c++/7/iostream:39:0[m[K,
[8.662s]                  from [01m[K/opt/ros/eloquent/include/rclcpp/executor.hpp:22[m[K,
[8.662s]                  from [01m[K/opt/ros/eloquent/include/rclcpp/executors/multi_threaded_executor.hpp:25[m[K,
[8.663s]                  from [01m[K/opt/ros/eloquent/include/rclcpp/executors.hpp:21[m[K,
[8.664s]                  from [01m[K/opt/ros/eloquent/include/rclcpp/rclcpp.hpp:145[m[K,
[8.664s]                  from [01m[K/home/team/SoftwareDevelopment/ROS2/skinny/src/zed_tracking/src/zed_tracking_node.cpp:2[m[K:
[8.665s] [01m[K/usr/include/c++/7/ostream:590:5:[m[K [01;36m[Knote: [m[K  â€˜[01m[Kstd::endl[m[Kâ€™
[8.665s]      [01;36m[Kendl[m[K(basic_ostream<_CharT, _Traits>& __os)
[8.666s]      [01;36m[K^~~~[m[K
[8.666s] [01m[K/home/team/SoftwareDevelopment/ROS2/skinny/src/zed_tracking/src/zed_tracking_node.cpp:68:5:[m[K [01;31m[Kerror: [m[Kâ€˜[01m[KTransform[m[Kâ€™ was not declared in this scope
[8.667s]      [01;31m[KTransform[m[K pose;
[8.667s] 
[8.668s]      [01;31m[K^~~~~~~~~[m[K
[8.668s] [01m[K/home/team/SoftwareDevelopment/ROS2/skinny/src/zed_tracking/src/zed_tracking_node.cpp:68:5:[m[K [01;36m[Knote: [m[Ksuggested alternative:
[8.669s] In file included from [01m[K/home/team/SoftwareDevelopment/ROS2/skinny/src/zed_tracking/src/zed_tracking_node.cpp:4:0[m[K:
[8.669s] [01m[K/usr/local/zed/include/sl/Camera.hpp:2964:58:[m[K [01;36m[Knote: [m[K  â€˜[01m[Ksl::Transform[m[Kâ€™
[8.669s]      class /*@cond SHOWHIDDEN*/SL_CORE_EXPORT/*@endcond*/ [01;36m[KTransform[m[K : public Matrix4f {
[8.670s]                                                           [01;36m[K^~~~~~~~~[m[K
[8.670s] [01m[K/home/team/SoftwareDevelopment/ROS2/skinny/src/zed_tracking/src/zed_tracking_node.cpp:69:5:[m[K [01;31m[Kerror: [m[Kâ€˜[01m[KPose[m[Kâ€™ was not declared in this scope
[8.671s]      [01;31m[KPose[m[K zed_pose;
[8.671s] 
[8.672s]      [01;31m[K^~~~[m[K
[8.672s] [01m[K/home/team/SoftwareDevelopment/ROS2/skinny/src/zed_tracking/src/zed_tracking_node.cpp:69:5:[m[K [01;36m[Knote: [m[Ksuggested alternative:
[8.673s] In file included from [01m[K/home/team/SoftwareDevelopment/ROS2/skinny/src/zed_tracking/src/zed_tracking_node.cpp:4:0[m[K:
[8.673s] [01m[K/usr/local/zed/include/sl/Camera.hpp:3226:58:[m[K [01;36m[Knote: [m[K  â€˜[01m[Ksl::Pose[m[Kâ€™
[8.674s]      class /*@cond SHOWHIDDEN*/SL_CORE_EXPORT/*@endcond*/ [01;36m[KPose[m[K {
[8.674s]                                                           [01;36m[K^~~~[m[K
[8.675s] [01m[K/home/team/SoftwareDevelopment/ROS2/skinny/src/zed_tracking/src/zed_tracking_node.cpp:70:5:[m[K [01;31m[Kerror: [m[Kâ€˜[01m[Kvector[m[Kâ€™ was not declared in this scope
[8.675s]      [01;31m[Kvector[m[K<cv::Vec3d> rvecs, tvecs;
[8.676s] 
[8.676s]      [01;31m[K^~~~~~[m[K
[8.677s] [01m[K/home/team/SoftwareDevelopment/ROS2/skinny/src/zed_tracking/src/zed_tracking_node.cpp:70:5:[m[K [01;36m[Knote: [m[Ksuggested alternative:
[8.677s] In file included from [01m[K/usr/include/c++/7/vector:64:0[m[K,
[8.678s]                  from [01m[K/opt/ros/eloquent/include/rclcpp/executor.hpp:27[m[K,
[8.682s]                  from [01m[K/opt/ros/eloquent/include/rclcpp/executors/multi_threaded_executor.hpp:25[m[K,
[8.683s]                  from [01m[K/opt/ros/eloquent/include/rclcpp/executors.hpp:21[m[K,
[8.683s]                  from [01m[K/opt/ros/eloquent/include/rclcpp/rclcpp.hpp:145[m[K,
[8.684s]                  from [01m[K/home/team/SoftwareDevelopment/ROS2/skinny/src/zed_tracking/src/zed_tracking_node.cpp:2[m[K:
[8.685s] [01m[K/usr/include/c++/7/bits/stl_vector.h:216:11:[m[K [01;36m[Knote: [m[K  â€˜[01m[Kstd::vector[m[Kâ€™
[8.685s]      class [01;36m[Kvector[m[K : protected _Vector_base<_Tp, _Alloc>
[8.686s]            [01;36m[K^~~~~~[m[K
[8.686s] [01m[K/home/team/SoftwareDevelopment/ROS2/skinny/src/zed_tracking/src/zed_tracking_node.cpp:70:21:[m[K [01;31m[Kerror: [m[Kexpected primary-expression before â€˜[01m[K>[m[Kâ€™ token
[8.687s]      vector<cv::Vec3d[01;31m[K>[m[K rvecs, tvecs;
[8.687s] 
[8.688s]                      [01;31m[K^[m[K
[8.688s] [01m[K/home/team/SoftwareDevelopment/ROS2/skinny/src/zed_tracking/src/zed_tracking_node.cpp:70:23:[m[K [01;31m[Kerror: [m[Kâ€˜[01m[Krvecs[m[Kâ€™ was not declared in this scope
[8.689s]      vector<cv::Vec3d> [01;31m[Krvecs[m[K, tvecs;
[8.689s] 
[8.690s]                        [01;31m[K^~~~~[m[K
[8.691s] [01m[K/home/team/SoftwareDevelopment/ROS2/skinny/src/zed_tracking/src/zed_tracking_node.cpp:70:30:[m[K [01;31m[Kerror: [m[Kâ€˜[01m[Ktvecs[m[Kâ€™ was not declared in this scope
[8.691s]      vector<cv::Vec3d> rvecs, [01;31m[Ktvecs[m[K;
[8.692s] 
[8.692s]                               [01;31m[K^~~~~[m[K
[8.693s] [01m[K/home/team/SoftwareDevelopment/ROS2/skinny/src/zed_tracking/src/zed_tracking_node.cpp:71:12:[m[K [01;31m[Kerror: [m[Kexpected primary-expression before â€˜[01m[Kint[m[Kâ€™
[8.694s]      vector<[01;31m[Kint[m[K> ids;
[8.694s] 
[8.695s]             [01;31m[K^~~[m[K
[8.695s] [01m[K/home/team/SoftwareDevelopment/ROS2/skinny/src/zed_tracking/src/zed_tracking_node.cpp:72:30:[m[K [01;31m[Kerror: [m[Kexpected primary-expression before â€˜[01m[K>[m[Kâ€™ token
[8.696s]      vector<vector<cv::Point2f[01;31m[K>[m[K > corners;
[8.696s] 
[8.697s]                               [01;31m[K^[m[K
[8.697s] [01m[K/home/team/SoftwareDevelopment/ROS2/skinny/src/zed_tracking/src/zed_tracking_node.cpp:72:32:[m[K [01;31m[Kerror: [m[Kexpected primary-expression before â€˜[01m[K>[m[Kâ€™ token
[8.698s]      vector<vector<cv::Point2f> [01;31m[K>[m[K corners;
[8.698s] 
[8.699s]                                 [01;31m[K^[m[K
[8.699s] [01m[K/home/team/SoftwareDevelopment/ROS2/skinny/src/zed_tracking/src/zed_tracking_node.cpp:72:34:[m[K [01;31m[Kerror: [m[Kâ€˜[01m[Kcorners[m[Kâ€™ was not declared in this scope
[8.700s]      vector<vector<cv::Point2f> > [01;31m[Kcorners[m[K;
[8.700s] 
[8.700s]                                   [01;31m[K^~~~~~~[m[K
[8.701s] [01m[K/home/team/SoftwareDevelopment/ROS2/skinny/src/zed_tracking/src/zed_tracking_node.cpp:72:34:[m[K [01;36m[Knote: [m[Ksuggested alternative: â€˜[01m[KcvInvert[m[Kâ€™
[8.701s]      vector<vector<cv::Point2f> > [01;36m[Kcorners[m[K;
[8.702s] 
[8.702s]                                   [01;36m[K^~~~~~~[m[K
[8.703s]                                   [32m[KcvInvert[m[K
[8.703s] [01m[K/home/team/SoftwareDevelopment/ROS2/skinny/src/zed_tracking/src/zed_tracking_node.cpp:73:5:[m[K [01;31m[Kerror: [m[Kâ€˜[01m[Kstring[m[Kâ€™ was not declared in this scope
[8.704s]      [01;31m[Kstring[m[K zed_position_txt;
[8.704s] 
[8.705s]      [01;31m[K^~~~~~[m[K
[8.705s] [01m[K/home/team/SoftwareDevelopment/ROS2/skinny/src/zed_tracking/src/zed_tracking_node.cpp:73:5:[m[K [01;36m[Knote: [m[Ksuggested alternatives:
[8.706s] In file included from [01m[K/usr/include/c++/7/iosfwd:39:0[m[K,
[8.706s]                  from [01m[K/usr/include/c++/7/memory:72[m[K,
[8.707s]                  from [01m[K/opt/ros/eloquent/include/rclcpp/rclcpp.hpp:143[m[K,
[8.707s]                  from [01m[K/home/team/SoftwareDevelopment/ROS2/skinny/src/zed_tracking/src/zed_tracking_node.cpp:2[m[K:
[8.708s] [01m[K/usr/include/c++/7/bits/stringfwd.h:74:33:[m[K [01;36m[Knote: [m[K  â€˜[01m[Kstd::__cxx11::string[m[Kâ€™
[8.708s]    typedef basic_string<char>    [01;36m[Kstring[m[K;
[8.709s]                                  [01;36m[K^~~~~~[m[K
[8.709s] [01m[K/usr/include/c++/7/bits/stringfwd.h:74:33:[m[K [01;36m[Knote: [m[K  â€˜[01m[Kstd::__cxx11::string[m[Kâ€™
[8.710s] [01m[K/home/team/SoftwareDevelopment/ROS2/skinny/src/zed_tracking/src/zed_tracking_node.cpp:74:12:[m[K [01;31m[Kerror: [m[Kexpected â€˜[01m[K;[m[Kâ€™ before â€˜[01m[Kzed_rotation_txt[m[Kâ€™
[8.711s]      string [01;31m[Kzed_rotation_txt[m[K;
[8.711s] 
[8.713s]             [01;31m[K^~~~~~~~~~~~~~~~[m[K
[8.714s] [01m[K/home/team/SoftwareDevelopment/ROS2/skinny/src/zed_tracking/src/zed_tracking_node.cpp:75:12:[m[K [01;31m[Kerror: [m[Kexpected â€˜[01m[K;[m[Kâ€™ before â€˜[01m[Karuco_position_txt[m[Kâ€™
[8.714s]      string [01;31m[Karuco_position_txt[m[K;
[8.715s] 
[8.715s]             [01;31m[K^~~~~~~~~~~~~~~~~~[m[K
[8.716s] [01m[K/home/team/SoftwareDevelopment/ROS2/skinny/src/zed_tracking/src/zed_tracking_node.cpp:79:5:[m[K [01;31m[Kerror: [m[Kâ€˜[01m[KPositionalTrackingParameters[m[Kâ€™ was not declared in this scope
[8.716s]      [01;31m[KPositionalTrackingParameters[m[K tracking_params;
[8.716s] 
[8.717s]      [01;31m[K^~~~~~~~~~~~~~~~~~~~~~~~~~~~[m[K
[8.717s] [01m[K/home/team/SoftwareDevelopment/ROS2/skinny/src/zed_tracking/src/zed_tracking_node.cpp:79:5:[m[K [01;36m[Knote: [m[Ksuggested alternative:
[8.718s] In file included from [01m[K/home/team/SoftwareDevelopment/ROS2/skinny/src/zed_tracking/src/zed_tracking_node.cpp:4:0[m[K:
[8.718s] [01m[K/usr/local/zed/include/sl/Camera.hpp:5831:58:[m[K [01;36m[Knote: [m[K  â€˜[01m[Ksl::PositionalTrackingParameters[m[Kâ€™
[8.719s]      struct /*@cond SHOWHIDDEN*/SL_SDK_EXPORT/*@endcond*/ [01;36m[KPositionalTrackingParameters[m[K {
[8.719s]                                                           [01;36m[K^~~~~~~~~~~~~~~~~~~~~~~~~~~~[m[K
[8.720s] [01m[K/home/team/SoftwareDevelopment/ROS2/skinny/src/zed_tracking/src/zed_tracking_node.cpp:80:5:[m[K [01;31m[Kerror: [m[Kâ€˜[01m[Ktracking_params[m[Kâ€™ was not declared in this scope
[8.720s]      [01;31m[Ktracking_params[m[K.enable_imu_fusion = false; // for this sample, IMU (of ZED-M) is disable, we use the gravity given by the marker.
[8.721s] 
[8.721s]      [01;31m[K^~~~~~~~~~~~~~~[m[K
[8.722s] [01m[K/home/team/SoftwareDevelopment/ROS2/skinny/src/zed_tracking/src/zed_tracking_node.cpp:83:27:[m[K [01;31m[Kerror: [m[Kâ€˜[01m[KERROR_CODE[m[Kâ€™ is not a class, namespace, or enumeration
[8.723s]      if (returned_state != [01;31m[KERROR_CODE[m[K::SUCCESS) {
[8.723s] 
[8.724s]                            [01;31m[K^~~~~~~~~~[m[K
[8.724s] [01m[K/home/team/SoftwareDevelopment/ROS2/skinny/src/zed_tracking/src/zed_tracking_node.cpp:87:5:[m[K [01;31m[Kerror: [m[Kâ€˜[01m[KPOSITIONAL_TRACKING_STATE[m[Kâ€™ was not declared in this scope
[8.725s]      [01;31m[KPOSITIONAL_TRACKING_STATE[m[K tracking_state;
[8.725s] 
[8.726s]      [01;31m[K^~~~~~~~~~~~~~~~~~~~~~~~~[m[K
[8.726s] [01m[K/home/team/SoftwareDevelopment/ROS2/skinny/src/zed_tracking/src/zed_tracking_node.cpp:87:5:[m[K [01;36m[Knote: [m[Ksuggested alternative:
[8.727s] In file included from [01m[K/home/team/SoftwareDevelopment/ROS2/skinny/src/zed_tracking/src/zed_tracking_node.cpp:4:0[m[K:
[8.727s] [01m[K/usr/local/zed/include/sl/Camera.hpp:5188:16:[m[K [01;36m[Knote: [m[K  â€˜[01m[Ksl::POSITIONAL_TRACKING_STATE[m[Kâ€™
[8.728s]      enum class [01;36m[KPOSITIONAL_TRACKING_STATE[m[K {
[8.728s]                 [01;36m[K^~~~~~~~~~~~~~~~~~~~~~~~~[m[K
[8.729s] [01m[K/home/team/SoftwareDevelopment/ROS2/skinny/src/zed_tracking/src/zed_tracking_node.cpp:91:27:[m[K [01;31m[Kerror: [m[Kâ€˜[01m[KERROR_CODE[m[Kâ€™ is not a class, namespace, or enumeration
[8.729s]          if (zed.grab() == [01;31m[KERROR_CODE[m[K::SUCCESS) {
[8.730s] 
[8.730s]                            [01;31m[K^~~~~~~~~~[m[K
[8.731s] [01m[K/home/team/SoftwareDevelopment/ROS2/skinny/src/zed_tracking/src/zed_tracking_node.cpp:93:42:[m[K [01;31m[Kerror: [m[Kâ€˜[01m[KVIEW[m[Kâ€™ has not been declared
[8.731s]              zed.retrieveImage(image_zed, [01;31m[KVIEW[m[K::LEFT, MEM::CPU, image_size);
[8.732s] 
[8.732s]                                           [01;31m[K^~~~[m[K
[8.733s] [01m[K/home/team/SoftwareDevelopment/ROS2/skinny/src/zed_tracking/src/zed_tracking_node.cpp:93:54:[m[K [01;31m[Kerror: [m[Kâ€˜[01m[KMEM[m[Kâ€™ is not a class, namespace, or enumeration
[8.733s]              zed.retrieveImage(image_zed, VIEW::LEFT, [01;31m[KMEM[m[K::CPU, image_size);
[8.734s] 
[8.734s]                                                       [01;31m[K^~~[m[K
[8.735s] [01m[K/home/team/SoftwareDevelopment/ROS2/skinny/src/zed_tracking/src/zed_tracking_node.cpp:93:64:[m[K [01;31m[Kerror: [m[Kâ€˜[01m[Kimage_size[m[Kâ€™ was not declared in this scope
[8.736s]              zed.retrieveImage(image_zed, VIEW::LEFT, MEM::CPU, [01;31m[Kimage_size[m[K);
[8.736s] 
[8.737s]                                                                 [01;31m[K^~~~~~~~~~[m[K
[8.737s] [01m[K/home/team/SoftwareDevelopment/ROS2/skinny/src/zed_tracking/src/zed_tracking_node.cpp:93:64:[m[K [01;36m[Knote: [m[Ksuggested alternative: â€˜[01m[Kimage_ocv[m[Kâ€™
[8.738s]              zed.retrieveImage(image_zed, VIEW::LEFT, MEM::CPU, [01;36m[Kimage_size[m[K);
[8.738s] 
[8.739s]                                                                 [01;36m[K^~~~~~~~~~[m[K
[8.739s]                                                                 [32m[Kimage_ocv[m[K
[8.740s] [01m[K/home/team/SoftwareDevelopment/ROS2/skinny/src/zed_tracking/src/zed_tracking_node.cpp:98:74:[m[K [01;31m[Kerror: [m[Kâ€˜[01m[Kids[m[Kâ€™ was not declared in this scope
[8.740s]              cv::aruco::detectMarkers(image_ocv_rgb, dictionary, corners, [01;31m[Kids[m[K);
[8.741s] 
[8.741s]                                                                           [01;31m[K^~~[m[K
[8.742s] [01m[K/home/team/SoftwareDevelopment/ROS2/skinny/src/zed_tracking/src/zed_tracking_node.cpp:98:74:[m[K [01;36m[Knote: [m[Ksuggested alternative: â€˜[01m[Kid_t[m[Kâ€™
[8.742s]              cv::aruco::detectMarkers(image_ocv_rgb, dictionary, corners, [01;36m[Kids[m[K);
[8.743s] 
[8.743s]                                                                           [01;36m[K^~~[m[K
[8.744s]                                                                           [32m[Kid_t[m[K
[8.744s] [01m[K/home/team/SoftwareDevelopment/ROS2/skinny/src/zed_tracking/src/zed_tracking_node.cpp:101:13:[m[K [01;31m[Kerror: [m[Kâ€˜[01m[Ktracking_state[m[Kâ€™ was not declared in this scope
[8.745s]              [01;31m[Ktracking_state[m[K = zed.getPosition(zed_pose, REFERENCE_FRAME::WORLD);
[8.745s] 
[8.746s]              [01;31m[K^~~~~~~~~~~~~~[m[K
[8.746s] [01m[K/home/team/SoftwareDevelopment/ROS2/skinny/src/zed_tracking/src/zed_tracking_node.cpp:101:13:[m[K [01;36m[Knote: [m[Ksuggested alternative: â€˜[01m[Kinitstate[m[Kâ€™
[8.747s]              [01;36m[Ktracking_state[m[K = zed.getPosition(zed_pose, REFERENCE_FRAME::WORLD);
[8.747s] 
[8.748s]              [01;36m[K^~~~~~~~~~~~~~[m[K
[8.748s]              [32m[Kinitstate[m[K
[8.749s] [01m[K/home/team/SoftwareDevelopment/ROS2/skinny/src/zed_tracking/src/zed_tracking_node.cpp:101:46:[m[K [01;31m[Kerror: [m[Kâ€˜[01m[Kzed_pose[m[Kâ€™ was not declared in this scope
[8.749s]              tracking_state = zed.getPosition([01;31m[Kzed_pose[m[K, REFERENCE_FRAME::WORLD);
[8.750s] 
[8.750s]                                               [01;31m[K^~~~~~~~[m[K
[8.751s] [01m[K/home/team/SoftwareDevelopment/ROS2/skinny/src/zed_tracking/src/zed_tracking_node.cpp:101:56:[m[K [01;31m[Kerror: [m[Kâ€˜[01m[KREFERENCE_FRAME[m[Kâ€™ has not been declared
[8.751s]              tracking_state = zed.getPosition(zed_pose, [01;31m[KREFERENCE_FRAME[m[K::WORLD);
[8.752s] 
[8.752s]                                                         [01;31m[K^~~~~~~~~~~~~~~[m[K
[8.753s] [01m[K/home/team/SoftwareDevelopment/ROS2/skinny/src/zed_tracking/src/zed_tracking_node.cpp:102:28:[m[K [01;31m[Kerror: [m[Kâ€˜[01m[KPOSITIONAL_TRACKING_STATE[m[Kâ€™ is not a class, namespace, or enumeration
[8.754s]       if (tracking_state == [01;31m[KPOSITIONAL_TRACKING_STATE[m[K::OK) {
[8.754s] 
[8.755s]                             [01;31m[K^~~~~~~~~~~~~~~~~~~~~~~~~[m[K
[8.755s] [01m[K/home/team/SoftwareDevelopment/ROS2/skinny/src/zed_tracking/src/zed_tracking_node.cpp:107:17:[m[K [01;31m[Kerror: [m[Kâ€˜[01m[Kzed_position_txt[m[Kâ€™ was not declared in this scope
[8.756s]                  [01;31m[Kzed_position_txt[m[K = "ZED  x: " + to_string(zed_pose.pose_data.tx) + "; y: " + to_string(zed_pose.pose_data.ty) + "; z: " + to_string(zed_pose.pose_data.tz);
[8.756s] 
[8.757s]                  [01;31m[K^~~~~~~~~~~~~~~~[m[K
[8.757s] [01m[K/home/team/SoftwareDevelopment/ROS2/skinny/src/zed_tracking/src/zed_tracking_node.cpp:107:17:[m[K [01;36m[Knote: [m[Ksuggested alternative: â€˜[01m[KzedPosition[m[Kâ€™
[8.758s]                  [01;36m[Kzed_position_txt[m[K = "ZED  x: " + to_string(zed_pose.pose_data.tx) + "; y: " + to_string(zed_pose.pose_data.ty) + "; z: " + to_string(zed_pose.pose_data.tz);
[8.758s] 
[8.758s]                  [01;36m[K^~~~~~~~~~~~~~~~[m[K
[8.759s]                  [32m[KzedPosition[m[K
[8.759s] [01m[K/home/team/SoftwareDevelopment/ROS2/skinny/src/zed_tracking/src/zed_tracking_node.cpp:107:49:[m[K [01;31m[Kerror: [m[Kâ€˜[01m[Kto_string[m[Kâ€™ was not declared in this scope
[8.760s]                  zed_position_txt = "ZED  x: " + [01;31m[Kto_string[m[K(zed_pose.pose_data.tx) + "; y: " + to_string(zed_pose.pose_data.ty) + "; z: " + to_string(zed_pose.pose_data.tz);
[8.760s] 
[8.761s]                                                  [01;31m[K^~~~~~~~~[m[K
[8.761s] [01m[K/home/team/SoftwareDevelopment/ROS2/skinny/src/zed_tracking/src/zed_tracking_node.cpp:107:49:[m[K [01;36m[Knote: [m[Ksuggested alternatives:
[8.762s] In file included from [01m[K/usr/include/c++/7/string:52:0[m[K,
[8.762s]                  from [01m[K/usr/include/c++/7/stdexcept:39[m[K,
[8.763s]                  from [01m[K/usr/include/c++/7/array:39[m[K,
[8.763s]                  from [01m[K/usr/include/c++/7/tuple:39[m[K,
[8.764s]                  from [01m[K/usr/include/c++/7/bits/unique_ptr.h:37[m[K,
[8.764s]                  from [01m[K/usr/include/c++/7/memory:80[m[K,
[8.765s]                  from [01m[K/opt/ros/eloquent/include/rclcpp/rclcpp.hpp:143[m[K,
[8.765s]                  from [01m[K/home/team/SoftwareDevelopment/ROS2/skinny/src/zed_tracking/src/zed_tracking_node.cpp:2[m[K:
[8.766s] [01m[K/usr/include/c++/7/bits/basic_string.h:6414:3:[m[K [01;36m[Knote: [m[K  â€˜[01m[Kstd::__cxx11::to_string[m[Kâ€™
[8.766s]    [01;36m[Kto_string[m[K(int __val)
[8.767s]    [01;36m[K^~~~~~~~~[m[K
[8.767s] [01m[K/usr/include/c++/7/bits/basic_string.h:6466:3:[m[K [01;36m[Knote: [m[K  â€˜[01m[Kstd::__cxx11::to_string[m[Kâ€™
[8.768s]    [01;36m[Kto_string[m[K(long double __val)
[8.768s]    [01;36m[K^~~~~~~~~[m[K
[8.769s] In file included from [01m[K/opt/ros/eloquent/include/rclcpp/parameter.hpp:25:0[m[K,
[8.769s]                  from [01m[K/opt/ros/eloquent/include/rclcpp/node_interfaces/node_parameters_interface.hpp:28[m[K,
[8.770s]                  from [01m[K/opt/ros/eloquent/include/rclcpp/node.hpp:51[m[K,
[8.770s]                  from [01m[K/opt/ros/eloquent/include/rclcpp/executors/single_threaded_executor.hpp:28[m[K,
[8.771s]                  from [01m[K/opt/ros/eloquent/include/rclcpp/executors.hpp:22[m[K,
[8.771s]                  from [01m[K/opt/ros/eloquent/include/rclcpp/rclcpp.hpp:145[m[K,
[8.772s]                  from [01m[K/home/team/SoftwareDevelopment/ROS2/skinny/src/zed_tracking/src/zed_tracking_node.cpp:2[m[K:
[8.772s] [01m[K/opt/ros/eloquent/include/rclcpp/parameter_value.hpp:341:1:[m[K [01;36m[Knote: [m[K  â€˜[01m[Krclcpp::to_string[m[Kâ€™
[8.773s]  [01;36m[Kto_string[m[K(const ParameterValue & type);
[8.773s]  [01;36m[K^~~~~~~~~[m[K
[8.774s] In file included from [01m[K/opt/ros/eloquent/include/rclcpp/executors/multi_threaded_executor.hpp:25:0[m[K,
[8.774s]                  from [01m[K/opt/ros/eloquent/include/rclcpp/executors.hpp:21[m[K,
[8.775s]                  from [01m[K/opt/ros/eloquent/include/rclcpp/rclcpp.hpp:145[m[K,
[8.775s]                  from [01m[K/home/team/SoftwareDevelopment/ROS2/skinny/src/zed_tracking/src/zed_tracking_node.cpp:2[m[K:
[8.776s] [01m[K/opt/ros/eloquent/include/rclcpp/executor.hpp:64:1:[m[K [01;36m[Knote: [m[K  â€˜[01m[Krclcpp::executor::to_string[m[Kâ€™
[8.777s]  [01;36m[Kto_string[m[K(const FutureReturnCode & future_return_code);
[8.777s]  [01;36m[K^~~~~~~~~[m[K
[8.778s] [01m[K/home/team/SoftwareDevelopment/ROS2/skinny/src/zed_tracking/src/zed_tracking_node.cpp:108:17:[m[K [01;31m[Kerror: [m[Kâ€˜[01m[Kzed_rotation_txt[m[Kâ€™ was not declared in this scope
[8.779s]                  [01;31m[Kzed_rotation_txt[m[K = "ZED  a: " + to_string(zed_pose.getOrientation().ox) + "; b: " + to_string(zed_pose.getOrientation().oy) + "; c: " + to_string(zed_pose.getOrientation().oz);
[8.779s] 
[8.780s]                  [01;31m[K^~~~~~~~~~~~~~~~[m[K
[8.780s] [01m[K/home/team/SoftwareDevelopment/ROS2/skinny/src/zed_tracking/src/zed_tracking_node.cpp:108:17:[m[K [01;36m[Knote: [m[Ksuggested alternative: â€˜[01m[KzedPosition[m[Kâ€™
[8.781s]                  [01;36m[Kzed_rotation_txt[m[K = "ZED  a: " + to_string(zed_pose.getOrientation().ox) + "; b: " + to_string(zed_pose.getOrientation().oy) + "; c: " + to_string(zed_pose.getOrientation().oz);
[8.782s] 
[8.783s]                  [01;36m[K^~~~~~~~~~~~~~~~[m[K
[8.783s]                  [32m[KzedPosition[m[K
[8.783s] [01m[K/home/team/SoftwareDevelopment/ROS2/skinny/src/zed_tracking/src/zed_tracking_node.cpp:110:4:[m[K [01;31m[Kerror: [m[Kâ€˜[01m[Kzed_position_txt[m[Kâ€™ was not declared in this scope
[8.784s]     [01;31m[Kzed_position_txt[m[K = "";
[8.784s] 
[8.785s]     [01;31m[K^~~~~~~~~~~~~~~~[m[K
[8.785s] [01m[K/home/team/SoftwareDevelopment/ROS2/skinny/src/zed_tracking/src/zed_tracking_node.cpp:110:4:[m[K [01;36m[Knote: [m[Ksuggested alternative: â€˜[01m[KzedPosition[m[Kâ€™
[8.786s]     [01;36m[Kzed_position_txt[m[K = "";
[8.786s] 
[8.787s]     [01;36m[K^~~~~~~~~~~~~~~~[m[K
[8.787s]     [32m[KzedPosition[m[K
[8.788s] [01m[K/home/team/SoftwareDevelopment/ROS2/skinny/src/zed_tracking/src/zed_tracking_node.cpp:111:4:[m[K [01;31m[Kerror: [m[Kâ€˜[01m[Kzed_rotation_txt[m[Kâ€™ was not declared in this scope
[8.788s]     [01;31m[Kzed_rotation_txt[m[K = "";
[8.788s] 
[8.789s]     [01;31m[K^~~~~~~~~~~~~~~~[m[K
[8.789s] [01m[K/home/team/SoftwareDevelopment/ROS2/skinny/src/zed_tracking/src/zed_tracking_node.cpp:111:4:[m[K [01;36m[Knote: [m[Ksuggested alternative: â€˜[01m[KzedPosition[m[Kâ€™
[8.790s]     [01;36m[Kzed_rotation_txt[m[K = "";
[8.790s] 
[8.791s]     [01;36m[K^~~~~~~~~~~~~~~~[m[K
[8.791s]     [32m[KzedPosition[m[K
[8.792s] [01m[K/home/team/SoftwareDevelopment/ROS2/skinny/src/zed_tracking/src/zed_tracking_node.cpp:117:17:[m[K [01;31m[Kerror: [m[Kâ€˜[01m[Kpose[m[Kâ€™ was not declared in this scope
[8.792s]                  [01;31m[Kpose[m[K.setTranslation(sl::float3(tvecs[0](0), tvecs[0](1), tvecs[0](2)));
[8.793s] 
[8.793s]                  [01;31m[K^~~~[m[K
[8.794s] [01m[K/home/team/SoftwareDevelopment/ROS2/skinny/src/zed_tracking/src/zed_tracking_node.cpp:117:17:[m[K [01;36m[Knote: [m[Ksuggested alternative: â€˜[01m[Kpause[m[Kâ€™
[8.794s]                  [01;36m[Kpose[m[K.setTranslation(sl::float3(tvecs[0](0), tvecs[0](1), tvecs[0](2)));
[8.795s] 
[8.795s]                  [01;36m[K^~~~[m[K
[8.795s]                  [32m[Kpause[m[K
[8.796s] [01m[K/home/team/SoftwareDevelopment/ROS2/skinny/src/zed_tracking/src/zed_tracking_node.cpp:126:17:[m[K [01;31m[Kerror: [m[Kâ€˜[01m[Karuco_position_txt[m[Kâ€™ was not declared in this scope
[8.796s]                  [01;31m[Karuco_position_txt[m[K = "Aruco x: " + to_string(pose.tx) + "; y: " + to_string(pose.ty) + "; z: " + to_string(pose.tz);
[8.797s] 
[8.797s]                  [01;31m[K^~~~~~~~~~~~~~~~~~[m[K
[8.811s] [01m[K/home/team/SoftwareDevelopment/ROS2/skinny/src/zed_tracking/src/zed_tracking_node.cpp:126:17:[m[K [01;36m[Knote: [m[Ksuggested alternative: â€˜[01m[Krcl_duration_t[m[Kâ€™
[8.811s]                  [01;36m[Karuco_position_txt[m[K = "Aruco x: " + to_string(pose.tx) + "; y: " + to_string(pose.ty) + "; z: " + to_string(pose.tz);
[8.812s] 
[8.812s]                  [01;36m[K^~~~~~~~~~~~~~~~~~[m[K
[8.813s]                  [32m[Krcl_duration_t[m[K
[8.813s] [01m[K/home/team/SoftwareDevelopment/ROS2/skinny/src/zed_tracking/src/zed_tracking_node.cpp:126:52:[m[K [01;31m[Kerror: [m[Kâ€˜[01m[Kto_string[m[Kâ€™ was not declared in this scope
[8.814s]                  aruco_position_txt = "Aruco x: " + [01;31m[Kto_string[m[K(pose.tx) + "; y: " + to_string(pose.ty) + "; z: " + to_string(pose.tz);
[8.814s] 
[8.815s]                                                     [01;31m[K^~~~~~~~~[m[K
[8.815s] [01m[K/home/team/SoftwareDevelopment/ROS2/skinny/src/zed_tracking/src/zed_tracking_node.cpp:126:52:[m[K [01;36m[Knote: [m[Ksuggested alternatives:
[8.816s] In file included from [01m[K/usr/include/c++/7/string:52:0[m[K,
[8.816s]                  from [01m[K/usr/include/c++/7/stdexcept:39[m[K,
[8.817s]                  from [01m[K/usr/include/c++/7/array:39[m[K,
[8.817s]                  from [01m[K/usr/include/c++/7/tuple:39[m[K,
[8.817s]                  from [01m[K/usr/include/c++/7/bits/unique_ptr.h:37[m[K,
[8.818s]                  from [01m[K/usr/include/c++/7/memory:80[m[K,
[8.818s]                  from [01m[K/opt/ros/eloquent/include/rclcpp/rclcpp.hpp:143[m[K,
[8.819s]                  from [01m[K/home/team/SoftwareDevelopment/ROS2/skinny/src/zed_tracking/src/zed_tracking_node.cpp:2[m[K:
[8.819s] [01m[K/usr/include/c++/7/bits/basic_string.h:6414:3:[m[K [01;36m[Knote: [m[K  â€˜[01m[Kstd::__cxx11::to_string[m[Kâ€™
[8.820s]    [01;36m[Kto_string[m[K(int __val)
[8.820s]    [01;36m[K^~~~~~~~~[m[K
[8.821s] [01m[K/usr/include/c++/7/bits/basic_string.h:6466:3:[m[K [01;36m[Knote: [m[K  â€˜[01m[Kstd::__cxx11::to_string[m[Kâ€™
[8.821s]    [01;36m[Kto_string[m[K(long double __val)
[8.822s]    [01;36m[K^~~~~~~~~[m[K
[8.823s] In file included from [01m[K/opt/ros/eloquent/include/rclcpp/parameter.hpp:25:0[m[K,
[8.823s]                  from [01m[K/opt/ros/eloquent/include/rclcpp/node_interfaces/node_parameters_interface.hpp:28[m[K,
[8.824s]                  from [01m[K/opt/ros/eloquent/include/rclcpp/node.hpp:51[m[K,
[8.824s]                  from [01m[K/opt/ros/eloquent/include/rclcpp/executors/single_threaded_executor.hpp:28[m[K,
[8.824s]                  from [01m[K/opt/ros/eloquent/include/rclcpp/executors.hpp:22[m[K,
[8.825s]                  from [01m[K/opt/ros/eloquent/include/rclcpp/rclcpp.hpp:145[m[K,
[8.825s]                  from [01m[K/home/team/SoftwareDevelopment/ROS2/skinny/src/zed_tracking/src/zed_tracking_node.cpp:2[m[K:
[8.826s] [01m[K/opt/ros/eloquent/include/rclcpp/parameter_value.hpp:341:1:[m[K [01;36m[Knote: [m[K  â€˜[01m[Krclcpp::to_string[m[Kâ€™
[8.826s]  [01;36m[Kto_string[m[K(const ParameterValue & type);
[8.827s]  [01;36m[K^~~~~~~~~[m[K
[8.827s] In file included from [01m[K/opt/ros/eloquent/include/rclcpp/executors/multi_threaded_executor.hpp:25:0[m[K,
[8.828s]                  from [01m[K/opt/ros/eloquent/include/rclcpp/executors.hpp:21[m[K,
[8.828s]                  from [01m[K/opt/ros/eloquent/include/rclcpp/rclcpp.hpp:145[m[K,
[8.829s]                  from [01m[K/home/team/SoftwareDevelopment/ROS2/skinny/src/zed_tracking/src/zed_tracking_node.cpp:2[m[K:
[8.829s] [01m[K/opt/ros/eloquent/include/rclcpp/executor.hpp:64:1:[m[K [01;36m[Knote: [m[K  â€˜[01m[Krclcpp::executor::to_string[m[Kâ€™
[8.830s]  [01;36m[Kto_string[m[K(const FutureReturnCode & future_return_code);
[8.831s]  [01;36m[K^~~~~~~~~[m[K
[8.831s] [01m[K/home/team/SoftwareDevelopment/ROS2/skinny/src/zed_tracking/src/zed_tracking_node.cpp:129:3:[m[K [01;31m[Kerror: [m[Kâ€˜[01m[Karuco_position_txt[m[Kâ€™ was not declared in this scope
[8.832s]    [01;31m[Karuco_position_txt[m[K = "";    
[8.832s] 
[8.832s]    [01;31m[K^~~~~~~~~~~~~~~~~~[m[K
[8.839s] [01m[K/home/team/SoftwareDevelopment/ROS2/skinny/src/zed_tracking/src/zed_tracking_node.cpp:129:3:[m[K [01;36m[Knote: [m[Ksuggested alternative: â€˜[01m[Krcl_duration_t[m[Kâ€™
[8.839s]    [01;36m[Karuco_position_txt[m[K = "";    
[8.840s] 
[8.840s]    [01;36m[K^~~~~~~~~~~~~~~~~~[m[K
[8.841s]    [32m[Krcl_duration_t[m[K
[8.880s] [01m[K/home/team/SoftwareDevelopment/ROS2/skinny/src/zed_tracking/src/zed_tracking_node.cpp:143:84:[m[K [01;31m[Kerror: [m[Kâ€˜[01m[Karuco_position_txt[m[Kâ€™ was not declared in this scope
[8.881s]       std::cout << "ZED: x:" << zedX << " y: " << zedY << " z:" << zedZ << "   " << [01;31m[Karuco_position_txt[m[K << std::endl;
[8.881s] 
[8.881s]                                                                                     [01;31m[K^~~~~~~~~~~~~~~~~~[m[K
[8.907s] [01m[K/home/team/SoftwareDevelopment/ROS2/skinny/src/zed_tracking/src/zed_tracking_node.cpp:143:84:[m[K [01;36m[Knote: [m[Ksuggested alternative: â€˜[01m[Krcl_duration_t[m[Kâ€™
[8.908s]       std::cout << "ZED: x:" << zedX << " y: " << zedY << " z:" << zedZ << "   " << [01;36m[Karuco_position_txt[m[K << std::endl;
[8.909s] 
[8.909s]                                                                                     [01;36m[K^~~~~~~~~~~~~~~~~~[m[K
[8.910s]                                                                                     [32m[Krcl_duration_t[m[K
[12.709s] CMakeFiles/zed_tracking_node.dir/build.make:86: recipe for target 'CMakeFiles/zed_tracking_node.dir/src/zed_tracking_node.cpp.o' failed
[12.710s] CMakeFiles/Makefile2:131: recipe for target 'CMakeFiles/zed_tracking_node.dir/all' failed
[12.710s] Makefile:140: recipe for target 'all' failed
[12.711s] make[2]: *** [CMakeFiles/zed_tracking_node.dir/src/zed_tracking_node.cpp.o] Error 1
[12.711s] make[1]: *** [CMakeFiles/zed_tracking_node.dir/all] Error 2
[12.712s] make: *** [all] Error 2
[12.722s] Invoked command in '/home/team/SoftwareDevelopment/ROS2/skinny/build/zed_tracking' returned '2': CMAKE_PREFIX_PATH=/home/team/SoftwareDevelopment/ROS2/skinny/install/messages:/home/team/SoftwareDevelopment/ROS2/skinny/install/talon:/home/team/SoftwareDevelopment/ROS2/skinny/install/power_distribution_panel:/home/team/SoftwareDevelopment/ROS2/skinny/install/logic:/home/team/SoftwareDevelopment/ROS2/skinny/install/communication:/home/team/SoftwareDevelopment/ROS2/skinny/install/excavation:/opt/ros/eloquent /usr/bin/cmake --build /home/team/SoftwareDevelopment/ROS2/skinny/build/zed_tracking -- -j4 -l4
