[0.116s] Invoking command in '/home/team/SoftwareDevelopment/ROS2/skinny/src/build/autonomy': CMAKE_PREFIX_PATH=${CMAKE_PREFIX_PATH}:/home/team/SoftwareDevelopment/ROS2/skinny/src/install/excavation:/opt/ros/eloquent /usr/bin/cmake --build /home/team/SoftwareDevelopment/ROS2/skinny/src/build/autonomy -- -j4 -l4
[1.681s] [ 50%] [32mBuilding CXX object CMakeFiles/autonomy_node.dir/src/autonomy_node.cpp.o[0m
[1.685s] CMakeFiles/autonomy_node.dir/build.make:62: recipe for target 'CMakeFiles/autonomy_node.dir/src/autonomy_node.cpp.o' failed
[1.686s] CMakeFiles/Makefile2:131: recipe for target 'CMakeFiles/autonomy_node.dir/all' failed
[1.687s] Makefile:140: recipe for target 'all' failed
[1.687s] [01m[K/home/team/SoftwareDevelopment/ROS2/skinny/src/autonomy/src/autonomy_node.cpp:1:10:[m[K [01;31m[Kfatal error: [m[Krclcpp/rclcpp.hpp: No such file or directory
[1.689s]  #include [01;31m[K<rclcpp/rclcpp.hpp>[m[K
[1.692s]           [01;31m[K^~~~~~~~~~~~~~~~~~~[m[K
[1.693s] compilation terminated.
[1.695s] make[2]: *** [CMakeFiles/autonomy_node.dir/src/autonomy_node.cpp.o] Error 1
[1.696s] make[1]: *** [CMakeFiles/autonomy_node.dir/all] Error 2
[1.701s] make: *** [all] Error 2
[1.705s] Invoked command in '/home/team/SoftwareDevelopment/ROS2/skinny/src/build/autonomy' returned '2': CMAKE_PREFIX_PATH=${CMAKE_PREFIX_PATH}:/home/team/SoftwareDevelopment/ROS2/skinny/src/install/excavation:/opt/ros/eloquent /usr/bin/cmake --build /home/team/SoftwareDevelopment/ROS2/skinny/src/build/autonomy -- -j4 -l4
