In file included from [01m[K/home/team/SoftwareDevelopment/ROS2/skinny/src/logic/src/logic_node.cpp:17:0[m[K:
[01m[K/home/team/SoftwareDevelopment/ROS2/skinny/src/logic/include/logic/Automation1.hpp:1:10:[m[K [01;31m[Kfatal error: [m[KAutomation.hpp: No such file or directory
 #include [01;31m[K<Automation.hpp>[m[K
          [01;31m[K^~~~~~~~~~~~~~~~[m[K
compilation terminated.
make[2]: *** [CMakeFiles/logic_node.dir/src/logic_node.cpp.o] Error 1
make[1]: *** [CMakeFiles/logic_node.dir/all] Error 2
make: *** [all] Error 2
