[01m[K/home/team/SoftwareDevelopment/ROS2/skinny/src/logic/src/logic_node.cpp:[m[K In function â€˜[01m[Kvoid joystickButtonCallback(messages::msg::ButtonState_<std::allocator<void> >::SharedPtr)[m[Kâ€™:
[01m[K/home/team/SoftwareDevelopment/ROS2/skinny/src/logic/src/logic_node.cpp:130:49:[m[K [01;31m[Kerror: [m[Kâ€˜[01m[KexavationAngle[m[Kâ€™ was not declared in this scope
             std::cout << "excavationAngle: " << [01;31m[KexavationAngle[m[K << std::endl;
                                                 [01;31m[K^~~~~~~~~~~~~~[m[K
[01m[K/home/team/SoftwareDevelopment/ROS2/skinny/src/logic/src/logic_node.cpp:130:49:[m[K [01;36m[Knote: [m[Ksuggested alternative: â€˜[01m[KexcavationAngle[m[Kâ€™
             std::cout << "excavationAngle: " << [01;36m[KexavationAngle[m[K << std::endl;
                                                 [01;36m[K^~~~~~~~~~~~~~[m[K
                                                 [32m[KexcavationAngle[m[K
[01m[K/home/team/SoftwareDevelopment/ROS2/skinny/src/logic/src/logic_node.cpp:131:13:[m[K [01;31m[Kerror: [m[Kâ€˜[01m[KexavationAnglePublisher[m[Kâ€™ was not declared in this scope
             [01;31m[KexcavationAnglePublishe[m[Kr->publish(angle);
             [01;31m[K^~~~~~~~~~~~~~~~~~~~~~~[m[K
[01m[K/home/team/SoftwareDevelopment/ROS2/skinny/src/logic/src/logic_node.cpp:131:13:[m[K [01;36m[Knote: [m[Ksuggested alternative: â€˜[01m[KexcavationAnglePublisher[m[Kâ€™
             [01;36m[KexcavationAnglePublishe[m[Kr->publish(angle);
             [01;36m[K^~~~~~~~~~~~~~~~~~~~~~~[m[K
             [32m[KexcavationAnglePublisher[m[K
[01m[K/home/team/SoftwareDevelopment/ROS2/skinny/src/logic/src/logic_node.cpp:[m[K In function â€˜[01m[Kint main(int, char**)[m[Kâ€™:
[01m[K/home/team/SoftwareDevelopment/ROS2/skinny/src/logic/src/logic_node.cpp:303:5:[m[K [01;31m[Kerror: [m[Kexpected â€˜[01m[K;[m[Kâ€™ before â€˜[01m[Krclcpp[m[Kâ€™
     [01;31m[Krclcpp[m[K::Rate rate(20);
     [01;31m[K^~~~~~[m[K
[01m[K/home/team/SoftwareDevelopment/ROS2/skinny/src/logic/src/logic_node.cpp:310:2:[m[K [01;31m[Kerror: [m[Kâ€˜[01m[Krate[m[Kâ€™ was not declared in this scope
  [01;31m[Krate[m[K.sleep();
  [01;31m[K^~~~[m[K
[01m[K/home/team/SoftwareDevelopment/ROS2/skinny/src/logic/src/logic_node.cpp:310:2:[m[K [01;36m[Knote: [m[Ksuggested alternative: â€˜[01m[Kraise[m[Kâ€™
  [01;36m[Krate[m[K.sleep();
  [01;36m[K^~~~[m[K
  [32m[Kraise[m[K
make[2]: *** [CMakeFiles/logic_node.dir/src/logic_node.cpp.o] Error 1
make[1]: *** [CMakeFiles/logic_node.dir/all] Error 2
make: *** [all] Error 2
