[0.123s] Invoking command in '/home/team/SoftwareDevelopment/ROS2/skinny/build/logic': CMAKE_PREFIX_PATH=/home/team/SoftwareDevelopment/ROS2/skinny/install/messages:/home/team/SoftwareDevelopment/ROS2/skinny/install/zed_tracking:/home/team/SoftwareDevelopment/ROS2/skinny/install/talon:/home/team/SoftwareDevelopment/ROS2/skinny/install/power_distribution_panel:/home/team/SoftwareDevelopment/ROS2/skinny/install/logic:/home/team/SoftwareDevelopment/ROS2/skinny/install/communication:/home/team/SoftwareDevelopment/ROS2/skinny/install/autonomy:/home/team/SoftwareDevelopment/ROS2/skinny/install/excavation:/opt/ros/eloquent /usr/bin/cmake --build /home/team/SoftwareDevelopment/ROS2/skinny/build/logic -- -j4 -l4
[0.329s] [35m[1mScanning dependencies of target logic_node[0m
[0.453s] [ 50%] [32mBuilding CXX object CMakeFiles/logic_node.dir/src/logic_node.cpp.o[0m
[4.702s] [01m[K/home/team/SoftwareDevelopment/ROS2/skinny/src/logic/src/logic_node.cpp:[m[K In function â€˜[01m[Kvoid joystickButtonCallback(messages::msg::ButtonState_<std::allocator<void> >::SharedPtr)[m[Kâ€™:
[4.703s] [01m[K/home/team/SoftwareDevelopment/ROS2/skinny/src/logic/src/logic_node.cpp:130:49:[m[K [01;31m[Kerror: [m[Kâ€˜[01m[KexavationAngle[m[Kâ€™ was not declared in this scope
[4.704s]              std::cout << "excavationAngle: " << [01;31m[KexavationAngle[m[K << std::endl;
[4.705s]                                                  [01;31m[K^~~~~~~~~~~~~~[m[K
[4.705s] [01m[K/home/team/SoftwareDevelopment/ROS2/skinny/src/logic/src/logic_node.cpp:130:49:[m[K [01;36m[Knote: [m[Ksuggested alternative: â€˜[01m[KexcavationAngle[m[Kâ€™
[4.706s]              std::cout << "excavationAngle: " << [01;36m[KexavationAngle[m[K << std::endl;
[4.707s]                                                  [01;36m[K^~~~~~~~~~~~~~[m[K
[4.707s]                                                  [32m[KexcavationAngle[m[K
[4.708s] [01m[K/home/team/SoftwareDevelopment/ROS2/skinny/src/logic/src/logic_node.cpp:131:13:[m[K [01;31m[Kerror: [m[Kâ€˜[01m[KexavationAnglePublisher[m[Kâ€™ was not declared in this scope
[4.709s]              [01;31m[KexcavationAnglePublishe[m[Kr->publish(angle);
[4.710s]              [01;31m[K^~~~~~~~~~~~~~~~~~~~~~~[m[K
[4.710s] [01m[K/home/team/SoftwareDevelopment/ROS2/skinny/src/logic/src/logic_node.cpp:131:13:[m[K [01;36m[Knote: [m[Ksuggested alternative: â€˜[01m[KexcavationAnglePublisher[m[Kâ€™
[4.711s]              [01;36m[KexcavationAnglePublishe[m[Kr->publish(angle);
[4.711s]              [01;36m[K^~~~~~~~~~~~~~~~~~~~~~~[m[K
[4.712s]              [32m[KexcavationAnglePublisher[m[K
[5.038s] [01m[K/home/team/SoftwareDevelopment/ROS2/skinny/src/logic/src/logic_node.cpp:[m[K In function â€˜[01m[Kint main(int, char**)[m[Kâ€™:
[5.038s] [01m[K/home/team/SoftwareDevelopment/ROS2/skinny/src/logic/src/logic_node.cpp:303:5:[m[K [01;31m[Kerror: [m[Kexpected â€˜[01m[K;[m[Kâ€™ before â€˜[01m[Krclcpp[m[Kâ€™
[5.039s]      [01;31m[Krclcpp[m[K::Rate rate(20);
[5.040s]      [01;31m[K^~~~~~[m[K
[5.046s] [01m[K/home/team/SoftwareDevelopment/ROS2/skinny/src/logic/src/logic_node.cpp:310:2:[m[K [01;31m[Kerror: [m[Kâ€˜[01m[Krate[m[Kâ€™ was not declared in this scope
[5.047s]   [01;31m[Krate[m[K.sleep();
[5.048s]   [01;31m[K^~~~[m[K
[5.049s] [01m[K/home/team/SoftwareDevelopment/ROS2/skinny/src/logic/src/logic_node.cpp:310:2:[m[K [01;36m[Knote: [m[Ksuggested alternative: â€˜[01m[Kraise[m[Kâ€™
[5.050s]   [01;36m[Krate[m[K.sleep();
[5.050s]   [01;36m[K^~~~[m[K
[5.051s]   [32m[Kraise[m[K
[14.675s] CMakeFiles/logic_node.dir/build.make:62: recipe for target 'CMakeFiles/logic_node.dir/src/logic_node.cpp.o' failed
[14.676s] make[2]: *** [CMakeFiles/logic_node.dir/src/logic_node.cpp.o] Error 1
[14.676s] CMakeFiles/Makefile2:131: recipe for target 'CMakeFiles/logic_node.dir/all' failed
[14.677s] make[1]: *** [CMakeFiles/logic_node.dir/all] Error 2
[14.677s] make: *** [all] Error 2
[14.678s] Makefile:140: recipe for target 'all' failed
[14.688s] Invoked command in '/home/team/SoftwareDevelopment/ROS2/skinny/build/logic' returned '2': CMAKE_PREFIX_PATH=/home/team/SoftwareDevelopment/ROS2/skinny/install/messages:/home/team/SoftwareDevelopment/ROS2/skinny/install/zed_tracking:/home/team/SoftwareDevelopment/ROS2/skinny/install/talon:/home/team/SoftwareDevelopment/ROS2/skinny/install/power_distribution_panel:/home/team/SoftwareDevelopment/ROS2/skinny/install/logic:/home/team/SoftwareDevelopment/ROS2/skinny/install/communication:/home/team/SoftwareDevelopment/ROS2/skinny/install/autonomy:/home/team/SoftwareDevelopment/ROS2/skinny/install/excavation:/opt/ros/eloquent /usr/bin/cmake --build /home/team/SoftwareDevelopment/ROS2/skinny/build/logic -- -j4 -l4
