[0.059s] Invoking command in '/home/team/SoftwareDevelopment/ROS2/skinny/build/power_distribution_panel': AMENT_PREFIX_PATH=/home/team/SoftwareDevelopment/ROS2/skinny/install/messages:${AMENT_PREFIX_PATH} CMAKE_PREFIX_PATH=/home/team/SoftwareDevelopment/ROS2/skinny/install/messages:${CMAKE_PREFIX_PATH} LD_LIBRARY_PATH=/home/team/SoftwareDevelopment/ROS2/skinny/install/messages/lib:${LD_LIBRARY_PATH} PYTHONPATH=/home/team/SoftwareDevelopment/ROS2/skinny/install/messages/lib/python3.8/site-packages:${PYTHONPATH} /usr/bin/cmake --build /home/team/SoftwareDevelopment/ROS2/skinny/build/power_distribution_panel -- -j4 -l4
[0.235s] [ 33%] [32mBuilding CXX object CMakeFiles/power_distribution_panel_node.dir/src/power_distribution_panel_node.cpp.o[0m
[0.237s] [ 66%] [32mBuilding CXX object CMakeFiles/power_distribution_panel_node.dir/src/PowerDistributionPanel.cpp.o[0m
[0.270s] [01m[K/home/team/SoftwareDevelopment/ROS2/skinny/src/power_distribution_panel/src/power_distribution_panel_node.cpp:1:10:[m[K [01;31m[Kfatal error: [m[Kros/ros.h: No such file or directory
[0.270s]     1 | #include [01;31m[K<ros/ros.h>[m[K
[0.271s]       |          [01;31m[K^~~~~~~~~~~[m[K
[0.271s] compilation terminated.
[0.272s] [01m[K/home/team/SoftwareDevelopment/ROS2/skinny/src/power_distribution_panel/src/PowerDistributionPanel.cpp:2:10:[m[K [01;31m[Kfatal error: [m[KPowerDistributionPanel.hpp: No such file or directory
[0.272s]     2 | #include [01;31m[K"PowerDistributionPanel.hpp"[m[K
[0.273s]       |          [01;31m[K^~~~~~~~~~~~~~~~~~~~~~~~~~~~[m[K
[0.273s] compilation terminated.
[0.276s] make[2]: *** [CMakeFiles/power_distribution_panel_node.dir/build.make:76: CMakeFiles/power_distribution_panel_node.dir/src/PowerDistributionPanel.cpp.o] Error 1
[0.277s] make[2]: *** Waiting for unfinished jobs....
[0.277s] make[2]: *** [CMakeFiles/power_distribution_panel_node.dir/build.make:63: CMakeFiles/power_distribution_panel_node.dir/src/power_distribution_panel_node.cpp.o] Error 1
[0.277s] make[1]: *** [CMakeFiles/Makefile2:78: CMakeFiles/power_distribution_panel_node.dir/all] Error 2
[0.278s] make: *** [Makefile:141: all] Error 2
[0.283s] Invoked command in '/home/team/SoftwareDevelopment/ROS2/skinny/build/power_distribution_panel' returned '2': AMENT_PREFIX_PATH=/home/team/SoftwareDevelopment/ROS2/skinny/install/messages:${AMENT_PREFIX_PATH} CMAKE_PREFIX_PATH=/home/team/SoftwareDevelopment/ROS2/skinny/install/messages:${CMAKE_PREFIX_PATH} LD_LIBRARY_PATH=/home/team/SoftwareDevelopment/ROS2/skinny/install/messages/lib:${LD_LIBRARY_PATH} PYTHONPATH=/home/team/SoftwareDevelopment/ROS2/skinny/install/messages/lib/python3.8/site-packages:${PYTHONPATH} /usr/bin/cmake --build /home/team/SoftwareDevelopment/ROS2/skinny/build/power_distribution_panel -- -j4 -l4
