[0.135s] Invoking command in '/home/team/SoftwareDevelopment/ROS2/skinny/build/talon': AMENT_PREFIX_PATH=/home/team/SoftwareDevelopment/ROS2/skinny/install/messages:${AMENT_PREFIX_PATH} CMAKE_PREFIX_PATH=/home/team/SoftwareDevelopment/ROS2/skinny/install/messages:${CMAKE_PREFIX_PATH} LD_LIBRARY_PATH=/home/team/SoftwareDevelopment/ROS2/skinny/install/messages/lib:${LD_LIBRARY_PATH} PYTHONPATH=/home/team/SoftwareDevelopment/ROS2/skinny/install/messages/lib/python3.8/site-packages:${PYTHONPATH} /usr/bin/cmake --build /home/team/SoftwareDevelopment/ROS2/skinny/build/talon -- -j4 -l4
[0.316s] [35m[1mScanning dependencies of target talon_node[0m
[0.448s] [ 50%] [32mBuilding CXX object CMakeFiles/talon_node.dir/src/talon_node.cpp.o[0m
[7.112s] [01m[K/home/team/SoftwareDevelopment/ROS2/skinny/src/talon/src/talon_node.cpp:[m[K In function â€˜[01m[Kvoid stopCallback(std_msgs::msg::Empty)[m[Kâ€™:
[7.114s] [01m[K/home/team/SoftwareDevelopment/ROS2/skinny/src/talon/src/talon_node.cpp:27:40:[m[K [01;35m[Kwarning: [m[Kunused parameter â€˜[01m[Kempty[m[Kâ€™ [[01;35m[K-Wunused-parameter[m[K]
[7.114s]    27 | void stopCallback([01;35m[Kstd_msgs::msg::Empty empty[m[K){
[7.115s]       |                   [01;35m[K~~~~~~~~~~~~~~~~~~~~~^~~~~[m[K
[7.115s] [01m[K/home/team/SoftwareDevelopment/ROS2/skinny/src/talon/src/talon_node.cpp:[m[K In function â€˜[01m[Kvoid goCallback(std_msgs::msg::Empty)[m[Kâ€™:
[7.116s] [01m[K/home/team/SoftwareDevelopment/ROS2/skinny/src/talon/src/talon_node.cpp:31:38:[m[K [01;35m[Kwarning: [m[Kunused parameter â€˜[01m[Kempty[m[Kâ€™ [[01;35m[K-Wunused-parameter[m[K]
[7.116s]    31 | void goCallback([01;35m[Kstd_msgs::msg::Empty empty[m[K){
[7.117s]       |                 [01;35m[K~~~~~~~~~~~~~~~~~~~~~^~~~~[m[K
[7.136s] [01m[K/home/team/SoftwareDevelopment/ROS2/skinny/src/talon/src/talon_node.cpp:[m[K In function â€˜[01m[Kint main(int, char**)[m[Kâ€™:
[7.136s] [01m[K/home/team/SoftwareDevelopment/ROS2/skinny/src/talon/src/talon_node.cpp:53:2:[m[K [01;31m[Kerror: [m[Kâ€˜[01m[KROS_INFO[m[Kâ€™ was not declared in this scope
[7.137s]    53 |  [01;31m[KROS_INFO[m[K("TALON");
[7.137s]       |  [01;31m[K^~~~~~~~[m[K
[7.321s] [01m[K/home/team/SoftwareDevelopment/ROS2/skinny/src/talon/src/talon_node.cpp:190:9:[m[K [01;35m[Kwarning: [m[Kunused variable â€˜[01m[KisInverted[m[Kâ€™ [[01;35m[K-Wunused-variable[m[K]
[7.321s]   190 |    bool [01;35m[KisInverted[m[K=talonSRX->GetInverted();
[7.322s]       |         [01;35m[K^~~~~~~~~~[m[K
[14.343s] make[2]: *** [CMakeFiles/talon_node.dir/build.make:63: CMakeFiles/talon_node.dir/src/talon_node.cpp.o] Error 1
[14.344s] make[1]: *** [CMakeFiles/Makefile2:78: CMakeFiles/talon_node.dir/all] Error 2
[14.345s] make: *** [Makefile:141: all] Error 2
[14.355s] Invoked command in '/home/team/SoftwareDevelopment/ROS2/skinny/build/talon' returned '2': AMENT_PREFIX_PATH=/home/team/SoftwareDevelopment/ROS2/skinny/install/messages:${AMENT_PREFIX_PATH} CMAKE_PREFIX_PATH=/home/team/SoftwareDevelopment/ROS2/skinny/install/messages:${CMAKE_PREFIX_PATH} LD_LIBRARY_PATH=/home/team/SoftwareDevelopment/ROS2/skinny/install/messages/lib:${LD_LIBRARY_PATH} PYTHONPATH=/home/team/SoftwareDevelopment/ROS2/skinny/install/messages/lib/python3.8/site-packages:${PYTHONPATH} /usr/bin/cmake --build /home/team/SoftwareDevelopment/ROS2/skinny/build/talon -- -j4 -l4
