[0.144s] Invoking command in '/home/team/SoftwareDevelopment/ROS2/skinny/src/build/autonomy': CMAKE_PREFIX_PATH=/home/team/SoftwareDevelopment/ROS2/skinny/src/install/messages:/home/team/SoftwareDevelopment/ROS2/skinny/src/install/zed_tracking:/home/team/SoftwareDevelopment/ROS2/skinny/src/install/talon:/home/team/SoftwareDevelopment/ROS2/skinny/src/install/power_distribution_panel:/home/team/SoftwareDevelopment/ROS2/skinny/src/install/logic:/home/team/SoftwareDevelopment/ROS2/skinny/src/install/communication:/home/team/SoftwareDevelopment/ROS2/skinny/src/install/autonomy:/home/team/SoftwareDevelopment/ROS2/skinny/src/install/excavation:/opt/ros/eloquent /usr/bin/cmake --build /home/team/SoftwareDevelopment/ROS2/skinny/src/build/autonomy -- -j4 -l4
[0.247s] -- Found ament_cmake: 0.8.3 (/opt/ros/eloquent/share/ament_cmake/cmake)
[0.385s] -- Using PYTHON_EXECUTABLE: /usr/bin/python3
[1.731s] -- Found ament_lint_auto: 0.8.2 (/opt/ros/eloquent/share/ament_lint_auto/cmake)
[2.087s] -- Configuring done
[2.102s] -- Generating done
[2.107s] -- Build files have been written to: /home/team/SoftwareDevelopment/ROS2/skinny/src/build/autonomy
[2.239s] [ 50%] [32mBuilding CXX object CMakeFiles/autonomy_node.dir/src/autonomy_node.cpp.o[0m
[2.266s] [01m[K/home/team/SoftwareDevelopment/ROS2/skinny/src/autonomy/src/autonomy_node.cpp:1:10:[m[K [01;31m[Kfatal error: [m[Krclcpp/rclcpp.hpp: No such file or directory
[2.267s]  #include [01;31m[K<rclcpp/rclcpp.hpp>[m[K
[2.268s]           [01;31m[K^~~~~~~~~~~~~~~~~~~[m[K
[2.268s] compilation terminated.
[2.270s] CMakeFiles/autonomy_node.dir/build.make:62: recipe for target 'CMakeFiles/autonomy_node.dir/src/autonomy_node.cpp.o' failed
[2.271s] CMakeFiles/Makefile2:131: recipe for target 'CMakeFiles/autonomy_node.dir/all' failed
[2.272s] make[2]: *** [CMakeFiles/autonomy_node.dir/src/autonomy_node.cpp.o] Error 1
[2.273s] make[1]: *** [CMakeFiles/autonomy_node.dir/all] Error 2
[2.273s] Makefile:140: recipe for target 'all' failed
[2.274s] make: *** [all] Error 2
[2.279s] Invoked command in '/home/team/SoftwareDevelopment/ROS2/skinny/src/build/autonomy' returned '2': CMAKE_PREFIX_PATH=/home/team/SoftwareDevelopment/ROS2/skinny/src/install/messages:/home/team/SoftwareDevelopment/ROS2/skinny/src/install/zed_tracking:/home/team/SoftwareDevelopment/ROS2/skinny/src/install/talon:/home/team/SoftwareDevelopment/ROS2/skinny/src/install/power_distribution_panel:/home/team/SoftwareDevelopment/ROS2/skinny/src/install/logic:/home/team/SoftwareDevelopment/ROS2/skinny/src/install/communication:/home/team/SoftwareDevelopment/ROS2/skinny/src/install/autonomy:/home/team/SoftwareDevelopment/ROS2/skinny/src/install/excavation:/opt/ros/eloquent /usr/bin/cmake --build /home/team/SoftwareDevelopment/ROS2/skinny/src/build/autonomy -- -j4 -l4
