[0.130s] Invoking command in '/home/team/SoftwareDevelopment/ROS2/skinny/build/logic': CMAKE_PREFIX_PATH=/home/team/SoftwareDevelopment/ROS2/skinny/install/messages:/home/team/SoftwareDevelopment/ROS2/skinny/install/zed_tracking:/home/team/SoftwareDevelopment/ROS2/skinny/install/talon:/home/team/SoftwareDevelopment/ROS2/skinny/install/power_distribution_panel:/home/team/SoftwareDevelopment/ROS2/skinny/install/logic:/home/team/SoftwareDevelopment/ROS2/skinny/install/communication:/home/team/SoftwareDevelopment/ROS2/skinny/install/autonomy:/home/team/SoftwareDevelopment/ROS2/skinny/install/excavation:/opt/ros/eloquent /usr/bin/cmake --build /home/team/SoftwareDevelopment/ROS2/skinny/build/logic -- -j4 -l4
[0.324s] [35m[1mScanning dependencies of target logic_node[0m
[0.434s] [ 50%] [32mBuilding CXX object CMakeFiles/logic_node.dir/src/logic_node.cpp.o[0m
[4.698s] [01m[K/home/team/SoftwareDevelopment/ROS2/skinny/src/logic/src/logic_node.cpp:[m[K In function â€˜[01m[Kvoid joystickButtonCallback(messages::msg::ButtonState_<std::allocator<void> >::SharedPtr)[m[Kâ€™:
[4.699s] [01m[K/home/team/SoftwareDevelopment/ROS2/skinny/src/logic/src/logic_node.cpp:118:23:[m[K [01;31m[Kerror: [m[Kâ€˜[01m[KFloat32[m[Kâ€™ is not a member of â€˜[01m[Kstd_msgs[m[Kâ€™
[4.699s]              std_msgs::[01;31m[KFloat32[m[K elevation;
[4.700s]                        [01;31m[K^~~~~~~[m[K
[4.701s] [01m[K/home/team/SoftwareDevelopment/ROS2/skinny/src/logic/src/logic_node.cpp:118:23:[m[K [01;36m[Knote: [m[Ksuggested alternative:
[4.701s] In file included from [01m[K/opt/ros/eloquent/include/std_msgs/msg/float32.hpp:7:0[m[K,
[4.702s]                  from [01m[K/home/team/SoftwareDevelopment/ROS2/skinny/src/logic/src/logic_node.cpp:5[m[K:
[4.702s] [01m[K/opt/ros/eloquent/include/std_msgs/msg/float32__struct.hpp:122:48:[m[K [01;36m[Knote: [m[K  â€˜[01m[Kstd_msgs::msg::Float32[m[Kâ€™
[4.703s]    std_msgs::msg::Float32_<std::allocator<void>>[01;36m[K;[m[K
[4.703s]                                                 [01;36m[K^[m[K
[4.704s] [01m[K/home/team/SoftwareDevelopment/ROS2/skinny/src/logic/src/logic_node.cpp:119:13:[m[K [01;31m[Kerror: [m[Kâ€˜[01m[Kelevation[m[Kâ€™ was not declared in this scope
[4.705s]              [01;31m[Kelevation[m[K.data = excavationElevation;
[4.705s]              [01;31m[K^~~~~~~~~[m[K
[4.706s] [01m[K/home/team/SoftwareDevelopment/ROS2/skinny/src/logic/src/logic_node.cpp:125:23:[m[K [01;31m[Kerror: [m[Kâ€˜[01m[KFloat32[m[Kâ€™ is not a member of â€˜[01m[Kstd_msgs[m[Kâ€™
[4.706s]              std_msgs::[01;31m[KFloat32[m[K elevation;
[4.707s]                        [01;31m[K^~~~~~~[m[K
[4.707s] [01m[K/home/team/SoftwareDevelopment/ROS2/skinny/src/logic/src/logic_node.cpp:125:23:[m[K [01;36m[Knote: [m[Ksuggested alternative:
[4.708s] In file included from [01m[K/opt/ros/eloquent/include/std_msgs/msg/float32.hpp:7:0[m[K,
[4.708s]                  from [01m[K/home/team/SoftwareDevelopment/ROS2/skinny/src/logic/src/logic_node.cpp:5[m[K:
[4.709s] [01m[K/opt/ros/eloquent/include/std_msgs/msg/float32__struct.hpp:122:48:[m[K [01;36m[Knote: [m[K  â€˜[01m[Kstd_msgs::msg::Float32[m[Kâ€™
[4.709s]    std_msgs::msg::Float32_<std::allocator<void>>[01;36m[K;[m[K
[4.710s]                                                 [01;36m[K^[m[K
[14.664s] make[2]: *** [CMakeFiles/logic_node.dir/src/logic_node.cpp.o] Error 1
[14.665s] CMakeFiles/logic_node.dir/build.make:62: recipe for target 'CMakeFiles/logic_node.dir/src/logic_node.cpp.o' failed
[14.668s] make[1]: *** [CMakeFiles/logic_node.dir/all] Error 2
[14.668s] CMakeFiles/Makefile2:131: recipe for target 'CMakeFiles/logic_node.dir/all' failed
[14.669s] make: *** [all] Error 2
[14.670s] Makefile:140: recipe for target 'all' failed
[14.681s] Invoked command in '/home/team/SoftwareDevelopment/ROS2/skinny/build/logic' returned '2': CMAKE_PREFIX_PATH=/home/team/SoftwareDevelopment/ROS2/skinny/install/messages:/home/team/SoftwareDevelopment/ROS2/skinny/install/zed_tracking:/home/team/SoftwareDevelopment/ROS2/skinny/install/talon:/home/team/SoftwareDevelopment/ROS2/skinny/install/power_distribution_panel:/home/team/SoftwareDevelopment/ROS2/skinny/install/logic:/home/team/SoftwareDevelopment/ROS2/skinny/install/communication:/home/team/SoftwareDevelopment/ROS2/skinny/install/autonomy:/home/team/SoftwareDevelopment/ROS2/skinny/install/excavation:/opt/ros/eloquent /usr/bin/cmake --build /home/team/SoftwareDevelopment/ROS2/skinny/build/logic -- -j4 -l4
