[0.114s] Invoking command in '/home/team/SoftwareDevelopment/ROS2/skinny/build/logic': CMAKE_PREFIX_PATH=/home/team/SoftwareDevelopment/ROS2/skinny/install/messages:/home/team/SoftwareDevelopment/ROS2/skinny/install/zed_tracking:/home/team/SoftwareDevelopment/ROS2/skinny/install/talon:/home/team/SoftwareDevelopment/ROS2/skinny/install/power_distribution_panel:/home/team/SoftwareDevelopment/ROS2/skinny/install/logic:/home/team/SoftwareDevelopment/ROS2/skinny/install/communication:/home/team/SoftwareDevelopment/ROS2/skinny/install/autonomy:/home/team/SoftwareDevelopment/ROS2/skinny/install/excavation:/opt/ros/eloquent /usr/bin/cmake --build /home/team/SoftwareDevelopment/ROS2/skinny/build/logic -- -j4 -l4
[0.312s] [35m[1mScanning dependencies of target logic_node[0m
[0.437s] [ 50%] [32mBuilding CXX object CMakeFiles/logic_node.dir/src/logic_node.cpp.o[0m
[4.688s] [01m[K/home/team/SoftwareDevelopment/ROS2/skinny/src/logic/src/logic_node.cpp:[m[K In function â€˜[01m[Kvoid joystickAxisCallback(messages::msg::AxisState_<std::allocator<void> >::SharedPtr)[m[Kâ€™:
[4.689s] [01m[K/home/team/SoftwareDevelopment/ROS2/skinny/src/logic/src/logic_node.cpp:85:37:[m[K [01;31m[Kerror: [m[Kexpected initializer before â€˜[01m[K.[m[Kâ€™ token
[4.689s]          std_msgs::msg::Float32 auger[01;31m[K.[m[Kdata = augerSpeed;
[4.690s]                                      [01;31m[K^[m[K
[4.691s] [01m[K/home/team/SoftwareDevelopment/ROS2/skinny/src/logic/src/logic_node.cpp:86:9:[m[K [01;31m[Kerror: [m[Kâ€˜[01m[KexavationAugerPublisher[m[Kâ€™ was not declared in this scope
[4.691s]          [01;31m[KexavationAugerPublisher[m[K->publish(auger);
[4.692s]          [01;31m[K^~~~~~~~~~~~~~~~~~~~~~~[m[K
[4.693s] [01m[K/home/team/SoftwareDevelopment/ROS2/skinny/src/logic/src/logic_node.cpp:86:9:[m[K [01;36m[Knote: [m[Ksuggested alternative: â€˜[01m[KexcavationAugerPublisher[m[Kâ€™
[4.693s]          [01;36m[KexavationAugerPublisher[m[K->publish(auger);
[4.694s]          [01;36m[K^~~~~~~~~~~~~~~~~~~~~~~[m[K
[4.695s]          [32m[KexcavationAugerPublisher[m[K
[4.695s] [01m[K/home/team/SoftwareDevelopment/ROS2/skinny/src/logic/src/logic_node.cpp:86:42:[m[K [01;31m[Kerror: [m[Kâ€˜[01m[Kauger[m[Kâ€™ was not declared in this scope
[4.696s]          exavationAugerPublisher->publish([01;31m[Kauger[m[K);
[4.696s]                                           [01;31m[K^~~~~[m[K
[4.697s] [01m[K/home/team/SoftwareDevelopment/ROS2/skinny/src/logic/src/logic_node.cpp:86:42:[m[K [01;36m[Knote: [m[Ksuggested alternative: â€˜[01m[Kassert[m[Kâ€™
[4.697s]          exavationAugerPublisher->publish([01;36m[Kauger[m[K);
[4.698s]                                           [01;36m[K^~~~~[m[K
[4.698s]                                           [32m[Kassert[m[K
[14.625s] make[2]: *** [CMakeFiles/logic_node.dir/src/logic_node.cpp.o] Error 1
[14.626s] CMakeFiles/logic_node.dir/build.make:62: recipe for target 'CMakeFiles/logic_node.dir/src/logic_node.cpp.o' failed
[14.627s] CMakeFiles/Makefile2:131: recipe for target 'CMakeFiles/logic_node.dir/all' failed
[14.628s] make[1]: *** [CMakeFiles/logic_node.dir/all] Error 2
[14.628s] make: *** [all] Error 2
[14.629s] Makefile:140: recipe for target 'all' failed
[14.639s] Invoked command in '/home/team/SoftwareDevelopment/ROS2/skinny/build/logic' returned '2': CMAKE_PREFIX_PATH=/home/team/SoftwareDevelopment/ROS2/skinny/install/messages:/home/team/SoftwareDevelopment/ROS2/skinny/install/zed_tracking:/home/team/SoftwareDevelopment/ROS2/skinny/install/talon:/home/team/SoftwareDevelopment/ROS2/skinny/install/power_distribution_panel:/home/team/SoftwareDevelopment/ROS2/skinny/install/logic:/home/team/SoftwareDevelopment/ROS2/skinny/install/communication:/home/team/SoftwareDevelopment/ROS2/skinny/install/autonomy:/home/team/SoftwareDevelopment/ROS2/skinny/install/excavation:/opt/ros/eloquent /usr/bin/cmake --build /home/team/SoftwareDevelopment/ROS2/skinny/build/logic -- -j4 -l4
