[0.053s] Invoking command in '/root/skinny/build/talon': AMENT_PREFIX_PATH=/root/skinny/install/messages:${AMENT_PREFIX_PATH} CMAKE_PREFIX_PATH=/root/skinny/install/messages:/opt/ros/foxy LD_LIBRARY_PATH=/root/skinny/install/messages/lib:${LD_LIBRARY_PATH} PYTHONPATH=/root/skinny/install/messages/lib/python3.8/site-packages:${PYTHONPATH} /usr/bin/cmake --build /root/skinny/build/talon -- -j4 -l4
[0.128s] [35m[1mScanning dependencies of target talon_node[0m
[0.227s] [ 50%] [32mBuilding CXX object CMakeFiles/talon_node.dir/src/talon_node.cpp.o[0m
[0.475s] [01m[K/root/skinny/src/talon/src/talon_node.cpp:32:10:[m[K [01;31m[Kfatal error: [m[Kctre/Phoenix.h: No such file or directory
[0.476s]    32 | #include [01;31m[K<ctre/Phoenix.h>[m[K
[0.476s]       |          [01;31m[K^~~~~~~~~~~~~~~~[m[K
[0.476s] compilation terminated.
[0.480s] make[2]: *** [CMakeFiles/talon_node.dir/build.make:63: CMakeFiles/talon_node.dir/src/talon_node.cpp.o] Error 1
[0.481s] make[1]: *** [CMakeFiles/Makefile2:78: CMakeFiles/talon_node.dir/all] Error 2
[0.481s] make: *** [Makefile:141: all] Error 2
[0.485s] Invoked command in '/root/skinny/build/talon' returned '2': AMENT_PREFIX_PATH=/root/skinny/install/messages:${AMENT_PREFIX_PATH} CMAKE_PREFIX_PATH=/root/skinny/install/messages:/opt/ros/foxy LD_LIBRARY_PATH=/root/skinny/install/messages/lib:${LD_LIBRARY_PATH} PYTHONPATH=/root/skinny/install/messages/lib/python3.8/site-packages:${PYTHONPATH} /usr/bin/cmake --build /root/skinny/build/talon -- -j4 -l4
