[35m[1mScanning dependencies of target communication_node[0m
[ 50%] [32mBuilding CXX object CMakeFiles/communication_node.dir/src/communication_node.cpp.o[0m
[01m[K/home/team/SoftwareDevelopment/ROS2/skinny/src/communication/src/communication_node.cpp:[m[K In function â€˜[01m[Kint main(int, char**)[m[Kâ€™:
[01m[K/home/team/SoftwareDevelopment/ROS2/skinny/src/communication/src/communication_node.cpp:455:3:[m[K [01;31m[Kerror: [m[Kâ€˜[01m[KaxisPublisher[m[Kâ€™ was not declared in this scope
   [01;31m[KaxisPublisher[m[K->publish(axisState);
   [01;31m[K^~~~~~~~~~~~~[m[K
[01m[K/home/team/SoftwareDevelopment/ROS2/skinny/src/communication/src/communication_node.cpp:455:3:[m[K [01;36m[Knote: [m[Ksuggested alternative: â€˜[01m[KgoPublisher[m[Kâ€™
   [01;36m[KaxisPublisher[m[K->publish(axisState);
   [01;36m[K^~~~~~~~~~~~~[m[K
   [32m[KgoPublisher[m[K
CMakeFiles/communication_node.dir/build.make:62: recipe for target 'CMakeFiles/communication_node.dir/src/communication_node.cpp.o' failed
make[2]: *** [CMakeFiles/communication_node.dir/src/communication_node.cpp.o] Error 1
CMakeFiles/Makefile2:131: recipe for target 'CMakeFiles/communication_node.dir/all' failed
make[1]: *** [CMakeFiles/communication_node.dir/all] Error 2
make: *** [all] Error 2
Makefile:140: recipe for target 'all' failed
