[0.172s] Invoking command in '/home/team/SoftwareDevelopment/ROS2/skinny/build/communication': CMAKE_PREFIX_PATH=/home/team/SoftwareDevelopment/ROS2/skinny/install/messages:/home/team/SoftwareDevelopment/ROS2/skinny/install/talon:/home/team/SoftwareDevelopment/ROS2/skinny/install/power_distribution_panel:/home/team/SoftwareDevelopment/ROS2/skinny/install/logic:/home/team/SoftwareDevelopment/ROS2/skinny/install/communication:/opt/ros/eloquent /usr/bin/cmake --build /home/team/SoftwareDevelopment/ROS2/skinny/build/communication -- -j4 -l4
[0.404s] [35m[1mScanning dependencies of target communication_node[0m
[0.592s] [ 50%] [32mBuilding CXX object CMakeFiles/communication_node.dir/src/communication_node.cpp.o[0m
[5.517s] [01m[K/home/team/SoftwareDevelopment/ROS2/skinny/src/communication/src/communication_node.cpp:[m[K In function â€˜[01m[Kint main(int, char**)[m[Kâ€™:
[5.517s] [01m[K/home/team/SoftwareDevelopment/ROS2/skinny/src/communication/src/communication_node.cpp:455:3:[m[K [01;31m[Kerror: [m[Kâ€˜[01m[KaxisPublisher[m[Kâ€™ was not declared in this scope
[5.518s]    [01;31m[KaxisPublisher[m[K->publish(axisState);
[5.518s]    [01;31m[K^~~~~~~~~~~~~[m[K
[5.523s] [01m[K/home/team/SoftwareDevelopment/ROS2/skinny/src/communication/src/communication_node.cpp:455:3:[m[K [01;36m[Knote: [m[Ksuggested alternative: â€˜[01m[KgoPublisher[m[Kâ€™
[5.523s]    [01;36m[KaxisPublisher[m[K->publish(axisState);
[5.524s]    [01;36m[K^~~~~~~~~~~~~[m[K
[5.525s]    [32m[KgoPublisher[m[K
[16.221s] CMakeFiles/communication_node.dir/build.make:62: recipe for target 'CMakeFiles/communication_node.dir/src/communication_node.cpp.o' failed
[16.222s] make[2]: *** [CMakeFiles/communication_node.dir/src/communication_node.cpp.o] Error 1
[16.222s] CMakeFiles/Makefile2:131: recipe for target 'CMakeFiles/communication_node.dir/all' failed
[16.223s] make[1]: *** [CMakeFiles/communication_node.dir/all] Error 2
[16.224s] make: *** [all] Error 2
[16.224s] Makefile:140: recipe for target 'all' failed
[16.230s] Invoked command in '/home/team/SoftwareDevelopment/ROS2/skinny/build/communication' returned '2': CMAKE_PREFIX_PATH=/home/team/SoftwareDevelopment/ROS2/skinny/install/messages:/home/team/SoftwareDevelopment/ROS2/skinny/install/talon:/home/team/SoftwareDevelopment/ROS2/skinny/install/power_distribution_panel:/home/team/SoftwareDevelopment/ROS2/skinny/install/logic:/home/team/SoftwareDevelopment/ROS2/skinny/install/communication:/opt/ros/eloquent /usr/bin/cmake --build /home/team/SoftwareDevelopment/ROS2/skinny/build/communication -- -j4 -l4
