[35m[1mScanning dependencies of target logic_node[0m
[ 50%] [32mBuilding CXX object CMakeFiles/logic_node.dir/src/logic_node.cpp.o[0m
[01m[K/home/team/SoftwareDevelopment/ROS2/skinny/src/logic/src/logic_node.cpp:[m[K In function â€˜[01m[Kvoid automate()[m[Kâ€™:
[01m[K/home/team/SoftwareDevelopment/ROS2/skinny/src/logic/src/logic_node.cpp:228:21:[m[K [01;31m[Kerror: [m[Kâ€˜[01m[Karccos[m[Kâ€™ was not declared in this scope
      double theta = [01;31m[Karccos[m[K((facingUnitX*directionX + facingUnitZ*directionZ)/(sqrt(position.x*position.x + position.y*position.y)))*180/M_PI;
                     [01;31m[K^~~~~~[m[K
[01m[K/home/team/SoftwareDevelopment/ROS2/skinny/src/logic/src/logic_node.cpp:228:21:[m[K [01;36m[Knote: [m[Ksuggested alternative: â€˜[01m[Kacos[m[Kâ€™
      double theta = [01;36m[Karccos[m[K((facingUnitX*directionX + facingUnitZ*directionZ)/(sqrt(position.x*position.x + position.y*position.y)))*180/M_PI;
                     [01;36m[K^~~~~~[m[K
                     [32m[Kacos[m[K
make[2]: *** [CMakeFiles/logic_node.dir/src/logic_node.cpp.o] Error 1
CMakeFiles/logic_node.dir/build.make:62: recipe for target 'CMakeFiles/logic_node.dir/src/logic_node.cpp.o' failed
make[1]: *** [CMakeFiles/logic_node.dir/all] Error 2
CMakeFiles/Makefile2:131: recipe for target 'CMakeFiles/logic_node.dir/all' failed
Makefile:140: recipe for target 'all' failed
make: *** [all] Error 2
