[0.080s] Invoking command in '/home/team/SoftwareDevelopment/ROS2/skinny/build/talon': AMENT_PREFIX_PATH=/home/team/SoftwareDevelopment/ROS2/skinny/install/messages:${AMENT_PREFIX_PATH} CMAKE_PREFIX_PATH=/home/team/SoftwareDevelopment/ROS2/skinny/install/messages:${CMAKE_PREFIX_PATH} LD_LIBRARY_PATH=/home/team/SoftwareDevelopment/ROS2/skinny/install/messages/lib:${LD_LIBRARY_PATH} PYTHONPATH=/home/team/SoftwareDevelopment/ROS2/skinny/install/messages/lib/python3.8/site-packages:${PYTHONPATH} /usr/bin/cmake --build /home/team/SoftwareDevelopment/ROS2/skinny/build/talon -- -j4 -l4
[0.231s] [35m[1mScanning dependencies of target talon_node[0m
[0.350s] [ 50%] [32mBuilding CXX object CMakeFiles/talon_node.dir/src/talon_node.cpp.o[0m
[5.850s] [01m[K/home/team/SoftwareDevelopment/ROS2/skinny/src/talon/src/talon_node.cpp:27:29:[m[K [01;31m[Kerror: [m[Kvariable or field â€˜[01m[KstopCallback[m[Kâ€™ declared void
[5.851s]    27 | void stopCallback(std_msgs::[01;31m[KEmpty[m[K empty){
[5.852s]       |                             [01;31m[K^~~~~[m[K
[5.852s] [01m[K/home/team/SoftwareDevelopment/ROS2/skinny/src/talon/src/talon_node.cpp:27:29:[m[K [01;31m[Kerror: [m[Kâ€˜[01m[KEmpty[m[Kâ€™ is not a member of â€˜[01m[Kstd_msgs[m[Kâ€™
[5.853s] [01m[K/home/team/SoftwareDevelopment/ROS2/skinny/src/talon/src/talon_node.cpp:27:29:[m[K [01;36m[Knote: [m[Ksuggested alternatives:
[5.854s] In file included from [01m[K/opt/ros/foxy/include/rclcpp/wait_result.hpp:25[m[K,
[5.854s]                  from [01m[K/opt/ros/foxy/include/rclcpp/wait_set_policies/sequential_synchronization.hpp:32[m[K,
[5.855s]                  from [01m[K/opt/ros/foxy/include/rclcpp/wait_set.hpp:26[m[K,
[5.855s]                  from [01m[K/opt/ros/foxy/include/rclcpp/rclcpp.hpp:157[m[K,
[5.856s]                  from [01m[K/home/team/SoftwareDevelopment/ROS2/skinny/src/talon/src/talon_node.cpp:7[m[K:
[5.856s] [01m[K/opt/ros/foxy/include/rclcpp/wait_result_kind.hpp:28:3:[m[K [01;36m[Knote: [m[K  â€˜[01m[Krclcpp::Empty[m[Kâ€™
[5.857s]    28 |   [01;36m[KEmpty[m[K,  //<! Kind used when trying to wait on an empty wait set.
[5.857s]       |   [01;36m[K^~~~~[m[K
[5.857s] In file included from [01m[K/opt/ros/foxy/include/std_msgs/msg/empty.hpp:7[m[K,
[5.858s]                  from [01m[K/home/team/SoftwareDevelopment/ROS2/skinny/src/talon/src/talon_node.cpp:11[m[K:
[5.858s] [01m[K/opt/ros/foxy/include/std_msgs/msg/detail/empty__struct.hpp:114:7:[m[K [01;36m[Knote: [m[K  â€˜[01m[Kstd_msgs::msg::Empty[m[Kâ€™
[5.858s]   114 | using [01;36m[KEmpty[m[K =
[5.859s]       |       [01;36m[K^~~~~[m[K
[5.859s] [01m[K/home/team/SoftwareDevelopment/ROS2/skinny/src/talon/src/talon_node.cpp:31:27:[m[K [01;31m[Kerror: [m[Kvariable or field â€˜[01m[KgoCallback[m[Kâ€™ declared void
[5.859s]    31 | void goCallback(std_msgs::[01;31m[KEmpty[m[K empty){
[5.860s]       |                           [01;31m[K^~~~~[m[K
[5.860s] [01m[K/home/team/SoftwareDevelopment/ROS2/skinny/src/talon/src/talon_node.cpp:31:27:[m[K [01;31m[Kerror: [m[Kâ€˜[01m[KEmpty[m[Kâ€™ is not a member of â€˜[01m[Kstd_msgs[m[Kâ€™
[5.861s] [01m[K/home/team/SoftwareDevelopment/ROS2/skinny/src/talon/src/talon_node.cpp:31:27:[m[K [01;36m[Knote: [m[Ksuggested alternatives:
[5.861s] In file included from [01m[K/opt/ros/foxy/include/rclcpp/wait_result.hpp:25[m[K,
[5.861s]                  from [01m[K/opt/ros/foxy/include/rclcpp/wait_set_policies/sequential_synchronization.hpp:32[m[K,
[5.862s]                  from [01m[K/opt/ros/foxy/include/rclcpp/wait_set.hpp:26[m[K,
[5.862s]                  from [01m[K/opt/ros/foxy/include/rclcpp/rclcpp.hpp:157[m[K,
[5.863s]                  from [01m[K/home/team/SoftwareDevelopment/ROS2/skinny/src/talon/src/talon_node.cpp:7[m[K:
[5.863s] [01m[K/opt/ros/foxy/include/rclcpp/wait_result_kind.hpp:28:3:[m[K [01;36m[Knote: [m[K  â€˜[01m[Krclcpp::Empty[m[Kâ€™
[5.863s]    28 |   [01;36m[KEmpty[m[K,  //<! Kind used when trying to wait on an empty wait set.
[5.864s]       |   [01;36m[K^~~~~[m[K
[5.864s] In file included from [01m[K/opt/ros/foxy/include/std_msgs/msg/empty.hpp:7[m[K,
[5.865s]                  from [01m[K/home/team/SoftwareDevelopment/ROS2/skinny/src/talon/src/talon_node.cpp:11[m[K:
[5.865s] [01m[K/opt/ros/foxy/include/std_msgs/msg/detail/empty__struct.hpp:114:7:[m[K [01;36m[Knote: [m[K  â€˜[01m[Kstd_msgs::msg::Empty[m[Kâ€™
[5.866s]   114 | using [01;36m[KEmpty[m[K =
[5.866s]       |       [01;36m[K^~~~~[m[K
[5.866s] [01m[K/home/team/SoftwareDevelopment/ROS2/skinny/src/talon/src/talon_node.cpp:40:36:[m[K [01;31m[Kerror: [m[Kâ€˜[01m[KFloat32[m[Kâ€™ in namespace â€˜[01m[Kstd_msgs[m[Kâ€™ does not name a type
[5.867s]    40 | void speedCallback(const std_msgs::[01;31m[KFloat32[m[K speed){
[5.867s]       |                                    [01;31m[K^~~~~~~[m[K
[5.867s] [01m[K/home/team/SoftwareDevelopment/ROS2/skinny/src/talon/src/talon_node.cpp:[m[K In function â€˜[01m[Kvoid speedCallback(int)[m[Kâ€™:
[5.868s] [01m[K/home/team/SoftwareDevelopment/ROS2/skinny/src/talon/src/talon_node.cpp:41:42:[m[K [01;31m[Kerror: [m[Krequest for member â€˜[01m[Kdata[m[Kâ€™ in â€˜[01m[Kspeed[m[Kâ€™, which is of non-class type â€˜[01m[Kconst int[m[Kâ€™
[5.868s]    41 |  std::cout << "---------->>>  " << speed.[01;31m[Kdata[m[K << std::endl;
[5.868s]       |                                          [01;31m[K^~~~[m[K
[5.869s] [01m[K/home/team/SoftwareDevelopment/ROS2/skinny/src/talon/src/talon_node.cpp:44:57:[m[K [01;31m[Kerror: [m[Krequest for member â€˜[01m[Kdata[m[Kâ€™ in â€˜[01m[Kspeed[m[Kâ€™, which is of non-class type â€˜[01m[Kconst int[m[Kâ€™
[5.869s]    44 |          talonSRX->Set(ControlMode::Velocity, int(speed.[01;31m[Kdata[m[K*velocityMultiplier));
[5.869s]       |                                                         [01;31m[K^~~~[m[K
[5.870s] [01m[K/home/team/SoftwareDevelopment/ROS2/skinny/src/talon/src/talon_node.cpp:47:58:[m[K [01;31m[Kerror: [m[Krequest for member â€˜[01m[Kdata[m[Kâ€™ in â€˜[01m[Kspeed[m[Kâ€™, which is of non-class type â€˜[01m[Kconst int[m[Kâ€™
[5.870s]    47 |          talonSRX->Set(ControlMode::PercentOutput, speed.[01;31m[Kdata[m[K);
[5.870s]       |                                                          [01;31m[K^~~~[m[K
[5.871s] [01m[K/home/team/SoftwareDevelopment/ROS2/skinny/src/talon/src/talon_node.cpp:[m[K In function â€˜[01m[Kint main(int, char**)[m[Kâ€™:
[5.871s] [01m[K/home/team/SoftwareDevelopment/ROS2/skinny/src/talon/src/talon_node.cpp:54:2:[m[K [01;31m[Kerror: [m[Kâ€˜[01m[Kros[m[Kâ€™ has not been declared
[5.871s]    54 |  [01;31m[Kros[m[K::init(argc,argv,"talon_node");
[5.872s]       |  [01;31m[K^~~[m[K
[5.872s] [01m[K/home/team/SoftwareDevelopment/ROS2/skinny/src/talon/src/talon_node.cpp:55:2:[m[K [01;31m[Kerror: [m[Kâ€˜[01m[Kros[m[Kâ€™ has not been declared
[5.872s]    55 |  [01;31m[Kros[m[K::NodeHandle nodeHandleP("~");
[5.873s]       |  [01;31m[K^~~[m[K
[5.873s] [01m[K/home/team/SoftwareDevelopment/ROS2/skinny/src/talon/src/talon_node.cpp:56:2:[m[K [01;31m[Kerror: [m[Kâ€˜[01m[Kros[m[Kâ€™ has not been declared
[5.873s]    56 |  [01;31m[Kros[m[K::NodeHandle nodeHandle;
[5.874s]       |  [01;31m[K^~~[m[K
[5.874s] [01m[K/home/team/SoftwareDevelopment/ROS2/skinny/src/talon/src/talon_node.cpp:61:17:[m[K [01;31m[Kerror: [m[Kâ€˜[01m[KnodeHandleP[m[Kâ€™ was not declared in this scope
[5.874s]    61 |         success=[01;31m[KnodeHandleP[m[K.getParam("message", message);
[5.875s]       |                 [01;31m[K^~~~~~~~~~~[m[K
[5.883s] [01m[K/home/team/SoftwareDevelopment/ROS2/skinny/src/talon/src/talon_node.cpp:138:12:[m[K [01;31m[Kerror: [m[Kâ€˜[01m[KTalonOut[m[Kâ€™ is not a member of â€˜[01m[Kmessages[m[Kâ€™; did you mean â€˜[01m[Kmessages::msg::TalonOut[m[Kâ€™?
[5.884s]   138 |  messages::[01;31m[KTalonOut[m[K talonOut;
[5.884s]       |            [01;31m[K^~~~~~~~[m[K
[5.885s] In file included from [01m[K/home/team/SoftwareDevelopment/ROS2/skinny/install/messages/include/messages/msg/talon_out.hpp:7[m[K,
[5.885s]                  from [01m[K/home/team/SoftwareDevelopment/ROS2/skinny/src/talon/src/talon_node.cpp:18[m[K:
[5.886s] [01m[K/home/team/SoftwareDevelopment/ROS2/skinny/install/messages/include/messages/msg/detail/talon_out__struct.hpp:261:7:[m[K [01;36m[Knote: [m[Kâ€˜[01m[Kmessages::msg::TalonOut[m[Kâ€™ declared here
[5.886s]   261 | using [01;36m[KTalonOut[m[K =
[5.886s]       |       [01;36m[K^~~~~~~~[m[K
[5.887s] [01m[K/home/team/SoftwareDevelopment/ROS2/skinny/src/talon/src/talon_node.cpp:139:2:[m[K [01;31m[Kerror: [m[Kâ€˜[01m[Kros[m[Kâ€™ has not been declared
[5.887s]   139 |  [01;31m[Kros[m[K::Publisher talonOutPublisher=nodeHandle.advertise<messages::TalonOut>(infoTopic.c_str(),1);
[5.887s]       |  [01;31m[K^~~[m[K
[5.887s] [01m[K/home/team/SoftwareDevelopment/ROS2/skinny/src/talon/src/talon_node.cpp:140:2:[m[K [01;31m[Kerror: [m[Kâ€˜[01m[Kros[m[Kâ€™ has not been declared
[5.888s]   140 |  [01;31m[Kros[m[K::Subscriber speedSubscriber=nodeHandle.subscribe(speedTopic.c_str(),1,speedCallback);
[5.888s]       |  [01;31m[K^~~[m[K
[5.889s] [01m[K/home/team/SoftwareDevelopment/ROS2/skinny/src/talon/src/talon_node.cpp:142:2:[m[K [01;31m[Kerror: [m[Kâ€˜[01m[Kros[m[Kâ€™ has not been declared
[5.889s]   142 |  [01;31m[Kros[m[K::Subscriber stopSubscriber=nodeHandle.subscribe("STOP",1,stopCallback);
[5.889s]       |  [01;31m[K^~~[m[K
[5.890s] [01m[K/home/team/SoftwareDevelopment/ROS2/skinny/src/talon/src/talon_node.cpp:143:2:[m[K [01;31m[Kerror: [m[Kâ€˜[01m[Kros[m[Kâ€™ has not been declared
[5.890s]   143 |  [01;31m[Kros[m[K::Subscriber goSubscriber=nodeHandle.subscribe("GO",1,goCallback);
[5.890s]       |  [01;31m[K^~~[m[K
[5.891s] [01m[K/home/team/SoftwareDevelopment/ROS2/skinny/src/talon/src/talon_node.cpp:147:15:[m[K [01;31m[Kerror: [m[Kâ€˜[01m[Kros[m[Kâ€™ has not been declared
[5.891s]   147 |         while([01;31m[Kros[m[K::ok()){
[5.891s]       |               [01;31m[K^~~[m[K
[5.895s] [01m[K/home/team/SoftwareDevelopment/ROS2/skinny/src/talon/src/talon_node.cpp:165:4:[m[K [01;31m[Kerror: [m[Kâ€˜[01m[KtalonOut[m[Kâ€™ was not declared in this scope
[5.895s]   165 |    [01;31m[KtalonOut[m[K.deviceID=deviceID;
[5.896s]       |    [01;31m[K^~~~~~~~[m[K
[5.905s] [01m[K/home/team/SoftwareDevelopment/ROS2/skinny/src/talon/src/talon_node.cpp:177:4:[m[K [01;31m[Kerror: [m[Kâ€˜[01m[KtalonOutPublisher[m[Kâ€™ was not declared in this scope
[5.905s]   177 |    [01;31m[KtalonOutPublisher[m[K.publish(talonOut);
[5.905s]       |    [01;31m[K^~~~~~~~~~~~~~~~~[m[K
[5.906s] [01m[K/home/team/SoftwareDevelopment/ROS2/skinny/src/talon/src/talon_node.cpp:155:9:[m[K [01;35m[Kwarning: [m[Kunused variable â€˜[01m[KisInverted[m[Kâ€™ [[01;35m[K-Wunused-variable[m[K]
[5.906s]   155 |    bool [01;35m[KisInverted[m[K=talonSRX->GetInverted();
[5.907s]       |         [01;35m[K^~~~~~~~~~[m[K
[5.909s] [01m[K/home/team/SoftwareDevelopment/ROS2/skinny/src/talon/src/talon_node.cpp:217:3:[m[K [01;31m[Kerror: [m[Kâ€˜[01m[Kros[m[Kâ€™ has not been declared
[5.910s]   217 |   [01;31m[Kros[m[K::spinOnce();
[5.910s]       |   [01;31m[K^~~[m[K
[5.910s] [01m[K/home/team/SoftwareDevelopment/ROS2/skinny/src/talon/src/talon_node.cpp:113:6:[m[K [01;35m[Kwarning: [m[Kunused variable â€˜[01m[KkSlotIdx[m[Kâ€™ [[01;35m[K-Wunused-variable[m[K]
[5.911s]   113 |  int [01;35m[KkSlotIdx[m[K=0;
[5.911s]       |      [01;35m[K^~~~~~~~[m[K
[5.912s] [01m[K/home/team/SoftwareDevelopment/ROS2/skinny/src/talon/src/talon_node.cpp:136:14:[m[K [01;35m[Kwarning: [m[Kunused variable â€˜[01m[KstatusFrame[m[Kâ€™ [[01;35m[K-Wunused-variable[m[K]
[5.912s]   136 |  StatusFrame [01;35m[KstatusFrame[m[K;
[5.912s]       |              [01;35m[K^~~~~~~~~~~[m[K
[7.379s] make[2]: *** [CMakeFiles/talon_node.dir/build.make:63: CMakeFiles/talon_node.dir/src/talon_node.cpp.o] Error 1
[7.380s] make[1]: *** [CMakeFiles/Makefile2:78: CMakeFiles/talon_node.dir/all] Error 2
[7.380s] make: *** [Makefile:141: all] Error 2
[7.392s] Invoked command in '/home/team/SoftwareDevelopment/ROS2/skinny/build/talon' returned '2': AMENT_PREFIX_PATH=/home/team/SoftwareDevelopment/ROS2/skinny/install/messages:${AMENT_PREFIX_PATH} CMAKE_PREFIX_PATH=/home/team/SoftwareDevelopment/ROS2/skinny/install/messages:${CMAKE_PREFIX_PATH} LD_LIBRARY_PATH=/home/team/SoftwareDevelopment/ROS2/skinny/install/messages/lib:${LD_LIBRARY_PATH} PYTHONPATH=/home/team/SoftwareDevelopment/ROS2/skinny/install/messages/lib/python3.8/site-packages:${PYTHONPATH} /usr/bin/cmake --build /home/team/SoftwareDevelopment/ROS2/skinny/build/talon -- -j4 -l4
