[0.128s] Invoking command in '/home/team/SoftwareDevelopment/ROS2/skinny/build/logic': CMAKE_PREFIX_PATH=/home/team/SoftwareDevelopment/ROS2/skinny/install/messages:/home/team/SoftwareDevelopment/ROS2/skinny/install/zed_tracking:/home/team/SoftwareDevelopment/ROS2/skinny/install/talon:/home/team/SoftwareDevelopment/ROS2/skinny/install/power_distribution_panel:/home/team/SoftwareDevelopment/ROS2/skinny/install/logic:/home/team/SoftwareDevelopment/ROS2/skinny/install/communication:/home/team/SoftwareDevelopment/ROS2/skinny/install/autonomy:/home/team/SoftwareDevelopment/ROS2/skinny/install/excavation:/opt/ros/eloquent /usr/bin/cmake --build /home/team/SoftwareDevelopment/ROS2/skinny/build/logic -- -j4 -l4
[0.356s] [35m[1mScanning dependencies of target logic_node[0m
[0.484s] [ 50%] [32mBuilding CXX object CMakeFiles/logic_node.dir/src/logic_node.cpp.o[0m
[4.930s] [01m[K/home/team/SoftwareDevelopment/ROS2/skinny/src/logic/src/logic_node.cpp:[m[K In function â€˜[01m[Kvoid automate()[m[Kâ€™:
[4.932s] [01m[K/home/team/SoftwareDevelopment/ROS2/skinny/src/logic/src/logic_node.cpp:215:24:[m[K [01;31m[Kerror: [m[Kâ€˜[01m[Kstruct Quaternion[m[Kâ€™ has no member named â€˜[01m[Kox[m[Kâ€™; did you mean â€˜[01m[Kx[m[Kâ€™?
[4.933s]              quaternion.[01;31m[Kox[m[K=position.ox;
[4.933s]                         [01;31m[K^~[m[K
[4.934s]                         [32m[Kx[m[K
[4.935s] [01m[K/home/team/SoftwareDevelopment/ROS2/skinny/src/logic/src/logic_node.cpp:216:24:[m[K [01;31m[Kerror: [m[Kâ€˜[01m[Kstruct Quaternion[m[Kâ€™ has no member named â€˜[01m[Koy[m[Kâ€™; did you mean â€˜[01m[Ky[m[Kâ€™?
[4.935s]              quaternion.[01;31m[Koy[m[K=position.oy;
[4.936s]                         [01;31m[K^~[m[K
[4.936s]                         [32m[Ky[m[K
[4.937s] [01m[K/home/team/SoftwareDevelopment/ROS2/skinny/src/logic/src/logic_node.cpp:217:24:[m[K [01;31m[Kerror: [m[Kâ€˜[01m[Kstruct Quaternion[m[Kâ€™ has no member named â€˜[01m[Koz[m[Kâ€™; did you mean â€˜[01m[Kz[m[Kâ€™?
[4.937s]              quaternion.[01;31m[Koz[m[K=position.oz;
[4.938s]                         [01;31m[K^~[m[K
[4.938s]                         [32m[Kz[m[K
[4.939s] [01m[K/home/team/SoftwareDevelopment/ROS2/skinny/src/logic/src/logic_node.cpp:218:24:[m[K [01;31m[Kerror: [m[Kâ€˜[01m[Kstruct Quaternion[m[Kâ€™ has no member named â€˜[01m[Kow[m[Kâ€™; did you mean â€˜[01m[Kw[m[Kâ€™?
[4.940s]              quaternion.[01;31m[Kow[m[K=position.ow;
[4.940s]                         [01;31m[K^~[m[K
[4.941s]                         [32m[Kw[m[K
[4.941s] In file included from [01m[K/opt/ros/eloquent/include/rclcpp/service.hpp:33:0[m[K,
[4.942s]                  from [01m[K/opt/ros/eloquent/include/rclcpp/callback_group.hpp:25[m[K,
[4.942s]                  from [01m[K/opt/ros/eloquent/include/rclcpp/any_executable.hpp:20[m[K,
[4.943s]                  from [01m[K/opt/ros/eloquent/include/rclcpp/memory_strategy.hpp:24[m[K,
[4.943s]                  from [01m[K/opt/ros/eloquent/include/rclcpp/memory_strategies.hpp:18[m[K,
[4.944s]                  from [01m[K/opt/ros/eloquent/include/rclcpp/executor.hpp:33[m[K,
[4.944s]                  from [01m[K/opt/ros/eloquent/include/rclcpp/executors/multi_threaded_executor.hpp:25[m[K,
[4.945s]                  from [01m[K/opt/ros/eloquent/include/rclcpp/executors.hpp:21[m[K,
[4.946s]                  from [01m[K/opt/ros/eloquent/include/rclcpp/rclcpp.hpp:145[m[K,
[4.946s]                  from [01m[K/home/team/SoftwareDevelopment/ROS2/skinny/src/logic/src/logic_node.cpp:3[m[K:
[4.947s] [01m[K/opt/ros/eloquent/include/rclcpp/logging.hpp:536:5:[m[K [01;31m[Kerror: [m[Kstatic assertion failed: First argument to logging macros must be an rclcpp::Logger
[4.947s]      [01;31m[Ks[m[Ktatic_assert( \
[4.948s]      [01;31m[K^[m[K
[4.948s] [01m[K/home/team/SoftwareDevelopment/ROS2/skinny/src/logic/src/logic_node.cpp:220:13:[m[K [01;36m[Knote: [m[Kin expansion of macro â€˜[01m[KRCLCPP_INFO[m[Kâ€™
[4.949s]              [01;36m[KRCLCPP_INFO[m[K(nodeHandle,"%f %f %f ",eulerAngles.roll,eulerAngles.pitch,eulerAngles.yaw);
[4.949s]              [01;36m[K^~~~~~~~~~~[m[K
[4.950s] In file included from [01m[K/opt/ros/eloquent/include/rclcpp/client.hpp:39:0[m[K,
[4.950s]                  from [01m[K/opt/ros/eloquent/include/rclcpp/callback_group.hpp:23[m[K,
[4.951s]                  from [01m[K/opt/ros/eloquent/include/rclcpp/any_executable.hpp:20[m[K,
[4.952s]                  from [01m[K/opt/ros/eloquent/include/rclcpp/memory_strategy.hpp:24[m[K,
[4.952s]                  from [01m[K/opt/ros/eloquent/include/rclcpp/memory_strategies.hpp:18[m[K,
[4.953s]                  from [01m[K/opt/ros/eloquent/include/rclcpp/executor.hpp:33[m[K,
[4.953s]                  from [01m[K/opt/ros/eloquent/include/rclcpp/executors/multi_threaded_executor.hpp:25[m[K,
[4.954s]                  from [01m[K/opt/ros/eloquent/include/rclcpp/executors.hpp:21[m[K,
[4.954s]                  from [01m[K/opt/ros/eloquent/include/rclcpp/rclcpp.hpp:145[m[K,
[4.955s]                  from [01m[K/home/team/SoftwareDevelopment/ROS2/skinny/src/logic/src/logic_node.cpp:3[m[K:
[4.955s] [01m[K/opt/ros/eloquent/include/rclcpp/logging.hpp:542:14:[m[K [01;31m[Kerror: [m[Kâ€˜[01m[Kusing SharedPtr = class std::shared_ptr<rclcpp::Node> {aka class std::shared_ptr<rclcpp::Node>}[m[Kâ€™ has no member named â€˜[01m[Kget_name[m[Kâ€™
[4.956s]        logger.[01;31m[Kg[m[Ket_name(), \
[4.956s]               [01;31m[K^[m[K
[4.957s] [01m[K/opt/ros/eloquent/include/rcutils/logging_macros.h:70:47:[m[K [01;36m[Knote: [m[Kin definition of macro â€˜[01m[KRCUTILS_LOG_COND_NAMED[m[Kâ€™
[4.958s]      if (rcutils_logging_logger_is_enabled_for([01;36m[Kname[m[K, severity)) { \
[4.958s]                                                [01;36m[K^~~~[m[K
[4.959s] [01m[K/opt/ros/eloquent/include/rclcpp/logging.hpp:541:5:[m[K [01;36m[Knote: [m[Kin expansion of macro â€˜[01m[KRCUTILS_LOG_INFO_NAMED[m[Kâ€™
[4.959s]      [01;36m[KRCUTILS_LOG_INFO_NAMED[m[K( \
[4.960s]      [01;36m[K^~~~~~~~~~~~~~~~~~~~~~[m[K
[4.960s] [01m[K/home/team/SoftwareDevelopment/ROS2/skinny/src/logic/src/logic_node.cpp:220:13:[m[K [01;36m[Knote: [m[Kin expansion of macro â€˜[01m[KRCLCPP_INFO[m[Kâ€™
[4.961s]              [01;36m[KRCLCPP_INFO[m[K(nodeHandle,"%f %f %f ",eulerAngles.roll,eulerAngles.pitch,eulerAngles.yaw);
[4.961s]              [01;36m[K^~~~~~~~~~~[m[K
[4.962s] [01m[K/opt/ros/eloquent/include/rclcpp/logging.hpp:542:14:[m[K [01;31m[Kerror: [m[Kâ€˜[01m[Kusing SharedPtr = class std::shared_ptr<rclcpp::Node> {aka class std::shared_ptr<rclcpp::Node>}[m[Kâ€™ has no member named â€˜[01m[Kget_name[m[Kâ€™
[4.962s]        logger.[01;31m[Kg[m[Ket_name(), \
[4.963s]               [01;31m[K^[m[K
[4.964s] [01m[K/opt/ros/eloquent/include/rcutils/logging_macros.h:72:58:[m[K [01;36m[Knote: [m[Kin definition of macro â€˜[01m[KRCUTILS_LOG_COND_NAMED[m[Kâ€™
[4.964s]        rcutils_log(&__rcutils_logging_location, severity, [01;36m[Kname[m[K, __VA_ARGS__); \
[4.965s]                                                           [01;36m[K^~~~[m[K
[4.965s] [01m[K/opt/ros/eloquent/include/rclcpp/logging.hpp:541:5:[m[K [01;36m[Knote: [m[Kin expansion of macro â€˜[01m[KRCUTILS_LOG_INFO_NAMED[m[Kâ€™
[4.966s]      [01;36m[KRCUTILS_LOG_INFO_NAMED[m[K( \
[4.966s]      [01;36m[K^~~~~~~~~~~~~~~~~~~~~~[m[K
[4.967s] [01m[K/home/team/SoftwareDevelopment/ROS2/skinny/src/logic/src/logic_node.cpp:220:13:[m[K [01;36m[Knote: [m[Kin expansion of macro â€˜[01m[KRCLCPP_INFO[m[Kâ€™
[4.967s]              [01;36m[KRCLCPP_INFO[m[K(nodeHandle,"%f %f %f ",eulerAngles.roll,eulerAngles.pitch,eulerAngles.yaw);
[4.968s]              [01;36m[K^~~~~~~~~~~[m[K
[15.575s] CMakeFiles/logic_node.dir/build.make:62: recipe for target 'CMakeFiles/logic_node.dir/src/logic_node.cpp.o' failed
[15.576s] make[2]: *** [CMakeFiles/logic_node.dir/src/logic_node.cpp.o] Error 1
[15.577s] make[1]: *** [CMakeFiles/logic_node.dir/all] Error 2
[15.578s] CMakeFiles/Makefile2:131: recipe for target 'CMakeFiles/logic_node.dir/all' failed
[15.578s] make: *** [all] Error 2
[15.579s] Makefile:140: recipe for target 'all' failed
[15.583s] Invoked command in '/home/team/SoftwareDevelopment/ROS2/skinny/build/logic' returned '2': CMAKE_PREFIX_PATH=/home/team/SoftwareDevelopment/ROS2/skinny/install/messages:/home/team/SoftwareDevelopment/ROS2/skinny/install/zed_tracking:/home/team/SoftwareDevelopment/ROS2/skinny/install/talon:/home/team/SoftwareDevelopment/ROS2/skinny/install/power_distribution_panel:/home/team/SoftwareDevelopment/ROS2/skinny/install/logic:/home/team/SoftwareDevelopment/ROS2/skinny/install/communication:/home/team/SoftwareDevelopment/ROS2/skinny/install/autonomy:/home/team/SoftwareDevelopment/ROS2/skinny/install/excavation:/opt/ros/eloquent /usr/bin/cmake --build /home/team/SoftwareDevelopment/ROS2/skinny/build/logic -- -j4 -l4
