[0.091s] Invoking command in '/home/team/SoftwareDevelopment/ROS2/skinny/build/talon': AMENT_PREFIX_PATH=/home/team/SoftwareDevelopment/ROS2/skinny/install/messages:${AMENT_PREFIX_PATH} CMAKE_PREFIX_PATH=/home/team/SoftwareDevelopment/ROS2/skinny/install/messages:${CMAKE_PREFIX_PATH} LD_LIBRARY_PATH=/home/team/SoftwareDevelopment/ROS2/skinny/install/messages/lib:${LD_LIBRARY_PATH} PYTHONPATH=/home/team/SoftwareDevelopment/ROS2/skinny/install/messages/lib/python3.8/site-packages:${PYTHONPATH} /usr/bin/cmake --build /home/team/SoftwareDevelopment/ROS2/skinny/build/talon -- -j4 -l4
[0.257s] [35m[1mScanning dependencies of target talon_node[0m
[0.373s] [ 50%] [32mBuilding CXX object CMakeFiles/talon_node.dir/src/talon_node.cpp.o[0m
[5.866s] [01m[K/home/team/SoftwareDevelopment/ROS2/skinny/src/talon/src/talon_node.cpp:[m[K In function â€˜[01m[Kvoid stopCallback(std_msgs::msg::Empty)[m[Kâ€™:
[5.867s] [01m[K/home/team/SoftwareDevelopment/ROS2/skinny/src/talon/src/talon_node.cpp:27:40:[m[K [01;35m[Kwarning: [m[Kunused parameter â€˜[01m[Kempty[m[Kâ€™ [[01;35m[K-Wunused-parameter[m[K]
[5.867s]    27 | void stopCallback([01;35m[Kstd_msgs::msg::Empty empty[m[K){
[5.867s]       |                   [01;35m[K~~~~~~~~~~~~~~~~~~~~~^~~~~[m[K
[5.868s] [01m[K/home/team/SoftwareDevelopment/ROS2/skinny/src/talon/src/talon_node.cpp:[m[K In function â€˜[01m[Kvoid goCallback(std_msgs::msg::Empty)[m[Kâ€™:
[5.868s] [01m[K/home/team/SoftwareDevelopment/ROS2/skinny/src/talon/src/talon_node.cpp:31:38:[m[K [01;35m[Kwarning: [m[Kunused parameter â€˜[01m[Kempty[m[Kâ€™ [[01;35m[K-Wunused-parameter[m[K]
[5.868s]    31 | void goCallback([01;35m[Kstd_msgs::msg::Empty empty[m[K){
[5.869s]       |                 [01;35m[K~~~~~~~~~~~~~~~~~~~~~^~~~~[m[K
[5.995s] [01m[K/home/team/SoftwareDevelopment/ROS2/skinny/src/talon/src/talon_node.cpp:[m[K In function â€˜[01m[Kint main(int, char**)[m[Kâ€™:
[5.995s] [01m[K/home/team/SoftwareDevelopment/ROS2/skinny/src/talon/src/talon_node.cpp:175:2:[m[K [01;31m[Kerror: [m[Kâ€˜[01m[Kros[m[Kâ€™ has not been declared
[5.996s]   175 |  [01;31m[Kros[m[K::Subscriber stopSubscriber=nodeHandle.subscribe("STOP",1,stopCallback);
[5.996s]       |  [01;31m[K^~~[m[K
[5.996s] [01m[K/home/team/SoftwareDevelopment/ROS2/skinny/src/talon/src/talon_node.cpp:176:2:[m[K [01;31m[Kerror: [m[Kâ€˜[01m[Kros[m[Kâ€™ has not been declared
[5.997s]   176 |  [01;31m[Kros[m[K::Subscriber goSubscriber=nodeHandle.subscribe("GO",1,goCallback);
[5.997s]       |  [01;31m[K^~~[m[K
[6.001s] [01m[K/home/team/SoftwareDevelopment/ROS2/skinny/src/talon/src/talon_node.cpp:198:13:[m[K [01;31m[Kerror: [m[Kâ€˜[01m[Kusing TalonOut = struct messages::msg::TalonOut_<std::allocator<void> >[m[Kâ€™ {aka â€˜[01m[Kstruct messages::msg::TalonOut_<std::allocator<void> >[m[Kâ€™} has no member named â€˜[01m[KdeviceID[m[Kâ€™; did you mean â€˜[01m[Kdevice_id[m[Kâ€™?
[6.001s]   198 |    talonOut.[01;31m[KdeviceID[m[K=deviceID;
[6.002s]       |             [01;31m[K^~~~~~~~[m[K
[6.002s]       |             [32m[Kdevice_id[m[K
[6.002s] [01m[K/home/team/SoftwareDevelopment/ROS2/skinny/src/talon/src/talon_node.cpp:199:13:[m[K [01;31m[Kerror: [m[Kâ€˜[01m[Kusing TalonOut = struct messages::msg::TalonOut_<std::allocator<void> >[m[Kâ€™ {aka â€˜[01m[Kstruct messages::msg::TalonOut_<std::allocator<void> >[m[Kâ€™} has no member named â€˜[01m[KbusVoltage[m[Kâ€™; did you mean â€˜[01m[Kbus_voltage[m[Kâ€™?
[6.003s]   199 |    talonOut.[01;31m[KbusVoltage[m[K=busVoltage;
[6.003s]       |             [01;31m[K^~~~~~~~~~[m[K
[6.003s]       |             [32m[Kbus_voltage[m[K
[6.004s] [01m[K/home/team/SoftwareDevelopment/ROS2/skinny/src/talon/src/talon_node.cpp:200:13:[m[K [01;31m[Kerror: [m[Kâ€˜[01m[Kusing TalonOut = struct messages::msg::TalonOut_<std::allocator<void> >[m[Kâ€™ {aka â€˜[01m[Kstruct messages::msg::TalonOut_<std::allocator<void> >[m[Kâ€™} has no member named â€˜[01m[KoutputCurrent[m[Kâ€™; did you mean â€˜[01m[Koutput_current[m[Kâ€™?
[6.004s]   200 |    talonOut.[01;31m[KoutputCurrent[m[K=outputCurrent;
[6.004s]       |             [01;31m[K^~~~~~~~~~~~~[m[K
[6.005s]       |             [32m[Koutput_current[m[K
[6.005s] [01m[K/home/team/SoftwareDevelopment/ROS2/skinny/src/talon/src/talon_node.cpp:201:13:[m[K [01;31m[Kerror: [m[Kâ€˜[01m[Kusing TalonOut = struct messages::msg::TalonOut_<std::allocator<void> >[m[Kâ€™ {aka â€˜[01m[Kstruct messages::msg::TalonOut_<std::allocator<void> >[m[Kâ€™} has no member named â€˜[01m[KoutputVoltage[m[Kâ€™; did you mean â€˜[01m[Koutput_voltage[m[Kâ€™?
[6.005s]   201 |    talonOut.[01;31m[KoutputVoltage[m[K=motorOutputVoltage;
[6.006s]       |             [01;31m[K^~~~~~~~~~~~~[m[K
[6.006s]       |             [32m[Koutput_voltage[m[K
[6.006s] [01m[K/home/team/SoftwareDevelopment/ROS2/skinny/src/talon/src/talon_node.cpp:202:13:[m[K [01;31m[Kerror: [m[Kâ€˜[01m[Kusing TalonOut = struct messages::msg::TalonOut_<std::allocator<void> >[m[Kâ€™ {aka â€˜[01m[Kstruct messages::msg::TalonOut_<std::allocator<void> >[m[Kâ€™} has no member named â€˜[01m[KoutputPercent[m[Kâ€™; did you mean â€˜[01m[Koutput_percent[m[Kâ€™?
[6.007s]   202 |    talonOut.[01;31m[KoutputPercent[m[K=motorOutputPercent;
[6.007s]       |             [01;31m[K^~~~~~~~~~~~~[m[K
[6.007s]       |             [32m[Koutput_percent[m[K
[6.008s] [01m[K/home/team/SoftwareDevelopment/ROS2/skinny/src/talon/src/talon_node.cpp:204:13:[m[K [01;31m[Kerror: [m[Kâ€˜[01m[Kusing TalonOut = struct messages::msg::TalonOut_<std::allocator<void> >[m[Kâ€™ {aka â€˜[01m[Kstruct messages::msg::TalonOut_<std::allocator<void> >[m[Kâ€™} has no member named â€˜[01m[KsensorPosition[m[Kâ€™; did you mean â€˜[01m[Ksensor_position[m[Kâ€™?
[6.008s]   204 |    talonOut.[01;31m[KsensorPosition[m[K=sensorPosition0;
[6.008s]       |             [01;31m[K^~~~~~~~~~~~~~[m[K
[6.009s]       |             [32m[Ksensor_position[m[K
[6.009s] [01m[K/home/team/SoftwareDevelopment/ROS2/skinny/src/talon/src/talon_node.cpp:205:13:[m[K [01;31m[Kerror: [m[Kâ€˜[01m[Kusing TalonOut = struct messages::msg::TalonOut_<std::allocator<void> >[m[Kâ€™ {aka â€˜[01m[Kstruct messages::msg::TalonOut_<std::allocator<void> >[m[Kâ€™} has no member named â€˜[01m[KsensorVelocity[m[Kâ€™; did you mean â€˜[01m[Ksensor_velocity[m[Kâ€™?
[6.010s]   205 |    talonOut.[01;31m[KsensorVelocity[m[K=sensorVelocity0;
[6.010s]       |             [01;31m[K^~~~~~~~~~~~~~[m[K
[6.010s]       |             [32m[Ksensor_velocity[m[K
[6.011s] [01m[K/home/team/SoftwareDevelopment/ROS2/skinny/src/talon/src/talon_node.cpp:206:13:[m[K [01;31m[Kerror: [m[Kâ€˜[01m[Kusing TalonOut = struct messages::msg::TalonOut_<std::allocator<void> >[m[Kâ€™ {aka â€˜[01m[Kstruct messages::msg::TalonOut_<std::allocator<void> >[m[Kâ€™} has no member named â€˜[01m[KclosedLoopError[m[Kâ€™; did you mean â€˜[01m[Kclosed_loop_error[m[Kâ€™?
[6.011s]   206 |    talonOut.[01;31m[KclosedLoopError[m[K=closedLoopError0;
[6.011s]       |             [01;31m[K^~~~~~~~~~~~~~~[m[K
[6.012s]       |             [32m[Kclosed_loop_error[m[K
[6.012s] [01m[K/home/team/SoftwareDevelopment/ROS2/skinny/src/talon/src/talon_node.cpp:207:13:[m[K [01;31m[Kerror: [m[Kâ€˜[01m[Kusing TalonOut = struct messages::msg::TalonOut_<std::allocator<void> >[m[Kâ€™ {aka â€˜[01m[Kstruct messages::msg::TalonOut_<std::allocator<void> >[m[Kâ€™} has no member named â€˜[01m[KintegralAccumulator[m[Kâ€™; did you mean â€˜[01m[Kintegral_accumulator[m[Kâ€™?
[6.012s]   207 |    talonOut.[01;31m[KintegralAccumulator[m[K=integralAccumulator0;
[6.013s]       |             [01;31m[K^~~~~~~~~~~~~~~~~~~[m[K
[6.013s]       |             [32m[Kintegral_accumulator[m[K
[6.013s] [01m[K/home/team/SoftwareDevelopment/ROS2/skinny/src/talon/src/talon_node.cpp:208:13:[m[K [01;31m[Kerror: [m[Kâ€˜[01m[Kusing TalonOut = struct messages::msg::TalonOut_<std::allocator<void> >[m[Kâ€™ {aka â€˜[01m[Kstruct messages::msg::TalonOut_<std::allocator<void> >[m[Kâ€™} has no member named â€˜[01m[KerrorDerivative[m[Kâ€™; did you mean â€˜[01m[Kerror_derivative[m[Kâ€™?
[6.014s]   208 |    talonOut.[01;31m[KerrorDerivative[m[K=errorDerivative0;
[6.014s]       |             [01;31m[K^~~~~~~~~~~~~~~[m[K
[6.014s]       |             [32m[Kerror_derivative[m[K
[6.043s] [01m[K/home/team/SoftwareDevelopment/ROS2/skinny/src/talon/src/talon_node.cpp:188:9:[m[K [01;35m[Kwarning: [m[Kunused variable â€˜[01m[KisInverted[m[Kâ€™ [[01;35m[K-Wunused-variable[m[K]
[6.043s]   188 |    bool [01;35m[KisInverted[m[K=talonSRX->GetInverted();
[6.043s]       |         [01;35m[K^~~~~~~~~~[m[K
[6.050s] [01m[K/home/team/SoftwareDevelopment/ROS2/skinny/src/talon/src/talon_node.cpp:144:6:[m[K [01;35m[Kwarning: [m[Kunused variable â€˜[01m[KkSlotIdx[m[Kâ€™ [[01;35m[K-Wunused-variable[m[K]
[6.050s]   144 |  int [01;35m[KkSlotIdx[m[K=0;
[6.051s]       |      [01;35m[K^~~~~~~~[m[K
[6.051s] [01m[K/home/team/SoftwareDevelopment/ROS2/skinny/src/talon/src/talon_node.cpp:167:14:[m[K [01;35m[Kwarning: [m[Kunused variable â€˜[01m[KstatusFrame[m[Kâ€™ [[01;35m[K-Wunused-variable[m[K]
[6.051s]   167 |  StatusFrame [01;35m[KstatusFrame[m[K;
[6.052s]       |              [01;35m[K^~~~~~~~~~~[m[K
[12.072s] make[2]: *** [CMakeFiles/talon_node.dir/build.make:63: CMakeFiles/talon_node.dir/src/talon_node.cpp.o] Error 1
[12.073s] make[1]: *** [CMakeFiles/Makefile2:78: CMakeFiles/talon_node.dir/all] Error 2
[12.074s] make: *** [Makefile:141: all] Error 2
[12.079s] Invoked command in '/home/team/SoftwareDevelopment/ROS2/skinny/build/talon' returned '2': AMENT_PREFIX_PATH=/home/team/SoftwareDevelopment/ROS2/skinny/install/messages:${AMENT_PREFIX_PATH} CMAKE_PREFIX_PATH=/home/team/SoftwareDevelopment/ROS2/skinny/install/messages:${CMAKE_PREFIX_PATH} LD_LIBRARY_PATH=/home/team/SoftwareDevelopment/ROS2/skinny/install/messages/lib:${LD_LIBRARY_PATH} PYTHONPATH=/home/team/SoftwareDevelopment/ROS2/skinny/install/messages/lib/python3.8/site-packages:${PYTHONPATH} /usr/bin/cmake --build /home/team/SoftwareDevelopment/ROS2/skinny/build/talon -- -j4 -l4
