[0.134s] Invoking command in '/home/team/SoftwareDevelopment/ROS2/skinny/src/build/autonomy': CMAKE_PREFIX_PATH=/home/team/SoftwareDevelopment/ROS2/skinny/src/install/messages:/home/team/SoftwareDevelopment/ROS2/skinny/src/install/zed_tracking:/home/team/SoftwareDevelopment/ROS2/skinny/src/install/talon:/home/team/SoftwareDevelopment/ROS2/skinny/src/install/power_distribution_panel:/home/team/SoftwareDevelopment/ROS2/skinny/src/install/logic:/home/team/SoftwareDevelopment/ROS2/skinny/src/install/communication:/home/team/SoftwareDevelopment/ROS2/skinny/src/install/autonomy:/home/team/SoftwareDevelopment/ROS2/skinny/src/install/excavation:/opt/ros/eloquent /usr/bin/cmake --build /home/team/SoftwareDevelopment/ROS2/skinny/src/build/autonomy -- -j4 -l4
[0.319s] [35m[1mScanning dependencies of target autonomy_node[0m
[0.436s] [ 50%] [32mBuilding CXX object CMakeFiles/autonomy_node.dir/src/autonomy_node.cpp.o[0m
[4.473s] [01m[K/home/team/SoftwareDevelopment/ROS2/skinny/src/autonomy/src/autonomy_node.cpp:[m[K In function â€˜[01m[Kvoid postitionCallback(messages::msg::ZedPosition_<std::allocator<void> >::SharedPtr)[m[Kâ€™:
[4.474s] [01m[K/home/team/SoftwareDevelopment/ROS2/skinny/src/autonomy/src/autonomy_node.cpp:12:18:[m[K [01;31m[Kerror: [m[Kâ€˜[01m[Kusing element_type = struct messages::msg::ZedPosition_<std::allocator<void> > {aka struct messages::msg::ZedPosition_<std::allocator<void> >}[m[Kâ€™ has no member named â€˜[01m[KaZ[m[Kâ€™
[4.474s]   if(zedPosition->[01;31m[KaZ[m[K > 2.5){
[4.475s]                   [01;31m[K^~[m[K
[4.475s] [01m[K/home/team/SoftwareDevelopment/ROS2/skinny/src/autonomy/src/autonomy_node.cpp:16:23:[m[K [01;31m[Kerror: [m[Kâ€˜[01m[Kusing element_type = struct messages::msg::ZedPosition_<std::allocator<void> > {aka struct messages::msg::ZedPosition_<std::allocator<void> >}[m[Kâ€™ has no member named â€˜[01m[KaX[m[Kâ€™
[4.476s]   else if(zedPosition->[01;31m[KaX[m[K == -1){
[4.476s]                        [01;31m[K^~[m[K
[4.513s] [01m[K/home/team/SoftwareDevelopment/ROS2/skinny/src/autonomy/src/autonomy_node.cpp:[m[K In function â€˜[01m[Kint main(int, char**)[m[Kâ€™:
[4.513s] [01m[K/home/team/SoftwareDevelopment/ROS2/skinny/src/autonomy/src/autonomy_node.cpp:27:25:[m[K [01;31m[Kerror: [m[Kinvalid conversion from â€˜[01m[Kint[m[Kâ€™ to â€˜[01m[Kconst char* const*[m[Kâ€™ [[01;31m[K-fpermissive[m[K]
[4.514s]   rclcpp::init(argc, argc[01;31m[K)[m[K;
[4.514s]                          [01;31m[K^[m[K
[4.515s] In file included from [01m[K/opt/ros/eloquent/include/rclcpp/client.hpp:35:0[m[K,
[4.515s]                  from [01m[K/opt/ros/eloquent/include/rclcpp/callback_group.hpp:23[m[K,
[4.516s]                  from [01m[K/opt/ros/eloquent/include/rclcpp/any_executable.hpp:20[m[K,
[4.517s]                  from [01m[K/opt/ros/eloquent/include/rclcpp/memory_strategy.hpp:24[m[K,
[4.518s]                  from [01m[K/opt/ros/eloquent/include/rclcpp/memory_strategies.hpp:18[m[K,
[4.518s]                  from [01m[K/opt/ros/eloquent/include/rclcpp/executor.hpp:33[m[K,
[4.519s]                  from [01m[K/opt/ros/eloquent/include/rclcpp/executors/multi_threaded_executor.hpp:25[m[K,
[4.520s]                  from [01m[K/opt/ros/eloquent/include/rclcpp/executors.hpp:21[m[K,
[4.520s]                  from [01m[K/opt/ros/eloquent/include/rclcpp/rclcpp.hpp:145[m[K,
[4.521s]                  from [01m[K/home/team/SoftwareDevelopment/ROS2/skinny/src/autonomy/src/autonomy_node.cpp:1[m[K:
[4.521s] [01m[K/opt/ros/eloquent/include/rclcpp/utilities.hpp:56:1:[m[K [01;36m[Knote: [m[K  initializing argument 2 of â€˜[01m[Kvoid rclcpp::init(int, const char* const*, const rclcpp::InitOptions&)[m[Kâ€™
[4.522s]  [01;36m[Kinit[m[K(int argc, char const * const argv[], const InitOptions & init_options = InitOptions());
[4.522s]  [01;36m[K^~~~[m[K
[4.523s] [01m[K/home/team/SoftwareDevelopment/ROS2/skinny/src/autonomy/src/autonomy_node.cpp:30:110:[m[K [01;31m[Kerror: [m[Kâ€˜[01m[KpositionCallback[m[Kâ€™ was not declared in this scope
[4.523s]   auto zedPositionSubscriber = nodeHandle->create_subscription<messages::msg::ZedPosition>("zed_position", 1, [01;31m[KpositionCallback[m[K);
[4.524s]                                                                                                               [01;31m[K^~~~~~~~~~~~~~~~[m[K
[4.524s] [01m[K/home/team/SoftwareDevelopment/ROS2/skinny/src/autonomy/src/autonomy_node.cpp:30:110:[m[K [01;36m[Knote: [m[Ksuggested alternative: â€˜[01m[KpostitionCallback[m[Kâ€™
[4.525s]   auto zedPositionSubscriber = nodeHandle->create_subscription<messages::msg::ZedPosition>("zed_position", 1, [01;36m[KpositionCallback[m[K);
[4.525s]                                                                                                               [01;36m[K^~~~~~~~~~~~~~~~[m[K
[4.526s]                                                                                                               [32m[KpostitionCallback[m[K
[4.533s] [01m[K/home/team/SoftwareDevelopment/ROS2/skinny/src/autonomy/src/autonomy_node.cpp:36:16:[m[K [01;35m[Kwarning: [m[Kthe address of â€˜[01m[Kbool rclcpp::ok(rclcpp::Context::SharedPtr)[m[Kâ€™ will never be NULL [[01;35m[K-Waddress[m[K]
[4.534s]   while(rclcpp::[01;35m[Kok[m[K)){
[4.534s]                 [01;35m[K^~[m[K
[4.535s] [01m[K/home/team/SoftwareDevelopment/ROS2/skinny/src/autonomy/src/autonomy_node.cpp:36:19:[m[K [01;31m[Kerror: [m[Kexpected primary-expression before â€˜[01m[K)[m[Kâ€™ token
[4.535s]   while(rclcpp::ok)[01;31m[K)[m[K{
[4.536s]                    [01;31m[K^[m[K
[4.537s] [01m[K/home/team/SoftwareDevelopment/ROS2/skinny/src/autonomy/src/autonomy_node.cpp:26:27:[m[K [01;35m[Kwarning: [m[Kunused parameter â€˜[01m[Kargv[m[Kâ€™ [[01;35m[K-Wunused-parameter[m[K]
[4.537s]  int main(int argc, char **[01;35m[Kargv[m[K){
[4.537s]                            [01;35m[K^~~~[m[K
[6.668s] make[2]: *** [CMakeFiles/autonomy_node.dir/src/autonomy_node.cpp.o] Error 1
[6.669s] CMakeFiles/autonomy_node.dir/build.make:62: recipe for target 'CMakeFiles/autonomy_node.dir/src/autonomy_node.cpp.o' failed
[6.670s] make[1]: *** [CMakeFiles/autonomy_node.dir/all] Error 2
[6.670s] CMakeFiles/Makefile2:131: recipe for target 'CMakeFiles/autonomy_node.dir/all' failed
[6.671s] Makefile:140: recipe for target 'all' failed
[6.671s] make: *** [all] Error 2
[6.682s] Invoked command in '/home/team/SoftwareDevelopment/ROS2/skinny/src/build/autonomy' returned '2': CMAKE_PREFIX_PATH=/home/team/SoftwareDevelopment/ROS2/skinny/src/install/messages:/home/team/SoftwareDevelopment/ROS2/skinny/src/install/zed_tracking:/home/team/SoftwareDevelopment/ROS2/skinny/src/install/talon:/home/team/SoftwareDevelopment/ROS2/skinny/src/install/power_distribution_panel:/home/team/SoftwareDevelopment/ROS2/skinny/src/install/logic:/home/team/SoftwareDevelopment/ROS2/skinny/src/install/communication:/home/team/SoftwareDevelopment/ROS2/skinny/src/install/autonomy:/home/team/SoftwareDevelopment/ROS2/skinny/src/install/excavation:/opt/ros/eloquent /usr/bin/cmake --build /home/team/SoftwareDevelopment/ROS2/skinny/src/build/autonomy -- -j4 -l4
