[0.078s] Invoking command in '/home/team/SoftwareDevelopment/ROS2/skinny/build/talon': CMAKE_PREFIX_PATH=/home/team/SoftwareDevelopment/ROS2/skinny/install/messages:/home/team/SoftwareDevelopment/ROS2/skinny/install/zed_tracking:/home/team/SoftwareDevelopment/ROS2/skinny/install/talon:/home/team/SoftwareDevelopment/ROS2/skinny/install/power_distribution_panel:/home/team/SoftwareDevelopment/ROS2/skinny/install/logic:/home/team/SoftwareDevelopment/ROS2/skinny/install/communication:/home/team/SoftwareDevelopment/ROS2/skinny/install/autonomy:/home/team/SoftwareDevelopment/ROS2/skinny/src/install/zed_tracking:/home/team/SoftwareDevelopment/ROS2/skinny/src/install/talon:/home/team/SoftwareDevelopment/ROS2/skinny/src/install/power_distribution_panel:/home/team/SoftwareDevelopment/ROS2/skinny/src/install/logic:/home/team/SoftwareDevelopment/ROS2/skinny/src/install/communication:/home/team/SoftwareDevelopment/ROS2/skinny/src/install/autonomy:/home/team/SoftwareDevelopment/ROS2/skinny/src/install/messages:/home/team/SoftwareDevelopment/ROS2/skinny/install/excavation:/home/team/SoftwareDevelopment/ROS2/skinny/src/install/excavation:/opt/ros/eloquent /usr/bin/cmake --build /home/team/SoftwareDevelopment/ROS2/skinny/build/talon -- -j4 -l4
[0.280s] [35m[1mScanning dependencies of target talon_node[0m
[0.401s] [ 50%] [32mBuilding CXX object CMakeFiles/talon_node.dir/src/talon_node.cpp.o[0m
[5.489s] [01m[K/home/team/SoftwareDevelopment/ROS2/skinny/src/talon/src/talon_node.cpp:[m[K In function â€˜[01m[Kvoid stopCallback(std_msgs::msg::Empty_<std::allocator<void> >::SharedPtr)[m[Kâ€™:
[5.490s] [01m[K/home/team/SoftwareDevelopment/ROS2/skinny/src/talon/src/talon_node.cpp:46:51:[m[K [01;35m[Kwarning: [m[Kunused parameter â€˜[01m[Kempty[m[Kâ€™ [[01;35m[K-Wunused-parameter[m[K]
[5.490s]  void stopCallback(std_msgs::msg::Empty::SharedPtr [01;35m[Kempty[m[K){
[5.491s]                                                    [01;35m[K^~~~~[m[K
[5.492s] [01m[K/home/team/SoftwareDevelopment/ROS2/skinny/src/talon/src/talon_node.cpp:[m[K In function â€˜[01m[Kvoid goCallback(std_msgs::msg::Empty_<std::allocator<void> >::SharedPtr)[m[Kâ€™:
[5.492s] [01m[K/home/team/SoftwareDevelopment/ROS2/skinny/src/talon/src/talon_node.cpp:50:49:[m[K [01;35m[Kwarning: [m[Kunused parameter â€˜[01m[Kempty[m[Kâ€™ [[01;35m[K-Wunused-parameter[m[K]
[5.493s]  void goCallback(std_msgs::msg::Empty::SharedPtr [01;35m[Kempty[m[K){
[5.494s]                                                  [01;35m[K^~~~~[m[K
[5.825s] [01m[K/home/team/SoftwareDevelopment/ROS2/skinny/src/talon/src/talon_node.cpp:[m[K In function â€˜[01m[Kint main(int, char**)[m[Kâ€™:
[5.825s] [01m[K/home/team/SoftwareDevelopment/ROS2/skinny/src/talon/src/talon_node.cpp:221:9:[m[K [01;35m[Kwarning: [m[Kunused variable â€˜[01m[KisInverted[m[Kâ€™ [[01;35m[K-Wunused-variable[m[K]
[5.826s]     bool [01;35m[KisInverted[m[K=talonSRX->GetInverted();
[5.827s]          [01;35m[K^~~~~~~~~~[m[K
[19.635s] [01m[K/home/team/SoftwareDevelopment/ROS2/skinny/src/talon/src/talon_node.cpp:[m[K At global scope:
[19.636s] [01m[K/home/team/SoftwareDevelopment/ROS2/skinny/src/talon/src/talon_node.cpp:285:1:[m[K [01;31m[Kfatal error: [m[Kerror writing to /tmp/ccoBMCR1.s: No space left on device
[19.636s]  [01;31m[K}[m[K
[19.637s]  [01;31m[K^[m[K
[19.637s] compilation terminated.
[19.778s] CMakeFiles/talon_node.dir/build.make:62: recipe for target 'CMakeFiles/talon_node.dir/src/talon_node.cpp.o' failed
[19.780s] make[2]: *** [CMakeFiles/talon_node.dir/src/talon_node.cpp.o] Error 1
[19.781s] CMakeFiles/Makefile2:131: recipe for target 'CMakeFiles/talon_node.dir/all' failed
[19.781s] make[1]: *** [CMakeFiles/talon_node.dir/all] Error 2
[19.782s] make: *** [all] Error 2
[19.782s] Makefile:140: recipe for target 'all' failed
