[0.127s] Invoking command in '/home/team/SoftwareDevelopment/ROS2/skinny/build/logic': AMENT_PREFIX_PATH=/home/team/SoftwareDevelopment/ROS2/skinny/install/messages:${AMENT_PREFIX_PATH} CMAKE_PREFIX_PATH=/home/team/SoftwareDevelopment/ROS2/skinny/install/messages:${CMAKE_PREFIX_PATH} LD_LIBRARY_PATH=/home/team/SoftwareDevelopment/ROS2/skinny/install/messages/lib:${LD_LIBRARY_PATH} PYTHONPATH=/home/team/SoftwareDevelopment/ROS2/skinny/install/messages/lib/python3.8/site-packages:${PYTHONPATH} /usr/bin/cmake --build /home/team/SoftwareDevelopment/ROS2/skinny/build/logic -- -j4 -l4
[0.311s] [35m[1mScanning dependencies of target logic_node[0m
[0.475s] [ 50%] [32mBuilding CXX object CMakeFiles/logic_node.dir/src/logic_node.cpp.o[0m
[0.939s] [01m[K/home/team/SoftwareDevelopment/ROS2/skinny/src/logic/src/logic_node.cpp:7:10:[m[K [01;31m[Kfatal error: [m[Kstd_msgs/msg/uint8.hpp: No such file or directory
[0.939s]     7 | #include [01;31m[K<std_msgs/msg/uint8.hpp>[m[K
[0.940s]       |          [01;31m[K^~~~~~~~~~~~~~~~~~~~~~~~[m[K
[0.940s] compilation terminated.
[0.947s] make[2]: *** [CMakeFiles/logic_node.dir/build.make:63: CMakeFiles/logic_node.dir/src/logic_node.cpp.o] Error 1
[0.947s] make[1]: *** [CMakeFiles/Makefile2:78: CMakeFiles/logic_node.dir/all] Error 2
[0.948s] make: *** [Makefile:141: all] Error 2
[0.954s] Invoked command in '/home/team/SoftwareDevelopment/ROS2/skinny/build/logic' returned '2': AMENT_PREFIX_PATH=/home/team/SoftwareDevelopment/ROS2/skinny/install/messages:${AMENT_PREFIX_PATH} CMAKE_PREFIX_PATH=/home/team/SoftwareDevelopment/ROS2/skinny/install/messages:${CMAKE_PREFIX_PATH} LD_LIBRARY_PATH=/home/team/SoftwareDevelopment/ROS2/skinny/install/messages/lib:${LD_LIBRARY_PATH} PYTHONPATH=/home/team/SoftwareDevelopment/ROS2/skinny/install/messages/lib/python3.8/site-packages:${PYTHONPATH} /usr/bin/cmake --build /home/team/SoftwareDevelopment/ROS2/skinny/build/logic -- -j4 -l4
