[35m[1mScanning dependencies of target logic_node[0m
[ 50%] [32mBuilding CXX object CMakeFiles/logic_node.dir/src/logic_node.cpp.o[0m
[01m[K/home/team/SoftwareDevelopment/ROS2/skinny/src/logic/src/logic_node.cpp:[m[K In function â€˜[01m[Kvoid joystickButtonCallback(messages::msg::ButtonState_<std::allocator<void> >::SharedPtr)[m[Kâ€™:
[01m[K/home/team/SoftwareDevelopment/ROS2/skinny/src/logic/src/logic_node.cpp:123:14:[m[K [01;31m[Kerror: [m[Kjump to case label [[01;31m[K-fpermissive[m[K]
         case [01;31m[K11[m[K:
              [01;31m[K^~[m[K
[01m[K/home/team/SoftwareDevelopment/ROS2/skinny/src/logic/src/logic_node.cpp:118:36:[m[K [01;36m[Knote: [m[K  crosses initialization of â€˜[01m[Kstd_msgs::msg::Float32 elevation[m[Kâ€™
             std_msgs::msg::Float32 [01;36m[Kelevation[m[K;
                                    [01;36m[K^~~~~~~~~[m[K
[01m[K/home/team/SoftwareDevelopment/ROS2/skinny/src/logic/src/logic_node.cpp:125:36:[m[K [01;31m[Kerror: [m[Kredeclaration of â€˜[01m[Kstd_msgs::msg::Float32 elevation[m[Kâ€™
             std_msgs::msg::Float32 [01;31m[Kelevation[m[K;
                                    [01;31m[K^~~~~~~~~[m[K
[01m[K/home/team/SoftwareDevelopment/ROS2/skinny/src/logic/src/logic_node.cpp:118:36:[m[K [01;36m[Knote: [m[Kâ€˜[01m[Kstd_msgs::msg::Float32 elevation[m[Kâ€™ previously declared here
             std_msgs::msg::Float32 [01;36m[Kelevation[m[K;
                                    [01;36m[K^~~~~~~~~[m[K
make[2]: *** [CMakeFiles/logic_node.dir/src/logic_node.cpp.o] Error 1
CMakeFiles/logic_node.dir/build.make:62: recipe for target 'CMakeFiles/logic_node.dir/src/logic_node.cpp.o' failed
make[1]: *** [CMakeFiles/logic_node.dir/all] Error 2
CMakeFiles/Makefile2:131: recipe for target 'CMakeFiles/logic_node.dir/all' failed
Makefile:140: recipe for target 'all' failed
make: *** [all] Error 2
