[0.118s] Invoking command in '/home/team/SoftwareDevelopment/ROS2/skinny/build/logic': CMAKE_PREFIX_PATH=/home/team/SoftwareDevelopment/ROS2/skinny/install/messages:/home/team/SoftwareDevelopment/ROS2/skinny/install/zed_tracking:/home/team/SoftwareDevelopment/ROS2/skinny/install/talon:/home/team/SoftwareDevelopment/ROS2/skinny/install/power_distribution_panel:/home/team/SoftwareDevelopment/ROS2/skinny/install/logic:/home/team/SoftwareDevelopment/ROS2/skinny/install/communication:/home/team/SoftwareDevelopment/ROS2/skinny/install/autonomy:/home/team/SoftwareDevelopment/ROS2/skinny/install/excavation:/opt/ros/eloquent /usr/bin/cmake --build /home/team/SoftwareDevelopment/ROS2/skinny/build/logic -- -j4 -l4
[0.327s] [35m[1mScanning dependencies of target logic_node[0m
[0.448s] [ 50%] [32mBuilding CXX object CMakeFiles/logic_node.dir/src/logic_node.cpp.o[0m
[4.683s] [01m[K/home/team/SoftwareDevelopment/ROS2/skinny/src/logic/src/logic_node.cpp:[m[K In function â€˜[01m[Kvoid joystickButtonCallback(messages::msg::ButtonState_<std::allocator<void> >::SharedPtr)[m[Kâ€™:
[4.684s] [01m[K/home/team/SoftwareDevelopment/ROS2/skinny/src/logic/src/logic_node.cpp:123:14:[m[K [01;31m[Kerror: [m[Kjump to case label [[01;31m[K-fpermissive[m[K]
[4.684s]          case [01;31m[K11[m[K:
[4.685s]               [01;31m[K^~[m[K
[4.685s] [01m[K/home/team/SoftwareDevelopment/ROS2/skinny/src/logic/src/logic_node.cpp:118:36:[m[K [01;36m[Knote: [m[K  crosses initialization of â€˜[01m[Kstd_msgs::msg::Float32 elevation[m[Kâ€™
[4.686s]              std_msgs::msg::Float32 [01;36m[Kelevation[m[K;
[4.686s]                                     [01;36m[K^~~~~~~~~[m[K
[4.687s] [01m[K/home/team/SoftwareDevelopment/ROS2/skinny/src/logic/src/logic_node.cpp:125:36:[m[K [01;31m[Kerror: [m[Kredeclaration of â€˜[01m[Kstd_msgs::msg::Float32 elevation[m[Kâ€™
[4.687s]              std_msgs::msg::Float32 [01;31m[Kelevation[m[K;
[4.688s]                                     [01;31m[K^~~~~~~~~[m[K
[4.688s] [01m[K/home/team/SoftwareDevelopment/ROS2/skinny/src/logic/src/logic_node.cpp:118:36:[m[K [01;36m[Knote: [m[Kâ€˜[01m[Kstd_msgs::msg::Float32 elevation[m[Kâ€™ previously declared here
[4.689s]              std_msgs::msg::Float32 [01;36m[Kelevation[m[K;
[4.689s]                                     [01;36m[K^~~~~~~~~[m[K
[14.621s] make[2]: *** [CMakeFiles/logic_node.dir/src/logic_node.cpp.o] Error 1
[14.622s] CMakeFiles/logic_node.dir/build.make:62: recipe for target 'CMakeFiles/logic_node.dir/src/logic_node.cpp.o' failed
[14.623s] make[1]: *** [CMakeFiles/logic_node.dir/all] Error 2
[14.623s] CMakeFiles/Makefile2:131: recipe for target 'CMakeFiles/logic_node.dir/all' failed
[14.624s] Makefile:140: recipe for target 'all' failed
[14.624s] make: *** [all] Error 2
[14.634s] Invoked command in '/home/team/SoftwareDevelopment/ROS2/skinny/build/logic' returned '2': CMAKE_PREFIX_PATH=/home/team/SoftwareDevelopment/ROS2/skinny/install/messages:/home/team/SoftwareDevelopment/ROS2/skinny/install/zed_tracking:/home/team/SoftwareDevelopment/ROS2/skinny/install/talon:/home/team/SoftwareDevelopment/ROS2/skinny/install/power_distribution_panel:/home/team/SoftwareDevelopment/ROS2/skinny/install/logic:/home/team/SoftwareDevelopment/ROS2/skinny/install/communication:/home/team/SoftwareDevelopment/ROS2/skinny/install/autonomy:/home/team/SoftwareDevelopment/ROS2/skinny/install/excavation:/opt/ros/eloquent /usr/bin/cmake --build /home/team/SoftwareDevelopment/ROS2/skinny/build/logic -- -j4 -l4
