[0.169s] Invoking command in '/home/team/SoftwareDevelopment/ROS2/skinny/build/communication': AMENT_PREFIX_PATH=/home/team/SoftwareDevelopment/ROS2/skinny/install/messages:${AMENT_PREFIX_PATH} CMAKE_PREFIX_PATH=/home/team/SoftwareDevelopment/ROS2/skinny/install/messages:${CMAKE_PREFIX_PATH} LD_LIBRARY_PATH=/home/team/SoftwareDevelopment/ROS2/skinny/install/messages/lib:${LD_LIBRARY_PATH} PYTHONPATH=/home/team/SoftwareDevelopment/ROS2/skinny/install/messages/lib/python3.8/site-packages:${PYTHONPATH} /usr/bin/cmake --build /home/team/SoftwareDevelopment/ROS2/skinny/build/communication -- -j4 -l4
[0.378s] [35m[1mScanning dependencies of target communication_node[0m
[0.532s] [ 50%] [32mBuilding CXX object CMakeFiles/communication_node.dir/src/communication_node.cpp.o[0m
[6.342s] [01m[K/home/team/SoftwareDevelopment/ROS2/skinny/src/communication/src/communication_node.cpp:[m[K In function â€˜[01m[Kvoid broadcastIP()[m[Kâ€™:
[6.342s] [01m[K/home/team/SoftwareDevelopment/ROS2/skinny/src/communication/src/communication_node.cpp:316:33:[m[K [01;31m[Kerror: [m[Kâ€˜[01m[KrobotName[m[Kâ€™ was not declared in this scope
[6.343s]   316 |             std::string message([01;31m[KrobotName[m[K+"@"+addressString);
[6.343s]       |                                 [01;31m[K^~~~~~~~~[m[K
[22.570s] make[2]: *** [CMakeFiles/communication_node.dir/build.make:63: CMakeFiles/communication_node.dir/src/communication_node.cpp.o] Error 1
[22.571s] make[1]: *** [CMakeFiles/Makefile2:78: CMakeFiles/communication_node.dir/all] Error 2
[22.571s] make: *** [Makefile:141: all] Error 2
[22.583s] Invoked command in '/home/team/SoftwareDevelopment/ROS2/skinny/build/communication' returned '2': AMENT_PREFIX_PATH=/home/team/SoftwareDevelopment/ROS2/skinny/install/messages:${AMENT_PREFIX_PATH} CMAKE_PREFIX_PATH=/home/team/SoftwareDevelopment/ROS2/skinny/install/messages:${CMAKE_PREFIX_PATH} LD_LIBRARY_PATH=/home/team/SoftwareDevelopment/ROS2/skinny/install/messages/lib:${LD_LIBRARY_PATH} PYTHONPATH=/home/team/SoftwareDevelopment/ROS2/skinny/install/messages/lib/python3.8/site-packages:${PYTHONPATH} /usr/bin/cmake --build /home/team/SoftwareDevelopment/ROS2/skinny/build/communication -- -j4 -l4
