[01m[K/home/team/SoftwareDevelopment/ROS2/skinny/src/autonomy/src/autonomy_node.cpp:7:45:[m[K [01;31m[Kerror: [m[Kâ€˜[01m[KFloat32_[m[Kâ€™ is not a member of â€˜[01m[Kstd_msgs[m[Kâ€™
 std::shared_ptr<rclcpp::Publisher<std_msgs::[01;31m[KFloat32_[m[K<std::allocator<void> >, std::allocator<void> > > driveLeftSpeedPublisher;
                                             [01;31m[K^~~~~~~~[m[K
[01m[K/home/team/SoftwareDevelopment/ROS2/skinny/src/autonomy/src/autonomy_node.cpp:7:45:[m[K [01;36m[Knote: [m[Ksuggested alternative:
In file included from [01m[K/opt/ros/eloquent/include/std_msgs/msg/float32.hpp:7:0[m[K,
                 from [01m[K/home/team/SoftwareDevelopment/ROS2/skinny/src/autonomy/src/autonomy_node.cpp:2[m[K:
[01m[K/opt/ros/eloquent/include/std_msgs/msg/float32__struct.hpp:31:8:[m[K [01;36m[Knote: [m[K  â€˜[01m[Kstd_msgs::msg::Float32_[m[Kâ€™
 struct [01;36m[KFloat32_[m[K
        [01;36m[K^~~~~~~~[m[K
[01m[K/home/team/SoftwareDevelopment/ROS2/skinny/src/autonomy/src/autonomy_node.cpp:7:45:[m[K [01;31m[Kerror: [m[Kâ€˜[01m[KFloat32_[m[Kâ€™ is not a member of â€˜[01m[Kstd_msgs[m[Kâ€™
 std::shared_ptr<rclcpp::Publisher<std_msgs::[01;31m[KFloat32_[m[K<std::allocator<void> >, std::allocator<void> > > driveLeftSpeedPublisher;
                                             [01;31m[K^~~~~~~~[m[K
[01m[K/home/team/SoftwareDevelopment/ROS2/skinny/src/autonomy/src/autonomy_node.cpp:7:45:[m[K [01;36m[Knote: [m[Ksuggested alternative:
In file included from [01m[K/opt/ros/eloquent/include/std_msgs/msg/float32.hpp:7:0[m[K,
                 from [01m[K/home/team/SoftwareDevelopment/ROS2/skinny/src/autonomy/src/autonomy_node.cpp:2[m[K:
[01m[K/opt/ros/eloquent/include/std_msgs/msg/float32__struct.hpp:31:8:[m[K [01;36m[Knote: [m[K  â€˜[01m[Kstd_msgs::msg::Float32_[m[Kâ€™
 struct [01;36m[KFloat32_[m[K
        [01;36m[K^~~~~~~~[m[K
[01m[K/home/team/SoftwareDevelopment/ROS2/skinny/src/autonomy/src/autonomy_node.cpp:7:75:[m[K [01;31m[Kerror: [m[Ktemplate argument 1 is invalid
 std::shared_ptr<rclcpp::Publisher<std_msgs::Float32_<std::allocator<void> [01;31m[K>[m[K, std::allocator<void> > > driveLeftSpeedPublisher;
                                                                           [01;31m[K^[m[K
[01m[K/home/team/SoftwareDevelopment/ROS2/skinny/src/autonomy/src/autonomy_node.cpp:7:99:[m[K [01;31m[Kerror: [m[Kwrong number of template arguments (2, should be 1)
 std::shared_ptr<rclcpp::Publisher<std_msgs::Float32_<std::allocator<void> >, std::allocator<void> [01;31m[K>[m[K > driveLeftSpeedPublisher;
                                                                                                   [01;31m[K^[m[K
In file included from [01m[K/usr/include/c++/7/bits/shared_ptr.h:52:0[m[K,
                 from [01m[K/usr/include/c++/7/memory:81[m[K,
                 from [01m[K/opt/ros/eloquent/include/rclcpp/rclcpp.hpp:143[m[K,
                 from [01m[K/home/team/SoftwareDevelopment/ROS2/skinny/src/autonomy/src/autonomy_node.cpp:1[m[K:
[01m[K/usr/include/c++/7/bits/shared_ptr_base.h:347:11:[m[K [01;36m[Knote: [m[Kprovided for â€˜[01m[Ktemplate<class _Tp> class std::shared_ptr[m[Kâ€™
     class [01;36m[Kshared_ptr[m[K;
           [01;36m[K^~~~~~~~~~[m[K
[01m[K/home/team/SoftwareDevelopment/ROS2/skinny/src/autonomy/src/autonomy_node.cpp:7:101:[m[K [01;31m[Kerror: [m[Kexpected unqualified-id before â€˜[01m[K>[m[Kâ€™ token
 std::shared_ptr<rclcpp::Publisher<std_msgs::Float32_<std::allocator<void> >, std::allocator<void> > [01;31m[K>[m[K driveLeftSpeedPublisher;
                                                                                                     [01;31m[K^[m[K
[01m[K/home/team/SoftwareDevelopment/ROS2/skinny/src/autonomy/src/autonomy_node.cpp:8:45:[m[K [01;31m[Kerror: [m[Kâ€˜[01m[KFloat32_[m[Kâ€™ is not a member of â€˜[01m[Kstd_msgs[m[Kâ€™
 std::shared_ptr<rclcpp::Publisher<std_msgs::[01;31m[KFloat32_[m[K<std::allocator<void> >, std::allocator<void> > > driveRightSpeedPublisher;
                                             [01;31m[K^~~~~~~~[m[K
[01m[K/home/team/SoftwareDevelopment/ROS2/skinny/src/autonomy/src/autonomy_node.cpp:8:45:[m[K [01;36m[Knote: [m[Ksuggested alternative:
In file included from [01m[K/opt/ros/eloquent/include/std_msgs/msg/float32.hpp:7:0[m[K,
                 from [01m[K/home/team/SoftwareDevelopment/ROS2/skinny/src/autonomy/src/autonomy_node.cpp:2[m[K:
[01m[K/opt/ros/eloquent/include/std_msgs/msg/float32__struct.hpp:31:8:[m[K [01;36m[Knote: [m[K  â€˜[01m[Kstd_msgs::msg::Float32_[m[Kâ€™
 struct [01;36m[KFloat32_[m[K
        [01;36m[K^~~~~~~~[m[K
[01m[K/home/team/SoftwareDevelopment/ROS2/skinny/src/autonomy/src/autonomy_node.cpp:8:45:[m[K [01;31m[Kerror: [m[Kâ€˜[01m[KFloat32_[m[Kâ€™ is not a member of â€˜[01m[Kstd_msgs[m[Kâ€™
 std::shared_ptr<rclcpp::Publisher<std_msgs::[01;31m[KFloat32_[m[K<std::allocator<void> >, std::allocator<void> > > driveRightSpeedPublisher;
                                             [01;31m[K^~~~~~~~[m[K
[01m[K/home/team/SoftwareDevelopment/ROS2/skinny/src/autonomy/src/autonomy_node.cpp:8:45:[m[K [01;36m[Knote: [m[Ksuggested alternative:
In file included from [01m[K/opt/ros/eloquent/include/std_msgs/msg/float32.hpp:7:0[m[K,
                 from [01m[K/home/team/SoftwareDevelopment/ROS2/skinny/src/autonomy/src/autonomy_node.cpp:2[m[K:
[01m[K/opt/ros/eloquent/include/std_msgs/msg/float32__struct.hpp:31:8:[m[K [01;36m[Knote: [m[K  â€˜[01m[Kstd_msgs::msg::Float32_[m[Kâ€™
 struct [01;36m[KFloat32_[m[K
        [01;36m[K^~~~~~~~[m[K
[01m[K/home/team/SoftwareDevelopment/ROS2/skinny/src/autonomy/src/autonomy_node.cpp:8:75:[m[K [01;31m[Kerror: [m[Ktemplate argument 1 is invalid
 std::shared_ptr<rclcpp::Publisher<std_msgs::Float32_<std::allocator<void> [01;31m[K>[m[K, std::allocator<void> > > driveRightSpeedPublisher;
                                                                           [01;31m[K^[m[K
[01m[K/home/team/SoftwareDevelopment/ROS2/skinny/src/autonomy/src/autonomy_node.cpp:8:99:[m[K [01;31m[Kerror: [m[Kwrong number of template arguments (2, should be 1)
 std::shared_ptr<rclcpp::Publisher<std_msgs::Float32_<std::allocator<void> >, std::allocator<void> [01;31m[K>[m[K > driveRightSpeedPublisher;
                                                                                                   [01;31m[K^[m[K
In file included from [01m[K/usr/include/c++/7/bits/shared_ptr.h:52:0[m[K,
                 from [01m[K/usr/include/c++/7/memory:81[m[K,
                 from [01m[K/opt/ros/eloquent/include/rclcpp/rclcpp.hpp:143[m[K,
                 from [01m[K/home/team/SoftwareDevelopment/ROS2/skinny/src/autonomy/src/autonomy_node.cpp:1[m[K:
[01m[K/usr/include/c++/7/bits/shared_ptr_base.h:347:11:[m[K [01;36m[Knote: [m[Kprovided for â€˜[01m[Ktemplate<class _Tp> class std::shared_ptr[m[Kâ€™
     class [01;36m[Kshared_ptr[m[K;
           [01;36m[K^~~~~~~~~~[m[K
[01m[K/home/team/SoftwareDevelopment/ROS2/skinny/src/autonomy/src/autonomy_node.cpp:8:101:[m[K [01;31m[Kerror: [m[Kexpected unqualified-id before â€˜[01m[K>[m[Kâ€™ token
 std::shared_ptr<rclcpp::Publisher<std_msgs::Float32_<std::allocator<void> >, std::allocator<void> > [01;31m[K>[m[K driveRightSpeedPublisher;
                                                                                                     [01;31m[K^[m[K
[01m[K/home/team/SoftwareDevelopment/ROS2/skinny/src/autonomy/src/autonomy_node.cpp:[m[K In function â€˜[01m[Kvoid postitionCallback(messages::msg::ZedPosition_<std::allocator<void> >::SharedPtr)[m[Kâ€™:
[01m[K/home/team/SoftwareDevelopment/ROS2/skinny/src/autonomy/src/autonomy_node.cpp:13:18:[m[K [01;31m[Kerror: [m[Kâ€˜[01m[Kusing element_type = struct messages::msg::ZedPosition_<std::allocator<void> > {aka struct messages::msg::ZedPosition_<std::allocator<void> >}[m[Kâ€™ has no member named â€˜[01m[KaZ[m[Kâ€™
  if(zedPosition->[01;31m[KaZ[m[K > 2.5){
                  [01;31m[K^~[m[K
[01m[K/home/team/SoftwareDevelopment/ROS2/skinny/src/autonomy/src/autonomy_node.cpp:17:23:[m[K [01;31m[Kerror: [m[Kâ€˜[01m[Kusing element_type = struct messages::msg::ZedPosition_<std::allocator<void> > {aka struct messages::msg::ZedPosition_<std::allocator<void> >}[m[Kâ€™ has no member named â€˜[01m[KaX[m[Kâ€™
  else if(zedPosition->[01;31m[KaX[m[K == -1){
                       [01;31m[K^~[m[K
[01m[K/home/team/SoftwareDevelopment/ROS2/skinny/src/autonomy/src/autonomy_node.cpp:23:2:[m[K [01;31m[Kerror: [m[Kâ€˜[01m[KdriveLeftSpeedPublisher[m[Kâ€™ was not declared in this scope
  [01;31m[KdriveLeftSpeedPublisher[m[K->publish(speedLeft);
  [01;31m[K^~~~~~~~~~~~~~~~~~~~~~~[m[K
[01m[K/home/team/SoftwareDevelopment/ROS2/skinny/src/autonomy/src/autonomy_node.cpp:24:2:[m[K [01;31m[Kerror: [m[Kâ€˜[01m[KdriveRightSpeedPublisher[m[Kâ€™ was not declared in this scope
  [01;31m[KdriveRightSpeedPublisher[m[K->publish(speedRight);
  [01;31m[K^~~~~~~~~~~~~~~~~~~~~~~~[m[K
[01m[K/home/team/SoftwareDevelopment/ROS2/skinny/src/autonomy/src/autonomy_node.cpp:[m[K In function â€˜[01m[Kint main(int, char**)[m[Kâ€™:
[01m[K/home/team/SoftwareDevelopment/ROS2/skinny/src/autonomy/src/autonomy_node.cpp:28:25:[m[K [01;31m[Kerror: [m[Kinvalid conversion from â€˜[01m[Kint[m[Kâ€™ to â€˜[01m[Kconst char* const*[m[Kâ€™ [[01;31m[K-fpermissive[m[K]
  rclcpp::init(argc, argc[01;31m[K)[m[K;
                         [01;31m[K^[m[K
In file included from [01m[K/opt/ros/eloquent/include/rclcpp/client.hpp:35:0[m[K,
                 from [01m[K/opt/ros/eloquent/include/rclcpp/callback_group.hpp:23[m[K,
                 from [01m[K/opt/ros/eloquent/include/rclcpp/any_executable.hpp:20[m[K,
                 from [01m[K/opt/ros/eloquent/include/rclcpp/memory_strategy.hpp:24[m[K,
                 from [01m[K/opt/ros/eloquent/include/rclcpp/memory_strategies.hpp:18[m[K,
                 from [01m[K/opt/ros/eloquent/include/rclcpp/executor.hpp:33[m[K,
                 from [01m[K/opt/ros/eloquent/include/rclcpp/executors/multi_threaded_executor.hpp:25[m[K,
                 from [01m[K/opt/ros/eloquent/include/rclcpp/executors.hpp:21[m[K,
                 from [01m[K/opt/ros/eloquent/include/rclcpp/rclcpp.hpp:145[m[K,
                 from [01m[K/home/team/SoftwareDevelopment/ROS2/skinny/src/autonomy/src/autonomy_node.cpp:1[m[K:
[01m[K/opt/ros/eloquent/include/rclcpp/utilities.hpp:56:1:[m[K [01;36m[Knote: [m[K  initializing argument 2 of â€˜[01m[Kvoid rclcpp::init(int, const char* const*, const rclcpp::InitOptions&)[m[Kâ€™
 [01;36m[Kinit[m[K(int argc, char const * const argv[], const InitOptions & init_options = InitOptions());
 [01;36m[K^~~~[m[K
[01m[K/home/team/SoftwareDevelopment/ROS2/skinny/src/autonomy/src/autonomy_node.cpp:31:110:[m[K [01;31m[Kerror: [m[Kâ€˜[01m[KpositionCallback[m[Kâ€™ was not declared in this scope
  auto zedPositionSubscriber = nodeHandle->create_subscription<messages::msg::ZedPosition>("zed_position", 1, [01;31m[KpositionCallback[m[K);
                                                                                                              [01;31m[K^~~~~~~~~~~~~~~~[m[K
[01m[K/home/team/SoftwareDevelopment/ROS2/skinny/src/autonomy/src/autonomy_node.cpp:31:110:[m[K [01;36m[Knote: [m[Ksuggested alternative: â€˜[01m[KpostitionCallback[m[Kâ€™
  auto zedPositionSubscriber = nodeHandle->create_subscription<messages::msg::ZedPosition>("zed_position", 1, [01;36m[KpositionCallback[m[K);
                                                                                                              [01;36m[K^~~~~~~~~~~~~~~~[m[K
                                                                                                              [32m[KpostitionCallback[m[K
[01m[K/home/team/SoftwareDevelopment/ROS2/skinny/src/autonomy/src/autonomy_node.cpp:33:2:[m[K [01;31m[Kerror: [m[Kâ€˜[01m[KdriveLeftSpeedPublisher[m[Kâ€™ was not declared in this scope
  [01;31m[KdriveLeftSpeedPublisher[m[K = nodeHandle->create_publisher<std_msgs::msg::Float32>("drive_left_speed", 1);
  [01;31m[K^~~~~~~~~~~~~~~~~~~~~~~[m[K
[01m[K/home/team/SoftwareDevelopment/ROS2/skinny/src/autonomy/src/autonomy_node.cpp:34:2:[m[K [01;31m[Kerror: [m[Kâ€˜[01m[KdriveRightSpeedPublisher[m[Kâ€™ was not declared in this scope
  [01;31m[KdriveRightSpeedPublisher[m[K = nodeHandle->create_publisher<std_msgs::msg::Float32>("drive_right_speed", 1);
  [01;31m[K^~~~~~~~~~~~~~~~~~~~~~~~[m[K
[01m[K/home/team/SoftwareDevelopment/ROS2/skinny/src/autonomy/src/autonomy_node.cpp:37:16:[m[K [01;35m[Kwarning: [m[Kthe address of â€˜[01m[Kbool rclcpp::ok(rclcpp::Context::SharedPtr)[m[Kâ€™ will never be NULL [[01;35m[K-Waddress[m[K]
  while(rclcpp::[01;35m[Kok[m[K)){
                [01;35m[K^~[m[K
[01m[K/home/team/SoftwareDevelopment/ROS2/skinny/src/autonomy/src/autonomy_node.cpp:37:19:[m[K [01;31m[Kerror: [m[Kexpected primary-expression before â€˜[01m[K)[m[Kâ€™ token
  while(rclcpp::ok)[01;31m[K)[m[K{
                   [01;31m[K^[m[K
[01m[K/home/team/SoftwareDevelopment/ROS2/skinny/src/autonomy/src/autonomy_node.cpp:27:27:[m[K [01;35m[Kwarning: [m[Kunused parameter â€˜[01m[Kargv[m[Kâ€™ [[01;35m[K-Wunused-parameter[m[K]
 int main(int argc, char **[01;35m[Kargv[m[K){
                           [01;35m[K^~~~[m[K
make[2]: *** [CMakeFiles/autonomy_node.dir/src/autonomy_node.cpp.o] Error 1
make[1]: *** [CMakeFiles/autonomy_node.dir/all] Error 2
make: *** [all] Error 2
