[0.140s] Invoking command in '/home/team/SoftwareDevelopment/ROS2/skinny/src/build/autonomy': CMAKE_PREFIX_PATH=/home/team/SoftwareDevelopment/ROS2/skinny/src/install/messages:/home/team/SoftwareDevelopment/ROS2/skinny/src/install/zed_tracking:/home/team/SoftwareDevelopment/ROS2/skinny/src/install/talon:/home/team/SoftwareDevelopment/ROS2/skinny/src/install/power_distribution_panel:/home/team/SoftwareDevelopment/ROS2/skinny/src/install/logic:/home/team/SoftwareDevelopment/ROS2/skinny/src/install/communication:/home/team/SoftwareDevelopment/ROS2/skinny/src/install/autonomy:/home/team/SoftwareDevelopment/ROS2/skinny/src/install/excavation:/opt/ros/eloquent /usr/bin/cmake --build /home/team/SoftwareDevelopment/ROS2/skinny/src/build/autonomy -- -j4 -l4
[0.345s] [35m[1mScanning dependencies of target autonomy_node[0m
[0.468s] [ 50%] [32mBuilding CXX object CMakeFiles/autonomy_node.dir/src/autonomy_node.cpp.o[0m
[4.485s] [01m[K/home/team/SoftwareDevelopment/ROS2/skinny/src/autonomy/src/autonomy_node.cpp:7:45:[m[K [01;31m[Kerror: [m[Kâ€˜[01m[KFloat32_[m[Kâ€™ is not a member of â€˜[01m[Kstd_msgs[m[Kâ€™
[4.485s]  std::shared_ptr<rclcpp::Publisher<std_msgs::[01;31m[KFloat32_[m[K<std::allocator<void> >, std::allocator<void> > > driveLeftSpeedPublisher;
[4.486s]                                              [01;31m[K^~~~~~~~[m[K
[4.486s] [01m[K/home/team/SoftwareDevelopment/ROS2/skinny/src/autonomy/src/autonomy_node.cpp:7:45:[m[K [01;36m[Knote: [m[Ksuggested alternative:
[4.487s] In file included from [01m[K/opt/ros/eloquent/include/std_msgs/msg/float32.hpp:7:0[m[K,
[4.487s]                  from [01m[K/home/team/SoftwareDevelopment/ROS2/skinny/src/autonomy/src/autonomy_node.cpp:2[m[K:
[4.488s] [01m[K/opt/ros/eloquent/include/std_msgs/msg/float32__struct.hpp:31:8:[m[K [01;36m[Knote: [m[K  â€˜[01m[Kstd_msgs::msg::Float32_[m[Kâ€™
[4.488s]  struct [01;36m[KFloat32_[m[K
[4.489s]         [01;36m[K^~~~~~~~[m[K
[4.489s] [01m[K/home/team/SoftwareDevelopment/ROS2/skinny/src/autonomy/src/autonomy_node.cpp:7:45:[m[K [01;31m[Kerror: [m[Kâ€˜[01m[KFloat32_[m[Kâ€™ is not a member of â€˜[01m[Kstd_msgs[m[Kâ€™
[4.490s]  std::shared_ptr<rclcpp::Publisher<std_msgs::[01;31m[KFloat32_[m[K<std::allocator<void> >, std::allocator<void> > > driveLeftSpeedPublisher;
[4.490s]                                              [01;31m[K^~~~~~~~[m[K
[4.491s] [01m[K/home/team/SoftwareDevelopment/ROS2/skinny/src/autonomy/src/autonomy_node.cpp:7:45:[m[K [01;36m[Knote: [m[Ksuggested alternative:
[4.491s] In file included from [01m[K/opt/ros/eloquent/include/std_msgs/msg/float32.hpp:7:0[m[K,
[4.492s]                  from [01m[K/home/team/SoftwareDevelopment/ROS2/skinny/src/autonomy/src/autonomy_node.cpp:2[m[K:
[4.492s] [01m[K/opt/ros/eloquent/include/std_msgs/msg/float32__struct.hpp:31:8:[m[K [01;36m[Knote: [m[K  â€˜[01m[Kstd_msgs::msg::Float32_[m[Kâ€™
[4.493s]  struct [01;36m[KFloat32_[m[K
[4.493s]         [01;36m[K^~~~~~~~[m[K
[4.494s] [01m[K/home/team/SoftwareDevelopment/ROS2/skinny/src/autonomy/src/autonomy_node.cpp:7:75:[m[K [01;31m[Kerror: [m[Ktemplate argument 1 is invalid
[4.494s]  std::shared_ptr<rclcpp::Publisher<std_msgs::Float32_<std::allocator<void> [01;31m[K>[m[K, std::allocator<void> > > driveLeftSpeedPublisher;
[4.495s]                                                                            [01;31m[K^[m[K
[4.496s] [01m[K/home/team/SoftwareDevelopment/ROS2/skinny/src/autonomy/src/autonomy_node.cpp:7:99:[m[K [01;31m[Kerror: [m[Kwrong number of template arguments (2, should be 1)
[4.496s]  std::shared_ptr<rclcpp::Publisher<std_msgs::Float32_<std::allocator<void> >, std::allocator<void> [01;31m[K>[m[K > driveLeftSpeedPublisher;
[4.497s]                                                                                                    [01;31m[K^[m[K
[4.497s] In file included from [01m[K/usr/include/c++/7/bits/shared_ptr.h:52:0[m[K,
[4.498s]                  from [01m[K/usr/include/c++/7/memory:81[m[K,
[4.498s]                  from [01m[K/opt/ros/eloquent/include/rclcpp/rclcpp.hpp:143[m[K,
[4.499s]                  from [01m[K/home/team/SoftwareDevelopment/ROS2/skinny/src/autonomy/src/autonomy_node.cpp:1[m[K:
[4.499s] [01m[K/usr/include/c++/7/bits/shared_ptr_base.h:347:11:[m[K [01;36m[Knote: [m[Kprovided for â€˜[01m[Ktemplate<class _Tp> class std::shared_ptr[m[Kâ€™
[4.500s]      class [01;36m[Kshared_ptr[m[K;
[4.500s]            [01;36m[K^~~~~~~~~~[m[K
[4.501s] [01m[K/home/team/SoftwareDevelopment/ROS2/skinny/src/autonomy/src/autonomy_node.cpp:7:101:[m[K [01;31m[Kerror: [m[Kexpected unqualified-id before â€˜[01m[K>[m[Kâ€™ token
[4.501s]  std::shared_ptr<rclcpp::Publisher<std_msgs::Float32_<std::allocator<void> >, std::allocator<void> > [01;31m[K>[m[K driveLeftSpeedPublisher;
[4.502s]                                                                                                      [01;31m[K^[m[K
[4.502s] [01m[K/home/team/SoftwareDevelopment/ROS2/skinny/src/autonomy/src/autonomy_node.cpp:8:45:[m[K [01;31m[Kerror: [m[Kâ€˜[01m[KFloat32_[m[Kâ€™ is not a member of â€˜[01m[Kstd_msgs[m[Kâ€™
[4.503s]  std::shared_ptr<rclcpp::Publisher<std_msgs::[01;31m[KFloat32_[m[K<std::allocator<void> >, std::allocator<void> > > driveRightSpeedPublisher;
[4.504s]                                              [01;31m[K^~~~~~~~[m[K
[4.504s] [01m[K/home/team/SoftwareDevelopment/ROS2/skinny/src/autonomy/src/autonomy_node.cpp:8:45:[m[K [01;36m[Knote: [m[Ksuggested alternative:
[4.505s] In file included from [01m[K/opt/ros/eloquent/include/std_msgs/msg/float32.hpp:7:0[m[K,
[4.506s]                  from [01m[K/home/team/SoftwareDevelopment/ROS2/skinny/src/autonomy/src/autonomy_node.cpp:2[m[K:
[4.506s] [01m[K/opt/ros/eloquent/include/std_msgs/msg/float32__struct.hpp:31:8:[m[K [01;36m[Knote: [m[K  â€˜[01m[Kstd_msgs::msg::Float32_[m[Kâ€™
[4.507s]  struct [01;36m[KFloat32_[m[K
[4.507s]         [01;36m[K^~~~~~~~[m[K
[4.508s] [01m[K/home/team/SoftwareDevelopment/ROS2/skinny/src/autonomy/src/autonomy_node.cpp:8:45:[m[K [01;31m[Kerror: [m[Kâ€˜[01m[KFloat32_[m[Kâ€™ is not a member of â€˜[01m[Kstd_msgs[m[Kâ€™
[4.508s]  std::shared_ptr<rclcpp::Publisher<std_msgs::[01;31m[KFloat32_[m[K<std::allocator<void> >, std::allocator<void> > > driveRightSpeedPublisher;
[4.509s]                                              [01;31m[K^~~~~~~~[m[K
[4.509s] [01m[K/home/team/SoftwareDevelopment/ROS2/skinny/src/autonomy/src/autonomy_node.cpp:8:45:[m[K [01;36m[Knote: [m[Ksuggested alternative:
[4.510s] In file included from [01m[K/opt/ros/eloquent/include/std_msgs/msg/float32.hpp:7:0[m[K,
[4.510s]                  from [01m[K/home/team/SoftwareDevelopment/ROS2/skinny/src/autonomy/src/autonomy_node.cpp:2[m[K:
[4.511s] [01m[K/opt/ros/eloquent/include/std_msgs/msg/float32__struct.hpp:31:8:[m[K [01;36m[Knote: [m[K  â€˜[01m[Kstd_msgs::msg::Float32_[m[Kâ€™
[4.511s]  struct [01;36m[KFloat32_[m[K
[4.512s]         [01;36m[K^~~~~~~~[m[K
[4.512s] [01m[K/home/team/SoftwareDevelopment/ROS2/skinny/src/autonomy/src/autonomy_node.cpp:8:75:[m[K [01;31m[Kerror: [m[Ktemplate argument 1 is invalid
[4.512s]  std::shared_ptr<rclcpp::Publisher<std_msgs::Float32_<std::allocator<void> [01;31m[K>[m[K, std::allocator<void> > > driveRightSpeedPublisher;
[4.513s]                                                                            [01;31m[K^[m[K
[4.513s] [01m[K/home/team/SoftwareDevelopment/ROS2/skinny/src/autonomy/src/autonomy_node.cpp:8:99:[m[K [01;31m[Kerror: [m[Kwrong number of template arguments (2, should be 1)
[4.514s]  std::shared_ptr<rclcpp::Publisher<std_msgs::Float32_<std::allocator<void> >, std::allocator<void> [01;31m[K>[m[K > driveRightSpeedPublisher;
[4.514s]                                                                                                    [01;31m[K^[m[K
[4.515s] In file included from [01m[K/usr/include/c++/7/bits/shared_ptr.h:52:0[m[K,
[4.515s]                  from [01m[K/usr/include/c++/7/memory:81[m[K,
[4.516s]                  from [01m[K/opt/ros/eloquent/include/rclcpp/rclcpp.hpp:143[m[K,
[4.516s]                  from [01m[K/home/team/SoftwareDevelopment/ROS2/skinny/src/autonomy/src/autonomy_node.cpp:1[m[K:
[4.517s] [01m[K/usr/include/c++/7/bits/shared_ptr_base.h:347:11:[m[K [01;36m[Knote: [m[Kprovided for â€˜[01m[Ktemplate<class _Tp> class std::shared_ptr[m[Kâ€™
[4.517s]      class [01;36m[Kshared_ptr[m[K;
[4.518s]            [01;36m[K^~~~~~~~~~[m[K
[4.518s] [01m[K/home/team/SoftwareDevelopment/ROS2/skinny/src/autonomy/src/autonomy_node.cpp:8:101:[m[K [01;31m[Kerror: [m[Kexpected unqualified-id before â€˜[01m[K>[m[Kâ€™ token
[4.518s]  std::shared_ptr<rclcpp::Publisher<std_msgs::Float32_<std::allocator<void> >, std::allocator<void> > [01;31m[K>[m[K driveRightSpeedPublisher;
[4.519s]                                                                                                      [01;31m[K^[m[K
[4.519s] [01m[K/home/team/SoftwareDevelopment/ROS2/skinny/src/autonomy/src/autonomy_node.cpp:[m[K In function â€˜[01m[Kvoid postitionCallback(messages::msg::ZedPosition_<std::allocator<void> >::SharedPtr)[m[Kâ€™:
[4.520s] [01m[K/home/team/SoftwareDevelopment/ROS2/skinny/src/autonomy/src/autonomy_node.cpp:13:18:[m[K [01;31m[Kerror: [m[Kâ€˜[01m[Kusing element_type = struct messages::msg::ZedPosition_<std::allocator<void> > {aka struct messages::msg::ZedPosition_<std::allocator<void> >}[m[Kâ€™ has no member named â€˜[01m[KaZ[m[Kâ€™
[4.520s]   if(zedPosition->[01;31m[KaZ[m[K > 2.5){
[4.521s]                   [01;31m[K^~[m[K
[4.521s] [01m[K/home/team/SoftwareDevelopment/ROS2/skinny/src/autonomy/src/autonomy_node.cpp:17:23:[m[K [01;31m[Kerror: [m[Kâ€˜[01m[Kusing element_type = struct messages::msg::ZedPosition_<std::allocator<void> > {aka struct messages::msg::ZedPosition_<std::allocator<void> >}[m[Kâ€™ has no member named â€˜[01m[KaX[m[Kâ€™
[4.522s]   else if(zedPosition->[01;31m[KaX[m[K == -1){
[4.522s]                        [01;31m[K^~[m[K
[4.523s] [01m[K/home/team/SoftwareDevelopment/ROS2/skinny/src/autonomy/src/autonomy_node.cpp:23:2:[m[K [01;31m[Kerror: [m[Kâ€˜[01m[KdriveLeftSpeedPublisher[m[Kâ€™ was not declared in this scope
[4.524s]   [01;31m[KdriveLeftSpeedPublisher[m[K->publish(speedLeft);
[4.524s]   [01;31m[K^~~~~~~~~~~~~~~~~~~~~~~[m[K
[4.525s] [01m[K/home/team/SoftwareDevelopment/ROS2/skinny/src/autonomy/src/autonomy_node.cpp:24:2:[m[K [01;31m[Kerror: [m[Kâ€˜[01m[KdriveRightSpeedPublisher[m[Kâ€™ was not declared in this scope
[4.525s]   [01;31m[KdriveRightSpeedPublisher[m[K->publish(speedRight);
[4.526s]   [01;31m[K^~~~~~~~~~~~~~~~~~~~~~~~[m[K
[4.542s] [01m[K/home/team/SoftwareDevelopment/ROS2/skinny/src/autonomy/src/autonomy_node.cpp:[m[K In function â€˜[01m[Kint main(int, char**)[m[Kâ€™:
[4.543s] [01m[K/home/team/SoftwareDevelopment/ROS2/skinny/src/autonomy/src/autonomy_node.cpp:28:25:[m[K [01;31m[Kerror: [m[Kinvalid conversion from â€˜[01m[Kint[m[Kâ€™ to â€˜[01m[Kconst char* const*[m[Kâ€™ [[01;31m[K-fpermissive[m[K]
[4.543s]   rclcpp::init(argc, argc[01;31m[K)[m[K;
[4.544s]                          [01;31m[K^[m[K
[4.544s] In file included from [01m[K/opt/ros/eloquent/include/rclcpp/client.hpp:35:0[m[K,
[4.545s]                  from [01m[K/opt/ros/eloquent/include/rclcpp/callback_group.hpp:23[m[K,
[4.546s]                  from [01m[K/opt/ros/eloquent/include/rclcpp/any_executable.hpp:20[m[K,
[4.546s]                  from [01m[K/opt/ros/eloquent/include/rclcpp/memory_strategy.hpp:24[m[K,
[4.547s]                  from [01m[K/opt/ros/eloquent/include/rclcpp/memory_strategies.hpp:18[m[K,
[4.548s]                  from [01m[K/opt/ros/eloquent/include/rclcpp/executor.hpp:33[m[K,
[4.548s]                  from [01m[K/opt/ros/eloquent/include/rclcpp/executors/multi_threaded_executor.hpp:25[m[K,
[4.549s]                  from [01m[K/opt/ros/eloquent/include/rclcpp/executors.hpp:21[m[K,
[4.549s]                  from [01m[K/opt/ros/eloquent/include/rclcpp/rclcpp.hpp:145[m[K,
[4.550s]                  from [01m[K/home/team/SoftwareDevelopment/ROS2/skinny/src/autonomy/src/autonomy_node.cpp:1[m[K:
[4.550s] [01m[K/opt/ros/eloquent/include/rclcpp/utilities.hpp:56:1:[m[K [01;36m[Knote: [m[K  initializing argument 2 of â€˜[01m[Kvoid rclcpp::init(int, const char* const*, const rclcpp::InitOptions&)[m[Kâ€™
[4.551s]  [01;36m[Kinit[m[K(int argc, char const * const argv[], const InitOptions & init_options = InitOptions());
[4.551s]  [01;36m[K^~~~[m[K
[4.552s] [01m[K/home/team/SoftwareDevelopment/ROS2/skinny/src/autonomy/src/autonomy_node.cpp:31:110:[m[K [01;31m[Kerror: [m[Kâ€˜[01m[KpositionCallback[m[Kâ€™ was not declared in this scope
[4.552s]   auto zedPositionSubscriber = nodeHandle->create_subscription<messages::msg::ZedPosition>("zed_position", 1, [01;31m[KpositionCallback[m[K);
[4.553s]                                                                                                               [01;31m[K^~~~~~~~~~~~~~~~[m[K
[4.553s] [01m[K/home/team/SoftwareDevelopment/ROS2/skinny/src/autonomy/src/autonomy_node.cpp:31:110:[m[K [01;36m[Knote: [m[Ksuggested alternative: â€˜[01m[KpostitionCallback[m[Kâ€™
[4.554s]   auto zedPositionSubscriber = nodeHandle->create_subscription<messages::msg::ZedPosition>("zed_position", 1, [01;36m[KpositionCallback[m[K);
[4.554s]                                                                                                               [01;36m[K^~~~~~~~~~~~~~~~[m[K
[4.555s]                                                                                                               [32m[KpostitionCallback[m[K
[4.555s] [01m[K/home/team/SoftwareDevelopment/ROS2/skinny/src/autonomy/src/autonomy_node.cpp:33:2:[m[K [01;31m[Kerror: [m[Kâ€˜[01m[KdriveLeftSpeedPublisher[m[Kâ€™ was not declared in this scope
[4.556s]   [01;31m[KdriveLeftSpeedPublisher[m[K = nodeHandle->create_publisher<std_msgs::msg::Float32>("drive_left_speed", 1);
[4.556s]   [01;31m[K^~~~~~~~~~~~~~~~~~~~~~~[m[K
[4.585s] [01m[K/home/team/SoftwareDevelopment/ROS2/skinny/src/autonomy/src/autonomy_node.cpp:34:2:[m[K [01;31m[Kerror: [m[Kâ€˜[01m[KdriveRightSpeedPublisher[m[Kâ€™ was not declared in this scope
[4.586s]   [01;31m[KdriveRightSpeedPublisher[m[K = nodeHandle->create_publisher<std_msgs::msg::Float32>("drive_right_speed", 1);
[4.586s]   [01;31m[K^~~~~~~~~~~~~~~~~~~~~~~~[m[K
[4.605s] [01m[K/home/team/SoftwareDevelopment/ROS2/skinny/src/autonomy/src/autonomy_node.cpp:37:16:[m[K [01;35m[Kwarning: [m[Kthe address of â€˜[01m[Kbool rclcpp::ok(rclcpp::Context::SharedPtr)[m[Kâ€™ will never be NULL [[01;35m[K-Waddress[m[K]
[4.606s]   while(rclcpp::[01;35m[Kok[m[K)){
[4.607s]                 [01;35m[K^~[m[K
[4.607s] [01m[K/home/team/SoftwareDevelopment/ROS2/skinny/src/autonomy/src/autonomy_node.cpp:37:19:[m[K [01;31m[Kerror: [m[Kexpected primary-expression before â€˜[01m[K)[m[Kâ€™ token
[4.608s]   while(rclcpp::ok)[01;31m[K)[m[K{
[4.608s]                    [01;31m[K^[m[K
[4.609s] [01m[K/home/team/SoftwareDevelopment/ROS2/skinny/src/autonomy/src/autonomy_node.cpp:27:27:[m[K [01;35m[Kwarning: [m[Kunused parameter â€˜[01m[Kargv[m[Kâ€™ [[01;35m[K-Wunused-parameter[m[K]
[4.609s]  int main(int argc, char **[01;35m[Kargv[m[K){
[4.610s]                            [01;35m[K^~~~[m[K
[6.689s] CMakeFiles/autonomy_node.dir/build.make:62: recipe for target 'CMakeFiles/autonomy_node.dir/src/autonomy_node.cpp.o' failed
[6.690s] CMakeFiles/Makefile2:131: recipe for target 'CMakeFiles/autonomy_node.dir/all' failed
[6.691s] make[2]: *** [CMakeFiles/autonomy_node.dir/src/autonomy_node.cpp.o] Error 1
[6.692s] make[1]: *** [CMakeFiles/autonomy_node.dir/all] Error 2
[6.692s] Makefile:140: recipe for target 'all' failed
[6.693s] make: *** [all] Error 2
[6.703s] Invoked command in '/home/team/SoftwareDevelopment/ROS2/skinny/src/build/autonomy' returned '2': CMAKE_PREFIX_PATH=/home/team/SoftwareDevelopment/ROS2/skinny/src/install/messages:/home/team/SoftwareDevelopment/ROS2/skinny/src/install/zed_tracking:/home/team/SoftwareDevelopment/ROS2/skinny/src/install/talon:/home/team/SoftwareDevelopment/ROS2/skinny/src/install/power_distribution_panel:/home/team/SoftwareDevelopment/ROS2/skinny/src/install/logic:/home/team/SoftwareDevelopment/ROS2/skinny/src/install/communication:/home/team/SoftwareDevelopment/ROS2/skinny/src/install/autonomy:/home/team/SoftwareDevelopment/ROS2/skinny/src/install/excavation:/opt/ros/eloquent /usr/bin/cmake --build /home/team/SoftwareDevelopment/ROS2/skinny/src/build/autonomy -- -j4 -l4
