[35m[1mScanning dependencies of target logic_node[0m
[ 50%] [32mBuilding CXX object CMakeFiles/logic_node.dir/src/logic_node.cpp.o[0m
[01m[K/home/team/SoftwareDevelopment/ROS2/skinny/src/logic/src/logic_node.cpp:[m[K In function â€˜[01m[Kvoid joystickButtonCallback(messages::msg::ButtonState_<std::allocator<void> >::SharedPtr)[m[Kâ€™:
[01m[K/home/team/SoftwareDevelopment/ROS2/skinny/src/logic/src/logic_node.cpp:117:26:[m[K [01;31m[Kerror: [m[Kâ€˜[01m[KecxavationAuger[m[Kâ€™ was not declared in this scope
             auger.data = [01;31m[KecxavationAuger[m[K;
                          [01;31m[K^~~~~~~~~~~~~~~[m[K
[01m[K/home/team/SoftwareDevelopment/ROS2/skinny/src/logic/src/logic_node.cpp:117:26:[m[K [01;36m[Knote: [m[Ksuggested alternative: â€˜[01m[KexcavationAuger[m[Kâ€™
             auger.data = [01;36m[KecxavationAuger[m[K;
                          [01;36m[K^~~~~~~~~~~~~~~[m[K
                          [32m[KexcavationAuger[m[K
[01m[K/home/team/SoftwareDevelopment/ROS2/skinny/src/logic/src/logic_node.cpp:119:13:[m[K [01;31m[Kerror: [m[Kâ€˜[01m[KexcavationAugerPublisher[m[Kâ€™ was not declared in this scope
             [01;31m[KexcavationAugerPublisher[m[K->publish(auger);
             [01;31m[K^~~~~~~~~~~~~~~~~~~~~~~~[m[K
[01m[K/home/team/SoftwareDevelopment/ROS2/skinny/src/logic/src/logic_node.cpp:119:13:[m[K [01;36m[Knote: [m[Ksuggested alternative: â€˜[01m[KexcavatonAugerPublisher[m[Kâ€™
             [01;36m[KexcavationAugerPublisher[m[K->publish(auger);
             [01;36m[K^~~~~~~~~~~~~~~~~~~~~~~~[m[K
             [32m[KexcavatonAugerPublisher[m[K
[01m[K/home/team/SoftwareDevelopment/ROS2/skinny/src/logic/src/logic_node.cpp:129:26:[m[K [01;31m[Kerror: [m[Kâ€˜[01m[KexavationAngle[m[Kâ€™ was not declared in this scope
             angle.data = [01;31m[KexavationAngle[m[K;
                          [01;31m[K^~~~~~~~~~~~~~[m[K
[01m[K/home/team/SoftwareDevelopment/ROS2/skinny/src/logic/src/logic_node.cpp:129:26:[m[K [01;36m[Knote: [m[Ksuggested alternative: â€˜[01m[KexcavationAngle[m[Kâ€™
             angle.data = [01;36m[KexavationAngle[m[K;
                          [01;36m[K^~~~~~~~~~~~~~[m[K
                          [32m[KexcavationAngle[m[K
[01m[K/home/team/SoftwareDevelopment/ROS2/skinny/src/logic/src/logic_node.cpp:131:13:[m[K [01;31m[Kerror: [m[Kâ€˜[01m[KexavationAnglePublisher[m[Kâ€™ was not declared in this scope
             [01;31m[KexavationAnglePublisher[m[K->publish(angle);
             [01;31m[K^~~~~~~~~~~~~~~~~~~~~~~[m[K
[01m[K/home/team/SoftwareDevelopment/ROS2/skinny/src/logic/src/logic_node.cpp:131:13:[m[K [01;36m[Knote: [m[Ksuggested alternative: â€˜[01m[KexcavtionAnglePublisher[m[Kâ€™
             [01;36m[KexavationAnglePublisher[m[K->publish(angle);
             [01;36m[K^~~~~~~~~~~~~~~~~~~~~~~[m[K
             [32m[KexcavtionAnglePublisher[m[K
[01m[K/home/team/SoftwareDevelopment/ROS2/skinny/src/logic/src/logic_node.cpp:137:13:[m[K [01;31m[Kerror: [m[Kâ€˜[01m[KexcavationAnglePublisher[m[Kâ€™ was not declared in this scope
             [01;31m[KexcavationAnglePublisher[m[K->publish(angle);
             [01;31m[K^~~~~~~~~~~~~~~~~~~~~~~~[m[K
[01m[K/home/team/SoftwareDevelopment/ROS2/skinny/src/logic/src/logic_node.cpp:137:13:[m[K [01;36m[Knote: [m[Ksuggested alternative: â€˜[01m[KexcavtionAnglePublisher[m[Kâ€™
             [01;36m[KexcavationAnglePublisher[m[K->publish(angle);
             [01;36m[K^~~~~~~~~~~~~~~~~~~~~~~~[m[K
             [32m[KexcavtionAnglePublisher[m[K
[01m[K/home/team/SoftwareDevelopment/ROS2/skinny/src/logic/src/logic_node.cpp:[m[K In function â€˜[01m[Kint main(int, char**)[m[Kâ€™:
[01m[K/home/team/SoftwareDevelopment/ROS2/skinny/src/logic/src/logic_node.cpp:300:5:[m[K [01;31m[Kerror: [m[Kâ€˜[01m[KexcavationAugerPublisher[m[Kâ€™ was not declared in this scope
     [01;31m[KexcavationAugerPublisher[m[K = nodeHandle->create_publisher<std_msgs::msg::Float32>("excavationAuger",1);
     [01;31m[K^~~~~~~~~~~~~~~~~~~~~~~~[m[K
[01m[K/home/team/SoftwareDevelopment/ROS2/skinny/src/logic/src/logic_node.cpp:300:5:[m[K [01;36m[Knote: [m[Ksuggested alternative: â€˜[01m[KexcavatonAugerPublisher[m[Kâ€™
     [01;36m[KexcavationAugerPublisher[m[K = nodeHandle->create_publisher<std_msgs::msg::Float32>("excavationAuger",1);
     [01;36m[K^~~~~~~~~~~~~~~~~~~~~~~~[m[K
     [32m[KexcavatonAugerPublisher[m[K
[01m[K/home/team/SoftwareDevelopment/ROS2/skinny/src/logic/src/logic_node.cpp:301:5:[m[K [01;31m[Kerror: [m[Kâ€˜[01m[KexcavationAnglePublisher[m[Kâ€™ was not declared in this scope
     [01;31m[KexcavationAnglePublisher[m[K = nodeHandle->create_publisher<std_msgs::msg::Float32>("excavationAngle",1)
     [01;31m[K^~~~~~~~~~~~~~~~~~~~~~~~[m[K
[01m[K/home/team/SoftwareDevelopment/ROS2/skinny/src/logic/src/logic_node.cpp:301:5:[m[K [01;36m[Knote: [m[Ksuggested alternative: â€˜[01m[KexcavtionAnglePublisher[m[Kâ€™
     [01;36m[KexcavationAnglePublisher[m[K = nodeHandle->create_publisher<std_msgs::msg::Float32>("excavationAngle",1)
     [01;36m[K^~~~~~~~~~~~~~~~~~~~~~~~[m[K
     [32m[KexcavtionAnglePublisher[m[K
[01m[K/home/team/SoftwareDevelopment/ROS2/skinny/src/logic/src/logic_node.cpp:310:2:[m[K [01;31m[Kerror: [m[Kâ€˜[01m[Krate[m[Kâ€™ was not declared in this scope
  [01;31m[Krate[m[K.sleep();
  [01;31m[K^~~~[m[K
[01m[K/home/team/SoftwareDevelopment/ROS2/skinny/src/logic/src/logic_node.cpp:310:2:[m[K [01;36m[Knote: [m[Ksuggested alternative: â€˜[01m[Kraise[m[Kâ€™
  [01;36m[Krate[m[K.sleep();
  [01;36m[K^~~~[m[K
  [32m[Kraise[m[K
make[2]: *** [CMakeFiles/logic_node.dir/src/logic_node.cpp.o] Error 1
CMakeFiles/logic_node.dir/build.make:62: recipe for target 'CMakeFiles/logic_node.dir/src/logic_node.cpp.o' failed
make[1]: *** [CMakeFiles/logic_node.dir/all] Error 2
CMakeFiles/Makefile2:131: recipe for target 'CMakeFiles/logic_node.dir/all' failed
Makefile:140: recipe for target 'all' failed
make: *** [all] Error 2
