[0.116s] Invoking command in '/home/team/SoftwareDevelopment/ROS2/skinny/build/logic': CMAKE_PREFIX_PATH=/home/team/SoftwareDevelopment/ROS2/skinny/install/messages:/home/team/SoftwareDevelopment/ROS2/skinny/install/zed_tracking:/home/team/SoftwareDevelopment/ROS2/skinny/install/talon:/home/team/SoftwareDevelopment/ROS2/skinny/install/power_distribution_panel:/home/team/SoftwareDevelopment/ROS2/skinny/install/logic:/home/team/SoftwareDevelopment/ROS2/skinny/install/communication:/home/team/SoftwareDevelopment/ROS2/skinny/install/autonomy:/home/team/SoftwareDevelopment/ROS2/skinny/install/excavation:/opt/ros/eloquent /usr/bin/cmake --build /home/team/SoftwareDevelopment/ROS2/skinny/build/logic -- -j4 -l4
[0.312s] [35m[1mScanning dependencies of target logic_node[0m
[0.442s] [ 50%] [32mBuilding CXX object CMakeFiles/logic_node.dir/src/logic_node.cpp.o[0m
[4.697s] [01m[K/home/team/SoftwareDevelopment/ROS2/skinny/src/logic/src/logic_node.cpp:[m[K In function â€˜[01m[Kvoid joystickButtonCallback(messages::msg::ButtonState_<std::allocator<void> >::SharedPtr)[m[Kâ€™:
[4.698s] [01m[K/home/team/SoftwareDevelopment/ROS2/skinny/src/logic/src/logic_node.cpp:117:26:[m[K [01;31m[Kerror: [m[Kâ€˜[01m[KecxavationAuger[m[Kâ€™ was not declared in this scope
[4.699s]              auger.data = [01;31m[KecxavationAuger[m[K;
[4.699s]                           [01;31m[K^~~~~~~~~~~~~~~[m[K
[4.701s] [01m[K/home/team/SoftwareDevelopment/ROS2/skinny/src/logic/src/logic_node.cpp:117:26:[m[K [01;36m[Knote: [m[Ksuggested alternative: â€˜[01m[KexcavationAuger[m[Kâ€™
[4.702s]              auger.data = [01;36m[KecxavationAuger[m[K;
[4.703s]                           [01;36m[K^~~~~~~~~~~~~~~[m[K
[4.703s]                           [32m[KexcavationAuger[m[K
[4.704s] [01m[K/home/team/SoftwareDevelopment/ROS2/skinny/src/logic/src/logic_node.cpp:119:13:[m[K [01;31m[Kerror: [m[Kâ€˜[01m[KexcavationAugerPublisher[m[Kâ€™ was not declared in this scope
[4.705s]              [01;31m[KexcavationAugerPublisher[m[K->publish(auger);
[4.706s]              [01;31m[K^~~~~~~~~~~~~~~~~~~~~~~~[m[K
[4.706s] [01m[K/home/team/SoftwareDevelopment/ROS2/skinny/src/logic/src/logic_node.cpp:119:13:[m[K [01;36m[Knote: [m[Ksuggested alternative: â€˜[01m[KexcavatonAugerPublisher[m[Kâ€™
[4.707s]              [01;36m[KexcavationAugerPublisher[m[K->publish(auger);
[4.708s]              [01;36m[K^~~~~~~~~~~~~~~~~~~~~~~~[m[K
[4.708s]              [32m[KexcavatonAugerPublisher[m[K
[4.709s] [01m[K/home/team/SoftwareDevelopment/ROS2/skinny/src/logic/src/logic_node.cpp:129:26:[m[K [01;31m[Kerror: [m[Kâ€˜[01m[KexavationAngle[m[Kâ€™ was not declared in this scope
[4.710s]              angle.data = [01;31m[KexavationAngle[m[K;
[4.711s]                           [01;31m[K^~~~~~~~~~~~~~[m[K
[4.711s] [01m[K/home/team/SoftwareDevelopment/ROS2/skinny/src/logic/src/logic_node.cpp:129:26:[m[K [01;36m[Knote: [m[Ksuggested alternative: â€˜[01m[KexcavationAngle[m[Kâ€™
[4.712s]              angle.data = [01;36m[KexavationAngle[m[K;
[4.712s]                           [01;36m[K^~~~~~~~~~~~~~[m[K
[4.713s]                           [32m[KexcavationAngle[m[K
[4.713s] [01m[K/home/team/SoftwareDevelopment/ROS2/skinny/src/logic/src/logic_node.cpp:131:13:[m[K [01;31m[Kerror: [m[Kâ€˜[01m[KexavationAnglePublisher[m[Kâ€™ was not declared in this scope
[4.714s]              [01;31m[KexavationAnglePublisher[m[K->publish(angle);
[4.715s]              [01;31m[K^~~~~~~~~~~~~~~~~~~~~~~[m[K
[4.716s] [01m[K/home/team/SoftwareDevelopment/ROS2/skinny/src/logic/src/logic_node.cpp:131:13:[m[K [01;36m[Knote: [m[Ksuggested alternative: â€˜[01m[KexcavtionAnglePublisher[m[Kâ€™
[4.716s]              [01;36m[KexavationAnglePublisher[m[K->publish(angle);
[4.717s]              [01;36m[K^~~~~~~~~~~~~~~~~~~~~~~[m[K
[4.718s]              [32m[KexcavtionAnglePublisher[m[K
[4.718s] [01m[K/home/team/SoftwareDevelopment/ROS2/skinny/src/logic/src/logic_node.cpp:137:13:[m[K [01;31m[Kerror: [m[Kâ€˜[01m[KexcavationAnglePublisher[m[Kâ€™ was not declared in this scope
[4.719s]              [01;31m[KexcavationAnglePublisher[m[K->publish(angle);
[4.720s]              [01;31m[K^~~~~~~~~~~~~~~~~~~~~~~~[m[K
[4.720s] [01m[K/home/team/SoftwareDevelopment/ROS2/skinny/src/logic/src/logic_node.cpp:137:13:[m[K [01;36m[Knote: [m[Ksuggested alternative: â€˜[01m[KexcavtionAnglePublisher[m[Kâ€™
[4.721s]              [01;36m[KexcavationAnglePublisher[m[K->publish(angle);
[4.721s]              [01;36m[K^~~~~~~~~~~~~~~~~~~~~~~~[m[K
[4.722s]              [32m[KexcavtionAnglePublisher[m[K
[5.043s] [01m[K/home/team/SoftwareDevelopment/ROS2/skinny/src/logic/src/logic_node.cpp:[m[K In function â€˜[01m[Kint main(int, char**)[m[Kâ€™:
[5.043s] [01m[K/home/team/SoftwareDevelopment/ROS2/skinny/src/logic/src/logic_node.cpp:300:5:[m[K [01;31m[Kerror: [m[Kâ€˜[01m[KexcavationAugerPublisher[m[Kâ€™ was not declared in this scope
[5.044s]      [01;31m[KexcavationAugerPublisher[m[K = nodeHandle->create_publisher<std_msgs::msg::Float32>("excavationAuger",1);
[5.045s]      [01;31m[K^~~~~~~~~~~~~~~~~~~~~~~~[m[K
[5.046s] [01m[K/home/team/SoftwareDevelopment/ROS2/skinny/src/logic/src/logic_node.cpp:300:5:[m[K [01;36m[Knote: [m[Ksuggested alternative: â€˜[01m[KexcavatonAugerPublisher[m[Kâ€™
[5.047s]      [01;36m[KexcavationAugerPublisher[m[K = nodeHandle->create_publisher<std_msgs::msg::Float32>("excavationAuger",1);
[5.047s]      [01;36m[K^~~~~~~~~~~~~~~~~~~~~~~~[m[K
[5.048s]      [32m[KexcavatonAugerPublisher[m[K
[5.049s] [01m[K/home/team/SoftwareDevelopment/ROS2/skinny/src/logic/src/logic_node.cpp:301:5:[m[K [01;31m[Kerror: [m[Kâ€˜[01m[KexcavationAnglePublisher[m[Kâ€™ was not declared in this scope
[5.050s]      [01;31m[KexcavationAnglePublisher[m[K = nodeHandle->create_publisher<std_msgs::msg::Float32>("excavationAngle",1)
[5.050s]      [01;31m[K^~~~~~~~~~~~~~~~~~~~~~~~[m[K
[5.051s] [01m[K/home/team/SoftwareDevelopment/ROS2/skinny/src/logic/src/logic_node.cpp:301:5:[m[K [01;36m[Knote: [m[Ksuggested alternative: â€˜[01m[KexcavtionAnglePublisher[m[Kâ€™
[5.051s]      [01;36m[KexcavationAnglePublisher[m[K = nodeHandle->create_publisher<std_msgs::msg::Float32>("excavationAngle",1)
[5.052s]      [01;36m[K^~~~~~~~~~~~~~~~~~~~~~~~[m[K
[5.052s]      [32m[KexcavtionAnglePublisher[m[K
[5.059s] [01m[K/home/team/SoftwareDevelopment/ROS2/skinny/src/logic/src/logic_node.cpp:310:2:[m[K [01;31m[Kerror: [m[Kâ€˜[01m[Krate[m[Kâ€™ was not declared in this scope
[5.059s]   [01;31m[Krate[m[K.sleep();
[5.060s]   [01;31m[K^~~~[m[K
[5.061s] [01m[K/home/team/SoftwareDevelopment/ROS2/skinny/src/logic/src/logic_node.cpp:310:2:[m[K [01;36m[Knote: [m[Ksuggested alternative: â€˜[01m[Kraise[m[Kâ€™
[5.062s]   [01;36m[Krate[m[K.sleep();
[5.063s]   [01;36m[K^~~~[m[K
[5.063s]   [32m[Kraise[m[K
[14.722s] make[2]: *** [CMakeFiles/logic_node.dir/src/logic_node.cpp.o] Error 1
[14.723s] CMakeFiles/logic_node.dir/build.make:62: recipe for target 'CMakeFiles/logic_node.dir/src/logic_node.cpp.o' failed
[14.724s] make[1]: *** [CMakeFiles/logic_node.dir/all] Error 2
[14.724s] CMakeFiles/Makefile2:131: recipe for target 'CMakeFiles/logic_node.dir/all' failed
[14.725s] Makefile:140: recipe for target 'all' failed
[14.725s] make: *** [all] Error 2
[14.736s] Invoked command in '/home/team/SoftwareDevelopment/ROS2/skinny/build/logic' returned '2': CMAKE_PREFIX_PATH=/home/team/SoftwareDevelopment/ROS2/skinny/install/messages:/home/team/SoftwareDevelopment/ROS2/skinny/install/zed_tracking:/home/team/SoftwareDevelopment/ROS2/skinny/install/talon:/home/team/SoftwareDevelopment/ROS2/skinny/install/power_distribution_panel:/home/team/SoftwareDevelopment/ROS2/skinny/install/logic:/home/team/SoftwareDevelopment/ROS2/skinny/install/communication:/home/team/SoftwareDevelopment/ROS2/skinny/install/autonomy:/home/team/SoftwareDevelopment/ROS2/skinny/install/excavation:/opt/ros/eloquent /usr/bin/cmake --build /home/team/SoftwareDevelopment/ROS2/skinny/build/logic -- -j4 -l4
