[0.118s] Invoking command in '/home/team/SoftwareDevelopment/ROS2/skinny/build/logic': AMENT_PREFIX_PATH=/home/team/SoftwareDevelopment/ROS2/skinny/install/messages:${AMENT_PREFIX_PATH} CMAKE_PREFIX_PATH=/home/team/SoftwareDevelopment/ROS2/skinny/install/messages:${CMAKE_PREFIX_PATH} LD_LIBRARY_PATH=/home/team/SoftwareDevelopment/ROS2/skinny/install/messages/lib:${LD_LIBRARY_PATH} PYTHONPATH=/home/team/SoftwareDevelopment/ROS2/skinny/install/messages/lib/python3.8/site-packages:${PYTHONPATH} /usr/bin/cmake --build /home/team/SoftwareDevelopment/ROS2/skinny/build/logic -- -j4 -l4
[0.301s] [35m[1mScanning dependencies of target logic_node[0m
[0.420s] [ 50%] [32mBuilding CXX object CMakeFiles/logic_node.dir/src/logic_node.cpp.o[0m
[5.745s] [01m[K/home/team/SoftwareDevelopment/ROS2/skinny/src/logic/src/logic_node.cpp:[m[K In function â€˜[01m[Kvoid updateSpeed()[m[Kâ€™:
[5.746s] [01m[K/home/team/SoftwareDevelopment/ROS2/skinny/src/logic/src/logic_node.cpp:48:33:[m[K [01;31m[Kerror: [m[Krequest for member â€˜[01m[Kpublish[m[Kâ€™ in â€˜[01m[KdriveLeftSpeedPublisher[m[Kâ€™, which is of non-class type â€˜[01m[Kint[m[Kâ€™
[5.746s]    48 |         driveLeftSpeedPublisher.[01;31m[Kpublish[m[K(speedLeft);
[5.747s]       |                                 [01;31m[K^~~~~~~[m[K
[5.747s] [01m[K/home/team/SoftwareDevelopment/ROS2/skinny/src/logic/src/logic_node.cpp:49:34:[m[K [01;31m[Kerror: [m[Krequest for member â€˜[01m[Kpublish[m[Kâ€™ in â€˜[01m[KdriveRightSpeedPublisher[m[Kâ€™, which is of non-class type â€˜[01m[Kint[m[Kâ€™
[5.747s]    49 |         driveRightSpeedPublisher.[01;31m[Kpublish[m[K(speedRight);
[5.748s]       |                                  [01;31m[K^~~~~~~[m[K
[5.748s] [01m[K/home/team/SoftwareDevelopment/ROS2/skinny/src/logic/src/logic_node.cpp:53:33:[m[K [01;31m[Kerror: [m[Krequest for member â€˜[01m[Kpublish[m[Kâ€™ in â€˜[01m[KdriveLeftSpeedPublisher[m[Kâ€™, which is of non-class type â€˜[01m[Kint[m[Kâ€™
[5.749s]    53 |         driveLeftSpeedPublisher.[01;31m[Kpublish[m[K(speedLeft);
[5.749s]       |                                 [01;31m[K^~~~~~~[m[K
[5.749s] [01m[K/home/team/SoftwareDevelopment/ROS2/skinny/src/logic/src/logic_node.cpp:54:34:[m[K [01;31m[Kerror: [m[Krequest for member â€˜[01m[Kpublish[m[Kâ€™ in â€˜[01m[KdriveRightSpeedPublisher[m[Kâ€™, which is of non-class type â€˜[01m[Kint[m[Kâ€™
[5.750s]    54 |         driveRightSpeedPublisher.[01;31m[Kpublish[m[K(speedRight);
[5.751s]       |                                  [01;31m[K^~~~~~~[m[K
[5.752s] [01m[K/home/team/SoftwareDevelopment/ROS2/skinny/src/logic/src/logic_node.cpp:[m[K At global scope:
[5.752s] [01m[K/home/team/SoftwareDevelopment/ROS2/skinny/src/logic/src/logic_node.cpp:59:33:[m[K [01;31m[Kerror: [m[Kâ€˜[01m[Kmessages[m[Kâ€™ does not name a type
[5.752s]    59 | void joystickAxisCallback(const [01;31m[Kmessages[m[K::msg::AxisState& axisState){
[5.753s]       |                                 [01;31m[K^~~~~~~~[m[K
[5.753s] [01m[K/home/team/SoftwareDevelopment/ROS2/skinny/src/logic/src/logic_node.cpp:59:46:[m[K [01;31m[Kerror: [m[Kexpected unqualified-id before â€˜[01m[K::[m[Kâ€™ token
[5.753s]    59 | void joystickAxisCallback(const messages::msg[01;31m[K::[m[KAxisState& axisState){
[5.754s]       |                                              [01;31m[K^~[m[K
[5.754s] [01m[K/home/team/SoftwareDevelopment/ROS2/skinny/src/logic/src/logic_node.cpp:59:46:[m[K [01;31m[Kerror: [m[Kexpected â€˜[01m[K)[m[Kâ€™ before â€˜[01m[K::[m[Kâ€™ token
[5.755s]    59 | void joystickAxisCallback[34m[K([m[Kconst messages::msg[01;31m[K:[m[K[32m[K:[m[KAxisState& axisState){
[5.755s]       |                          [34m[K~[m[K                   [01;31m[K^[m[K[32m[K~[m[K
[5.755s]       |                                              [32m[K)[m[K
[5.756s] [01m[K/home/team/SoftwareDevelopment/ROS2/skinny/src/logic/src/logic_node.cpp:59:46:[m[K [01;31m[Kerror: [m[Kexpected initializer before â€˜[01m[K::[m[Kâ€™ token
[5.757s]    59 | void joystickAxisCallback(const messages::msg[01;31m[K::[m[KAxisState& axisState){
[5.757s]       |                                              [01;31m[K^~[m[K
[5.757s] [01m[K/home/team/SoftwareDevelopment/ROS2/skinny/src/logic/src/logic_node.cpp:74:35:[m[K [01;31m[Kerror: [m[Kâ€˜[01m[Kmessages[m[Kâ€™ does not name a type
[5.758s]    74 | void joystickButtonCallback(const [01;31m[Kmessages[m[K::msg::ButtonState& buttonState){
[5.758s]       |                                   [01;31m[K^~~~~~~~[m[K
[5.759s] [01m[K/home/team/SoftwareDevelopment/ROS2/skinny/src/logic/src/logic_node.cpp:74:48:[m[K [01;31m[Kerror: [m[Kexpected unqualified-id before â€˜[01m[K::[m[Kâ€™ token
[5.759s]    74 | void joystickButtonCallback(const messages::msg[01;31m[K::[m[KButtonState& buttonState){
[5.759s]       |                                                [01;31m[K^~[m[K
[5.760s] [01m[K/home/team/SoftwareDevelopment/ROS2/skinny/src/logic/src/logic_node.cpp:74:48:[m[K [01;31m[Kerror: [m[Kexpected â€˜[01m[K)[m[Kâ€™ before â€˜[01m[K::[m[Kâ€™ token
[5.760s]    74 | void joystickButtonCallback[34m[K([m[Kconst messages::msg[01;31m[K:[m[K[32m[K:[m[KButtonState& buttonState){
[5.761s]       |                            [34m[K~[m[K                   [01;31m[K^[m[K[32m[K~[m[K
[5.761s]       |                                                [32m[K)[m[K
[5.762s] [01m[K/home/team/SoftwareDevelopment/ROS2/skinny/src/logic/src/logic_node.cpp:74:48:[m[K [01;31m[Kerror: [m[Kexpected initializer before â€˜[01m[K::[m[Kâ€™ token
[5.762s]    74 | void joystickButtonCallback(const messages::msg[01;31m[K::[m[KButtonState& buttonState){
[5.763s]       |                                                [01;31m[K^~[m[K
[5.763s] [01m[K/home/team/SoftwareDevelopment/ROS2/skinny/src/logic/src/logic_node.cpp:127:32:[m[K [01;31m[Kerror: [m[Kâ€˜[01m[Kmessages[m[Kâ€™ does not name a type
[5.764s]   127 | void joystickHatCallback(const [01;31m[Kmessages[m[K::msg::HatState& hatState){
[5.764s]       |                                [01;31m[K^~~~~~~~[m[K
[5.764s] [01m[K/home/team/SoftwareDevelopment/ROS2/skinny/src/logic/src/logic_node.cpp:127:45:[m[K [01;31m[Kerror: [m[Kexpected unqualified-id before â€˜[01m[K::[m[Kâ€™ token
[5.765s]   127 | void joystickHatCallback(const messages::msg[01;31m[K::[m[KHatState& hatState){
[5.765s]       |                                             [01;31m[K^~[m[K
[5.766s] [01m[K/home/team/SoftwareDevelopment/ROS2/skinny/src/logic/src/logic_node.cpp:127:45:[m[K [01;31m[Kerror: [m[Kexpected â€˜[01m[K)[m[Kâ€™ before â€˜[01m[K::[m[Kâ€™ token
[5.767s]   127 | void joystickHatCallback[34m[K([m[Kconst messages::msg[01;31m[K:[m[K[32m[K:[m[KHatState& hatState){
[5.767s]       |                         [34m[K~[m[K                   [01;31m[K^[m[K[32m[K~[m[K
[5.767s]       |                                             [32m[K)[m[K
[5.768s] [01m[K/home/team/SoftwareDevelopment/ROS2/skinny/src/logic/src/logic_node.cpp:127:45:[m[K [01;31m[Kerror: [m[Kexpected initializer before â€˜[01m[K::[m[Kâ€™ token
[5.768s]   127 | void joystickHatCallback(const messages::msg[01;31m[K::[m[KHatState& hatState){
[5.768s]       |                                             [01;31m[K^~[m[K
[5.769s] [01m[K/home/team/SoftwareDevelopment/ROS2/skinny/src/logic/src/logic_node.cpp:[m[K In function â€˜[01m[Kint main(int, char**)[m[Kâ€™:
[5.769s] [01m[K/home/team/SoftwareDevelopment/ROS2/skinny/src/logic/src/logic_node.cpp:135:66:[m[K [01;31m[Kerror: [m[Kâ€˜[01m[Kmessages[m[Kâ€™ was not declared in this scope; did you mean â€˜[01m[Kstd::__cxx11::messages[m[Kâ€™?
[5.769s]   135 |     auto joystickAxisSubscriber= nodeHandle->create_subscription<[01;31m[Kmessages[m[K::msg::AxisState>("joystick_axis",1,joystickAxisCallback);
[5.770s]       |                                                                  [01;31m[K^~~~~~~~[m[K
[5.770s]       |                                                                  [32m[Kstd::__cxx11::messages[m[K
[5.770s] In file included from [01m[K/usr/include/c++/9/string:43[m[K,
[5.771s]                  from [01m[K/usr/include/c++/9/stdexcept:39[m[K,
[5.771s]                  from [01m[K/usr/include/c++/9/array:39[m[K,
[5.771s]                  from [01m[K/usr/include/c++/9/tuple:39[m[K,
[5.772s]                  from [01m[K/usr/include/c++/9/bits/unique_ptr.h:37[m[K,
[5.772s]                  from [01m[K/usr/include/c++/9/memory:80[m[K,
[5.772s]                  from [01m[K/opt/ros/foxy/include/rclcpp/rclcpp.hpp:144[m[K,
[5.773s]                  from [01m[K/home/team/SoftwareDevelopment/ROS2/skinny/src/logic/src/logic_node.cpp:3[m[K:
[5.773s] [01m[K/usr/include/c++/9/bits/localefwd.h:206:11:[m[K [01;36m[Knote: [m[Kâ€˜[01m[Kstd::__cxx11::messages[m[Kâ€™ declared here
[5.774s]   206 |     class [01;36m[Kmessages[m[K;
[5.774s]       |           [01;36m[K^~~~~~~~[m[K
[5.774s] [01m[K/home/team/SoftwareDevelopment/ROS2/skinny/src/logic/src/logic_node.cpp:135:46:[m[K [01;31m[Kerror: [m[Kparse error in template argument list
[5.775s]   135 |     auto joystickAxisSubscriber= nodeHandle->[01;31m[Kcreate_subscription<messages::msg::AxisState>[m[K("joystick_axis",1,joystickAxisCallback);
[5.775s]       |                                              [01;31m[K^~~~~~~~~~~~~~~~~~~~~~~~~~~~~~~~~~~~~~~~~~~~~[m[K
[5.777s] [01m[K/home/team/SoftwareDevelopment/ROS2/skinny/src/logic/src/logic_node.cpp:135:110:[m[K [01;31m[Kerror: [m[Kâ€˜[01m[KjoystickAxisCallback[m[Kâ€™ was not declared in this scope
[5.778s]   135 |     auto joystickAxisSubscriber= nodeHandle->create_subscription<messages::msg::AxisState>("joystick_axis",1,[01;31m[KjoystickAxisCallback[m[K);
[5.778s]       |                                                                                                              [01;31m[K^~~~~~~~~~~~~~~~~~~~[m[K
[5.778s] [01m[K/home/team/SoftwareDevelopment/ROS2/skinny/src/logic/src/logic_node.cpp:136:48:[m[K [01;31m[Kerror: [m[Kparse error in template argument list
[5.779s]   136 |     auto joystickButtonSubscriber= nodeHandle->[01;31m[Kcreate_subscription<messages::msg::ButtonState>[m[K("joystick_button",1,joystickButtonCallback);
[5.779s]       |                                                [01;31m[K^~~~~~~~~~~~~~~~~~~~~~~~~~~~~~~~~~~~~~~~~~~~~~~[m[K
[5.789s] [01m[K/home/team/SoftwareDevelopment/ROS2/skinny/src/logic/src/logic_node.cpp:136:116:[m[K [01;31m[Kerror: [m[Kâ€˜[01m[KjoystickButtonCallback[m[Kâ€™ was not declared in this scope
[5.790s]   136 |     auto joystickButtonSubscriber= nodeHandle->create_subscription<messages::msg::ButtonState>("joystick_button",1,[01;31m[KjoystickButtonCallback[m[K);
[5.790s]       |                                                                                                                    [01;31m[K^~~~~~~~~~~~~~~~~~~~~~[m[K
[5.790s] [01m[K/home/team/SoftwareDevelopment/ROS2/skinny/src/logic/src/logic_node.cpp:137:45:[m[K [01;31m[Kerror: [m[Kparse error in template argument list
[5.791s]   137 |     auto joystickHatSubscriber= nodeHandle->[01;31m[Kcreate_subscription<messages::msg::HatState>[m[K("joystick_hat",1,joystickHatCallback);
[5.791s]       |                                             [01;31m[K^~~~~~~~~~~~~~~~~~~~~~~~~~~~~~~~~~~~~~~~~~~~[m[K
[5.799s] [01m[K/home/team/SoftwareDevelopment/ROS2/skinny/src/logic/src/logic_node.cpp:137:107:[m[K [01;31m[Kerror: [m[Kâ€˜[01m[KjoystickHatCallback[m[Kâ€™ was not declared in this scope
[5.800s]   137 |     auto joystickHatSubscriber= nodeHandle->create_subscription<messages::msg::HatState>("joystick_hat",1,[01;31m[KjoystickHatCallback[m[K);
[5.800s]       |                                                                                                           [01;31m[K^~~~~~~~~~~~~~~~~~~[m[K
[5.813s] [01m[K/home/team/SoftwareDevelopment/ROS2/skinny/src/logic/src/logic_node.cpp:139:82:[m[K [01;31m[Kerror: [m[Kcannot convert â€˜[01m[Kstd::shared_ptr<rclcpp::Publisher<std_msgs::msg::Float32_<std::allocator<void> >, std::allocator<void> > >[m[Kâ€™ to â€˜[01m[Kint[m[Kâ€™ in assignment
[5.813s]   139 |     driveLeftSpeedPublisher= [01;31m[KnodeHandle->create_publisher<std_msgs::msg::Float32>("drive_left_speed",1)[m[K;
[5.814s]       |                              [01;31m[K~~~~~~~~~~~~~~~~~~~~~~~~~~~~~~~~~~~~~~~~~~~~~~~~~~~~^~~~~~~~~~~~~~~~~~~~~~[m[K
[5.814s]       |                                                                                  [01;31m[K|[m[K
[5.815s]       |                                                                                  [01;31m[Kstd::shared_ptr<rclcpp::Publisher<std_msgs::msg::Float32_<std::allocator<void> >, std::allocator<void> > >[m[K
[5.815s] [01m[K/home/team/SoftwareDevelopment/ROS2/skinny/src/logic/src/logic_node.cpp:140:83:[m[K [01;31m[Kerror: [m[Kcannot convert â€˜[01m[Kstd::shared_ptr<rclcpp::Publisher<std_msgs::msg::Float32_<std::allocator<void> >, std::allocator<void> > >[m[Kâ€™ to â€˜[01m[Kint[m[Kâ€™ in assignment
[5.815s]   140 |     driveRightSpeedPublisher= [01;31m[KnodeHandle->create_publisher<std_msgs::msg::Float32>("drive_right_speed",1)[m[K;
[5.816s]       |                               [01;31m[K~~~~~~~~~~~~~~~~~~~~~~~~~~~~~~~~~~~~~~~~~~~~~~~~~~~~^~~~~~~~~~~~~~~~~~~~~~~[m[K
[5.816s]       |                                                                                   [01;31m[K|[m[K
[5.816s]       |                                                                                   [01;31m[Kstd::shared_ptr<rclcpp::Publisher<std_msgs::msg::Float32_<std::allocator<void> >, std::allocator<void> > >[m[K
[5.825s] [01m[K/home/team/SoftwareDevelopment/ROS2/skinny/src/logic/src/logic_node.cpp:141:75:[m[K [01;31m[Kerror: [m[Kcannot convert â€˜[01m[Kstd::shared_ptr<rclcpp::Publisher<std_msgs::msg::Bool_<std::allocator<void> >, std::allocator<void> > >[m[Kâ€™ to â€˜[01m[Kint[m[Kâ€™ in assignment
[5.825s]   141 |     driveStatePublisher= [01;31m[KnodeHandle->create_publisher<std_msgs::msg::Bool>("drive_state",1)[m[K;
[5.826s]       |                          [01;31m[K~~~~~~~~~~~~~~~~~~~~~~~~~~~~~~~~~~~~~~~~~~~~~~~~~^~~~~~~~~~~~~~~~~[m[K
[5.826s]       |                                                                           [01;31m[K|[m[K
[5.827s]       |                                                                           [01;31m[Kstd::shared_ptr<rclcpp::Publisher<std_msgs::msg::Bool_<std::allocator<void> >, std::allocator<void> > >[m[K
[9.434s] make[2]: *** [CMakeFiles/logic_node.dir/build.make:63: CMakeFiles/logic_node.dir/src/logic_node.cpp.o] Error 1
[9.434s] make[1]: *** [CMakeFiles/Makefile2:78: CMakeFiles/logic_node.dir/all] Error 2
[9.435s] make: *** [Makefile:141: all] Error 2
[9.447s] Invoked command in '/home/team/SoftwareDevelopment/ROS2/skinny/build/logic' returned '2': AMENT_PREFIX_PATH=/home/team/SoftwareDevelopment/ROS2/skinny/install/messages:${AMENT_PREFIX_PATH} CMAKE_PREFIX_PATH=/home/team/SoftwareDevelopment/ROS2/skinny/install/messages:${CMAKE_PREFIX_PATH} LD_LIBRARY_PATH=/home/team/SoftwareDevelopment/ROS2/skinny/install/messages/lib:${LD_LIBRARY_PATH} PYTHONPATH=/home/team/SoftwareDevelopment/ROS2/skinny/install/messages/lib/python3.8/site-packages:${PYTHONPATH} /usr/bin/cmake --build /home/team/SoftwareDevelopment/ROS2/skinny/build/logic -- -j4 -l4
