-- Found ament_cmake: 0.9.7 (/opt/ros/foxy/share/ament_cmake/cmake)
-- Using PYTHON_EXECUTABLE: /usr/bin/python3
-- Found rclcpp: 2.2.0 (/opt/ros/foxy/share/rclcpp/cmake)
-- Using all available rosidl_typesupport_c: rosidl_typesupport_fastrtps_c;rosidl_typesupport_introspection_c
-- Found rosidl_adapter: 1.1.0 (/opt/ros/foxy/share/rosidl_adapter/cmake)
-- Using all available rosidl_typesupport_cpp: rosidl_typesupport_fastrtps_cpp;rosidl_typesupport_introspection_cpp
-- Found rmw_implementation_cmake: 1.0.1 (/opt/ros/foxy/share/rmw_implementation_cmake/cmake)
-- Using RMW implementation 'rmw_fastrtps_cpp' as default
-- Found std_msgs: 2.0.3 (/opt/ros/foxy/share/std_msgs/cmake)
-- Found messages: 0.0.0 (/home/team/SoftwareDevelopment/ROS2/skinny/install/messages/share/messages/cmake)
-- Configuring done
-- Generating done
-- Build files have been written to: /home/team/SoftwareDevelopment/ROS2/skinny/build/power_distribution_panel
[35m[1mScanning dependencies of target power_distribution_panel_node[0m
[ 66%] [32mBuilding CXX object CMakeFiles/power_distribution_panel_node.dir/src/power_distribution_panel_node.cpp.o[0m
[ 66%] [32mBuilding CXX object CMakeFiles/power_distribution_panel_node.dir/src/PowerDistributionPanel.cpp.o[0m
[01m[K/home/team/SoftwareDevelopment/ROS2/skinny/src/power_distribution_panel/src/power_distribution_panel_node.cpp:1:10:[m[K [01;31m[Kfatal error: [m[Kros/ros.h: No such file or directory
    1 | #include [01;31m[K<ros/ros.h>[m[K
      |          [01;31m[K^~~~~~~~~~~[m[K
[01m[K/home/team/SoftwareDevelopment/ROS2/skinny/src/power_distribution_panel/src/PowerDistributionPanel.cpp:2:10:[m[K [01;31m[Kfatal error: [m[KPowerDistributionPanel.hpp: No such file or directory
    2 | #include [01;31m[K"PowerDistributionPanel.hpp"[m[K
      |          [01;31m[K^~~~~~~~~~~~~~~~~~~~~~~~~~~~[m[K
compilation terminated.
compilation terminated.
make[2]: *** [CMakeFiles/power_distribution_panel_node.dir/build.make:63: CMakeFiles/power_distribution_panel_node.dir/src/power_distribution_panel_node.cpp.o] Error 1
make[2]: *** Waiting for unfinished jobs....
make[2]: *** [CMakeFiles/power_distribution_panel_node.dir/build.make:76: CMakeFiles/power_distribution_panel_node.dir/src/PowerDistributionPanel.cpp.o] Error 1
make[1]: *** [CMakeFiles/Makefile2:78: CMakeFiles/power_distribution_panel_node.dir/all] Error 2
make: *** [Makefile:141: all] Error 2
