[0.109s] Invoking command in '/home/team/SoftwareDevelopment/ROS2/skinny/build/logic': AMENT_PREFIX_PATH=/home/team/SoftwareDevelopment/ROS2/skinny/install/messages:${AMENT_PREFIX_PATH} CMAKE_PREFIX_PATH=/home/team/SoftwareDevelopment/ROS2/skinny/install/messages:/opt/ros/eloquent LD_LIBRARY_PATH=/home/team/SoftwareDevelopment/ROS2/skinny/install/messages/lib:${LD_LIBRARY_PATH} PYTHONPATH=/home/team/SoftwareDevelopment/ROS2/skinny/install/messages/lib/python3.6/site-packages:${PYTHONPATH} /usr/bin/cmake --build /home/team/SoftwareDevelopment/ROS2/skinny/build/logic -- -j4 -l4
[0.308s] [35m[1mScanning dependencies of target logic_node[0m
[0.432s] [ 50%] [32mBuilding CXX object CMakeFiles/logic_node.dir/src/logic_node.cpp.o[0m
[4.595s] In file included from [01m[K/home/team/SoftwareDevelopment/ROS2/skinny/src/logic/include/logic/Automation1.hpp:1:0[m[K,
[4.596s]                  from [01m[K/home/team/SoftwareDevelopment/ROS2/skinny/src/logic/src/logic_node.cpp:17[m[K:
[4.596s] [01m[K/home/team/SoftwareDevelopment/ROS2/skinny/src/logic/include/logic/Automation.hpp:[m[K In member function â€˜[01m[Kvoid Automation::setNode(rclcpp::Node::SharedPtr)[m[Kâ€™:
[4.597s] [01m[K/home/team/SoftwareDevelopment/ROS2/skinny/src/logic/include/logic/Automation.hpp:21:34:[m[K [01;31m[Kerror: [m[Kâ€˜[01m[KnodeHandle[m[Kâ€™ was not declared in this scope
[4.598s]          driveLeftSpeedPublisher= [01;31m[KnodeHandle[m[K->create_publisher<std_msgs::msg::Float32>("drive_left_speed",1);
[4.598s]                                   [01;31m[K^~~~~~~~~~[m[K
[4.604s] [01m[K/home/team/SoftwareDevelopment/ROS2/skinny/src/logic/include/logic/Automation.hpp:21:85:[m[K [01;31m[Kerror: [m[Kexpected primary-expression before â€˜[01m[K>[m[Kâ€™ token
[4.605s]          driveLeftSpeedPublisher= nodeHandle->create_publisher<std_msgs::msg::Float32[01;31m[K>[m[K("drive_left_speed",1);
[4.606s]                                                                                      [01;31m[K^[m[K
[4.607s] [01m[K/home/team/SoftwareDevelopment/ROS2/skinny/src/logic/include/logic/Automation.hpp:21:106:[m[K [01;35m[Kwarning: [m[Kleft operand of comma operator has no effect [[01;35m[K-Wunused-value[m[K]
[4.607s]          driveLeftSpeedPublisher= nodeHandle->create_publisher<std_msgs::msg::Float32>("drive_left_speed",[01;35m[K1[m[K);
[4.608s]                                                                                                           [01;35m[K^[m[K
[4.608s] [01m[K/home/team/SoftwareDevelopment/ROS2/skinny/src/logic/include/logic/Automation.hpp:22:86:[m[K [01;31m[Kerror: [m[Kexpected primary-expression before â€˜[01m[K>[m[Kâ€™ token
[4.609s]          driveRightSpeedPublisher= nodeHandle->create_publisher<std_msgs::msg::Float32[01;31m[K>[m[K("drive_right_speed",1);
[4.610s]                                                                                       [01;31m[K^[m[K
[4.610s] [01m[K/home/team/SoftwareDevelopment/ROS2/skinny/src/logic/include/logic/Automation.hpp:22:108:[m[K [01;35m[Kwarning: [m[Kleft operand of comma operator has no effect [[01;35m[K-Wunused-value[m[K]
[4.611s]          driveRightSpeedPublisher= nodeHandle->create_publisher<std_msgs::msg::Float32>("drive_right_speed",[01;35m[K1[m[K);
[4.611s]                                                                                                             [01;35m[K^[m[K
[14.679s] CMakeFiles/logic_node.dir/build.make:62: recipe for target 'CMakeFiles/logic_node.dir/src/logic_node.cpp.o' failed
[14.679s] make[2]: *** [CMakeFiles/logic_node.dir/src/logic_node.cpp.o] Error 1
[14.681s] CMakeFiles/Makefile2:131: recipe for target 'CMakeFiles/logic_node.dir/all' failed
[14.681s] make[1]: *** [CMakeFiles/logic_node.dir/all] Error 2
[14.682s] Makefile:140: recipe for target 'all' failed
[14.682s] make: *** [all] Error 2
[14.694s] Invoked command in '/home/team/SoftwareDevelopment/ROS2/skinny/build/logic' returned '2': AMENT_PREFIX_PATH=/home/team/SoftwareDevelopment/ROS2/skinny/install/messages:${AMENT_PREFIX_PATH} CMAKE_PREFIX_PATH=/home/team/SoftwareDevelopment/ROS2/skinny/install/messages:/opt/ros/eloquent LD_LIBRARY_PATH=/home/team/SoftwareDevelopment/ROS2/skinny/install/messages/lib:${LD_LIBRARY_PATH} PYTHONPATH=/home/team/SoftwareDevelopment/ROS2/skinny/install/messages/lib/python3.6/site-packages:${PYTHONPATH} /usr/bin/cmake --build /home/team/SoftwareDevelopment/ROS2/skinny/build/logic -- -j4 -l4
