[35m[1mScanning dependencies of target talon_node[0m
[ 50%] [32mBuilding CXX object CMakeFiles/talon_node.dir/src/talon_node.cpp.o[0m
[01m[K/home/team/SoftwareDevelopment/ROS2/skinny/src/talon/src/talon_node.cpp:[m[K In function â€˜[01m[Kvoid stopCallback(std_msgs::msg::Empty)[m[Kâ€™:
[01m[K/home/team/SoftwareDevelopment/ROS2/skinny/src/talon/src/talon_node.cpp:27:40:[m[K [01;35m[Kwarning: [m[Kunused parameter â€˜[01m[Kempty[m[Kâ€™ [[01;35m[K-Wunused-parameter[m[K]
   27 | void stopCallback([01;35m[Kstd_msgs::msg::Empty empty[m[K){
      |                   [01;35m[K~~~~~~~~~~~~~~~~~~~~~^~~~~[m[K
[01m[K/home/team/SoftwareDevelopment/ROS2/skinny/src/talon/src/talon_node.cpp:[m[K In function â€˜[01m[Kvoid goCallback(std_msgs::msg::Empty)[m[Kâ€™:
[01m[K/home/team/SoftwareDevelopment/ROS2/skinny/src/talon/src/talon_node.cpp:31:38:[m[K [01;35m[Kwarning: [m[Kunused parameter â€˜[01m[Kempty[m[Kâ€™ [[01;35m[K-Wunused-parameter[m[K]
   31 | void goCallback([01;35m[Kstd_msgs::msg::Empty empty[m[K){
      |                 [01;35m[K~~~~~~~~~~~~~~~~~~~~~^~~~~[m[K
[01m[K/home/team/SoftwareDevelopment/ROS2/skinny/src/talon/src/talon_node.cpp:[m[K In function â€˜[01m[Kint main(int, char**)[m[Kâ€™:
[01m[K/home/team/SoftwareDevelopment/ROS2/skinny/src/talon/src/talon_node.cpp:55:2:[m[K [01;31m[Kerror: [m[Kâ€˜[01m[Kros[m[Kâ€™ has not been declared
   55 |  [01;31m[Kros[m[K::NodeHandle nodeHandleP("~");
      |  [01;31m[K^~~[m[K
[01m[K/home/team/SoftwareDevelopment/ROS2/skinny/src/talon/src/talon_node.cpp:56:2:[m[K [01;31m[Kerror: [m[Kâ€˜[01m[Kros[m[Kâ€™ has not been declared
   56 |  [01;31m[Kros[m[K::NodeHandle nodeHandle;
      |  [01;31m[K^~~[m[K
[01m[K/home/team/SoftwareDevelopment/ROS2/skinny/src/talon/src/talon_node.cpp:61:17:[m[K [01;31m[Kerror: [m[Kâ€˜[01m[KnodeHandleP[m[Kâ€™ was not declared in this scope
   61 |         success=[01;31m[KnodeHandleP[m[K.getParam("message", message);
      |                 [01;31m[K^~~~~~~~~~~[m[K
[01m[K/home/team/SoftwareDevelopment/ROS2/skinny/src/talon/src/talon_node.cpp:138:12:[m[K [01;31m[Kerror: [m[Kâ€˜[01m[KTalonOut[m[Kâ€™ is not a member of â€˜[01m[Kmessages[m[Kâ€™; did you mean â€˜[01m[Kmessages::msg::TalonOut[m[Kâ€™?
  138 |  messages::[01;31m[KTalonOut[m[K talonOut;
      |            [01;31m[K^~~~~~~~[m[K
In file included from [01m[K/home/team/SoftwareDevelopment/ROS2/skinny/install/messages/include/messages/msg/talon_out.hpp:7[m[K,
                 from [01m[K/home/team/SoftwareDevelopment/ROS2/skinny/src/talon/src/talon_node.cpp:18[m[K:
[01m[K/home/team/SoftwareDevelopment/ROS2/skinny/install/messages/include/messages/msg/detail/talon_out__struct.hpp:261:7:[m[K [01;36m[Knote: [m[Kâ€˜[01m[Kmessages::msg::TalonOut[m[Kâ€™ declared here
  261 | using [01;36m[KTalonOut[m[K =
      |       [01;36m[K^~~~~~~~[m[K
[01m[K/home/team/SoftwareDevelopment/ROS2/skinny/src/talon/src/talon_node.cpp:139:2:[m[K [01;31m[Kerror: [m[Kâ€˜[01m[Kros[m[Kâ€™ has not been declared
  139 |  [01;31m[Kros[m[K::Publisher talonOutPublisher=nodeHandle.advertise<messages::TalonOut>(infoTopic.c_str(),1);
      |  [01;31m[K^~~[m[K
[01m[K/home/team/SoftwareDevelopment/ROS2/skinny/src/talon/src/talon_node.cpp:140:2:[m[K [01;31m[Kerror: [m[Kâ€˜[01m[Kros[m[Kâ€™ has not been declared
  140 |  [01;31m[Kros[m[K::Subscriber speedSubscriber=nodeHandle.subscribe(speedTopic.c_str(),1,speedCallback);
      |  [01;31m[K^~~[m[K
[01m[K/home/team/SoftwareDevelopment/ROS2/skinny/src/talon/src/talon_node.cpp:142:2:[m[K [01;31m[Kerror: [m[Kâ€˜[01m[Kros[m[Kâ€™ has not been declared
  142 |  [01;31m[Kros[m[K::Subscriber stopSubscriber=nodeHandle.subscribe("STOP",1,stopCallback);
      |  [01;31m[K^~~[m[K
[01m[K/home/team/SoftwareDevelopment/ROS2/skinny/src/talon/src/talon_node.cpp:143:2:[m[K [01;31m[Kerror: [m[Kâ€˜[01m[Kros[m[Kâ€™ has not been declared
  143 |  [01;31m[Kros[m[K::Subscriber goSubscriber=nodeHandle.subscribe("GO",1,goCallback);
      |  [01;31m[K^~~[m[K
[01m[K/home/team/SoftwareDevelopment/ROS2/skinny/src/talon/src/talon_node.cpp:147:15:[m[K [01;31m[Kerror: [m[Kâ€˜[01m[Kros[m[Kâ€™ has not been declared
  147 |         while([01;31m[Kros[m[K::ok()){
      |               [01;31m[K^~~[m[K
[01m[K/home/team/SoftwareDevelopment/ROS2/skinny/src/talon/src/talon_node.cpp:165:4:[m[K [01;31m[Kerror: [m[Kâ€˜[01m[KtalonOut[m[Kâ€™ was not declared in this scope
  165 |    [01;31m[KtalonOut[m[K.deviceID=deviceID;
      |    [01;31m[K^~~~~~~~[m[K
[01m[K/home/team/SoftwareDevelopment/ROS2/skinny/src/talon/src/talon_node.cpp:177:4:[m[K [01;31m[Kerror: [m[Kâ€˜[01m[KtalonOutPublisher[m[Kâ€™ was not declared in this scope
  177 |    [01;31m[KtalonOutPublisher[m[K.publish(talonOut);
      |    [01;31m[K^~~~~~~~~~~~~~~~~[m[K
[01m[K/home/team/SoftwareDevelopment/ROS2/skinny/src/talon/src/talon_node.cpp:155:9:[m[K [01;35m[Kwarning: [m[Kunused variable â€˜[01m[KisInverted[m[Kâ€™ [[01;35m[K-Wunused-variable[m[K]
  155 |    bool [01;35m[KisInverted[m[K=talonSRX->GetInverted();
      |         [01;35m[K^~~~~~~~~~[m[K
[01m[K/home/team/SoftwareDevelopment/ROS2/skinny/src/talon/src/talon_node.cpp:217:3:[m[K [01;31m[Kerror: [m[Kâ€˜[01m[Kros[m[Kâ€™ has not been declared
  217 |   [01;31m[Kros[m[K::spinOnce();
      |   [01;31m[K^~~[m[K
[01m[K/home/team/SoftwareDevelopment/ROS2/skinny/src/talon/src/talon_node.cpp:113:6:[m[K [01;35m[Kwarning: [m[Kunused variable â€˜[01m[KkSlotIdx[m[Kâ€™ [[01;35m[K-Wunused-variable[m[K]
  113 |  int [01;35m[KkSlotIdx[m[K=0;
      |      [01;35m[K^~~~~~~~[m[K
[01m[K/home/team/SoftwareDevelopment/ROS2/skinny/src/talon/src/talon_node.cpp:136:14:[m[K [01;35m[Kwarning: [m[Kunused variable â€˜[01m[KstatusFrame[m[Kâ€™ [[01;35m[K-Wunused-variable[m[K]
  136 |  StatusFrame [01;35m[KstatusFrame[m[K;
      |              [01;35m[K^~~~~~~~~~~[m[K
make[2]: *** [CMakeFiles/talon_node.dir/build.make:63: CMakeFiles/talon_node.dir/src/talon_node.cpp.o] Error 1
make[1]: *** [CMakeFiles/Makefile2:78: CMakeFiles/talon_node.dir/all] Error 2
make: *** [Makefile:141: all] Error 2
