[0.105s] Invoking command in '/home/team/SoftwareDevelopment/ROS2/skinny/build/messages': CMAKE_PREFIX_PATH=${CMAKE_PREFIX_PATH}:/home/team/SoftwareDevelopment/ROS2/skinny/install/excavation:/opt/ros/eloquent /usr/bin/cmake --build /home/team/SoftwareDevelopment/ROS2/skinny/build/messages -- -j4 -l4
[1.603s] -- Found ament_cmake: 0.8.3 (/opt/ros/eloquent/share/ament_cmake/cmake)
[1.604s] -- Found PythonInterp: /usr/bin/python3 (found suitable version "3.6.9", minimum required is "3") 
[1.605s] -- Using PYTHON_EXECUTABLE: /usr/bin/python3
[1.606s] -- Found rclcpp: 0.8.5 (/opt/ros/eloquent/share/rclcpp/cmake)
[1.609s] -- Found rosidl_adapter: 0.8.3 (/opt/ros/eloquent/share/rosidl_adapter/cmake)
[1.708s] -- Found rmw_implementation_cmake: 0.8.1 (/opt/ros/eloquent/share/rmw_implementation_cmake/cmake)
[1.714s] -- Using RMW implementation 'rmw_fastrtps_cpp' as default
[1.839s] -- Found std_msgs: 0.8.1 (/opt/ros/eloquent/share/std_msgs/cmake)
[1.860s] -- Found rosidl_default_generators: 0.8.0 (/opt/ros/eloquent/share/rosidl_default_generators/cmake)
[2.370s] -- Found ament_lint_auto: 0.8.2 (/opt/ros/eloquent/share/ament_lint_auto/cmake)
[2.839s] -- Found PythonInterp: /usr/bin/python3 (found version "3.6.9") 
[3.827s] CMake Error at /opt/ros/eloquent/share/rosidl_adapter/cmake/rosidl_adapt_interfaces.cmake:60 (message):
[3.827s]   execute_process(/usr/bin/python3 -m rosidl_adapter --package-name messages
[3.828s]   --arguments-file
[3.828s]   /home/team/SoftwareDevelopment/ROS2/skinny/build/messages/rosidl_adapter__arguments__messages.json
[3.829s]   --output-dir
[3.829s]   /home/team/SoftwareDevelopment/ROS2/skinny/build/messages/rosidl_adapter/messages
[3.830s]   --output-file
[3.830s]   /home/team/SoftwareDevelopment/ROS2/skinny/build/messages/rosidl_adapter/messages.idls)
[3.830s]   returned error code 1:
[3.831s] 
[3.831s]   Error processing 'float32 x;' of 'messages/ZedPosition': ''x;' is an
[3.832s]   invalid field name.  It should have the pattern
[3.832s]   '^[a-z]([a-z0-9_]?[a-z0-9]+)*$''
[3.833s] 
[3.833s]   Traceback (most recent call last):
[3.834s] 
[3.834s]     File "/usr/lib/python3.6/runpy.py", line 193, in _run_module_as_main
[3.835s]       "__main__", mod_spec)
[3.835s]     File "/usr/lib/python3.6/runpy.py", line 85, in _run_code
[3.836s]       exec(code, run_globals)
[3.836s]     File "/opt/ros/eloquent/lib/python3.6/site-packages/rosidl_adapter/__main__.py", line 19, in <module>
[3.837s]       sys.exit(main())
[3.837s]     File "/opt/ros/eloquent/lib/python3.6/site-packages/rosidl_adapter/main.py", line 55, in main
[3.838s]       pathlib.Path(relative_path), output_dir)
[3.838s]     File "/opt/ros/eloquent/lib/python3.6/site-packages/rosidl_adapter/__init__.py", line 20, in convert_to_idl
[3.839s]       package_dir, package_name, interface_file, output_dir / 'msg')
[3.839s]     File "/opt/ros/eloquent/lib/python3.6/site-packages/rosidl_adapter/msg/__init__.py", line 28, in convert_msg_to_idl
[3.840s]       msg = parse_message_string(package_name, input_file.stem, content)
[3.840s]     File "/opt/ros/eloquent/lib/python3.6/site-packages/rosidl_adapter/parser.py", line 508, in parse_message_string
[3.841s]       field_name, default_value_string))
[3.841s]     File "/opt/ros/eloquent/lib/python3.6/site-packages/rosidl_adapter/parser.py", line 349, in __init__
[3.842s]       name, VALID_FIELD_NAME_PATTERN.pattern))
[3.842s] 
[3.843s]   NameError: 'x;' is an invalid field name.  It should have the pattern
[3.843s]   '^[a-z]([a-z0-9_]?[a-z0-9]+)*$'
[3.844s] 
[3.844s] Call Stack (most recent call first):
[3.845s]   /opt/ros/eloquent/share/rosidl_cmake/cmake/rosidl_generate_interfaces.cmake:130 (rosidl_adapt_interfaces)
[3.845s]   CMakeLists.txt:36 (rosidl_generate_interfaces)
[3.846s] 
[3.846s] 
[3.847s] -- Configuring incomplete, errors occurred!
[3.847s] See also "/home/team/SoftwareDevelopment/ROS2/skinny/build/messages/CMakeFiles/CMakeOutput.log".
[3.848s] See also "/home/team/SoftwareDevelopment/ROS2/skinny/build/messages/CMakeFiles/CMakeError.log".
[3.849s] make: *** [cmake_check_build_system] Error 1
[3.849s] Makefile:2624: recipe for target 'cmake_check_build_system' failed
[3.855s] Invoked command in '/home/team/SoftwareDevelopment/ROS2/skinny/build/messages' returned '2': CMAKE_PREFIX_PATH=${CMAKE_PREFIX_PATH}:/home/team/SoftwareDevelopment/ROS2/skinny/install/excavation:/opt/ros/eloquent /usr/bin/cmake --build /home/team/SoftwareDevelopment/ROS2/skinny/build/messages -- -j4 -l4
