[ 33%] [32mBuilding CXX object CMakeFiles/zed_tracking_node.dir/src/zed_tracking_node.cpp.o[0m
In file included from [01m[K/home/team/SoftwareDevelopment/ROS2/skinny/src/zed_tracking/src/zed_tracking_node.cpp:4:0[m[K:
[01m[K/usr/local/zed/include/sl/Camera.hpp:94:2:[m[K [01;35m[Kwarning: [m[K#warning ("'Debug' builds are not supported since this library was built in 'Release', 'RelWithDebInfo' should be preferred to avoid crashes and memory issues") [[01;35m[K-Wcpp[m[K]
 #[01;35m[Kwarning[m[K("'Debug' builds are not supported since this library was built in 'Release', 'RelWithDebInfo' should be preferred to avoid crashes and memory issues")
  [01;35m[K^~~~~~~[m[K
[01m[K/home/team/SoftwareDevelopment/ROS2/skinny/src/zed_tracking/src/zed_tracking_node.cpp:[m[K In function â€˜[01m[Kint main(int, char**)[m[Kâ€™:
[01m[K/home/team/SoftwareDevelopment/ROS2/skinny/src/zed_tracking/src/zed_tracking_node.cpp:23:5:[m[K [01;31m[Kerror: [m[Kâ€˜[01m[KCamera[m[Kâ€™ was not declared in this scope
     [01;31m[KCamera[m[K zed;

     [01;31m[K^~~~~~[m[K
[01m[K/home/team/SoftwareDevelopment/ROS2/skinny/src/zed_tracking/src/zed_tracking_node.cpp:23:5:[m[K [01;36m[Knote: [m[Ksuggested alternative:
In file included from [01m[K/home/team/SoftwareDevelopment/ROS2/skinny/src/zed_tracking/src/zed_tracking_node.cpp:4:0[m[K:
[01m[K/usr/local/zed/include/sl/Camera.hpp:6418:57:[m[K [01;36m[Knote: [m[K  â€˜[01m[Ksl::Camera[m[Kâ€™
     class /*@cond SHOWHIDDEN*/SL_SDK_EXPORT/*@endcond*/ [01;36m[KCamera[m[K {
                                                         [01;36m[K^~~~~~[m[K
[01m[K/home/team/SoftwareDevelopment/ROS2/skinny/src/zed_tracking/src/zed_tracking_node.cpp:26:5:[m[K [01;31m[Kerror: [m[Kâ€˜[01m[KInitParameters[m[Kâ€™ was not declared in this scope
     [01;31m[KInitParameters[m[K init_params;

     [01;31m[K^~~~~~~~~~~~~~[m[K
[01m[K/home/team/SoftwareDevelopment/ROS2/skinny/src/zed_tracking/src/zed_tracking_node.cpp:26:5:[m[K [01;36m[Knote: [m[Ksuggested alternative:
In file included from [01m[K/home/team/SoftwareDevelopment/ROS2/skinny/src/zed_tracking/src/zed_tracking_node.cpp:4:0[m[K:
[01m[K/usr/local/zed/include/sl/Camera.hpp:5448:58:[m[K [01;36m[Knote: [m[K  â€˜[01m[Ksl::InitParameters[m[Kâ€™
     struct /*@cond SHOWHIDDEN*/SL_SDK_EXPORT/*@endcond*/ [01;36m[KInitParameters[m[K {
                                                          [01;36m[K^~~~~~~~~~~~~~[m[K
[01m[K/home/team/SoftwareDevelopment/ROS2/skinny/src/zed_tracking/src/zed_tracking_node.cpp:28:5:[m[K [01;31m[Kerror: [m[Kâ€˜[01m[Kinit_params[m[Kâ€™ was not declared in this scope
     [01;31m[Kinit_params[m[K.camera_resolution = RESOLUTION::VGA;

     [01;31m[K^~~~~~~~~~~[m[K
[01m[K/home/team/SoftwareDevelopment/ROS2/skinny/src/zed_tracking/src/zed_tracking_node.cpp:28:5:[m[K [01;36m[Knote: [m[Ksuggested alternative: â€˜[01m[Krcl_params_t[m[Kâ€™
     [01;36m[Kinit_params[m[K.camera_resolution = RESOLUTION::VGA;

     [01;36m[K^~~~~~~~~~~[m[K
     [32m[Krcl_params_t[m[K
[01m[K/home/team/SoftwareDevelopment/ROS2/skinny/src/zed_tracking/src/zed_tracking_node.cpp:28:37:[m[K [01;31m[Kerror: [m[Kâ€˜[01m[KRESOLUTION[m[Kâ€™ has not been declared
     init_params.camera_resolution = [01;31m[KRESOLUTION[m[K::VGA;

                                     [01;31m[K^~~~~~~~~~[m[K
[01m[K/home/team/SoftwareDevelopment/ROS2/skinny/src/zed_tracking/src/zed_tracking_node.cpp:29:36:[m[K [01;31m[Kerror: [m[Kâ€˜[01m[KUNIT[m[Kâ€™ has not been declared
     init_params.coordinate_units = [01;31m[KUNIT[m[K::METER;

                                    [01;31m[K^~~~[m[K
[01m[K/home/team/SoftwareDevelopment/ROS2/skinny/src/zed_tracking/src/zed_tracking_node.cpp:30:37:[m[K [01;31m[Kerror: [m[Kâ€˜[01m[KCOORDINATE_SYSTEM[m[Kâ€™ has not been declared
     init_params.coordinate_system = [01;31m[KCOORDINATE_SYSTEM[m[K::RIGHT_HANDED_Y_UP;

                                     [01;31m[K^~~~~~~~~~~~~~~~~[m[K
[01m[K/home/team/SoftwareDevelopment/ROS2/skinny/src/zed_tracking/src/zed_tracking_node.cpp:41:5:[m[K [01;31m[Kerror: [m[Kâ€˜[01m[KERROR_CODE[m[Kâ€™ was not declared in this scope
     [01;31m[KERROR_CODE[m[K err = zed.open(init_params);

     [01;31m[K^~~~~~~~~~[m[K
[01m[K/home/team/SoftwareDevelopment/ROS2/skinny/src/zed_tracking/src/zed_tracking_node.cpp:41:5:[m[K [01;36m[Knote: [m[Ksuggested alternative:
In file included from [01m[K/home/team/SoftwareDevelopment/ROS2/skinny/src/zed_tracking/src/zed_tracking_node.cpp:4:0[m[K:
[01m[K/usr/local/zed/include/sl/Camera.hpp:365:16:[m[K [01;36m[Knote: [m[K  â€˜[01m[Ksl::ERROR_CODE[m[Kâ€™
     enum class [01;36m[KERROR_CODE[m[K {
                [01;36m[K^~~~~~~~~~[m[K
[01m[K/home/team/SoftwareDevelopment/ROS2/skinny/src/zed_tracking/src/zed_tracking_node.cpp:42:9:[m[K [01;31m[Kerror: [m[Kâ€˜[01m[Kerr[m[Kâ€™ was not declared in this scope
     if ([01;31m[Kerr[m[K != ERROR_CODE::SUCCESS) {

         [01;31m[K^~~[m[K
[01m[K/home/team/SoftwareDevelopment/ROS2/skinny/src/zed_tracking/src/zed_tracking_node.cpp:42:9:[m[K [01;36m[Knote: [m[Ksuggested alternative: â€˜[01m[Kerf[m[Kâ€™
     if ([01;36m[Kerr[m[K != ERROR_CODE::SUCCESS) {

         [01;36m[K^~~[m[K
         [32m[Kerf[m[K
[01m[K/home/team/SoftwareDevelopment/ROS2/skinny/src/zed_tracking/src/zed_tracking_node.cpp:42:16:[m[K [01;31m[Kerror: [m[Kâ€˜[01m[KERROR_CODE[m[Kâ€™ is not a class, namespace, or enumeration
     if (err != [01;31m[KERROR_CODE[m[K::SUCCESS) {

                [01;31m[K^~~~~~~~~~[m[K
[01m[K/home/team/SoftwareDevelopment/ROS2/skinny/src/zed_tracking/src/zed_tracking_node.cpp:43:9:[m[K [01;31m[Kerror: [m[Kâ€˜[01m[Kcout[m[Kâ€™ was not declared in this scope
         [01;31m[Kcout[m[K << "Error, unable to open ZED camera: " << err << "\n";

         [01;31m[K^~~~[m[K
[01m[K/home/team/SoftwareDevelopment/ROS2/skinny/src/zed_tracking/src/zed_tracking_node.cpp:43:9:[m[K [01;36m[Knote: [m[Ksuggested alternative:
In file included from [01m[K/opt/ros/eloquent/include/rclcpp/executor.hpp:22:0[m[K,
                 from [01m[K/opt/ros/eloquent/include/rclcpp/executors/multi_threaded_executor.hpp:25[m[K,
                 from [01m[K/opt/ros/eloquent/include/rclcpp/executors.hpp:21[m[K,
                 from [01m[K/opt/ros/eloquent/include/rclcpp/rclcpp.hpp:145[m[K,
                 from [01m[K/home/team/SoftwareDevelopment/ROS2/skinny/src/zed_tracking/src/zed_tracking_node.cpp:2[m[K:
[01m[K/usr/include/c++/7/iostream:61:18:[m[K [01;36m[Knote: [m[K  â€˜[01m[Kstd::cout[m[Kâ€™
   extern ostream [01;36m[Kcout[m[K;  /// Linked to standard output
                  [01;36m[K^~~~[m[K
[01m[K/home/team/SoftwareDevelopment/ROS2/skinny/src/zed_tracking/src/zed_tracking_node.cpp:44:9:[m[K [01;31m[Kerror: [m[Kâ€˜[01m[Kzed[m[Kâ€™ was not declared in this scope
         [01;31m[Kzed[m[K.close();

         [01;31m[K^~~[m[K
[01m[K/home/team/SoftwareDevelopment/ROS2/skinny/src/zed_tracking/src/zed_tracking_node.cpp:44:9:[m[K [01;36m[Knote: [m[Ksuggested alternative: â€˜[01m[KzedZ[m[Kâ€™
         [01;36m[Kzed[m[K.close();

         [01;36m[K^~~[m[K
         [32m[KzedZ[m[K
[01m[K/home/team/SoftwareDevelopment/ROS2/skinny/src/zed_tracking/src/zed_tracking_node.cpp:48:23:[m[K [01;31m[Kerror: [m[Kâ€˜[01m[Kzed[m[Kâ€™ was not declared in this scope
     auto cameraInfo = [01;31m[Kzed[m[K.getCameraInformation();

                       [01;31m[K^~~[m[K
[01m[K/home/team/SoftwareDevelopment/ROS2/skinny/src/zed_tracking/src/zed_tracking_node.cpp:48:23:[m[K [01;36m[Knote: [m[Ksuggested alternative: â€˜[01m[KzedZ[m[Kâ€™
     auto cameraInfo = [01;36m[Kzed[m[K.getCameraInformation();

                       [01;36m[K^~~[m[K
                       [32m[KzedZ[m[K
[01m[K/home/team/SoftwareDevelopment/ROS2/skinny/src/zed_tracking/src/zed_tracking_node.cpp:49:5:[m[K [01;31m[Kerror: [m[Kâ€˜[01m[KResolution[m[Kâ€™ was not declared in this scope
     [01;31m[KResolution[m[K image_size = cameraInfo.camera_resolution;

     [01;31m[K^~~~~~~~~~[m[K
[01m[K/home/team/SoftwareDevelopment/ROS2/skinny/src/zed_tracking/src/zed_tracking_node.cpp:49:5:[m[K [01;36m[Knote: [m[Ksuggested alternative:
In file included from [01m[K/home/team/SoftwareDevelopment/ROS2/skinny/src/zed_tracking/src/zed_tracking_node.cpp:4:0[m[K:
[01m[K/usr/local/zed/include/sl/Camera.hpp:185:12:[m[K [01;36m[Knote: [m[K  â€˜[01m[Ksl::Resolution[m[Kâ€™
     struct [01;36m[KResolution[m[K {
            [01;36m[K^~~~~~~~~~[m[K
[01m[K/home/team/SoftwareDevelopment/ROS2/skinny/src/zed_tracking/src/zed_tracking_node.cpp:50:5:[m[K [01;31m[Kerror: [m[Kâ€˜[01m[KMat[m[Kâ€™ was not declared in this scope
     [01;31m[KMat[m[K image_zed(image_size, MAT_TYPE::U8_C4);

     [01;31m[K^~~[m[K
[01m[K/home/team/SoftwareDevelopment/ROS2/skinny/src/zed_tracking/src/zed_tracking_node.cpp:50:5:[m[K [01;36m[Knote: [m[Ksuggested alternatives:
In file included from [01m[K/home/team/SoftwareDevelopment/ROS2/skinny/src/zed_tracking/src/zed_tracking_node.cpp:4:0[m[K:
[01m[K/usr/local/zed/include/sl/Camera.hpp:2212:58:[m[K [01;36m[Knote: [m[K  â€˜[01m[Ksl::Mat[m[Kâ€™
     class /*@cond SHOWHIDDEN*/SL_CORE_EXPORT/*@endcond*/ [01;36m[KMat[m[K {
                                                          [01;36m[K^~~[m[K
In file included from [01m[K/usr/include/opencv2/core.hpp:59:0[m[K,
                 from [01m[K/home/team/SoftwareDevelopment/ROS2/skinny/src/zed_tracking/include/aruco.hpp:42[m[K,
                 from [01m[K/home/team/SoftwareDevelopment/ROS2/skinny/src/zed_tracking/src/zed_tracking_node.cpp:5[m[K:
[01m[K/usr/include/opencv2/core/mat.hpp:776:18:[m[K [01;36m[Knote: [m[K  â€˜[01m[Kcv::Mat[m[Kâ€™
 class CV_EXPORTS [01;36m[KMat[m[K
                  [01;36m[K^~~[m[K
[01m[K/home/team/SoftwareDevelopment/ROS2/skinny/src/zed_tracking/src/zed_tracking_node.cpp:51:33:[m[K [01;31m[Kerror: [m[Kâ€˜[01m[Kimage_zed[m[Kâ€™ was not declared in this scope
     cv::Mat image_ocv = cv::Mat([01;31m[Kimage_zed[m[K.getHeight(), image_zed.getWidth(), CV_8UC4, image_zed.getPtr<sl::uchar1>(MEM::CPU));

                                 [01;31m[K^~~~~~~~~[m[K
[01m[K/home/team/SoftwareDevelopment/ROS2/skinny/src/zed_tracking/src/zed_tracking_node.cpp:51:33:[m[K [01;36m[Knote: [m[Ksuggested alternative: â€˜[01m[Kimage_ocv[m[Kâ€™
     cv::Mat image_ocv = cv::Mat([01;36m[Kimage_zed[m[K.getHeight(), image_zed.getWidth(), CV_8UC4, image_zed.getPtr<sl::uchar1>(MEM::CPU));

                                 [01;36m[K^~~~~~~~~[m[K
                                 [32m[Kimage_ocv[m[K
[01m[K/home/team/SoftwareDevelopment/ROS2/skinny/src/zed_tracking/src/zed_tracking_node.cpp:51:116:[m[K [01;31m[Kerror: [m[Kâ€˜[01m[KMEM[m[Kâ€™ was not declared in this scope
     cv::Mat image_ocv = cv::Mat(image_zed.getHeight(), image_zed.getWidth(), CV_8UC4, image_zed.getPtr<sl::uchar1>([01;31m[KMEM[m[K::CPU));

                                                                                                                    [01;31m[K^~~[m[K
[01m[K/home/team/SoftwareDevelopment/ROS2/skinny/src/zed_tracking/src/zed_tracking_node.cpp:51:116:[m[K [01;36m[Knote: [m[Ksuggested alternative:
In file included from [01m[K/home/team/SoftwareDevelopment/ROS2/skinny/src/zed_tracking/src/zed_tracking_node.cpp:4:0[m[K:
[01m[K/usr/local/zed/include/sl/Camera.hpp:2139:16:[m[K [01;36m[Knote: [m[K  â€˜[01m[Ksl::MEM[m[Kâ€™
     enum class [01;36m[KMEM[m[K {
                [01;36m[K^~~[m[K
[01m[K/home/team/SoftwareDevelopment/ROS2/skinny/src/zed_tracking/src/zed_tracking_node.cpp:51:32:[m[K [01;31m[Kerror: [m[Kexpected primary-expression before â€˜[01m[K([m[Kâ€™ token
     cv::Mat image_ocv = cv::Mat[01;31m[K([m[Kimage_zed.getHeight(), image_zed.getWidth(), CV_8UC4, image_zed.getPtr<sl::uchar1>(MEM::CPU));

                                [01;31m[K^[m[K
[01m[K/home/team/SoftwareDevelopment/ROS2/skinny/src/zed_tracking/src/zed_tracking_node.cpp:51:114:[m[K [01;31m[Kerror: [m[Kexpected primary-expression before â€˜[01m[K>[m[Kâ€™ token
     cv::Mat image_ocv = cv::Mat(image_zed.getHeight(), image_zed.getWidth(), CV_8UC4, image_zed.getPtr<sl::uchar1[01;31m[K>[m[K(MEM::CPU));

                                                                                                                  [01;31m[K^[m[K
[01m[K/home/team/SoftwareDevelopment/ROS2/skinny/src/zed_tracking/src/zed_tracking_node.cpp:51:116:[m[K [01;31m[Kerror: [m[Kâ€˜[01m[KMEM[m[Kâ€™ is not a class, namespace, or enumeration
     cv::Mat image_ocv = cv::Mat(image_zed.getHeight(), image_zed.getWidth(), CV_8UC4, image_zed.getPtr<sl::uchar1>([01;31m[KMEM[m[K::CPU));

                                                                                                                    [01;31m[K^~~[m[K
[01m[K/home/team/SoftwareDevelopment/ROS2/skinny/src/zed_tracking/src/zed_tracking_node.cpp:66:5:[m[K [01;31m[Kerror: [m[Kâ€˜[01m[Kcout[m[Kâ€™ was not declared in this scope
     [01;31m[Kcout[m[K << "Make sure the ArUco marker is a 6x6 (100), measuring " << actual_marker_size_meters * 1000 << " mm" << endl;

     [01;31m[K^~~~[m[K
[01m[K/home/team/SoftwareDevelopment/ROS2/skinny/src/zed_tracking/src/zed_tracking_node.cpp:66:5:[m[K [01;36m[Knote: [m[Ksuggested alternative:
In file included from [01m[K/opt/ros/eloquent/include/rclcpp/executor.hpp:22:0[m[K,
                 from [01m[K/opt/ros/eloquent/include/rclcpp/executors/multi_threaded_executor.hpp:25[m[K,
                 from [01m[K/opt/ros/eloquent/include/rclcpp/executors.hpp:21[m[K,
                 from [01m[K/opt/ros/eloquent/include/rclcpp/rclcpp.hpp:145[m[K,
                 from [01m[K/home/team/SoftwareDevelopment/ROS2/skinny/src/zed_tracking/src/zed_tracking_node.cpp:2[m[K:
[01m[K/usr/include/c++/7/iostream:61:18:[m[K [01;36m[Knote: [m[K  â€˜[01m[Kstd::cout[m[Kâ€™
   extern ostream [01;36m[Kcout[m[K;  /// Linked to standard output
                  [01;36m[K^~~~[m[K
[01m[K/home/team/SoftwareDevelopment/ROS2/skinny/src/zed_tracking/src/zed_tracking_node.cpp:66:117:[m[K [01;31m[Kerror: [m[Kâ€˜[01m[Kendl[m[Kâ€™ was not declared in this scope
     cout << "Make sure the ArUco marker is a 6x6 (100), measuring " << actual_marker_size_meters * 1000 << " mm" << [01;31m[Kendl[m[K;

                                                                                                                     [01;31m[K^~~~[m[K
[01m[K/home/team/SoftwareDevelopment/ROS2/skinny/src/zed_tracking/src/zed_tracking_node.cpp:66:117:[m[K [01;36m[Knote: [m[Ksuggested alternative:
In file included from [01m[K/usr/include/c++/7/iostream:39:0[m[K,
                 from [01m[K/opt/ros/eloquent/include/rclcpp/executor.hpp:22[m[K,
                 from [01m[K/opt/ros/eloquent/include/rclcpp/executors/multi_threaded_executor.hpp:25[m[K,
                 from [01m[K/opt/ros/eloquent/include/rclcpp/executors.hpp:21[m[K,
                 from [01m[K/opt/ros/eloquent/include/rclcpp/rclcpp.hpp:145[m[K,
                 from [01m[K/home/team/SoftwareDevelopment/ROS2/skinny/src/zed_tracking/src/zed_tracking_node.cpp:2[m[K:
[01m[K/usr/include/c++/7/ostream:590:5:[m[K [01;36m[Knote: [m[K  â€˜[01m[Kstd::endl[m[Kâ€™
     [01;36m[Kendl[m[K(basic_ostream<_CharT, _Traits>& __os)
     [01;36m[K^~~~[m[K
[01m[K/home/team/SoftwareDevelopment/ROS2/skinny/src/zed_tracking/src/zed_tracking_node.cpp:68:5:[m[K [01;31m[Kerror: [m[Kâ€˜[01m[KTransform[m[Kâ€™ was not declared in this scope
     [01;31m[KTransform[m[K pose;

     [01;31m[K^~~~~~~~~[m[K
[01m[K/home/team/SoftwareDevelopment/ROS2/skinny/src/zed_tracking/src/zed_tracking_node.cpp:68:5:[m[K [01;36m[Knote: [m[Ksuggested alternative:
In file included from [01m[K/home/team/SoftwareDevelopment/ROS2/skinny/src/zed_tracking/src/zed_tracking_node.cpp:4:0[m[K:
[01m[K/usr/local/zed/include/sl/Camera.hpp:2964:58:[m[K [01;36m[Knote: [m[K  â€˜[01m[Ksl::Transform[m[Kâ€™
     class /*@cond SHOWHIDDEN*/SL_CORE_EXPORT/*@endcond*/ [01;36m[KTransform[m[K : public Matrix4f {
                                                          [01;36m[K^~~~~~~~~[m[K
[01m[K/home/team/SoftwareDevelopment/ROS2/skinny/src/zed_tracking/src/zed_tracking_node.cpp:69:5:[m[K [01;31m[Kerror: [m[Kâ€˜[01m[KPose[m[Kâ€™ was not declared in this scope
     [01;31m[KPose[m[K zed_pose;

     [01;31m[K^~~~[m[K
[01m[K/home/team/SoftwareDevelopment/ROS2/skinny/src/zed_tracking/src/zed_tracking_node.cpp:69:5:[m[K [01;36m[Knote: [m[Ksuggested alternative:
In file included from [01m[K/home/team/SoftwareDevelopment/ROS2/skinny/src/zed_tracking/src/zed_tracking_node.cpp:4:0[m[K:
[01m[K/usr/local/zed/include/sl/Camera.hpp:3226:58:[m[K [01;36m[Knote: [m[K  â€˜[01m[Ksl::Pose[m[Kâ€™
     class /*@cond SHOWHIDDEN*/SL_CORE_EXPORT/*@endcond*/ [01;36m[KPose[m[K {
                                                          [01;36m[K^~~~[m[K
[01m[K/home/team/SoftwareDevelopment/ROS2/skinny/src/zed_tracking/src/zed_tracking_node.cpp:70:5:[m[K [01;31m[Kerror: [m[Kâ€˜[01m[Kvector[m[Kâ€™ was not declared in this scope
     [01;31m[Kvector[m[K<cv::Vec3d> rvecs, tvecs;

     [01;31m[K^~~~~~[m[K
[01m[K/home/team/SoftwareDevelopment/ROS2/skinny/src/zed_tracking/src/zed_tracking_node.cpp:70:5:[m[K [01;36m[Knote: [m[Ksuggested alternative:
In file included from [01m[K/usr/include/c++/7/vector:64:0[m[K,
                 from [01m[K/opt/ros/eloquent/include/rclcpp/executor.hpp:27[m[K,
                 from [01m[K/opt/ros/eloquent/include/rclcpp/executors/multi_threaded_executor.hpp:25[m[K,
                 from [01m[K/opt/ros/eloquent/include/rclcpp/executors.hpp:21[m[K,
                 from [01m[K/opt/ros/eloquent/include/rclcpp/rclcpp.hpp:145[m[K,
                 from [01m[K/home/team/SoftwareDevelopment/ROS2/skinny/src/zed_tracking/src/zed_tracking_node.cpp:2[m[K:
[01m[K/usr/include/c++/7/bits/stl_vector.h:216:11:[m[K [01;36m[Knote: [m[K  â€˜[01m[Kstd::vector[m[Kâ€™
     class [01;36m[Kvector[m[K : protected _Vector_base<_Tp, _Alloc>
           [01;36m[K^~~~~~[m[K
[01m[K/home/team/SoftwareDevelopment/ROS2/skinny/src/zed_tracking/src/zed_tracking_node.cpp:70:21:[m[K [01;31m[Kerror: [m[Kexpected primary-expression before â€˜[01m[K>[m[Kâ€™ token
     vector<cv::Vec3d[01;31m[K>[m[K rvecs, tvecs;

                     [01;31m[K^[m[K
[01m[K/home/team/SoftwareDevelopment/ROS2/skinny/src/zed_tracking/src/zed_tracking_node.cpp:70:23:[m[K [01;31m[Kerror: [m[Kâ€˜[01m[Krvecs[m[Kâ€™ was not declared in this scope
     vector<cv::Vec3d> [01;31m[Krvecs[m[K, tvecs;

                       [01;31m[K^~~~~[m[K
[01m[K/home/team/SoftwareDevelopment/ROS2/skinny/src/zed_tracking/src/zed_tracking_node.cpp:70:30:[m[K [01;31m[Kerror: [m[Kâ€˜[01m[Ktvecs[m[Kâ€™ was not declared in this scope
     vector<cv::Vec3d> rvecs, [01;31m[Ktvecs[m[K;

                              [01;31m[K^~~~~[m[K
[01m[K/home/team/SoftwareDevelopment/ROS2/skinny/src/zed_tracking/src/zed_tracking_node.cpp:71:12:[m[K [01;31m[Kerror: [m[Kexpected primary-expression before â€˜[01m[Kint[m[Kâ€™
     vector<[01;31m[Kint[m[K> ids;

            [01;31m[K^~~[m[K
[01m[K/home/team/SoftwareDevelopment/ROS2/skinny/src/zed_tracking/src/zed_tracking_node.cpp:72:30:[m[K [01;31m[Kerror: [m[Kexpected primary-expression before â€˜[01m[K>[m[Kâ€™ token
     vector<vector<cv::Point2f[01;31m[K>[m[K > corners;

                              [01;31m[K^[m[K
[01m[K/home/team/SoftwareDevelopment/ROS2/skinny/src/zed_tracking/src/zed_tracking_node.cpp:72:32:[m[K [01;31m[Kerror: [m[Kexpected primary-expression before â€˜[01m[K>[m[Kâ€™ token
     vector<vector<cv::Point2f> [01;31m[K>[m[K corners;

                                [01;31m[K^[m[K
[01m[K/home/team/SoftwareDevelopment/ROS2/skinny/src/zed_tracking/src/zed_tracking_node.cpp:72:34:[m[K [01;31m[Kerror: [m[Kâ€˜[01m[Kcorners[m[Kâ€™ was not declared in this scope
     vector<vector<cv::Point2f> > [01;31m[Kcorners[m[K;

                                  [01;31m[K^~~~~~~[m[K
[01m[K/home/team/SoftwareDevelopment/ROS2/skinny/src/zed_tracking/src/zed_tracking_node.cpp:72:34:[m[K [01;36m[Knote: [m[Ksuggested alternative: â€˜[01m[KcvInvert[m[Kâ€™
     vector<vector<cv::Point2f> > [01;36m[Kcorners[m[K;

                                  [01;36m[K^~~~~~~[m[K
                                  [32m[KcvInvert[m[K
[01m[K/home/team/SoftwareDevelopment/ROS2/skinny/src/zed_tracking/src/zed_tracking_node.cpp:73:5:[m[K [01;31m[Kerror: [m[Kâ€˜[01m[Kstring[m[Kâ€™ was not declared in this scope
     [01;31m[Kstring[m[K zed_position_txt;

     [01;31m[K^~~~~~[m[K
[01m[K/home/team/SoftwareDevelopment/ROS2/skinny/src/zed_tracking/src/zed_tracking_node.cpp:73:5:[m[K [01;36m[Knote: [m[Ksuggested alternatives:
In file included from [01m[K/usr/include/c++/7/iosfwd:39:0[m[K,
                 from [01m[K/usr/include/c++/7/memory:72[m[K,
                 from [01m[K/opt/ros/eloquent/include/rclcpp/rclcpp.hpp:143[m[K,
                 from [01m[K/home/team/SoftwareDevelopment/ROS2/skinny/src/zed_tracking/src/zed_tracking_node.cpp:2[m[K:
[01m[K/usr/include/c++/7/bits/stringfwd.h:74:33:[m[K [01;36m[Knote: [m[K  â€˜[01m[Kstd::__cxx11::string[m[Kâ€™
   typedef basic_string<char>    [01;36m[Kstring[m[K;
                                 [01;36m[K^~~~~~[m[K
[01m[K/usr/include/c++/7/bits/stringfwd.h:74:33:[m[K [01;36m[Knote: [m[K  â€˜[01m[Kstd::__cxx11::string[m[Kâ€™
[01m[K/home/team/SoftwareDevelopment/ROS2/skinny/src/zed_tracking/src/zed_tracking_node.cpp:74:12:[m[K [01;31m[Kerror: [m[Kexpected â€˜[01m[K;[m[Kâ€™ before â€˜[01m[Kzed_rotation_txt[m[Kâ€™
     string [01;31m[Kzed_rotation_txt[m[K;

            [01;31m[K^~~~~~~~~~~~~~~~[m[K
[01m[K/home/team/SoftwareDevelopment/ROS2/skinny/src/zed_tracking/src/zed_tracking_node.cpp:75:12:[m[K [01;31m[Kerror: [m[Kexpected â€˜[01m[K;[m[Kâ€™ before â€˜[01m[Karuco_position_txt[m[Kâ€™
     string [01;31m[Karuco_position_txt[m[K;

            [01;31m[K^~~~~~~~~~~~~~~~~~[m[K
[01m[K/home/team/SoftwareDevelopment/ROS2/skinny/src/zed_tracking/src/zed_tracking_node.cpp:79:5:[m[K [01;31m[Kerror: [m[Kâ€˜[01m[KPositionalTrackingParameters[m[Kâ€™ was not declared in this scope
     [01;31m[KPositionalTrackingParameters[m[K tracking_params;

     [01;31m[K^~~~~~~~~~~~~~~~~~~~~~~~~~~~[m[K
[01m[K/home/team/SoftwareDevelopment/ROS2/skinny/src/zed_tracking/src/zed_tracking_node.cpp:79:5:[m[K [01;36m[Knote: [m[Ksuggested alternative:
In file included from [01m[K/home/team/SoftwareDevelopment/ROS2/skinny/src/zed_tracking/src/zed_tracking_node.cpp:4:0[m[K:
[01m[K/usr/local/zed/include/sl/Camera.hpp:5831:58:[m[K [01;36m[Knote: [m[K  â€˜[01m[Ksl::PositionalTrackingParameters[m[Kâ€™
     struct /*@cond SHOWHIDDEN*/SL_SDK_EXPORT/*@endcond*/ [01;36m[KPositionalTrackingParameters[m[K {
                                                          [01;36m[K^~~~~~~~~~~~~~~~~~~~~~~~~~~~[m[K
[01m[K/home/team/SoftwareDevelopment/ROS2/skinny/src/zed_tracking/src/zed_tracking_node.cpp:80:5:[m[K [01;31m[Kerror: [m[Kâ€˜[01m[Ktracking_params[m[Kâ€™ was not declared in this scope
     [01;31m[Ktracking_params[m[K.enable_imu_fusion = false; // for this sample, IMU (of ZED-M) is disable, we use the gravity given by the marker.

     [01;31m[K^~~~~~~~~~~~~~~[m[K
[01m[K/home/team/SoftwareDevelopment/ROS2/skinny/src/zed_tracking/src/zed_tracking_node.cpp:83:27:[m[K [01;31m[Kerror: [m[Kâ€˜[01m[KERROR_CODE[m[Kâ€™ is not a class, namespace, or enumeration
     if (returned_state != [01;31m[KERROR_CODE[m[K::SUCCESS) {

                           [01;31m[K^~~~~~~~~~[m[K
[01m[K/home/team/SoftwareDevelopment/ROS2/skinny/src/zed_tracking/src/zed_tracking_node.cpp:87:5:[m[K [01;31m[Kerror: [m[Kâ€˜[01m[KPOSITIONAL_TRACKING_STATE[m[Kâ€™ was not declared in this scope
     [01;31m[KPOSITIONAL_TRACKING_STATE[m[K tracking_state;

     [01;31m[K^~~~~~~~~~~~~~~~~~~~~~~~~[m[K
[01m[K/home/team/SoftwareDevelopment/ROS2/skinny/src/zed_tracking/src/zed_tracking_node.cpp:87:5:[m[K [01;36m[Knote: [m[Ksuggested alternative:
In file included from [01m[K/home/team/SoftwareDevelopment/ROS2/skinny/src/zed_tracking/src/zed_tracking_node.cpp:4:0[m[K:
[01m[K/usr/local/zed/include/sl/Camera.hpp:5188:16:[m[K [01;36m[Knote: [m[K  â€˜[01m[Ksl::POSITIONAL_TRACKING_STATE[m[Kâ€™
     enum class [01;36m[KPOSITIONAL_TRACKING_STATE[m[K {
                [01;36m[K^~~~~~~~~~~~~~~~~~~~~~~~~[m[K
[01m[K/home/team/SoftwareDevelopment/ROS2/skinny/src/zed_tracking/src/zed_tracking_node.cpp:91:27:[m[K [01;31m[Kerror: [m[Kâ€˜[01m[KERROR_CODE[m[Kâ€™ is not a class, namespace, or enumeration
         if (zed.grab() == [01;31m[KERROR_CODE[m[K::SUCCESS) {

                           [01;31m[K^~~~~~~~~~[m[K
[01m[K/home/team/SoftwareDevelopment/ROS2/skinny/src/zed_tracking/src/zed_tracking_node.cpp:93:42:[m[K [01;31m[Kerror: [m[Kâ€˜[01m[KVIEW[m[Kâ€™ has not been declared
             zed.retrieveImage(image_zed, [01;31m[KVIEW[m[K::LEFT, MEM::CPU, image_size);

                                          [01;31m[K^~~~[m[K
[01m[K/home/team/SoftwareDevelopment/ROS2/skinny/src/zed_tracking/src/zed_tracking_node.cpp:93:54:[m[K [01;31m[Kerror: [m[Kâ€˜[01m[KMEM[m[Kâ€™ is not a class, namespace, or enumeration
             zed.retrieveImage(image_zed, VIEW::LEFT, [01;31m[KMEM[m[K::CPU, image_size);

                                                      [01;31m[K^~~[m[K
[01m[K/home/team/SoftwareDevelopment/ROS2/skinny/src/zed_tracking/src/zed_tracking_node.cpp:93:64:[m[K [01;31m[Kerror: [m[Kâ€˜[01m[Kimage_size[m[Kâ€™ was not declared in this scope
             zed.retrieveImage(image_zed, VIEW::LEFT, MEM::CPU, [01;31m[Kimage_size[m[K);

                                                                [01;31m[K^~~~~~~~~~[m[K
[01m[K/home/team/SoftwareDevelopment/ROS2/skinny/src/zed_tracking/src/zed_tracking_node.cpp:93:64:[m[K [01;36m[Knote: [m[Ksuggested alternative: â€˜[01m[Kimage_ocv[m[Kâ€™
             zed.retrieveImage(image_zed, VIEW::LEFT, MEM::CPU, [01;36m[Kimage_size[m[K);

                                                                [01;36m[K^~~~~~~~~~[m[K
                                                                [32m[Kimage_ocv[m[K
[01m[K/home/team/SoftwareDevelopment/ROS2/skinny/src/zed_tracking/src/zed_tracking_node.cpp:98:74:[m[K [01;31m[Kerror: [m[Kâ€˜[01m[Kids[m[Kâ€™ was not declared in this scope
             cv::aruco::detectMarkers(image_ocv_rgb, dictionary, corners, [01;31m[Kids[m[K);

                                                                          [01;31m[K^~~[m[K
[01m[K/home/team/SoftwareDevelopment/ROS2/skinny/src/zed_tracking/src/zed_tracking_node.cpp:98:74:[m[K [01;36m[Knote: [m[Ksuggested alternative: â€˜[01m[Kid_t[m[Kâ€™
             cv::aruco::detectMarkers(image_ocv_rgb, dictionary, corners, [01;36m[Kids[m[K);

                                                                          [01;36m[K^~~[m[K
                                                                          [32m[Kid_t[m[K
[01m[K/home/team/SoftwareDevelopment/ROS2/skinny/src/zed_tracking/src/zed_tracking_node.cpp:101:13:[m[K [01;31m[Kerror: [m[Kâ€˜[01m[Ktracking_state[m[Kâ€™ was not declared in this scope
             [01;31m[Ktracking_state[m[K = zed.getPosition(zed_pose, REFERENCE_FRAME::WORLD);

             [01;31m[K^~~~~~~~~~~~~~[m[K
[01m[K/home/team/SoftwareDevelopment/ROS2/skinny/src/zed_tracking/src/zed_tracking_node.cpp:101:13:[m[K [01;36m[Knote: [m[Ksuggested alternative: â€˜[01m[Kinitstate[m[Kâ€™
             [01;36m[Ktracking_state[m[K = zed.getPosition(zed_pose, REFERENCE_FRAME::WORLD);

             [01;36m[K^~~~~~~~~~~~~~[m[K
             [32m[Kinitstate[m[K
[01m[K/home/team/SoftwareDevelopment/ROS2/skinny/src/zed_tracking/src/zed_tracking_node.cpp:101:46:[m[K [01;31m[Kerror: [m[Kâ€˜[01m[Kzed_pose[m[Kâ€™ was not declared in this scope
             tracking_state = zed.getPosition([01;31m[Kzed_pose[m[K, REFERENCE_FRAME::WORLD);

                                              [01;31m[K^~~~~~~~[m[K
[01m[K/home/team/SoftwareDevelopment/ROS2/skinny/src/zed_tracking/src/zed_tracking_node.cpp:101:56:[m[K [01;31m[Kerror: [m[Kâ€˜[01m[KREFERENCE_FRAME[m[Kâ€™ has not been declared
             tracking_state = zed.getPosition(zed_pose, [01;31m[KREFERENCE_FRAME[m[K::WORLD);

                                                        [01;31m[K^~~~~~~~~~~~~~~[m[K
[01m[K/home/team/SoftwareDevelopment/ROS2/skinny/src/zed_tracking/src/zed_tracking_node.cpp:102:28:[m[K [01;31m[Kerror: [m[Kâ€˜[01m[KPOSITIONAL_TRACKING_STATE[m[Kâ€™ is not a class, namespace, or enumeration
      if (tracking_state == [01;31m[KPOSITIONAL_TRACKING_STATE[m[K::OK) {

                            [01;31m[K^~~~~~~~~~~~~~~~~~~~~~~~~[m[K
[01m[K/home/team/SoftwareDevelopment/ROS2/skinny/src/zed_tracking/src/zed_tracking_node.cpp:107:17:[m[K [01;31m[Kerror: [m[Kâ€˜[01m[Kzed_position_txt[m[Kâ€™ was not declared in this scope
                 [01;31m[Kzed_position_txt[m[K = "ZED  x: " + to_string(zed_pose.pose_data.tx) + "; y: " + to_string(zed_pose.pose_data.ty) + "; z: " + to_string(zed_pose.pose_data.tz);

                 [01;31m[K^~~~~~~~~~~~~~~~[m[K
[01m[K/home/team/SoftwareDevelopment/ROS2/skinny/src/zed_tracking/src/zed_tracking_node.cpp:107:17:[m[K [01;36m[Knote: [m[Ksuggested alternative: â€˜[01m[KzedPosition[m[Kâ€™
                 [01;36m[Kzed_position_txt[m[K = "ZED  x: " + to_string(zed_pose.pose_data.tx) + "; y: " + to_string(zed_pose.pose_data.ty) + "; z: " + to_string(zed_pose.pose_data.tz);

                 [01;36m[K^~~~~~~~~~~~~~~~[m[K
                 [32m[KzedPosition[m[K
[01m[K/home/team/SoftwareDevelopment/ROS2/skinny/src/zed_tracking/src/zed_tracking_node.cpp:107:49:[m[K [01;31m[Kerror: [m[Kâ€˜[01m[Kto_string[m[Kâ€™ was not declared in this scope
                 zed_position_txt = "ZED  x: " + [01;31m[Kto_string[m[K(zed_pose.pose_data.tx) + "; y: " + to_string(zed_pose.pose_data.ty) + "; z: " + to_string(zed_pose.pose_data.tz);

                                                 [01;31m[K^~~~~~~~~[m[K
[01m[K/home/team/SoftwareDevelopment/ROS2/skinny/src/zed_tracking/src/zed_tracking_node.cpp:107:49:[m[K [01;36m[Knote: [m[Ksuggested alternatives:
In file included from [01m[K/usr/include/c++/7/string:52:0[m[K,
                 from [01m[K/usr/include/c++/7/stdexcept:39[m[K,
                 from [01m[K/usr/include/c++/7/array:39[m[K,
                 from [01m[K/usr/include/c++/7/tuple:39[m[K,
                 from [01m[K/usr/include/c++/7/bits/unique_ptr.h:37[m[K,
                 from [01m[K/usr/include/c++/7/memory:80[m[K,
                 from [01m[K/opt/ros/eloquent/include/rclcpp/rclcpp.hpp:143[m[K,
                 from [01m[K/home/team/SoftwareDevelopment/ROS2/skinny/src/zed_tracking/src/zed_tracking_node.cpp:2[m[K:
[01m[K/usr/include/c++/7/bits/basic_string.h:6414:3:[m[K [01;36m[Knote: [m[K  â€˜[01m[Kstd::__cxx11::to_string[m[Kâ€™
   [01;36m[Kto_string[m[K(int __val)
   [01;36m[K^~~~~~~~~[m[K
[01m[K/usr/include/c++/7/bits/basic_string.h:6466:3:[m[K [01;36m[Knote: [m[K  â€˜[01m[Kstd::__cxx11::to_string[m[Kâ€™
   [01;36m[Kto_string[m[K(long double __val)
   [01;36m[K^~~~~~~~~[m[K
In file included from [01m[K/opt/ros/eloquent/include/rclcpp/parameter.hpp:25:0[m[K,
                 from [01m[K/opt/ros/eloquent/include/rclcpp/node_interfaces/node_parameters_interface.hpp:28[m[K,
                 from [01m[K/opt/ros/eloquent/include/rclcpp/node.hpp:51[m[K,
                 from [01m[K/opt/ros/eloquent/include/rclcpp/executors/single_threaded_executor.hpp:28[m[K,
                 from [01m[K/opt/ros/eloquent/include/rclcpp/executors.hpp:22[m[K,
                 from [01m[K/opt/ros/eloquent/include/rclcpp/rclcpp.hpp:145[m[K,
                 from [01m[K/home/team/SoftwareDevelopment/ROS2/skinny/src/zed_tracking/src/zed_tracking_node.cpp:2[m[K:
[01m[K/opt/ros/eloquent/include/rclcpp/parameter_value.hpp:341:1:[m[K [01;36m[Knote: [m[K  â€˜[01m[Krclcpp::to_string[m[Kâ€™
 [01;36m[Kto_string[m[K(const ParameterValue & type);
 [01;36m[K^~~~~~~~~[m[K
In file included from [01m[K/opt/ros/eloquent/include/rclcpp/executors/multi_threaded_executor.hpp:25:0[m[K,
                 from [01m[K/opt/ros/eloquent/include/rclcpp/executors.hpp:21[m[K,
                 from [01m[K/opt/ros/eloquent/include/rclcpp/rclcpp.hpp:145[m[K,
                 from [01m[K/home/team/SoftwareDevelopment/ROS2/skinny/src/zed_tracking/src/zed_tracking_node.cpp:2[m[K:
[01m[K/opt/ros/eloquent/include/rclcpp/executor.hpp:64:1:[m[K [01;36m[Knote: [m[K  â€˜[01m[Krclcpp::executor::to_string[m[Kâ€™
 [01;36m[Kto_string[m[K(const FutureReturnCode & future_return_code);
 [01;36m[K^~~~~~~~~[m[K
[01m[K/home/team/SoftwareDevelopment/ROS2/skinny/src/zed_tracking/src/zed_tracking_node.cpp:108:17:[m[K [01;31m[Kerror: [m[Kâ€˜[01m[Kzed_rotation_txt[m[Kâ€™ was not declared in this scope
                 [01;31m[Kzed_rotation_txt[m[K = "ZED  a: " + to_string(zed_pose.getOrientation().ox) + "; b: " + to_string(zed_pose.getOrientation().oy) + "; c: " + to_string(zed_pose.getOrientation().oz);

                 [01;31m[K^~~~~~~~~~~~~~~~[m[K
[01m[K/home/team/SoftwareDevelopment/ROS2/skinny/src/zed_tracking/src/zed_tracking_node.cpp:108:17:[m[K [01;36m[Knote: [m[Ksuggested alternative: â€˜[01m[KzedPosition[m[Kâ€™
                 [01;36m[Kzed_rotation_txt[m[K = "ZED  a: " + to_string(zed_pose.getOrientation().ox) + "; b: " + to_string(zed_pose.getOrientation().oy) + "; c: " + to_string(zed_pose.getOrientation().oz);

                 [01;36m[K^~~~~~~~~~~~~~~~[m[K
                 [32m[KzedPosition[m[K
[01m[K/home/team/SoftwareDevelopment/ROS2/skinny/src/zed_tracking/src/zed_tracking_node.cpp:110:4:[m[K [01;31m[Kerror: [m[Kâ€˜[01m[Kzed_position_txt[m[Kâ€™ was not declared in this scope
    [01;31m[Kzed_position_txt[m[K = "";

    [01;31m[K^~~~~~~~~~~~~~~~[m[K
[01m[K/home/team/SoftwareDevelopment/ROS2/skinny/src/zed_tracking/src/zed_tracking_node.cpp:110:4:[m[K [01;36m[Knote: [m[Ksuggested alternative: â€˜[01m[KzedPosition[m[Kâ€™
    [01;36m[Kzed_position_txt[m[K = "";

    [01;36m[K^~~~~~~~~~~~~~~~[m[K
    [32m[KzedPosition[m[K
[01m[K/home/team/SoftwareDevelopment/ROS2/skinny/src/zed_tracking/src/zed_tracking_node.cpp:111:4:[m[K [01;31m[Kerror: [m[Kâ€˜[01m[Kzed_rotation_txt[m[Kâ€™ was not declared in this scope
    [01;31m[Kzed_rotation_txt[m[K = "";

    [01;31m[K^~~~~~~~~~~~~~~~[m[K
[01m[K/home/team/SoftwareDevelopment/ROS2/skinny/src/zed_tracking/src/zed_tracking_node.cpp:111:4:[m[K [01;36m[Knote: [m[Ksuggested alternative: â€˜[01m[KzedPosition[m[Kâ€™
    [01;36m[Kzed_rotation_txt[m[K = "";

    [01;36m[K^~~~~~~~~~~~~~~~[m[K
    [32m[KzedPosition[m[K
[01m[K/home/team/SoftwareDevelopment/ROS2/skinny/src/zed_tracking/src/zed_tracking_node.cpp:117:17:[m[K [01;31m[Kerror: [m[Kâ€˜[01m[Kpose[m[Kâ€™ was not declared in this scope
                 [01;31m[Kpose[m[K.setTranslation(sl::float3(tvecs[0](0), tvecs[0](1), tvecs[0](2)));

                 [01;31m[K^~~~[m[K
[01m[K/home/team/SoftwareDevelopment/ROS2/skinny/src/zed_tracking/src/zed_tracking_node.cpp:117:17:[m[K [01;36m[Knote: [m[Ksuggested alternative: â€˜[01m[Kpause[m[Kâ€™
                 [01;36m[Kpose[m[K.setTranslation(sl::float3(tvecs[0](0), tvecs[0](1), tvecs[0](2)));

                 [01;36m[K^~~~[m[K
                 [32m[Kpause[m[K
[01m[K/home/team/SoftwareDevelopment/ROS2/skinny/src/zed_tracking/src/zed_tracking_node.cpp:126:17:[m[K [01;31m[Kerror: [m[Kâ€˜[01m[Karuco_position_txt[m[Kâ€™ was not declared in this scope
                 [01;31m[Karuco_position_txt[m[K = "Aruco x: " + to_string(pose.tx) + "; y: " + to_string(pose.ty) + "; z: " + to_string(pose.tz);

                 [01;31m[K^~~~~~~~~~~~~~~~~~[m[K
[01m[K/home/team/SoftwareDevelopment/ROS2/skinny/src/zed_tracking/src/zed_tracking_node.cpp:126:17:[m[K [01;36m[Knote: [m[Ksuggested alternative: â€˜[01m[Krcl_duration_t[m[Kâ€™
                 [01;36m[Karuco_position_txt[m[K = "Aruco x: " + to_string(pose.tx) + "; y: " + to_string(pose.ty) + "; z: " + to_string(pose.tz);

                 [01;36m[K^~~~~~~~~~~~~~~~~~[m[K
                 [32m[Krcl_duration_t[m[K
[01m[K/home/team/SoftwareDevelopment/ROS2/skinny/src/zed_tracking/src/zed_tracking_node.cpp:126:52:[m[K [01;31m[Kerror: [m[Kâ€˜[01m[Kto_string[m[Kâ€™ was not declared in this scope
                 aruco_position_txt = "Aruco x: " + [01;31m[Kto_string[m[K(pose.tx) + "; y: " + to_string(pose.ty) + "; z: " + to_string(pose.tz);

                                                    [01;31m[K^~~~~~~~~[m[K
[01m[K/home/team/SoftwareDevelopment/ROS2/skinny/src/zed_tracking/src/zed_tracking_node.cpp:126:52:[m[K [01;36m[Knote: [m[Ksuggested alternatives:
In file included from [01m[K/usr/include/c++/7/string:52:0[m[K,
                 from [01m[K/usr/include/c++/7/stdexcept:39[m[K,
                 from [01m[K/usr/include/c++/7/array:39[m[K,
                 from [01m[K/usr/include/c++/7/tuple:39[m[K,
                 from [01m[K/usr/include/c++/7/bits/unique_ptr.h:37[m[K,
                 from [01m[K/usr/include/c++/7/memory:80[m[K,
                 from [01m[K/opt/ros/eloquent/include/rclcpp/rclcpp.hpp:143[m[K,
                 from [01m[K/home/team/SoftwareDevelopment/ROS2/skinny/src/zed_tracking/src/zed_tracking_node.cpp:2[m[K:
[01m[K/usr/include/c++/7/bits/basic_string.h:6414:3:[m[K [01;36m[Knote: [m[K  â€˜[01m[Kstd::__cxx11::to_string[m[Kâ€™
   [01;36m[Kto_string[m[K(int __val)
   [01;36m[K^~~~~~~~~[m[K
[01m[K/usr/include/c++/7/bits/basic_string.h:6466:3:[m[K [01;36m[Knote: [m[K  â€˜[01m[Kstd::__cxx11::to_string[m[Kâ€™
   [01;36m[Kto_string[m[K(long double __val)
   [01;36m[K^~~~~~~~~[m[K
In file included from [01m[K/opt/ros/eloquent/include/rclcpp/parameter.hpp:25:0[m[K,
                 from [01m[K/opt/ros/eloquent/include/rclcpp/node_interfaces/node_parameters_interface.hpp:28[m[K,
                 from [01m[K/opt/ros/eloquent/include/rclcpp/node.hpp:51[m[K,
                 from [01m[K/opt/ros/eloquent/include/rclcpp/executors/single_threaded_executor.hpp:28[m[K,
                 from [01m[K/opt/ros/eloquent/include/rclcpp/executors.hpp:22[m[K,
                 from [01m[K/opt/ros/eloquent/include/rclcpp/rclcpp.hpp:145[m[K,
                 from [01m[K/home/team/SoftwareDevelopment/ROS2/skinny/src/zed_tracking/src/zed_tracking_node.cpp:2[m[K:
[01m[K/opt/ros/eloquent/include/rclcpp/parameter_value.hpp:341:1:[m[K [01;36m[Knote: [m[K  â€˜[01m[Krclcpp::to_string[m[Kâ€™
 [01;36m[Kto_string[m[K(const ParameterValue & type);
 [01;36m[K^~~~~~~~~[m[K
In file included from [01m[K/opt/ros/eloquent/include/rclcpp/executors/multi_threaded_executor.hpp:25:0[m[K,
                 from [01m[K/opt/ros/eloquent/include/rclcpp/executors.hpp:21[m[K,
                 from [01m[K/opt/ros/eloquent/include/rclcpp/rclcpp.hpp:145[m[K,
                 from [01m[K/home/team/SoftwareDevelopment/ROS2/skinny/src/zed_tracking/src/zed_tracking_node.cpp:2[m[K:
[01m[K/opt/ros/eloquent/include/rclcpp/executor.hpp:64:1:[m[K [01;36m[Knote: [m[K  â€˜[01m[Krclcpp::executor::to_string[m[Kâ€™
 [01;36m[Kto_string[m[K(const FutureReturnCode & future_return_code);
 [01;36m[K^~~~~~~~~[m[K
[01m[K/home/team/SoftwareDevelopment/ROS2/skinny/src/zed_tracking/src/zed_tracking_node.cpp:129:3:[m[K [01;31m[Kerror: [m[Kâ€˜[01m[Karuco_position_txt[m[Kâ€™ was not declared in this scope
   [01;31m[Karuco_position_txt[m[K = "";    

   [01;31m[K^~~~~~~~~~~~~~~~~~[m[K
[01m[K/home/team/SoftwareDevelopment/ROS2/skinny/src/zed_tracking/src/zed_tracking_node.cpp:129:3:[m[K [01;36m[Knote: [m[Ksuggested alternative: â€˜[01m[Krcl_duration_t[m[Kâ€™
   [01;36m[Karuco_position_txt[m[K = "";    

   [01;36m[K^~~~~~~~~~~~~~~~~~[m[K
   [32m[Krcl_duration_t[m[K
[01m[K/home/team/SoftwareDevelopment/ROS2/skinny/src/zed_tracking/src/zed_tracking_node.cpp:143:84:[m[K [01;31m[Kerror: [m[Kâ€˜[01m[Karuco_position_txt[m[Kâ€™ was not declared in this scope
      std::cout << "ZED: x:" << zedX << " y: " << zedY << " z:" << zedZ << "   " << [01;31m[Karuco_position_txt[m[K << std::endl;

                                                                                    [01;31m[K^~~~~~~~~~~~~~~~~~[m[K
[01m[K/home/team/SoftwareDevelopment/ROS2/skinny/src/zed_tracking/src/zed_tracking_node.cpp:143:84:[m[K [01;36m[Knote: [m[Ksuggested alternative: â€˜[01m[Krcl_duration_t[m[Kâ€™
      std::cout << "ZED: x:" << zedX << " y: " << zedY << " z:" << zedZ << "   " << [01;36m[Karuco_position_txt[m[K << std::endl;

                                                                                    [01;36m[K^~~~~~~~~~~~~~~~~~[m[K
                                                                                    [32m[Krcl_duration_t[m[K
CMakeFiles/zed_tracking_node.dir/build.make:86: recipe for target 'CMakeFiles/zed_tracking_node.dir/src/zed_tracking_node.cpp.o' failed
make[2]: *** [CMakeFiles/zed_tracking_node.dir/src/zed_tracking_node.cpp.o] Error 1
make[1]: *** [CMakeFiles/zed_tracking_node.dir/all] Error 2
make: *** [all] Error 2
CMakeFiles/Makefile2:131: recipe for target 'CMakeFiles/zed_tracking_node.dir/all' failed
Makefile:140: recipe for target 'all' failed
