[0.209s] Invoking command in '/home/team/SoftwareDevelopment/ROS2/skinny/build/zed_tracking': CMAKE_PREFIX_PATH=/home/team/SoftwareDevelopment/ROS2/skinny/install/messages:/home/team/SoftwareDevelopment/ROS2/skinny/install/talon:/home/team/SoftwareDevelopment/ROS2/skinny/install/power_distribution_panel:/home/team/SoftwareDevelopment/ROS2/skinny/install/logic:/home/team/SoftwareDevelopment/ROS2/skinny/install/communication:/home/team/SoftwareDevelopment/ROS2/skinny/install/excavation:/opt/ros/eloquent /usr/bin/cmake --build /home/team/SoftwareDevelopment/ROS2/skinny/build/zed_tracking -- -j4 -l4
[0.451s] [ 33%] [32mBuilding CXX object CMakeFiles/zed_tracking_node.dir/src/zed_tracking_node.cpp.o[0m
[0.851s] In file included from [01m[K/home/team/SoftwareDevelopment/ROS2/skinny/src/zed_tracking/src/zed_tracking_node.cpp:4:0[m[K:
[0.851s] [01m[K/usr/local/zed/include/sl/Camera.hpp:94:2:[m[K [01;35m[Kwarning: [m[K#warning ("'Debug' builds are not supported since this library was built in 'Release', 'RelWithDebInfo' should be preferred to avoid crashes and memory issues") [[01;35m[K-Wcpp[m[K]
[0.852s]  #[01;35m[Kwarning[m[K("'Debug' builds are not supported since this library was built in 'Release', 'RelWithDebInfo' should be preferred to avoid crashes and memory issues")
[0.853s]   [01;35m[K^~~~~~~[m[K
[9.599s] [01m[K/home/team/SoftwareDevelopment/ROS2/skinny/src/zed_tracking/src/zed_tracking_node.cpp:[m[K In function â€˜[01m[Kint main(int, char**)[m[Kâ€™:
[9.600s] [01m[K/home/team/SoftwareDevelopment/ROS2/skinny/src/zed_tracking/src/zed_tracking_node.cpp:23:5:[m[K [01;31m[Kerror: [m[Kâ€˜[01m[KCamera[m[Kâ€™ was not declared in this scope
[9.601s]      [01;31m[KCamera[m[K zed;
[9.601s] 
[9.602s]      [01;31m[K^~~~~~[m[K
[9.603s] [01m[K/home/team/SoftwareDevelopment/ROS2/skinny/src/zed_tracking/src/zed_tracking_node.cpp:23:5:[m[K [01;36m[Knote: [m[Ksuggested alternative:
[9.603s] In file included from [01m[K/home/team/SoftwareDevelopment/ROS2/skinny/src/zed_tracking/src/zed_tracking_node.cpp:4:0[m[K:
[9.604s] [01m[K/usr/local/zed/include/sl/Camera.hpp:6418:57:[m[K [01;36m[Knote: [m[K  â€˜[01m[Ksl::Camera[m[Kâ€™
[9.604s]      class /*@cond SHOWHIDDEN*/SL_SDK_EXPORT/*@endcond*/ [01;36m[KCamera[m[K {
[9.605s]                                                          [01;36m[K^~~~~~[m[K
[9.605s] [01m[K/home/team/SoftwareDevelopment/ROS2/skinny/src/zed_tracking/src/zed_tracking_node.cpp:26:5:[m[K [01;31m[Kerror: [m[Kâ€˜[01m[KInitParameters[m[Kâ€™ was not declared in this scope
[9.606s]      [01;31m[KInitParameters[m[K init_params;
[9.607s] 
[9.608s]      [01;31m[K^~~~~~~~~~~~~~[m[K
[9.608s] [01m[K/home/team/SoftwareDevelopment/ROS2/skinny/src/zed_tracking/src/zed_tracking_node.cpp:26:5:[m[K [01;36m[Knote: [m[Ksuggested alternative:
[9.609s] In file included from [01m[K/home/team/SoftwareDevelopment/ROS2/skinny/src/zed_tracking/src/zed_tracking_node.cpp:4:0[m[K:
[9.609s] [01m[K/usr/local/zed/include/sl/Camera.hpp:5448:58:[m[K [01;36m[Knote: [m[K  â€˜[01m[Ksl::InitParameters[m[Kâ€™
[9.610s]      struct /*@cond SHOWHIDDEN*/SL_SDK_EXPORT/*@endcond*/ [01;36m[KInitParameters[m[K {
[9.611s]                                                           [01;36m[K^~~~~~~~~~~~~~[m[K
[9.611s] [01m[K/home/team/SoftwareDevelopment/ROS2/skinny/src/zed_tracking/src/zed_tracking_node.cpp:28:5:[m[K [01;31m[Kerror: [m[Kâ€˜[01m[Kinit_params[m[Kâ€™ was not declared in this scope
[9.612s]      [01;31m[Kinit_params[m[K.camera_resolution = RESOLUTION::VGA;
[9.612s] 
[9.614s]      [01;31m[K^~~~~~~~~~~[m[K
[9.617s] [01m[K/home/team/SoftwareDevelopment/ROS2/skinny/src/zed_tracking/src/zed_tracking_node.cpp:28:5:[m[K [01;36m[Knote: [m[Ksuggested alternative: â€˜[01m[Krcl_params_t[m[Kâ€™
[9.618s]      [01;36m[Kinit_params[m[K.camera_resolution = RESOLUTION::VGA;
[9.618s] 
[9.619s]      [01;36m[K^~~~~~~~~~~[m[K
[9.620s]      [32m[Krcl_params_t[m[K
[9.620s] [01m[K/home/team/SoftwareDevelopment/ROS2/skinny/src/zed_tracking/src/zed_tracking_node.cpp:28:37:[m[K [01;31m[Kerror: [m[Kâ€˜[01m[KRESOLUTION[m[Kâ€™ has not been declared
[9.621s]      init_params.camera_resolution = [01;31m[KRESOLUTION[m[K::VGA;
[9.623s] 
[9.624s]                                      [01;31m[K^~~~~~~~~~[m[K
[9.624s] [01m[K/home/team/SoftwareDevelopment/ROS2/skinny/src/zed_tracking/src/zed_tracking_node.cpp:29:36:[m[K [01;31m[Kerror: [m[Kâ€˜[01m[KUNIT[m[Kâ€™ has not been declared
[9.625s]      init_params.coordinate_units = [01;31m[KUNIT[m[K::METER;
[9.626s] 
[9.627s]                                     [01;31m[K^~~~[m[K
[9.627s] [01m[K/home/team/SoftwareDevelopment/ROS2/skinny/src/zed_tracking/src/zed_tracking_node.cpp:30:37:[m[K [01;31m[Kerror: [m[Kâ€˜[01m[KCOORDINATE_SYSTEM[m[Kâ€™ has not been declared
[9.628s]      init_params.coordinate_system = [01;31m[KCOORDINATE_SYSTEM[m[K::RIGHT_HANDED_Y_UP;
[9.629s] 
[9.630s]                                      [01;31m[K^~~~~~~~~~~~~~~~~[m[K
[9.631s] [01m[K/home/team/SoftwareDevelopment/ROS2/skinny/src/zed_tracking/src/zed_tracking_node.cpp:41:5:[m[K [01;31m[Kerror: [m[Kâ€˜[01m[KERROR_CODE[m[Kâ€™ was not declared in this scope
[9.631s]      [01;31m[KERROR_CODE[m[K err = zed.open(init_params);
[9.632s] 
[9.633s]      [01;31m[K^~~~~~~~~~[m[K
[9.635s] [01m[K/home/team/SoftwareDevelopment/ROS2/skinny/src/zed_tracking/src/zed_tracking_node.cpp:41:5:[m[K [01;36m[Knote: [m[Ksuggested alternative:
[9.635s] In file included from [01m[K/home/team/SoftwareDevelopment/ROS2/skinny/src/zed_tracking/src/zed_tracking_node.cpp:4:0[m[K:
[9.636s] [01m[K/usr/local/zed/include/sl/Camera.hpp:365:16:[m[K [01;36m[Knote: [m[K  â€˜[01m[Ksl::ERROR_CODE[m[Kâ€™
[9.636s]      enum class [01;36m[KERROR_CODE[m[K {
[9.637s]                 [01;36m[K^~~~~~~~~~[m[K
[9.637s] [01m[K/home/team/SoftwareDevelopment/ROS2/skinny/src/zed_tracking/src/zed_tracking_node.cpp:42:9:[m[K [01;31m[Kerror: [m[Kâ€˜[01m[Kerr[m[Kâ€™ was not declared in this scope
[9.638s]      if ([01;31m[Kerr[m[K != ERROR_CODE::SUCCESS) {
[9.639s] 
[9.639s]          [01;31m[K^~~[m[K
[9.640s] [01m[K/home/team/SoftwareDevelopment/ROS2/skinny/src/zed_tracking/src/zed_tracking_node.cpp:42:9:[m[K [01;36m[Knote: [m[Ksuggested alternative: â€˜[01m[Kerf[m[Kâ€™
[9.641s]      if ([01;36m[Kerr[m[K != ERROR_CODE::SUCCESS) {
[9.641s] 
[9.642s]          [01;36m[K^~~[m[K
[9.643s]          [32m[Kerf[m[K
[9.644s] [01m[K/home/team/SoftwareDevelopment/ROS2/skinny/src/zed_tracking/src/zed_tracking_node.cpp:42:16:[m[K [01;31m[Kerror: [m[Kâ€˜[01m[KERROR_CODE[m[Kâ€™ is not a class, namespace, or enumeration
[9.645s]      if (err != [01;31m[KERROR_CODE[m[K::SUCCESS) {
[9.646s] 
[9.649s]                 [01;31m[K^~~~~~~~~~[m[K
[9.649s] [01m[K/home/team/SoftwareDevelopment/ROS2/skinny/src/zed_tracking/src/zed_tracking_node.cpp:43:9:[m[K [01;31m[Kerror: [m[Kâ€˜[01m[Kcout[m[Kâ€™ was not declared in this scope
[9.650s]          [01;31m[Kcout[m[K << "Error, unable to open ZED camera: " << err << "\n";
[9.651s] 
[9.651s]          [01;31m[K^~~~[m[K
[9.652s] [01m[K/home/team/SoftwareDevelopment/ROS2/skinny/src/zed_tracking/src/zed_tracking_node.cpp:43:9:[m[K [01;36m[Knote: [m[Ksuggested alternative:
[9.653s] In file included from [01m[K/opt/ros/eloquent/include/rclcpp/executor.hpp:22:0[m[K,
[9.653s]                  from [01m[K/opt/ros/eloquent/include/rclcpp/executors/multi_threaded_executor.hpp:25[m[K,
[9.654s]                  from [01m[K/opt/ros/eloquent/include/rclcpp/executors.hpp:21[m[K,
[9.655s]                  from [01m[K/opt/ros/eloquent/include/rclcpp/rclcpp.hpp:145[m[K,
[9.656s]                  from [01m[K/home/team/SoftwareDevelopment/ROS2/skinny/src/zed_tracking/src/zed_tracking_node.cpp:2[m[K:
[9.657s] [01m[K/usr/include/c++/7/iostream:61:18:[m[K [01;36m[Knote: [m[K  â€˜[01m[Kstd::cout[m[Kâ€™
[9.658s]    extern ostream [01;36m[Kcout[m[K;  /// Linked to standard output
[9.658s]                   [01;36m[K^~~~[m[K
[9.659s] [01m[K/home/team/SoftwareDevelopment/ROS2/skinny/src/zed_tracking/src/zed_tracking_node.cpp:44:9:[m[K [01;31m[Kerror: [m[Kâ€˜[01m[Kzed[m[Kâ€™ was not declared in this scope
[9.660s]          [01;31m[Kzed[m[K.close();
[9.661s] 
[9.662s]          [01;31m[K^~~[m[K
[9.662s] [01m[K/home/team/SoftwareDevelopment/ROS2/skinny/src/zed_tracking/src/zed_tracking_node.cpp:44:9:[m[K [01;36m[Knote: [m[Ksuggested alternative: â€˜[01m[KzedZ[m[Kâ€™
[9.663s]          [01;36m[Kzed[m[K.close();
[9.663s] 
[9.664s]          [01;36m[K^~~[m[K
[9.665s]          [32m[KzedZ[m[K
[9.665s] [01m[K/home/team/SoftwareDevelopment/ROS2/skinny/src/zed_tracking/src/zed_tracking_node.cpp:48:23:[m[K [01;31m[Kerror: [m[Kâ€˜[01m[Kzed[m[Kâ€™ was not declared in this scope
[9.666s]      auto cameraInfo = [01;31m[Kzed[m[K.getCameraInformation();
[9.667s] 
[9.667s]                        [01;31m[K^~~[m[K
[9.668s] [01m[K/home/team/SoftwareDevelopment/ROS2/skinny/src/zed_tracking/src/zed_tracking_node.cpp:48:23:[m[K [01;36m[Knote: [m[Ksuggested alternative: â€˜[01m[KzedZ[m[Kâ€™
[9.669s]      auto cameraInfo = [01;36m[Kzed[m[K.getCameraInformation();
[9.670s] 
[9.670s]                        [01;36m[K^~~[m[K
[9.671s]                        [32m[KzedZ[m[K
[9.672s] [01m[K/home/team/SoftwareDevelopment/ROS2/skinny/src/zed_tracking/src/zed_tracking_node.cpp:49:5:[m[K [01;31m[Kerror: [m[Kâ€˜[01m[KResolution[m[Kâ€™ was not declared in this scope
[9.673s]      [01;31m[KResolution[m[K image_size = cameraInfo.camera_resolution;
[9.673s] 
[9.674s]      [01;31m[K^~~~~~~~~~[m[K
[9.675s] [01m[K/home/team/SoftwareDevelopment/ROS2/skinny/src/zed_tracking/src/zed_tracking_node.cpp:49:5:[m[K [01;36m[Knote: [m[Ksuggested alternative:
[9.675s] In file included from [01m[K/home/team/SoftwareDevelopment/ROS2/skinny/src/zed_tracking/src/zed_tracking_node.cpp:4:0[m[K:
[9.676s] [01m[K/usr/local/zed/include/sl/Camera.hpp:185:12:[m[K [01;36m[Knote: [m[K  â€˜[01m[Ksl::Resolution[m[Kâ€™
[9.676s]      struct [01;36m[KResolution[m[K {
[9.677s]             [01;36m[K^~~~~~~~~~[m[K
[9.678s] [01m[K/home/team/SoftwareDevelopment/ROS2/skinny/src/zed_tracking/src/zed_tracking_node.cpp:50:5:[m[K [01;31m[Kerror: [m[Kâ€˜[01m[KMat[m[Kâ€™ was not declared in this scope
[9.679s]      [01;31m[KMat[m[K image_zed(image_size, MAT_TYPE::U8_C4);
[9.679s] 
[9.680s]      [01;31m[K^~~[m[K
[9.680s] [01m[K/home/team/SoftwareDevelopment/ROS2/skinny/src/zed_tracking/src/zed_tracking_node.cpp:50:5:[m[K [01;36m[Knote: [m[Ksuggested alternatives:
[9.681s] In file included from [01m[K/home/team/SoftwareDevelopment/ROS2/skinny/src/zed_tracking/src/zed_tracking_node.cpp:4:0[m[K:
[9.682s] [01m[K/usr/local/zed/include/sl/Camera.hpp:2212:58:[m[K [01;36m[Knote: [m[K  â€˜[01m[Ksl::Mat[m[Kâ€™
[9.682s]      class /*@cond SHOWHIDDEN*/SL_CORE_EXPORT/*@endcond*/ [01;36m[KMat[m[K {
[9.683s]                                                           [01;36m[K^~~[m[K
[9.684s] In file included from [01m[K/usr/include/opencv2/core.hpp:59:0[m[K,
[9.685s]                  from [01m[K/home/team/SoftwareDevelopment/ROS2/skinny/src/zed_tracking/include/aruco.hpp:42[m[K,
[9.685s]                  from [01m[K/home/team/SoftwareDevelopment/ROS2/skinny/src/zed_tracking/src/zed_tracking_node.cpp:5[m[K:
[9.686s] [01m[K/usr/include/opencv2/core/mat.hpp:776:18:[m[K [01;36m[Knote: [m[K  â€˜[01m[Kcv::Mat[m[Kâ€™
[9.687s]  class CV_EXPORTS [01;36m[KMat[m[K
[9.687s]                   [01;36m[K^~~[m[K
[9.688s] [01m[K/home/team/SoftwareDevelopment/ROS2/skinny/src/zed_tracking/src/zed_tracking_node.cpp:51:33:[m[K [01;31m[Kerror: [m[Kâ€˜[01m[Kimage_zed[m[Kâ€™ was not declared in this scope
[9.689s]      cv::Mat image_ocv = cv::Mat([01;31m[Kimage_zed[m[K.getHeight(), image_zed.getWidth(), CV_8UC4, image_zed.getPtr<sl::uchar1>(MEM::CPU));
[9.689s] 
[9.690s]                                  [01;31m[K^~~~~~~~~[m[K
[9.691s] [01m[K/home/team/SoftwareDevelopment/ROS2/skinny/src/zed_tracking/src/zed_tracking_node.cpp:51:33:[m[K [01;36m[Knote: [m[Ksuggested alternative: â€˜[01m[Kimage_ocv[m[Kâ€™
[9.691s]      cv::Mat image_ocv = cv::Mat([01;36m[Kimage_zed[m[K.getHeight(), image_zed.getWidth(), CV_8UC4, image_zed.getPtr<sl::uchar1>(MEM::CPU));
[9.692s] 
[9.692s]                                  [01;36m[K^~~~~~~~~[m[K
[9.693s]                                  [32m[Kimage_ocv[m[K
[9.693s] [01m[K/home/team/SoftwareDevelopment/ROS2/skinny/src/zed_tracking/src/zed_tracking_node.cpp:51:116:[m[K [01;31m[Kerror: [m[Kâ€˜[01m[KMEM[m[Kâ€™ was not declared in this scope
[9.694s]      cv::Mat image_ocv = cv::Mat(image_zed.getHeight(), image_zed.getWidth(), CV_8UC4, image_zed.getPtr<sl::uchar1>([01;31m[KMEM[m[K::CPU));
[9.696s] 
[9.697s]                                                                                                                     [01;31m[K^~~[m[K
[9.697s] [01m[K/home/team/SoftwareDevelopment/ROS2/skinny/src/zed_tracking/src/zed_tracking_node.cpp:51:116:[m[K [01;36m[Knote: [m[Ksuggested alternative:
[9.698s] In file included from [01m[K/home/team/SoftwareDevelopment/ROS2/skinny/src/zed_tracking/src/zed_tracking_node.cpp:4:0[m[K:
[9.699s] [01m[K/usr/local/zed/include/sl/Camera.hpp:2139:16:[m[K [01;36m[Knote: [m[K  â€˜[01m[Ksl::MEM[m[Kâ€™
[9.699s]      enum class [01;36m[KMEM[m[K {
[9.700s]                 [01;36m[K^~~[m[K
[9.700s] [01m[K/home/team/SoftwareDevelopment/ROS2/skinny/src/zed_tracking/src/zed_tracking_node.cpp:51:32:[m[K [01;31m[Kerror: [m[Kexpected primary-expression before â€˜[01m[K([m[Kâ€™ token
[9.701s]      cv::Mat image_ocv = cv::Mat[01;31m[K([m[Kimage_zed.getHeight(), image_zed.getWidth(), CV_8UC4, image_zed.getPtr<sl::uchar1>(MEM::CPU));
[9.702s] 
[9.702s]                                 [01;31m[K^[m[K
[9.703s] [01m[K/home/team/SoftwareDevelopment/ROS2/skinny/src/zed_tracking/src/zed_tracking_node.cpp:51:114:[m[K [01;31m[Kerror: [m[Kexpected primary-expression before â€˜[01m[K>[m[Kâ€™ token
[9.704s]      cv::Mat image_ocv = cv::Mat(image_zed.getHeight(), image_zed.getWidth(), CV_8UC4, image_zed.getPtr<sl::uchar1[01;31m[K>[m[K(MEM::CPU));
[9.704s] 
[9.705s]                                                                                                                   [01;31m[K^[m[K
[9.706s] [01m[K/home/team/SoftwareDevelopment/ROS2/skinny/src/zed_tracking/src/zed_tracking_node.cpp:51:116:[m[K [01;31m[Kerror: [m[Kâ€˜[01m[KMEM[m[Kâ€™ is not a class, namespace, or enumeration
[9.706s]      cv::Mat image_ocv = cv::Mat(image_zed.getHeight(), image_zed.getWidth(), CV_8UC4, image_zed.getPtr<sl::uchar1>([01;31m[KMEM[m[K::CPU));
[9.707s] 
[9.708s]                                                                                                                     [01;31m[K^~~[m[K
[9.709s] [01m[K/home/team/SoftwareDevelopment/ROS2/skinny/src/zed_tracking/src/zed_tracking_node.cpp:66:5:[m[K [01;31m[Kerror: [m[Kâ€˜[01m[Kcout[m[Kâ€™ was not declared in this scope
[9.710s]      [01;31m[Kcout[m[K << "Make sure the ArUco marker is a 6x6 (100), measuring " << actual_marker_size_meters * 1000 << " mm" << endl;
[9.710s] 
[9.711s]      [01;31m[K^~~~[m[K
[9.712s] [01m[K/home/team/SoftwareDevelopment/ROS2/skinny/src/zed_tracking/src/zed_tracking_node.cpp:66:5:[m[K [01;36m[Knote: [m[Ksuggested alternative:
[9.712s] In file included from [01m[K/opt/ros/eloquent/include/rclcpp/executor.hpp:22:0[m[K,
[9.714s]                  from [01m[K/opt/ros/eloquent/include/rclcpp/executors/multi_threaded_executor.hpp:25[m[K,
[9.715s]                  from [01m[K/opt/ros/eloquent/include/rclcpp/executors.hpp:21[m[K,
[9.716s]                  from [01m[K/opt/ros/eloquent/include/rclcpp/rclcpp.hpp:145[m[K,
[9.716s]                  from [01m[K/home/team/SoftwareDevelopment/ROS2/skinny/src/zed_tracking/src/zed_tracking_node.cpp:2[m[K:
[9.717s] [01m[K/usr/include/c++/7/iostream:61:18:[m[K [01;36m[Knote: [m[K  â€˜[01m[Kstd::cout[m[Kâ€™
[9.717s]    extern ostream [01;36m[Kcout[m[K;  /// Linked to standard output
[9.718s]                   [01;36m[K^~~~[m[K
[9.719s] [01m[K/home/team/SoftwareDevelopment/ROS2/skinny/src/zed_tracking/src/zed_tracking_node.cpp:66:117:[m[K [01;31m[Kerror: [m[Kâ€˜[01m[Kendl[m[Kâ€™ was not declared in this scope
[9.719s]      cout << "Make sure the ArUco marker is a 6x6 (100), measuring " << actual_marker_size_meters * 1000 << " mm" << [01;31m[Kendl[m[K;
[9.720s] 
[9.720s]                                                                                                                      [01;31m[K^~~~[m[K
[9.721s] [01m[K/home/team/SoftwareDevelopment/ROS2/skinny/src/zed_tracking/src/zed_tracking_node.cpp:66:117:[m[K [01;36m[Knote: [m[Ksuggested alternative:
[9.721s] In file included from [01m[K/usr/include/c++/7/iostream:39:0[m[K,
[9.722s]                  from [01m[K/opt/ros/eloquent/include/rclcpp/executor.hpp:22[m[K,
[9.722s]                  from [01m[K/opt/ros/eloquent/include/rclcpp/executors/multi_threaded_executor.hpp:25[m[K,
[9.723s]                  from [01m[K/opt/ros/eloquent/include/rclcpp/executors.hpp:21[m[K,
[9.723s]                  from [01m[K/opt/ros/eloquent/include/rclcpp/rclcpp.hpp:145[m[K,
[9.724s]                  from [01m[K/home/team/SoftwareDevelopment/ROS2/skinny/src/zed_tracking/src/zed_tracking_node.cpp:2[m[K:
[9.724s] [01m[K/usr/include/c++/7/ostream:590:5:[m[K [01;36m[Knote: [m[K  â€˜[01m[Kstd::endl[m[Kâ€™
[9.725s]      [01;36m[Kendl[m[K(basic_ostream<_CharT, _Traits>& __os)
[9.725s]      [01;36m[K^~~~[m[K
[9.726s] [01m[K/home/team/SoftwareDevelopment/ROS2/skinny/src/zed_tracking/src/zed_tracking_node.cpp:68:5:[m[K [01;31m[Kerror: [m[Kâ€˜[01m[KTransform[m[Kâ€™ was not declared in this scope
[9.727s]      [01;31m[KTransform[m[K pose;
[9.727s] 
[9.728s]      [01;31m[K^~~~~~~~~[m[K
[9.728s] [01m[K/home/team/SoftwareDevelopment/ROS2/skinny/src/zed_tracking/src/zed_tracking_node.cpp:68:5:[m[K [01;36m[Knote: [m[Ksuggested alternative:
[9.729s] In file included from [01m[K/home/team/SoftwareDevelopment/ROS2/skinny/src/zed_tracking/src/zed_tracking_node.cpp:4:0[m[K:
[9.729s] [01m[K/usr/local/zed/include/sl/Camera.hpp:2964:58:[m[K [01;36m[Knote: [m[K  â€˜[01m[Ksl::Transform[m[Kâ€™
[9.730s]      class /*@cond SHOWHIDDEN*/SL_CORE_EXPORT/*@endcond*/ [01;36m[KTransform[m[K : public Matrix4f {
[9.730s]                                                           [01;36m[K^~~~~~~~~[m[K
[9.731s] [01m[K/home/team/SoftwareDevelopment/ROS2/skinny/src/zed_tracking/src/zed_tracking_node.cpp:69:5:[m[K [01;31m[Kerror: [m[Kâ€˜[01m[KPose[m[Kâ€™ was not declared in this scope
[9.731s]      [01;31m[KPose[m[K zed_pose;
[9.732s] 
[9.733s]      [01;31m[K^~~~[m[K
[9.734s] [01m[K/home/team/SoftwareDevelopment/ROS2/skinny/src/zed_tracking/src/zed_tracking_node.cpp:69:5:[m[K [01;36m[Knote: [m[Ksuggested alternative:
[9.734s] In file included from [01m[K/home/team/SoftwareDevelopment/ROS2/skinny/src/zed_tracking/src/zed_tracking_node.cpp:4:0[m[K:
[9.735s] [01m[K/usr/local/zed/include/sl/Camera.hpp:3226:58:[m[K [01;36m[Knote: [m[K  â€˜[01m[Ksl::Pose[m[Kâ€™
[9.735s]      class /*@cond SHOWHIDDEN*/SL_CORE_EXPORT/*@endcond*/ [01;36m[KPose[m[K {
[9.736s]                                                           [01;36m[K^~~~[m[K
[9.736s] [01m[K/home/team/SoftwareDevelopment/ROS2/skinny/src/zed_tracking/src/zed_tracking_node.cpp:70:5:[m[K [01;31m[Kerror: [m[Kâ€˜[01m[Kvector[m[Kâ€™ was not declared in this scope
[9.737s]      [01;31m[Kvector[m[K<cv::Vec3d> rvecs, tvecs;
[9.737s] 
[9.738s]      [01;31m[K^~~~~~[m[K
[9.739s] [01m[K/home/team/SoftwareDevelopment/ROS2/skinny/src/zed_tracking/src/zed_tracking_node.cpp:70:5:[m[K [01;36m[Knote: [m[Ksuggested alternative:
[9.739s] In file included from [01m[K/usr/include/c++/7/vector:64:0[m[K,
[9.740s]                  from [01m[K/opt/ros/eloquent/include/rclcpp/executor.hpp:27[m[K,
[9.740s]                  from [01m[K/opt/ros/eloquent/include/rclcpp/executors/multi_threaded_executor.hpp:25[m[K,
[9.741s]                  from [01m[K/opt/ros/eloquent/include/rclcpp/executors.hpp:21[m[K,
[9.742s]                  from [01m[K/opt/ros/eloquent/include/rclcpp/rclcpp.hpp:145[m[K,
[9.742s]                  from [01m[K/home/team/SoftwareDevelopment/ROS2/skinny/src/zed_tracking/src/zed_tracking_node.cpp:2[m[K:
[9.743s] [01m[K/usr/include/c++/7/bits/stl_vector.h:216:11:[m[K [01;36m[Knote: [m[K  â€˜[01m[Kstd::vector[m[Kâ€™
[9.743s]      class [01;36m[Kvector[m[K : protected _Vector_base<_Tp, _Alloc>
[9.744s]            [01;36m[K^~~~~~[m[K
[9.745s] [01m[K/home/team/SoftwareDevelopment/ROS2/skinny/src/zed_tracking/src/zed_tracking_node.cpp:70:21:[m[K [01;31m[Kerror: [m[Kexpected primary-expression before â€˜[01m[K>[m[Kâ€™ token
[9.745s]      vector<cv::Vec3d[01;31m[K>[m[K rvecs, tvecs;
[9.746s] 
[9.747s]                      [01;31m[K^[m[K
[9.747s] [01m[K/home/team/SoftwareDevelopment/ROS2/skinny/src/zed_tracking/src/zed_tracking_node.cpp:70:23:[m[K [01;31m[Kerror: [m[Kâ€˜[01m[Krvecs[m[Kâ€™ was not declared in this scope
[9.748s]      vector<cv::Vec3d> [01;31m[Krvecs[m[K, tvecs;
[9.748s] 
[9.749s]                        [01;31m[K^~~~~[m[K
[9.749s] [01m[K/home/team/SoftwareDevelopment/ROS2/skinny/src/zed_tracking/src/zed_tracking_node.cpp:70:30:[m[K [01;31m[Kerror: [m[Kâ€˜[01m[Ktvecs[m[Kâ€™ was not declared in this scope
[9.750s]      vector<cv::Vec3d> rvecs, [01;31m[Ktvecs[m[K;
[9.750s] 
[9.751s]                               [01;31m[K^~~~~[m[K
[9.751s] [01m[K/home/team/SoftwareDevelopment/ROS2/skinny/src/zed_tracking/src/zed_tracking_node.cpp:71:12:[m[K [01;31m[Kerror: [m[Kexpected primary-expression before â€˜[01m[Kint[m[Kâ€™
[9.752s]      vector<[01;31m[Kint[m[K> ids;
[9.752s] 
[9.753s]             [01;31m[K^~~[m[K
[9.754s] [01m[K/home/team/SoftwareDevelopment/ROS2/skinny/src/zed_tracking/src/zed_tracking_node.cpp:72:30:[m[K [01;31m[Kerror: [m[Kexpected primary-expression before â€˜[01m[K>[m[Kâ€™ token
[9.754s]      vector<vector<cv::Point2f[01;31m[K>[m[K > corners;
[9.755s] 
[9.756s]                               [01;31m[K^[m[K
[9.756s] [01m[K/home/team/SoftwareDevelopment/ROS2/skinny/src/zed_tracking/src/zed_tracking_node.cpp:72:32:[m[K [01;31m[Kerror: [m[Kexpected primary-expression before â€˜[01m[K>[m[Kâ€™ token
[9.757s]      vector<vector<cv::Point2f> [01;31m[K>[m[K corners;
[9.757s] 
[9.758s]                                 [01;31m[K^[m[K
[9.759s] [01m[K/home/team/SoftwareDevelopment/ROS2/skinny/src/zed_tracking/src/zed_tracking_node.cpp:72:34:[m[K [01;31m[Kerror: [m[Kâ€˜[01m[Kcorners[m[Kâ€™ was not declared in this scope
[9.759s]      vector<vector<cv::Point2f> > [01;31m[Kcorners[m[K;
[9.760s] 
[9.760s]                                   [01;31m[K^~~~~~~[m[K
[9.761s] [01m[K/home/team/SoftwareDevelopment/ROS2/skinny/src/zed_tracking/src/zed_tracking_node.cpp:72:34:[m[K [01;36m[Knote: [m[Ksuggested alternative: â€˜[01m[KcvInvert[m[Kâ€™
[9.761s]      vector<vector<cv::Point2f> > [01;36m[Kcorners[m[K;
[9.762s] 
[9.763s]                                   [01;36m[K^~~~~~~[m[K
[9.764s]                                   [32m[KcvInvert[m[K
[9.765s] [01m[K/home/team/SoftwareDevelopment/ROS2/skinny/src/zed_tracking/src/zed_tracking_node.cpp:73:5:[m[K [01;31m[Kerror: [m[Kâ€˜[01m[Kstring[m[Kâ€™ was not declared in this scope
[9.766s]      [01;31m[Kstring[m[K zed_position_txt;
[9.766s] 
[9.767s]      [01;31m[K^~~~~~[m[K
[9.767s] [01m[K/home/team/SoftwareDevelopment/ROS2/skinny/src/zed_tracking/src/zed_tracking_node.cpp:73:5:[m[K [01;36m[Knote: [m[Ksuggested alternatives:
[9.768s] In file included from [01m[K/usr/include/c++/7/iosfwd:39:0[m[K,
[9.768s]                  from [01m[K/usr/include/c++/7/memory:72[m[K,
[9.769s]                  from [01m[K/opt/ros/eloquent/include/rclcpp/rclcpp.hpp:143[m[K,
[9.769s]                  from [01m[K/home/team/SoftwareDevelopment/ROS2/skinny/src/zed_tracking/src/zed_tracking_node.cpp:2[m[K:
[9.770s] [01m[K/usr/include/c++/7/bits/stringfwd.h:74:33:[m[K [01;36m[Knote: [m[K  â€˜[01m[Kstd::__cxx11::string[m[Kâ€™
[9.770s]    typedef basic_string<char>    [01;36m[Kstring[m[K;
[9.771s]                                  [01;36m[K^~~~~~[m[K
[9.771s] [01m[K/usr/include/c++/7/bits/stringfwd.h:74:33:[m[K [01;36m[Knote: [m[K  â€˜[01m[Kstd::__cxx11::string[m[Kâ€™
[9.772s] [01m[K/home/team/SoftwareDevelopment/ROS2/skinny/src/zed_tracking/src/zed_tracking_node.cpp:74:12:[m[K [01;31m[Kerror: [m[Kexpected â€˜[01m[K;[m[Kâ€™ before â€˜[01m[Kzed_rotation_txt[m[Kâ€™
[9.772s]      string [01;31m[Kzed_rotation_txt[m[K;
[9.773s] 
[9.773s]             [01;31m[K^~~~~~~~~~~~~~~~[m[K
[9.774s] [01m[K/home/team/SoftwareDevelopment/ROS2/skinny/src/zed_tracking/src/zed_tracking_node.cpp:75:12:[m[K [01;31m[Kerror: [m[Kexpected â€˜[01m[K;[m[Kâ€™ before â€˜[01m[Karuco_position_txt[m[Kâ€™
[9.774s]      string [01;31m[Karuco_position_txt[m[K;
[9.775s] 
[9.775s]             [01;31m[K^~~~~~~~~~~~~~~~~~[m[K
[9.776s] [01m[K/home/team/SoftwareDevelopment/ROS2/skinny/src/zed_tracking/src/zed_tracking_node.cpp:79:5:[m[K [01;31m[Kerror: [m[Kâ€˜[01m[KPositionalTrackingParameters[m[Kâ€™ was not declared in this scope
[9.776s]      [01;31m[KPositionalTrackingParameters[m[K tracking_params;
[9.777s] 
[9.777s]      [01;31m[K^~~~~~~~~~~~~~~~~~~~~~~~~~~~[m[K
[9.778s] [01m[K/home/team/SoftwareDevelopment/ROS2/skinny/src/zed_tracking/src/zed_tracking_node.cpp:79:5:[m[K [01;36m[Knote: [m[Ksuggested alternative:
[9.778s] In file included from [01m[K/home/team/SoftwareDevelopment/ROS2/skinny/src/zed_tracking/src/zed_tracking_node.cpp:4:0[m[K:
[9.779s] [01m[K/usr/local/zed/include/sl/Camera.hpp:5831:58:[m[K [01;36m[Knote: [m[K  â€˜[01m[Ksl::PositionalTrackingParameters[m[Kâ€™
[9.779s]      struct /*@cond SHOWHIDDEN*/SL_SDK_EXPORT/*@endcond*/ [01;36m[KPositionalTrackingParameters[m[K {
[9.780s]                                                           [01;36m[K^~~~~~~~~~~~~~~~~~~~~~~~~~~~[m[K
[9.780s] [01m[K/home/team/SoftwareDevelopment/ROS2/skinny/src/zed_tracking/src/zed_tracking_node.cpp:80:5:[m[K [01;31m[Kerror: [m[Kâ€˜[01m[Ktracking_params[m[Kâ€™ was not declared in this scope
[9.781s]      [01;31m[Ktracking_params[m[K.enable_imu_fusion = false; // for this sample, IMU (of ZED-M) is disable, we use the gravity given by the marker.
[9.781s] 
[9.782s]      [01;31m[K^~~~~~~~~~~~~~~[m[K
[9.783s] [01m[K/home/team/SoftwareDevelopment/ROS2/skinny/src/zed_tracking/src/zed_tracking_node.cpp:83:27:[m[K [01;31m[Kerror: [m[Kâ€˜[01m[KERROR_CODE[m[Kâ€™ is not a class, namespace, or enumeration
[9.783s]      if (returned_state != [01;31m[KERROR_CODE[m[K::SUCCESS) {
[9.784s] 
[9.784s]                            [01;31m[K^~~~~~~~~~[m[K
[9.785s] [01m[K/home/team/SoftwareDevelopment/ROS2/skinny/src/zed_tracking/src/zed_tracking_node.cpp:87:5:[m[K [01;31m[Kerror: [m[Kâ€˜[01m[KPOSITIONAL_TRACKING_STATE[m[Kâ€™ was not declared in this scope
[9.785s]      [01;31m[KPOSITIONAL_TRACKING_STATE[m[K tracking_state;
[9.786s] 
[9.787s]      [01;31m[K^~~~~~~~~~~~~~~~~~~~~~~~~[m[K
[9.788s] [01m[K/home/team/SoftwareDevelopment/ROS2/skinny/src/zed_tracking/src/zed_tracking_node.cpp:87:5:[m[K [01;36m[Knote: [m[Ksuggested alternative:
[9.788s] In file included from [01m[K/home/team/SoftwareDevelopment/ROS2/skinny/src/zed_tracking/src/zed_tracking_node.cpp:4:0[m[K:
[9.789s] [01m[K/usr/local/zed/include/sl/Camera.hpp:5188:16:[m[K [01;36m[Knote: [m[K  â€˜[01m[Ksl::POSITIONAL_TRACKING_STATE[m[Kâ€™
[9.789s]      enum class [01;36m[KPOSITIONAL_TRACKING_STATE[m[K {
[9.789s]                 [01;36m[K^~~~~~~~~~~~~~~~~~~~~~~~~[m[K
[9.790s] [01m[K/home/team/SoftwareDevelopment/ROS2/skinny/src/zed_tracking/src/zed_tracking_node.cpp:91:27:[m[K [01;31m[Kerror: [m[Kâ€˜[01m[KERROR_CODE[m[Kâ€™ is not a class, namespace, or enumeration
[9.791s]          if (zed.grab() == [01;31m[KERROR_CODE[m[K::SUCCESS) {
[9.791s] 
[9.791s]                            [01;31m[K^~~~~~~~~~[m[K
[9.792s] [01m[K/home/team/SoftwareDevelopment/ROS2/skinny/src/zed_tracking/src/zed_tracking_node.cpp:93:42:[m[K [01;31m[Kerror: [m[Kâ€˜[01m[KVIEW[m[Kâ€™ has not been declared
[9.792s]              zed.retrieveImage(image_zed, [01;31m[KVIEW[m[K::LEFT, MEM::CPU, image_size);
[9.793s] 
[9.793s]                                           [01;31m[K^~~~[m[K
[9.794s] [01m[K/home/team/SoftwareDevelopment/ROS2/skinny/src/zed_tracking/src/zed_tracking_node.cpp:93:54:[m[K [01;31m[Kerror: [m[Kâ€˜[01m[KMEM[m[Kâ€™ is not a class, namespace, or enumeration
[9.794s]              zed.retrieveImage(image_zed, VIEW::LEFT, [01;31m[KMEM[m[K::CPU, image_size);
[9.795s] 
[9.796s]                                                       [01;31m[K^~~[m[K
[9.796s] [01m[K/home/team/SoftwareDevelopment/ROS2/skinny/src/zed_tracking/src/zed_tracking_node.cpp:93:64:[m[K [01;31m[Kerror: [m[Kâ€˜[01m[Kimage_size[m[Kâ€™ was not declared in this scope
[9.797s]              zed.retrieveImage(image_zed, VIEW::LEFT, MEM::CPU, [01;31m[Kimage_size[m[K);
[9.797s] 
[9.798s]                                                                 [01;31m[K^~~~~~~~~~[m[K
[9.798s] [01m[K/home/team/SoftwareDevelopment/ROS2/skinny/src/zed_tracking/src/zed_tracking_node.cpp:93:64:[m[K [01;36m[Knote: [m[Ksuggested alternative: â€˜[01m[Kimage_ocv[m[Kâ€™
[9.799s]              zed.retrieveImage(image_zed, VIEW::LEFT, MEM::CPU, [01;36m[Kimage_size[m[K);
[9.800s] 
[9.800s]                                                                 [01;36m[K^~~~~~~~~~[m[K
[9.801s]                                                                 [32m[Kimage_ocv[m[K
[9.801s] [01m[K/home/team/SoftwareDevelopment/ROS2/skinny/src/zed_tracking/src/zed_tracking_node.cpp:98:74:[m[K [01;31m[Kerror: [m[Kâ€˜[01m[Kids[m[Kâ€™ was not declared in this scope
[9.802s]              cv::aruco::detectMarkers(image_ocv_rgb, dictionary, corners, [01;31m[Kids[m[K);
[9.802s] 
[9.803s]                                                                           [01;31m[K^~~[m[K
[9.803s] [01m[K/home/team/SoftwareDevelopment/ROS2/skinny/src/zed_tracking/src/zed_tracking_node.cpp:98:74:[m[K [01;36m[Knote: [m[Ksuggested alternative: â€˜[01m[Kid_t[m[Kâ€™
[9.804s]              cv::aruco::detectMarkers(image_ocv_rgb, dictionary, corners, [01;36m[Kids[m[K);
[9.805s] 
[9.805s]                                                                           [01;36m[K^~~[m[K
[9.806s]                                                                           [32m[Kid_t[m[K
[9.806s] [01m[K/home/team/SoftwareDevelopment/ROS2/skinny/src/zed_tracking/src/zed_tracking_node.cpp:101:13:[m[K [01;31m[Kerror: [m[Kâ€˜[01m[Ktracking_state[m[Kâ€™ was not declared in this scope
[9.807s]              [01;31m[Ktracking_state[m[K = zed.getPosition(zed_pose, REFERENCE_FRAME::WORLD);
[9.807s] 
[9.808s]              [01;31m[K^~~~~~~~~~~~~~[m[K
[9.809s] [01m[K/home/team/SoftwareDevelopment/ROS2/skinny/src/zed_tracking/src/zed_tracking_node.cpp:101:13:[m[K [01;36m[Knote: [m[Ksuggested alternative: â€˜[01m[Kinitstate[m[Kâ€™
[9.809s]              [01;36m[Ktracking_state[m[K = zed.getPosition(zed_pose, REFERENCE_FRAME::WORLD);
[9.810s] 
[9.810s]              [01;36m[K^~~~~~~~~~~~~~[m[K
[9.811s]              [32m[Kinitstate[m[K
[9.811s] [01m[K/home/team/SoftwareDevelopment/ROS2/skinny/src/zed_tracking/src/zed_tracking_node.cpp:101:46:[m[K [01;31m[Kerror: [m[Kâ€˜[01m[Kzed_pose[m[Kâ€™ was not declared in this scope
[9.812s]              tracking_state = zed.getPosition([01;31m[Kzed_pose[m[K, REFERENCE_FRAME::WORLD);
[9.812s] 
[9.813s]                                               [01;31m[K^~~~~~~~[m[K
[9.814s] [01m[K/home/team/SoftwareDevelopment/ROS2/skinny/src/zed_tracking/src/zed_tracking_node.cpp:101:56:[m[K [01;31m[Kerror: [m[Kâ€˜[01m[KREFERENCE_FRAME[m[Kâ€™ has not been declared
[9.814s]              tracking_state = zed.getPosition(zed_pose, [01;31m[KREFERENCE_FRAME[m[K::WORLD);
[9.815s] 
[9.815s]                                                         [01;31m[K^~~~~~~~~~~~~~~[m[K
[9.816s] [01m[K/home/team/SoftwareDevelopment/ROS2/skinny/src/zed_tracking/src/zed_tracking_node.cpp:102:28:[m[K [01;31m[Kerror: [m[Kâ€˜[01m[KPOSITIONAL_TRACKING_STATE[m[Kâ€™ is not a class, namespace, or enumeration
[9.816s]       if (tracking_state == [01;31m[KPOSITIONAL_TRACKING_STATE[m[K::OK) {
[9.817s] 
[9.817s]                             [01;31m[K^~~~~~~~~~~~~~~~~~~~~~~~~[m[K
[9.818s] [01m[K/home/team/SoftwareDevelopment/ROS2/skinny/src/zed_tracking/src/zed_tracking_node.cpp:107:17:[m[K [01;31m[Kerror: [m[Kâ€˜[01m[Kzed_position_txt[m[Kâ€™ was not declared in this scope
[9.819s]                  [01;31m[Kzed_position_txt[m[K = "ZED  x: " + to_string(zed_pose.pose_data.tx) + "; y: " + to_string(zed_pose.pose_data.ty) + "; z: " + to_string(zed_pose.pose_data.tz);
[9.819s] 
[9.820s]                  [01;31m[K^~~~~~~~~~~~~~~~[m[K
[9.820s] [01m[K/home/team/SoftwareDevelopment/ROS2/skinny/src/zed_tracking/src/zed_tracking_node.cpp:107:17:[m[K [01;36m[Knote: [m[Ksuggested alternative: â€˜[01m[KzedPosition[m[Kâ€™
[9.821s]                  [01;36m[Kzed_position_txt[m[K = "ZED  x: " + to_string(zed_pose.pose_data.tx) + "; y: " + to_string(zed_pose.pose_data.ty) + "; z: " + to_string(zed_pose.pose_data.tz);
[9.821s] 
[9.822s]                  [01;36m[K^~~~~~~~~~~~~~~~[m[K
[9.822s]                  [32m[KzedPosition[m[K
[9.823s] [01m[K/home/team/SoftwareDevelopment/ROS2/skinny/src/zed_tracking/src/zed_tracking_node.cpp:107:49:[m[K [01;31m[Kerror: [m[Kâ€˜[01m[Kto_string[m[Kâ€™ was not declared in this scope
[9.823s]                  zed_position_txt = "ZED  x: " + [01;31m[Kto_string[m[K(zed_pose.pose_data.tx) + "; y: " + to_string(zed_pose.pose_data.ty) + "; z: " + to_string(zed_pose.pose_data.tz);
[9.824s] 
[9.824s]                                                  [01;31m[K^~~~~~~~~[m[K
[9.825s] [01m[K/home/team/SoftwareDevelopment/ROS2/skinny/src/zed_tracking/src/zed_tracking_node.cpp:107:49:[m[K [01;36m[Knote: [m[Ksuggested alternatives:
[9.825s] In file included from [01m[K/usr/include/c++/7/string:52:0[m[K,
[9.826s]                  from [01m[K/usr/include/c++/7/stdexcept:39[m[K,
[9.826s]                  from [01m[K/usr/include/c++/7/array:39[m[K,
[9.827s]                  from [01m[K/usr/include/c++/7/tuple:39[m[K,
[9.828s]                  from [01m[K/usr/include/c++/7/bits/unique_ptr.h:37[m[K,
[9.829s]                  from [01m[K/usr/include/c++/7/memory:80[m[K,
[9.829s]                  from [01m[K/opt/ros/eloquent/include/rclcpp/rclcpp.hpp:143[m[K,
[9.830s]                  from [01m[K/home/team/SoftwareDevelopment/ROS2/skinny/src/zed_tracking/src/zed_tracking_node.cpp:2[m[K:
[9.831s] [01m[K/usr/include/c++/7/bits/basic_string.h:6414:3:[m[K [01;36m[Knote: [m[K  â€˜[01m[Kstd::__cxx11::to_string[m[Kâ€™
[9.831s]    [01;36m[Kto_string[m[K(int __val)
[9.832s]    [01;36m[K^~~~~~~~~[m[K
[9.833s] [01m[K/usr/include/c++/7/bits/basic_string.h:6466:3:[m[K [01;36m[Knote: [m[K  â€˜[01m[Kstd::__cxx11::to_string[m[Kâ€™
[9.834s]    [01;36m[Kto_string[m[K(long double __val)
[9.834s]    [01;36m[K^~~~~~~~~[m[K
[9.835s] In file included from [01m[K/opt/ros/eloquent/include/rclcpp/parameter.hpp:25:0[m[K,
[9.835s]                  from [01m[K/opt/ros/eloquent/include/rclcpp/node_interfaces/node_parameters_interface.hpp:28[m[K,
[9.836s]                  from [01m[K/opt/ros/eloquent/include/rclcpp/node.hpp:51[m[K,
[9.836s]                  from [01m[K/opt/ros/eloquent/include/rclcpp/executors/single_threaded_executor.hpp:28[m[K,
[9.837s]                  from [01m[K/opt/ros/eloquent/include/rclcpp/executors.hpp:22[m[K,
[9.837s]                  from [01m[K/opt/ros/eloquent/include/rclcpp/rclcpp.hpp:145[m[K,
[9.838s]                  from [01m[K/home/team/SoftwareDevelopment/ROS2/skinny/src/zed_tracking/src/zed_tracking_node.cpp:2[m[K:
[9.838s] [01m[K/opt/ros/eloquent/include/rclcpp/parameter_value.hpp:341:1:[m[K [01;36m[Knote: [m[K  â€˜[01m[Krclcpp::to_string[m[Kâ€™
[9.839s]  [01;36m[Kto_string[m[K(const ParameterValue & type);
[9.839s]  [01;36m[K^~~~~~~~~[m[K
[9.840s] In file included from [01m[K/opt/ros/eloquent/include/rclcpp/executors/multi_threaded_executor.hpp:25:0[m[K,
[9.840s]                  from [01m[K/opt/ros/eloquent/include/rclcpp/executors.hpp:21[m[K,
[9.840s]                  from [01m[K/opt/ros/eloquent/include/rclcpp/rclcpp.hpp:145[m[K,
[9.841s]                  from [01m[K/home/team/SoftwareDevelopment/ROS2/skinny/src/zed_tracking/src/zed_tracking_node.cpp:2[m[K:
[9.841s] [01m[K/opt/ros/eloquent/include/rclcpp/executor.hpp:64:1:[m[K [01;36m[Knote: [m[K  â€˜[01m[Krclcpp::executor::to_string[m[Kâ€™
[9.842s]  [01;36m[Kto_string[m[K(const FutureReturnCode & future_return_code);
[9.842s]  [01;36m[K^~~~~~~~~[m[K
[9.843s] [01m[K/home/team/SoftwareDevelopment/ROS2/skinny/src/zed_tracking/src/zed_tracking_node.cpp:108:17:[m[K [01;31m[Kerror: [m[Kâ€˜[01m[Kzed_rotation_txt[m[Kâ€™ was not declared in this scope
[9.843s]                  [01;31m[Kzed_rotation_txt[m[K = "ZED  a: " + to_string(zed_pose.getOrientation().ox) + "; b: " + to_string(zed_pose.getOrientation().oy) + "; c: " + to_string(zed_pose.getOrientation().oz);
[9.844s] 
[9.844s]                  [01;31m[K^~~~~~~~~~~~~~~~[m[K
[9.845s] [01m[K/home/team/SoftwareDevelopment/ROS2/skinny/src/zed_tracking/src/zed_tracking_node.cpp:108:17:[m[K [01;36m[Knote: [m[Ksuggested alternative: â€˜[01m[KzedPosition[m[Kâ€™
[9.845s]                  [01;36m[Kzed_rotation_txt[m[K = "ZED  a: " + to_string(zed_pose.getOrientation().ox) + "; b: " + to_string(zed_pose.getOrientation().oy) + "; c: " + to_string(zed_pose.getOrientation().oz);
[9.846s] 
[9.846s]                  [01;36m[K^~~~~~~~~~~~~~~~[m[K
[9.847s]                  [32m[KzedPosition[m[K
[9.847s] [01m[K/home/team/SoftwareDevelopment/ROS2/skinny/src/zed_tracking/src/zed_tracking_node.cpp:110:4:[m[K [01;31m[Kerror: [m[Kâ€˜[01m[Kzed_position_txt[m[Kâ€™ was not declared in this scope
[9.848s]     [01;31m[Kzed_position_txt[m[K = "";
[9.848s] 
[9.849s]     [01;31m[K^~~~~~~~~~~~~~~~[m[K
[9.849s] [01m[K/home/team/SoftwareDevelopment/ROS2/skinny/src/zed_tracking/src/zed_tracking_node.cpp:110:4:[m[K [01;36m[Knote: [m[Ksuggested alternative: â€˜[01m[KzedPosition[m[Kâ€™
[9.850s]     [01;36m[Kzed_position_txt[m[K = "";
[9.850s] 
[9.851s]     [01;36m[K^~~~~~~~~~~~~~~~[m[K
[9.851s]     [32m[KzedPosition[m[K
[9.852s] [01m[K/home/team/SoftwareDevelopment/ROS2/skinny/src/zed_tracking/src/zed_tracking_node.cpp:111:4:[m[K [01;31m[Kerror: [m[Kâ€˜[01m[Kzed_rotation_txt[m[Kâ€™ was not declared in this scope
[9.852s]     [01;31m[Kzed_rotation_txt[m[K = "";
[9.853s] 
[9.853s]     [01;31m[K^~~~~~~~~~~~~~~~[m[K
[9.854s] [01m[K/home/team/SoftwareDevelopment/ROS2/skinny/src/zed_tracking/src/zed_tracking_node.cpp:111:4:[m[K [01;36m[Knote: [m[Ksuggested alternative: â€˜[01m[KzedPosition[m[Kâ€™
[9.855s]     [01;36m[Kzed_rotation_txt[m[K = "";
[9.855s] 
[9.856s]     [01;36m[K^~~~~~~~~~~~~~~~[m[K
[9.856s]     [32m[KzedPosition[m[K
[9.857s] [01m[K/home/team/SoftwareDevelopment/ROS2/skinny/src/zed_tracking/src/zed_tracking_node.cpp:117:17:[m[K [01;31m[Kerror: [m[Kâ€˜[01m[Kpose[m[Kâ€™ was not declared in this scope
[9.857s]                  [01;31m[Kpose[m[K.setTranslation(sl::float3(tvecs[0](0), tvecs[0](1), tvecs[0](2)));
[9.858s] 
[9.859s]                  [01;31m[K^~~~[m[K
[9.859s] [01m[K/home/team/SoftwareDevelopment/ROS2/skinny/src/zed_tracking/src/zed_tracking_node.cpp:117:17:[m[K [01;36m[Knote: [m[Ksuggested alternative: â€˜[01m[Kpause[m[Kâ€™
[9.860s]                  [01;36m[Kpose[m[K.setTranslation(sl::float3(tvecs[0](0), tvecs[0](1), tvecs[0](2)));
[9.860s] 
[9.862s]                  [01;36m[K^~~~[m[K
[9.863s]                  [32m[Kpause[m[K
[9.864s] [01m[K/home/team/SoftwareDevelopment/ROS2/skinny/src/zed_tracking/src/zed_tracking_node.cpp:126:17:[m[K [01;31m[Kerror: [m[Kâ€˜[01m[Karuco_position_txt[m[Kâ€™ was not declared in this scope
[9.864s]                  [01;31m[Karuco_position_txt[m[K = "Aruco x: " + to_string(pose.tx) + "; y: " + to_string(pose.ty) + "; z: " + to_string(pose.tz);
[9.865s] 
[9.865s]                  [01;31m[K^~~~~~~~~~~~~~~~~~[m[K
[9.866s] [01m[K/home/team/SoftwareDevelopment/ROS2/skinny/src/zed_tracking/src/zed_tracking_node.cpp:126:17:[m[K [01;36m[Knote: [m[Ksuggested alternative: â€˜[01m[Krcl_duration_t[m[Kâ€™
[9.867s]                  [01;36m[Karuco_position_txt[m[K = "Aruco x: " + to_string(pose.tx) + "; y: " + to_string(pose.ty) + "; z: " + to_string(pose.tz);
[9.867s] 
[9.868s]                  [01;36m[K^~~~~~~~~~~~~~~~~~[m[K
[9.868s]                  [32m[Krcl_duration_t[m[K
[9.868s] [01m[K/home/team/SoftwareDevelopment/ROS2/skinny/src/zed_tracking/src/zed_tracking_node.cpp:126:52:[m[K [01;31m[Kerror: [m[Kâ€˜[01m[Kto_string[m[Kâ€™ was not declared in this scope
[9.869s]                  aruco_position_txt = "Aruco x: " + [01;31m[Kto_string[m[K(pose.tx) + "; y: " + to_string(pose.ty) + "; z: " + to_string(pose.tz);
[9.869s] 
[9.870s]                                                     [01;31m[K^~~~~~~~~[m[K
[9.871s] [01m[K/home/team/SoftwareDevelopment/ROS2/skinny/src/zed_tracking/src/zed_tracking_node.cpp:126:52:[m[K [01;36m[Knote: [m[Ksuggested alternatives:
[9.871s] In file included from [01m[K/usr/include/c++/7/string:52:0[m[K,
[9.871s]                  from [01m[K/usr/include/c++/7/stdexcept:39[m[K,
[9.872s]                  from [01m[K/usr/include/c++/7/array:39[m[K,
[9.872s]                  from [01m[K/usr/include/c++/7/tuple:39[m[K,
[9.873s]                  from [01m[K/usr/include/c++/7/bits/unique_ptr.h:37[m[K,
[9.873s]                  from [01m[K/usr/include/c++/7/memory:80[m[K,
[9.874s]                  from [01m[K/opt/ros/eloquent/include/rclcpp/rclcpp.hpp:143[m[K,
[9.874s]                  from [01m[K/home/team/SoftwareDevelopment/ROS2/skinny/src/zed_tracking/src/zed_tracking_node.cpp:2[m[K:
[9.875s] [01m[K/usr/include/c++/7/bits/basic_string.h:6414:3:[m[K [01;36m[Knote: [m[K  â€˜[01m[Kstd::__cxx11::to_string[m[Kâ€™
[9.875s]    [01;36m[Kto_string[m[K(int __val)
[9.876s]    [01;36m[K^~~~~~~~~[m[K
[9.876s] [01m[K/usr/include/c++/7/bits/basic_string.h:6466:3:[m[K [01;36m[Knote: [m[K  â€˜[01m[Kstd::__cxx11::to_string[m[Kâ€™
[9.877s]    [01;36m[Kto_string[m[K(long double __val)
[9.877s]    [01;36m[K^~~~~~~~~[m[K
[9.878s] In file included from [01m[K/opt/ros/eloquent/include/rclcpp/parameter.hpp:25:0[m[K,
[9.878s]                  from [01m[K/opt/ros/eloquent/include/rclcpp/node_interfaces/node_parameters_interface.hpp:28[m[K,
[9.879s]                  from [01m[K/opt/ros/eloquent/include/rclcpp/node.hpp:51[m[K,
[9.879s]                  from [01m[K/opt/ros/eloquent/include/rclcpp/executors/single_threaded_executor.hpp:28[m[K,
[9.880s]                  from [01m[K/opt/ros/eloquent/include/rclcpp/executors.hpp:22[m[K,
[9.880s]                  from [01m[K/opt/ros/eloquent/include/rclcpp/rclcpp.hpp:145[m[K,
[9.881s]                  from [01m[K/home/team/SoftwareDevelopment/ROS2/skinny/src/zed_tracking/src/zed_tracking_node.cpp:2[m[K:
[9.881s] [01m[K/opt/ros/eloquent/include/rclcpp/parameter_value.hpp:341:1:[m[K [01;36m[Knote: [m[K  â€˜[01m[Krclcpp::to_string[m[Kâ€™
[9.882s]  [01;36m[Kto_string[m[K(const ParameterValue & type);
[9.883s]  [01;36m[K^~~~~~~~~[m[K
[9.883s] In file included from [01m[K/opt/ros/eloquent/include/rclcpp/executors/multi_threaded_executor.hpp:25:0[m[K,
[9.884s]                  from [01m[K/opt/ros/eloquent/include/rclcpp/executors.hpp:21[m[K,
[9.884s]                  from [01m[K/opt/ros/eloquent/include/rclcpp/rclcpp.hpp:145[m[K,
[9.885s]                  from [01m[K/home/team/SoftwareDevelopment/ROS2/skinny/src/zed_tracking/src/zed_tracking_node.cpp:2[m[K:
[9.885s] [01m[K/opt/ros/eloquent/include/rclcpp/executor.hpp:64:1:[m[K [01;36m[Knote: [m[K  â€˜[01m[Krclcpp::executor::to_string[m[Kâ€™
[9.886s]  [01;36m[Kto_string[m[K(const FutureReturnCode & future_return_code);
[9.886s]  [01;36m[K^~~~~~~~~[m[K
[9.887s] [01m[K/home/team/SoftwareDevelopment/ROS2/skinny/src/zed_tracking/src/zed_tracking_node.cpp:129:3:[m[K [01;31m[Kerror: [m[Kâ€˜[01m[Karuco_position_txt[m[Kâ€™ was not declared in this scope
[9.887s]    [01;31m[Karuco_position_txt[m[K = "";    
[9.888s] 
[9.888s]    [01;31m[K^~~~~~~~~~~~~~~~~~[m[K
[9.889s] [01m[K/home/team/SoftwareDevelopment/ROS2/skinny/src/zed_tracking/src/zed_tracking_node.cpp:129:3:[m[K [01;36m[Knote: [m[Ksuggested alternative: â€˜[01m[Krcl_duration_t[m[Kâ€™
[9.891s]    [01;36m[Karuco_position_txt[m[K = "";    
[9.892s] 
[9.893s]    [01;36m[K^~~~~~~~~~~~~~~~~~[m[K
[9.893s]    [32m[Krcl_duration_t[m[K
[9.933s] [01m[K/home/team/SoftwareDevelopment/ROS2/skinny/src/zed_tracking/src/zed_tracking_node.cpp:143:84:[m[K [01;31m[Kerror: [m[Kâ€˜[01m[Karuco_position_txt[m[Kâ€™ was not declared in this scope
[9.934s]       std::cout << "ZED: x:" << zedX << " y: " << zedY << " z:" << zedZ << "   " << [01;31m[Karuco_position_txt[m[K << std::endl;
[9.934s] 
[9.935s]                                                                                     [01;31m[K^~~~~~~~~~~~~~~~~~[m[K
[9.960s] [01m[K/home/team/SoftwareDevelopment/ROS2/skinny/src/zed_tracking/src/zed_tracking_node.cpp:143:84:[m[K [01;36m[Knote: [m[Ksuggested alternative: â€˜[01m[Krcl_duration_t[m[Kâ€™
[9.961s]       std::cout << "ZED: x:" << zedX << " y: " << zedY << " z:" << zedZ << "   " << [01;36m[Karuco_position_txt[m[K << std::endl;
[9.962s] 
[9.963s]                                                                                     [01;36m[K^~~~~~~~~~~~~~~~~~[m[K
[9.963s]                                                                                     [32m[Krcl_duration_t[m[K
[14.309s] CMakeFiles/zed_tracking_node.dir/build.make:86: recipe for target 'CMakeFiles/zed_tracking_node.dir/src/zed_tracking_node.cpp.o' failed
[14.309s] make[2]: *** [CMakeFiles/zed_tracking_node.dir/src/zed_tracking_node.cpp.o] Error 1
[14.311s] make[1]: *** [CMakeFiles/zed_tracking_node.dir/all] Error 2
[14.311s] make: *** [all] Error 2
[14.312s] CMakeFiles/Makefile2:131: recipe for target 'CMakeFiles/zed_tracking_node.dir/all' failed
[14.313s] Makefile:140: recipe for target 'all' failed
[14.323s] Invoked command in '/home/team/SoftwareDevelopment/ROS2/skinny/build/zed_tracking' returned '2': CMAKE_PREFIX_PATH=/home/team/SoftwareDevelopment/ROS2/skinny/install/messages:/home/team/SoftwareDevelopment/ROS2/skinny/install/talon:/home/team/SoftwareDevelopment/ROS2/skinny/install/power_distribution_panel:/home/team/SoftwareDevelopment/ROS2/skinny/install/logic:/home/team/SoftwareDevelopment/ROS2/skinny/install/communication:/home/team/SoftwareDevelopment/ROS2/skinny/install/excavation:/opt/ros/eloquent /usr/bin/cmake --build /home/team/SoftwareDevelopment/ROS2/skinny/build/zed_tracking -- -j4 -l4
