[0.117s] Invoking command in '/home/team/SoftwareDevelopment/ROS2/skinny/build/logic': AMENT_PREFIX_PATH=/home/team/SoftwareDevelopment/ROS2/skinny/install/messages:${AMENT_PREFIX_PATH} CMAKE_PREFIX_PATH=/home/team/SoftwareDevelopment/ROS2/skinny/install/messages:/opt/ros/eloquent LD_LIBRARY_PATH=/home/team/SoftwareDevelopment/ROS2/skinny/install/messages/lib:${LD_LIBRARY_PATH} PYTHONPATH=/home/team/SoftwareDevelopment/ROS2/skinny/install/messages/lib/python3.6/site-packages:${PYTHONPATH} /usr/bin/cmake --build /home/team/SoftwareDevelopment/ROS2/skinny/build/logic -- -j4 -l4
[0.339s] [35m[1mScanning dependencies of target logic_node[0m
[0.456s] [ 50%] [32mBuilding CXX object CMakeFiles/logic_node.dir/src/logic_node.cpp.o[0m
[4.588s] In file included from [01m[K/home/team/SoftwareDevelopment/ROS2/skinny/src/logic/include/logic/Automation1.hpp:1:0[m[K,
[4.589s]                  from [01m[K/home/team/SoftwareDevelopment/ROS2/skinny/src/logic/src/logic_node.cpp:17[m[K:
[4.589s] [01m[K/home/team/SoftwareDevelopment/ROS2/skinny/src/logic/include/logic/Automation.hpp:8:2:[m[K [01;31m[Kerror: [m[Kexpected â€˜[01m[K;[m[Kâ€™ after class definition
[4.590s]  }
[4.590s]   [01;31m[K^[m[K
[4.591s]   [32m[K;[m[K
[4.623s] [01m[K/home/team/SoftwareDevelopment/ROS2/skinny/src/logic/src/logic_node.cpp:174:10:[m[K [01;31m[Kerror: [m[Kredeclaration of â€˜[01m[KAutomation1::Position Automation1::position[m[Kâ€™
[4.623s]  Position [01;31m[Kposition[m[K;
[4.624s]           [01;31m[K^~~~~~~~[m[K
[4.625s] In file included from [01m[K/home/team/SoftwareDevelopment/ROS2/skinny/src/logic/src/logic_node.cpp:17:0[m[K:
[4.625s] [01m[K/home/team/SoftwareDevelopment/ROS2/skinny/src/logic/include/logic/Automation1.hpp:26:14:[m[K [01;36m[Knote: [m[Kprevious declaration â€˜[01m[KAutomation1::Position Automation1::position[m[Kâ€™
[4.626s]      Position [01;36m[Kposition[m[K;
[4.626s]               [01;36m[K^~~~~~~~[m[K
[4.627s] [01m[K/home/team/SoftwareDevelopment/ROS2/skinny/src/logic/src/logic_node.cpp:187:24:[m[K [01;31m[Kerror: [m[Kredeclaration of â€˜[01m[Kfloat Automation1::currentLeftSpeed[m[Kâ€™
[4.627s]  float currentLeftSpeed=[01;31m[K0[m[K;
[4.628s]                         [01;31m[K^[m[K
[4.628s] In file included from [01m[K/home/team/SoftwareDevelopment/ROS2/skinny/src/logic/src/logic_node.cpp:17:0[m[K:
[4.629s] [01m[K/home/team/SoftwareDevelopment/ROS2/skinny/src/logic/include/logic/Automation1.hpp:22:28:[m[K [01;36m[Knote: [m[Kprevious declaration â€˜[01m[Kfloat Automation1::currentLeftSpeed[m[Kâ€™
[4.629s]      float currentLeftSpeed=[01;36m[K0[m[K;
[4.630s]                             [01;36m[K^[m[K
[4.630s] [01m[K/home/team/SoftwareDevelopment/ROS2/skinny/src/logic/src/logic_node.cpp:188:25:[m[K [01;31m[Kerror: [m[Kredeclaration of â€˜[01m[Kfloat Automation1::currentRightSpeed[m[Kâ€™
[4.631s]  float currentRightSpeed=[01;31m[K0[m[K;
[4.631s]                          [01;31m[K^[m[K
[4.632s] In file included from [01m[K/home/team/SoftwareDevelopment/ROS2/skinny/src/logic/src/logic_node.cpp:17:0[m[K:
[4.632s] [01m[K/home/team/SoftwareDevelopment/ROS2/skinny/src/logic/include/logic/Automation1.hpp:23:29:[m[K [01;36m[Knote: [m[Kprevious declaration â€˜[01m[Kfloat Automation1::currentRightSpeed[m[Kâ€™
[4.633s]      float currentRightSpeed=[01;36m[K0[m[K;
[4.633s]                              [01;36m[K^[m[K
[4.634s] [01m[K/home/team/SoftwareDevelopment/ROS2/skinny/src/logic/src/logic_node.cpp:189:6:[m[K [01;31m[Kerror: [m[Kâ€˜[01m[Kvoid Automation1::changeSpeed(float, float)[m[Kâ€™ cannot be overloaded
[4.634s]  void [01;31m[KchangeSpeed[m[K(float left, float right){
[4.635s]       [01;31m[K^~~~~~~~~~~[m[K
[4.635s] In file included from [01m[K/home/team/SoftwareDevelopment/ROS2/skinny/src/logic/src/logic_node.cpp:17:0[m[K:
[4.636s] [01m[K/home/team/SoftwareDevelopment/ROS2/skinny/src/logic/include/logic/Automation1.hpp:34:10:[m[K [01;31m[Kerror: [m[Kwith â€˜[01m[Kvoid Automation1::changeSpeed(float, float)[m[Kâ€™
[4.636s]      void [01;31m[KchangeSpeed[m[K(float left, float right){
[4.637s]           [01;31m[K^~~~~~~~~~~[m[K
[4.637s] [01m[K/home/team/SoftwareDevelopment/ROS2/skinny/src/logic/src/logic_node.cpp:201:8:[m[K [01;31m[Kerror: [m[Kredefinition of â€˜[01m[Kstruct Automation1::Location[m[Kâ€™
[4.638s]  struct [01;31m[KLocation[m[K{
[4.638s]         [01;31m[K^~~~~~~~[m[K
[4.639s] In file included from [01m[K/home/team/SoftwareDevelopment/ROS2/skinny/src/logic/src/logic_node.cpp:17:0[m[K:
[4.639s] [01m[K/home/team/SoftwareDevelopment/ROS2/skinny/src/logic/include/logic/Automation1.hpp:8:12:[m[K [01;36m[Knote: [m[Kprevious definition of â€˜[01m[Kstruct Automation1::Location[m[Kâ€™
[4.640s]      struct [01;36m[KLocation[m[K{
[4.640s]             [01;36m[K^~~~~~~~[m[K
[4.641s] [01m[K/home/team/SoftwareDevelopment/ROS2/skinny/src/logic/src/logic_node.cpp:205:8:[m[K [01;31m[Kerror: [m[Kredefinition of â€˜[01m[Kstruct Automation1::Quaternion[m[Kâ€™
[4.641s]  struct [01;31m[KQuaternion[m[K {
[4.642s]         [01;31m[K^~~~~~~~~~[m[K
[4.642s] In file included from [01m[K/home/team/SoftwareDevelopment/ROS2/skinny/src/logic/src/logic_node.cpp:17:0[m[K:
[4.643s] [01m[K/home/team/SoftwareDevelopment/ROS2/skinny/src/logic/include/logic/Automation1.hpp:12:12:[m[K [01;36m[Knote: [m[Kprevious definition of â€˜[01m[Kstruct Automation1::Quaternion[m[Kâ€™
[4.643s]      struct [01;36m[KQuaternion[m[K {
[4.644s]             [01;36m[K^~~~~~~~~~[m[K
[4.644s] [01m[K/home/team/SoftwareDevelopment/ROS2/skinny/src/logic/src/logic_node.cpp:209:8:[m[K [01;31m[Kerror: [m[Kredefinition of â€˜[01m[Kstruct Automation1::EulerAngles[m[Kâ€™
[4.645s]  struct [01;31m[KEulerAngles[m[K {
[4.645s]         [01;31m[K^~~~~~~~~~~[m[K
[4.646s] In file included from [01m[K/home/team/SoftwareDevelopment/ROS2/skinny/src/logic/src/logic_node.cpp:17:0[m[K:
[4.646s] [01m[K/home/team/SoftwareDevelopment/ROS2/skinny/src/logic/include/logic/Automation1.hpp:16:12:[m[K [01;36m[Knote: [m[Kprevious definition of â€˜[01m[Kstruct Automation1::EulerAngles[m[Kâ€™
[4.647s]      struct [01;36m[KEulerAngles[m[K {
[4.647s]             [01;36m[K^~~~~~~~~~~[m[K
[4.648s] [01m[K/home/team/SoftwareDevelopment/ROS2/skinny/src/logic/src/logic_node.cpp:213:13:[m[K [01;31m[Kerror: [m[Kâ€˜[01m[KAutomation1::EulerAngles Automation1::ToEulerAngles(Automation1::Quaternion)[m[Kâ€™ cannot be overloaded
[4.648s]  EulerAngles [01;31m[KToEulerAngles[m[K(Quaternion q) {
[4.649s]              [01;31m[K^~~~~~~~~~~~~[m[K
[4.649s] In file included from [01m[K/home/team/SoftwareDevelopment/ROS2/skinny/src/logic/src/logic_node.cpp:17:0[m[K:
[4.650s] [01m[K/home/team/SoftwareDevelopment/ROS2/skinny/src/logic/include/logic/Automation1.hpp:47:17:[m[K [01;31m[Kerror: [m[Kwith â€˜[01m[KAutomation1::EulerAngles Automation1::ToEulerAngles(Automation1::Quaternion)[m[Kâ€™
[4.650s]      EulerAngles [01;31m[KToEulerAngles[m[K(Quaternion q) {
[4.651s]                  [01;31m[K^~~~~~~~~~~~~[m[K
[4.651s] [01m[K/home/team/SoftwareDevelopment/ROS2/skinny/src/logic/src/logic_node.cpp:237:6:[m[K [01;31m[Kerror: [m[Kmultiple definition of â€˜[01m[Kenum Automation1::RobotState[m[Kâ€™
[4.652s]  enum [01;31m[KRobotState[m[K{LOCATE,GO_TO_DIG_SITE,DIG,HOME,DOCK,DUMP};
[4.652s]       [01;31m[K^~~~~~~~~~[m[K
[4.652s] In file included from [01m[K/home/team/SoftwareDevelopment/ROS2/skinny/src/logic/src/logic_node.cpp:17:0[m[K:
[4.653s] [01m[K/home/team/SoftwareDevelopment/ROS2/skinny/src/logic/include/logic/Automation1.hpp:20:10:[m[K [01;36m[Knote: [m[Kprevious definition here
[4.653s]      enum [01;36m[KRobotState[m[K{LOCATE,GO_TO_DIG_SITE,DIG,HOME,DOCK,DUMP};
[4.654s]           [01;36m[K^~~~~~~~~~[m[K
[4.654s] [01m[K/home/team/SoftwareDevelopment/ROS2/skinny/src/logic/src/logic_node.cpp:238:23:[m[K [01;31m[Kerror: [m[Kredeclaration of â€˜[01m[KAutomation1::RobotState Automation1::robotState[m[Kâ€™
[4.655s]  RobotState robotState=[01;31m[KGO_TO_DIG_SITE[m[K;
[4.655s]                        [01;31m[K^~~~~~~~~~~~~~[m[K
[4.656s] In file included from [01m[K/home/team/SoftwareDevelopment/ROS2/skinny/src/logic/src/logic_node.cpp:17:0[m[K:
[4.656s] [01m[K/home/team/SoftwareDevelopment/ROS2/skinny/src/logic/include/logic/Automation1.hpp:24:27:[m[K [01;36m[Knote: [m[Kprevious declaration â€˜[01m[KAutomation1::RobotState Automation1::robotState[m[Kâ€™
[4.657s]      RobotState robotState=[01;36m[KGO_TO_DIG_SITE[m[K;
[4.657s]                            [01;36m[K^~~~~~~~~~~~~~[m[K
[4.658s] [01m[K/home/team/SoftwareDevelopment/ROS2/skinny/src/logic/src/logic_node.cpp:239:10:[m[K [01;31m[Kerror: [m[Kredeclaration of â€˜[01m[KAutomation1::Location Automation1::destination[m[Kâ€™
[4.658s]  Location [01;31m[Kdestination[m[K;
[4.659s]           [01;31m[K^~~~~~~~~~~[m[K
[4.659s] In file included from [01m[K/home/team/SoftwareDevelopment/ROS2/skinny/src/logic/src/logic_node.cpp:17:0[m[K:
[4.660s] [01m[K/home/team/SoftwareDevelopment/ROS2/skinny/src/logic/include/logic/Automation1.hpp:25:14:[m[K [01;36m[Knote: [m[Kprevious declaration â€˜[01m[KAutomation1::Location Automation1::destination[m[Kâ€™
[4.660s]      Location [01;36m[Kdestination[m[K;
[4.661s]               [01;36m[K^~~~~~~~~~~[m[K
[4.661s] [01m[K/home/team/SoftwareDevelopment/ROS2/skinny/src/logic/src/logic_node.cpp:240:6:[m[K [01;31m[Kerror: [m[Kâ€˜[01m[Kvoid Automation1::automate()[m[Kâ€™ cannot be overloaded
[4.662s]  void [01;31m[Kautomate[m[K(){
[4.662s]       [01;31m[K^~~~~~~~[m[K
[4.663s] In file included from [01m[K/home/team/SoftwareDevelopment/ROS2/skinny/src/logic/src/logic_node.cpp:17:0[m[K:
[4.663s] [01m[K/home/team/SoftwareDevelopment/ROS2/skinny/src/logic/include/logic/Automation1.hpp:71:10:[m[K [01;31m[Kerror: [m[Kwith â€˜[01m[Kvoid Automation1::automate()[m[Kâ€™
[4.664s]      void [01;31m[Kautomate[m[K(){
[4.665s]           [01;31m[K^~~~~~~~[m[K
[4.665s] [01m[K/home/team/SoftwareDevelopment/ROS2/skinny/src/logic/src/logic_node.cpp:317:1:[m[K [01;31m[Kerror: [m[Kexpected â€˜[01m[K}[m[Kâ€™ at end of input
[4.666s]  [01;31m[K}[m[K
[4.666s]  [01;31m[K^[m[K
[4.667s] [01m[K/home/team/SoftwareDevelopment/ROS2/skinny/src/logic/src/logic_node.cpp:33:39:[m[K [01;31m[Kerror: [m[Kcannot declare field â€˜[01m[KAutomation1::automation[m[Kâ€™ to be of abstract type â€˜[01m[KAutomation[m[Kâ€™
[4.668s]  Automation automation=new Automation1([01;31m[K)[m[K;
[4.668s]                                        [01;31m[K^[m[K
[4.669s] In file included from [01m[K/home/team/SoftwareDevelopment/ROS2/skinny/src/logic/include/logic/Automation1.hpp:1:0[m[K,
[4.669s]                  from [01m[K/home/team/SoftwareDevelopment/ROS2/skinny/src/logic/src/logic_node.cpp:17[m[K:
[4.670s] [01m[K/home/team/SoftwareDevelopment/ROS2/skinny/src/logic/include/logic/Automation.hpp:4:7:[m[K [01;36m[Knote: [m[K  because the following virtual functions are pure within â€˜[01m[KAutomation[m[Kâ€™:
[4.670s]  class [01;36m[KAutomation[m[K{
[4.671s]        [01;36m[K^~~~~~~~~~[m[K
[4.672s] [01m[K/home/team/SoftwareDevelopment/ROS2/skinny/src/logic/include/logic/Automation.hpp:6:16:[m[K [01;36m[Knote: [m[K	virtual void Automation::automate()
[4.673s]    virtual void [01;36m[Kautomate[m[K() = 0;
[4.673s]                 [01;36m[K^~~~~~~~[m[K
[4.673s] [01m[K/home/team/SoftwareDevelopment/ROS2/skinny/src/logic/include/logic/Automation.hpp:7:16:[m[K [01;36m[Knote: [m[K	virtual void Automation::setPosition(Position)
[4.674s]    virtual void [01;36m[KsetPosition[m[K(Position position) = 0;
[4.674s]                 [01;36m[K^~~~~~~~~~~[m[K
[4.675s] [01m[K/home/team/SoftwareDevelopment/ROS2/skinny/src/logic/src/logic_node.cpp:33:39:[m[K [01;31m[Kerror: [m[Kinvalid new-expression of abstract class type â€˜[01m[KAutomation1[m[Kâ€™
[4.675s]  Automation automation=new Automation1([01;31m[K)[m[K;
[4.676s]                                        [01;31m[K^[m[K
[4.676s] In file included from [01m[K/home/team/SoftwareDevelopment/ROS2/skinny/src/logic/src/logic_node.cpp:17:0[m[K:
[4.677s] [01m[K/home/team/SoftwareDevelopment/ROS2/skinny/src/logic/include/logic/Automation1.hpp:3:7:[m[K [01;36m[Knote: [m[K  because the following virtual functions are pure within â€˜[01m[KAutomation1[m[Kâ€™:
[4.677s]  class [01;36m[KAutomation1[m[K: public Automation{
[4.678s]        [01;36m[K^~~~~~~~~~~[m[K
[4.678s] In file included from [01m[K/home/team/SoftwareDevelopment/ROS2/skinny/src/logic/include/logic/Automation1.hpp:1:0[m[K,
[4.679s]                  from [01m[K/home/team/SoftwareDevelopment/ROS2/skinny/src/logic/src/logic_node.cpp:17[m[K:
[4.679s] [01m[K/home/team/SoftwareDevelopment/ROS2/skinny/src/logic/include/logic/Automation.hpp:7:16:[m[K [01;36m[Knote: [m[K	virtual void Automation::setPosition(Position)
[4.680s]    virtual void [01;36m[KsetPosition[m[K(Position position) = 0;
[4.680s]                 [01;36m[K^~~~~~~~~~~[m[K
[4.681s] In file included from [01m[K/home/team/SoftwareDevelopment/ROS2/skinny/src/logic/src/logic_node.cpp:17:0[m[K:
[4.681s] [01m[K/home/team/SoftwareDevelopment/ROS2/skinny/src/logic/include/logic/Automation1.hpp:[m[K In member function â€˜[01m[Kvirtual void Automation1::automate()[m[Kâ€™:
[4.681s] [01m[K/home/team/SoftwareDevelopment/ROS2/skinny/src/logic/include/logic/Automation1.hpp:97:113:[m[K [01;31m[Kerror: [m[Kâ€˜[01m[Kdirectio[m[Kâ€™ was not declared in this scope
[4.682s]          double theta = acos((facingUnitX*directionX + facingUnitZ*directionZ)/(sqrt(directionX*directionX + [01;31m[Kdirectio[m[K nZ*directionZ)))*180/M_PI;
[4.682s]                                                                                                              [01;31m[K^~~~~~~~[m[K
[4.683s] [01m[K/home/team/SoftwareDevelopment/ROS2/skinny/src/logic/include/logic/Automation1.hpp:97:113:[m[K [01;36m[Knote: [m[Ksuggested alternative: â€˜[01m[KdirectionZ[m[Kâ€™
[4.683s]          double theta = acos((facingUnitX*directionX + facingUnitZ*directionZ)/(sqrt(directionX*directionX + [01;36m[Kdirectio[m[K nZ*directionZ)))*180/M_PI;
[4.684s]                                                                                                              [01;36m[K^~~~~~~~[m[K
[4.684s]                                                                                                                  [32m[KdirectionZ[m[K
[4.755s] [01m[K/home/team/SoftwareDevelopment/ROS2/skinny/src/logic/src/logic_node.cpp:[m[K In member function â€˜[01m[Kvoid Automation1::zedPositionCallback(messages::msg::ZedPosition_<std::allocator<void> >::SharedPtr)[m[Kâ€™:
[4.756s] [01m[K/home/team/SoftwareDevelopment/ROS2/skinny/src/logic/src/logic_node.cpp:184:36:[m[K [01;31m[Kerror: [m[Kno matching function for call to â€˜[01m[KAutomation::setPosition(Automation1::Position&)[m[Kâ€™
[4.756s]      automation.setPosition(position[01;31m[K)[m[K;
[4.757s]                                     [01;31m[K^[m[K
[4.757s] In file included from [01m[K/home/team/SoftwareDevelopment/ROS2/skinny/src/logic/include/logic/Automation1.hpp:1:0[m[K,
[4.758s]                  from [01m[K/home/team/SoftwareDevelopment/ROS2/skinny/src/logic/src/logic_node.cpp:17[m[K:
[4.758s] [01m[K/home/team/SoftwareDevelopment/ROS2/skinny/src/logic/include/logic/Automation.hpp:7:16:[m[K [01;36m[Knote: [m[Kcandidate: virtual void Automation::setPosition(Position)
[4.759s]    virtual void [01;36m[KsetPosition[m[K(Position position) = 0;
[4.759s]                 [01;36m[K^~~~~~~~~~~[m[K
[4.760s] [01m[K/home/team/SoftwareDevelopment/ROS2/skinny/src/logic/include/logic/Automation.hpp:7:16:[m[K [01;36m[Knote: [m[K  no known conversion for argument 1 from â€˜[01m[KAutomation1::Position[m[Kâ€™ to â€˜[01m[KPosition[m[Kâ€™
[4.770s] [01m[K/home/team/SoftwareDevelopment/ROS2/skinny/src/logic/src/logic_node.cpp:[m[K In member function â€˜[01m[Kint Automation1::main(int, char**)[m[Kâ€™:
[4.770s] [01m[K/home/team/SoftwareDevelopment/ROS2/skinny/src/logic/src/logic_node.cpp:295:130:[m[K [01;31m[Kerror: [m[Kinvalid use of non-static member function â€˜[01m[Kvoid Automation1::joystickAxisCallback(messages::msg::AxisState_<std::allocator<void> >::SharedPtr)[m[Kâ€™
[4.771s]  stickAxisSubscriber= nodeHandle->create_subscription<messages::msg::AxisState>("joystick_axis",1,joystickAxisCallback[01;31m[K)[m[K;
[4.771s]                                                                                                                       [01;31m[K^[m[K
[4.772s] [01m[K/home/team/SoftwareDevelopment/ROS2/skinny/src/logic/src/logic_node.cpp:63:6:[m[K [01;36m[Knote: [m[Kdeclared here
[4.772s]  void [01;36m[KjoystickAxisCallback[m[K(const messages::msg::AxisState::SharedPtr axisState){
[4.773s]       [01;36m[K^~~~~~~~~~~~~~~~~~~~[m[K
[4.773s] [01m[K/home/team/SoftwareDevelopment/ROS2/skinny/src/logic/src/logic_node.cpp:296:138:[m[K [01;31m[Kerror: [m[Kinvalid use of non-static member function â€˜[01m[Kvoid Automation1::joystickButtonCallback(messages::msg::ButtonState_<std::allocator<void> >::SharedPtr)[m[Kâ€™
[4.774s]  tonSubscriber= nodeHandle->create_subscription<messages::msg::ButtonState>("joystick_button",1,joystickButtonCallback[01;31m[K)[m[K;
[4.774s]                                                                                                                       [01;31m[K^[m[K
[4.775s] [01m[K/home/team/SoftwareDevelopment/ROS2/skinny/src/logic/src/logic_node.cpp:86:6:[m[K [01;36m[Knote: [m[Kdeclared here
[4.775s]  void [01;36m[KjoystickButtonCallback[m[K(const messages::msg::ButtonState::SharedPtr buttonState){
[4.776s]       [01;36m[K^~~~~~~~~~~~~~~~~~~~~~[m[K
[4.776s] [01m[K/home/team/SoftwareDevelopment/ROS2/skinny/src/logic/src/logic_node.cpp:297:126:[m[K [01;31m[Kerror: [m[Kinvalid use of non-static member function â€˜[01m[Kvoid Automation1::joystickHatCallback(messages::msg::HatState_<std::allocator<void> >::SharedPtr)[m[Kâ€™
[4.777s]   joystickHatSubscriber= nodeHandle->create_subscription<messages::msg::HatState>("joystick_hat",1,joystickHatCallback[01;31m[K)[m[K;
[4.777s]                                                                                                                       [01;31m[K^[m[K
[4.778s] [01m[K/home/team/SoftwareDevelopment/ROS2/skinny/src/logic/src/logic_node.cpp:159:6:[m[K [01;36m[Knote: [m[Kdeclared here
[4.778s]  void [01;36m[KjoystickHatCallback[m[K(const messages::msg::HatState::SharedPtr hatState){
[4.779s]       [01;36m[K^~~~~~~~~~~~~~~~~~~[m[K
[4.779s] [01m[K/home/team/SoftwareDevelopment/ROS2/skinny/src/logic/src/logic_node.cpp:298:101:[m[K [01;31m[Kerror: [m[Kinvalid use of non-static member function â€˜[01m[Kvoid Automation1::keyCallback(messages::msg::KeyState_<std::allocator<void> >::SharedPtr)[m[Kâ€™
[4.780s]      auto keySubscriber= nodeHandle->create_subscription<messages::msg::KeyState>("key",1,keyCallback[01;31m[K)[m[K;
[4.780s]                                                                                                      [01;31m[K^[m[K
[4.781s] [01m[K/home/team/SoftwareDevelopment/ROS2/skinny/src/logic/src/logic_node.cpp:163:6:[m[K [01;36m[Knote: [m[Kdeclared here
[4.781s]  void [01;36m[KkeyCallback[m[K(const messages::msg::KeyState::SharedPtr keyState){
[4.782s]       [01;36m[K^~~~~~~~~~~[m[K
[4.782s] [01m[K/home/team/SoftwareDevelopment/ROS2/skinny/src/logic/src/logic_node.cpp:299:129:[m[K [01;31m[Kerror: [m[Kinvalid use of non-static member function â€˜[01m[Kvoid Automation1::zedPositionCallback(messages::msg::ZedPosition_<std::allocator<void> >::SharedPtr)[m[Kâ€™
[4.783s]  dPositionSubscriber= nodeHandle->create_subscription<messages::msg::ZedPosition>("zed_position",1,zedPositionCallback[01;31m[K)[m[K;
[4.783s]                                                                                                                       [01;31m[K^[m[K
[4.784s] [01m[K/home/team/SoftwareDevelopment/ROS2/skinny/src/logic/src/logic_node.cpp:175:6:[m[K [01;36m[Knote: [m[Kdeclared here
[4.784s]  void [01;36m[KzedPositionCallback[m[K(const messages::msg::ZedPosition::SharedPtr zedPosition){
[4.785s]       [01;36m[K^~~~~~~~~~~~~~~~~~~[m[K
[4.799s] [01m[K/home/team/SoftwareDevelopment/ROS2/skinny/src/logic/src/logic_node.cpp:317:1:[m[K [01;35m[Kwarning: [m[Kno return statement in function returning non-void [[01;35m[K-Wreturn-type[m[K]
[4.800s]  [01;35m[K}[m[K
[4.801s]  [01;35m[K^[m[K
[4.801s] [01m[K/home/team/SoftwareDevelopment/ROS2/skinny/src/logic/src/logic_node.cpp:[m[K At global scope:
[4.802s] [01m[K/home/team/SoftwareDevelopment/ROS2/skinny/src/logic/src/logic_node.cpp:317:1:[m[K [01;31m[Kerror: [m[Kexpected unqualified-id at end of input
[7.271s] make[2]: *** [CMakeFiles/logic_node.dir/src/logic_node.cpp.o] Error 1
[7.273s] CMakeFiles/logic_node.dir/build.make:62: recipe for target 'CMakeFiles/logic_node.dir/src/logic_node.cpp.o' failed
[7.274s] make[1]: *** [CMakeFiles/logic_node.dir/all] Error 2
[7.274s] make: *** [all] Error 2
[7.275s] CMakeFiles/Makefile2:131: recipe for target 'CMakeFiles/logic_node.dir/all' failed
[7.276s] Makefile:140: recipe for target 'all' failed
[7.286s] Invoked command in '/home/team/SoftwareDevelopment/ROS2/skinny/build/logic' returned '2': AMENT_PREFIX_PATH=/home/team/SoftwareDevelopment/ROS2/skinny/install/messages:${AMENT_PREFIX_PATH} CMAKE_PREFIX_PATH=/home/team/SoftwareDevelopment/ROS2/skinny/install/messages:/opt/ros/eloquent LD_LIBRARY_PATH=/home/team/SoftwareDevelopment/ROS2/skinny/install/messages/lib:${LD_LIBRARY_PATH} PYTHONPATH=/home/team/SoftwareDevelopment/ROS2/skinny/install/messages/lib/python3.6/site-packages:${PYTHONPATH} /usr/bin/cmake --build /home/team/SoftwareDevelopment/ROS2/skinny/build/logic -- -j4 -l4
