[0.159s] Invoking command in '/home/team/SoftwareDevelopment/ROS2/skinny/build/autonomy': CMAKE_PREFIX_PATH=/home/team/SoftwareDevelopment/ROS2/skinny/install/messages:/home/team/SoftwareDevelopment/ROS2/skinny/install/zed_tracking:/home/team/SoftwareDevelopment/ROS2/skinny/install/talon:/home/team/SoftwareDevelopment/ROS2/skinny/install/power_distribution_panel:/home/team/SoftwareDevelopment/ROS2/skinny/install/logic:/home/team/SoftwareDevelopment/ROS2/skinny/install/communication:/home/team/SoftwareDevelopment/ROS2/skinny/install/autonomy:/home/team/SoftwareDevelopment/ROS2/skinny/src/install/zed_tracking:/home/team/SoftwareDevelopment/ROS2/skinny/src/install/talon:/home/team/SoftwareDevelopment/ROS2/skinny/src/install/power_distribution_panel:/home/team/SoftwareDevelopment/ROS2/skinny/src/install/logic:/home/team/SoftwareDevelopment/ROS2/skinny/src/install/communication:/home/team/SoftwareDevelopment/ROS2/skinny/src/install/autonomy:/home/team/SoftwareDevelopment/ROS2/skinny/src/install/messages:/home/team/SoftwareDevelopment/ROS2/skinny/install/excavation:/home/team/SoftwareDevelopment/ROS2/skinny/src/install/excavation:/opt/ros/eloquent /usr/bin/cmake --build /home/team/SoftwareDevelopment/ROS2/skinny/build/autonomy -- -j4 -l4
[0.416s] [35m[1mScanning dependencies of target autonomy_node[0m
[0.541s] [ 50%] [32mBuilding CXX object CMakeFiles/autonomy_node.dir/src/autonomy_node.cpp.o[0m
[5.215s] [01m[K/home/team/SoftwareDevelopment/ROS2/skinny/src/autonomy/src/autonomy_node.cpp:[m[K In function â€˜[01m[Kvoid positionCallback(messages::msg::ZedPosition_<std::allocator<void> >::SharedPtr)[m[Kâ€™:
[5.216s] [01m[K/home/team/SoftwareDevelopment/ROS2/skinny/src/autonomy/src/autonomy_node.cpp:12:18:[m[K [01;31m[Kerror: [m[Kâ€˜[01m[Kusing element_type = struct messages::msg::ZedPosition_<std::allocator<void> > {aka struct messages::msg::ZedPosition_<std::allocator<void> >}[m[Kâ€™ has no member named â€˜[01m[Kaz[m[Kâ€™; did you mean â€˜[01m[Kz[m[Kâ€™?
[5.217s]   if(zedPosition->[01;31m[Kaz[m[K > 1){
[5.218s]                   [01;31m[K^~[m[K
[5.219s]                   [32m[Kz[m[K
[5.221s] [01m[K/home/team/SoftwareDevelopment/ROS2/skinny/src/autonomy/src/autonomy_node.cpp:16:24:[m[K [01;31m[Kerror: [m[Kâ€˜[01m[Kusing element_type = struct messages::msg::ZedPosition_<std::allocator<void> > {aka struct messages::msg::ZedPosition_<std::allocator<void> >}[m[Kâ€™ has no member named â€˜[01m[Kaz[m[Kâ€™; did you mean â€˜[01m[Kz[m[Kâ€™?
[5.222s]   else if(zedPosition-> [01;31m[Kaz[m[K < 2.5 && zedPosition->az > 0){
[5.231s]                         [01;31m[K^~[m[K
[5.231s]                         [32m[Kz[m[K
[5.232s] [01m[K/home/team/SoftwareDevelopment/ROS2/skinny/src/autonomy/src/autonomy_node.cpp:16:49:[m[K [01;31m[Kerror: [m[Kâ€˜[01m[Kusing element_type = struct messages::msg::ZedPosition_<std::allocator<void> > {aka struct messages::msg::ZedPosition_<std::allocator<void> >}[m[Kâ€™ has no member named â€˜[01m[Kaz[m[Kâ€™; did you mean â€˜[01m[Kz[m[Kâ€™?
[5.233s]   else if(zedPosition-> az < 2.5 && zedPosition->[01;31m[Kaz[m[K > 0){
[5.233s]                                                  [01;31m[K^~[m[K
[5.234s]                                                  [32m[Kz[m[K
[5.235s] [01m[K/home/team/SoftwareDevelopment/ROS2/skinny/src/autonomy/src/autonomy_node.cpp:20:23:[m[K [01;31m[Kerror: [m[Kâ€˜[01m[Kusing element_type = struct messages::msg::ZedPosition_<std::allocator<void> > {aka struct messages::msg::ZedPosition_<std::allocator<void> >}[m[Kâ€™ has no member named â€˜[01m[Kax[m[Kâ€™; did you mean â€˜[01m[Kx[m[Kâ€™?
[5.235s]   else if(zedPosition->[01;31m[Kax[m[K == -1){
[5.236s]                        [01;31m[K^~[m[K
[5.236s]                        [32m[Kx[m[K
[10.095s] CMakeFiles/autonomy_node.dir/build.make:62: recipe for target 'CMakeFiles/autonomy_node.dir/src/autonomy_node.cpp.o' failed
[10.096s] make[2]: *** [CMakeFiles/autonomy_node.dir/src/autonomy_node.cpp.o] Error 1
[10.102s] CMakeFiles/Makefile2:131: recipe for target 'CMakeFiles/autonomy_node.dir/all' failed
[10.102s] make[1]: *** [CMakeFiles/autonomy_node.dir/all] Error 2
[10.103s] Makefile:140: recipe for target 'all' failed
[10.104s] make: *** [all] Error 2
[10.114s] Invoked command in '/home/team/SoftwareDevelopment/ROS2/skinny/build/autonomy' returned '2': CMAKE_PREFIX_PATH=/home/team/SoftwareDevelopment/ROS2/skinny/install/messages:/home/team/SoftwareDevelopment/ROS2/skinny/install/zed_tracking:/home/team/SoftwareDevelopment/ROS2/skinny/install/talon:/home/team/SoftwareDevelopment/ROS2/skinny/install/power_distribution_panel:/home/team/SoftwareDevelopment/ROS2/skinny/install/logic:/home/team/SoftwareDevelopment/ROS2/skinny/install/communication:/home/team/SoftwareDevelopment/ROS2/skinny/install/autonomy:/home/team/SoftwareDevelopment/ROS2/skinny/src/install/zed_tracking:/home/team/SoftwareDevelopment/ROS2/skinny/src/install/talon:/home/team/SoftwareDevelopment/ROS2/skinny/src/install/power_distribution_panel:/home/team/SoftwareDevelopment/ROS2/skinny/src/install/logic:/home/team/SoftwareDevelopment/ROS2/skinny/src/install/communication:/home/team/SoftwareDevelopment/ROS2/skinny/src/install/autonomy:/home/team/SoftwareDevelopment/ROS2/skinny/src/install/messages:/home/team/SoftwareDevelopment/ROS2/skinny/install/excavation:/home/team/SoftwareDevelopment/ROS2/skinny/src/install/excavation:/opt/ros/eloquent /usr/bin/cmake --build /home/team/SoftwareDevelopment/ROS2/skinny/build/autonomy -- -j4 -l4
