[01m[K/home/team/SoftwareDevelopment/ROS2/skinny/src/autonomy/src/autonomy_node.cpp:6:35:[m[K [01;31m[Kerror: [m[Kâ€˜[01m[Kstd_msgs[m[Kâ€™ was not declared in this scope
 std::shared_ptr<rclcpp::Publisher<[01;31m[Kstd_msgs[m[K::Float32_<std::allocator<void> >, std::allocator<void> > > driveLeftSpeedPublisher;
                                   [01;31m[K^~~~~~~~[m[K
[01m[K/home/team/SoftwareDevelopment/ROS2/skinny/src/autonomy/src/autonomy_node.cpp:6:99:[m[K [01;31m[Kerror: [m[Ktemplate argument 1 is invalid
 std::shared_ptr<rclcpp::Publisher<std_msgs::Float32_<std::allocator<void> >, std::allocator<void> [01;31m[K>[m[K > driveLeftSpeedPublisher;
                                                                                                   [01;31m[K^[m[K
[01m[K/home/team/SoftwareDevelopment/ROS2/skinny/src/autonomy/src/autonomy_node.cpp:6:101:[m[K [01;31m[Kerror: [m[Ktemplate argument 1 is invalid
 std::shared_ptr<rclcpp::Publisher<std_msgs::Float32_<std::allocator<void> >, std::allocator<void> > [01;31m[K>[m[K driveLeftSpeedPublisher;
                                                                                                     [01;31m[K^[m[K
[01m[K/home/team/SoftwareDevelopment/ROS2/skinny/src/autonomy/src/autonomy_node.cpp:7:35:[m[K [01;31m[Kerror: [m[Kâ€˜[01m[Kstd_msgs[m[Kâ€™ was not declared in this scope
 std::shared_ptr<rclcpp::Publisher<[01;31m[Kstd_msgs[m[K::Float32_<std::allocator<void> >, std::allocator<void> > > driveRightSpeedPublisher;
                                   [01;31m[K^~~~~~~~[m[K
[01m[K/home/team/SoftwareDevelopment/ROS2/skinny/src/autonomy/src/autonomy_node.cpp:7:99:[m[K [01;31m[Kerror: [m[Ktemplate argument 1 is invalid
 std::shared_ptr<rclcpp::Publisher<std_msgs::Float32_<std::allocator<void> >, std::allocator<void> [01;31m[K>[m[K > driveRightSpeedPublisher;
                                                                                                   [01;31m[K^[m[K
[01m[K/home/team/SoftwareDevelopment/ROS2/skinny/src/autonomy/src/autonomy_node.cpp:7:101:[m[K [01;31m[Kerror: [m[Ktemplate argument 1 is invalid
 std::shared_ptr<rclcpp::Publisher<std_msgs::Float32_<std::allocator<void> >, std::allocator<void> > [01;31m[K>[m[K driveRightSpeedPublisher;
                                                                                                     [01;31m[K^[m[K
[01m[K/home/team/SoftwareDevelopment/ROS2/skinny/src/autonomy/src/autonomy_node.cpp:[m[K In function â€˜[01m[Kvoid postitionCallback(messages::msg::ZedPosition_<std::allocator<void> >::SharedPtr)[m[Kâ€™:
[01m[K/home/team/SoftwareDevelopment/ROS2/skinny/src/autonomy/src/autonomy_node.cpp:10:2:[m[K [01;31m[Kerror: [m[Kâ€˜[01m[Kstd_msgs[m[Kâ€™ has not been declared
  [01;31m[Kstd_msgs[m[K::msg::Float32 speedLeft;
  [01;31m[K^~~~~~~~[m[K
[01m[K/home/team/SoftwareDevelopment/ROS2/skinny/src/autonomy/src/autonomy_node.cpp:11:2:[m[K [01;31m[Kerror: [m[Kâ€˜[01m[Kstd_msgs[m[Kâ€™ has not been declared
  [01;31m[Kstd_msgs[m[K::msg::Float32 speedRight;
  [01;31m[K^~~~~~~~[m[K
[01m[K/home/team/SoftwareDevelopment/ROS2/skinny/src/autonomy/src/autonomy_node.cpp:12:18:[m[K [01;31m[Kerror: [m[Kâ€˜[01m[Kusing element_type = struct messages::msg::ZedPosition_<std::allocator<void> > {aka struct messages::msg::ZedPosition_<std::allocator<void> >}[m[Kâ€™ has no member named â€˜[01m[KaZ[m[Kâ€™
  if(zedPosition->[01;31m[KaZ[m[K > 2.5){
                  [01;31m[K^~[m[K
[01m[K/home/team/SoftwareDevelopment/ROS2/skinny/src/autonomy/src/autonomy_node.cpp:13:3:[m[K [01;31m[Kerror: [m[Kâ€˜[01m[KspeedLeft[m[Kâ€™ was not declared in this scope
   [01;31m[KspeedLeft[m[K.data = 0.2;
   [01;31m[K^~~~~~~~~[m[K
[01m[K/home/team/SoftwareDevelopment/ROS2/skinny/src/autonomy/src/autonomy_node.cpp:14:3:[m[K [01;31m[Kerror: [m[Kâ€˜[01m[KspeedRight[m[Kâ€™ was not declared in this scope
   [01;31m[KspeedRight[m[K.data = 0.2;
   [01;31m[K^~~~~~~~~~[m[K
[01m[K/home/team/SoftwareDevelopment/ROS2/skinny/src/autonomy/src/autonomy_node.cpp:16:23:[m[K [01;31m[Kerror: [m[Kâ€˜[01m[Kusing element_type = struct messages::msg::ZedPosition_<std::allocator<void> > {aka struct messages::msg::ZedPosition_<std::allocator<void> >}[m[Kâ€™ has no member named â€˜[01m[KaX[m[Kâ€™
  else if(zedPosition->[01;31m[KaX[m[K == -1){
                       [01;31m[K^~[m[K
[01m[K/home/team/SoftwareDevelopment/ROS2/skinny/src/autonomy/src/autonomy_node.cpp:17:3:[m[K [01;31m[Kerror: [m[Kâ€˜[01m[KspeedLeft[m[Kâ€™ was not declared in this scope
   [01;31m[KspeedLeft[m[K.data = 0.2;
   [01;31m[K^~~~~~~~~[m[K
[01m[K/home/team/SoftwareDevelopment/ROS2/skinny/src/autonomy/src/autonomy_node.cpp:18:3:[m[K [01;31m[Kerror: [m[Kâ€˜[01m[KspeedRight[m[Kâ€™ was not declared in this scope
   [01;31m[KspeedRight[m[K.data = -0.2;
   [01;31m[K^~~~~~~~~~[m[K
In file included from [01m[K/opt/ros/eloquent/include/rclcpp/client.hpp:39:0[m[K,
                 from [01m[K/opt/ros/eloquent/include/rclcpp/callback_group.hpp:23[m[K,
                 from [01m[K/opt/ros/eloquent/include/rclcpp/any_executable.hpp:20[m[K,
                 from [01m[K/opt/ros/eloquent/include/rclcpp/memory_strategy.hpp:24[m[K,
                 from [01m[K/opt/ros/eloquent/include/rclcpp/memory_strategies.hpp:18[m[K,
                 from [01m[K/opt/ros/eloquent/include/rclcpp/executor.hpp:33[m[K,
                 from [01m[K/opt/ros/eloquent/include/rclcpp/executors/multi_threaded_executor.hpp:25[m[K,
                 from [01m[K/opt/ros/eloquent/include/rclcpp/executors.hpp:21[m[K,
                 from [01m[K/opt/ros/eloquent/include/rclcpp/rclcpp.hpp:145[m[K,
                 from [01m[K/home/team/SoftwareDevelopment/ROS2/skinny/src/autonomy/src/autonomy_node.cpp:1[m[K:
[01m[K/home/team/SoftwareDevelopment/ROS2/skinny/src/autonomy/src/autonomy_node.cpp:21:66:[m[K [01;31m[Kerror: [m[Kâ€˜[01m[KspeedLeft[m[Kâ€™ was not declared in this scope
  RCLCPP_INFO(nodeHandle->get_logger(), "speed left=%f right=%f", [01;31m[Ks[m[KpeedLeft.data, speedRight.data);
                                                                  [01;31m[K^[m[K
[01m[K/opt/ros/eloquent/include/rcutils/logging_macros.h:72:64:[m[K [01;36m[Knote: [m[Kin definition of macro â€˜[01m[KRCUTILS_LOG_COND_NAMED[m[Kâ€™
       rcutils_log(&__rcutils_logging_location, severity, name, [01;36m[K__VA_ARGS__[m[K); \
                                                                [01;36m[K^~~~~~~~~~~[m[K
[01m[K/opt/ros/eloquent/include/rclcpp/logging.hpp:541:5:[m[K [01;36m[Knote: [m[Kin expansion of macro â€˜[01m[KRCUTILS_LOG_INFO_NAMED[m[Kâ€™
     [01;36m[KRCUTILS_LOG_INFO_NAMED[m[K( \
     [01;36m[K^~~~~~~~~~~~~~~~~~~~~~[m[K
[01m[K/opt/ros/eloquent/include/rclcpp/logging.hpp:544:9:[m[K [01;36m[Knote: [m[Kin expansion of macro â€˜[01m[KRCLCPP_ALL_BUT_FIRST_ARGS[m[Kâ€™
         [01;36m[KRCLCPP_ALL_BUT_FIRST_ARGS[m[K(__VA_ARGS__,"")); \
         [01;36m[K^~~~~~~~~~~~~~~~~~~~~~~~~[m[K
[01m[K/home/team/SoftwareDevelopment/ROS2/skinny/src/autonomy/src/autonomy_node.cpp:21:2:[m[K [01;36m[Knote: [m[Kin expansion of macro â€˜[01m[KRCLCPP_INFO[m[Kâ€™
  [01;36m[KRCLCPP_INFO[m[K(nodeHandle->get_logger(), "speed left=%f right=%f", speedLeft.data, speedRight.data);
  [01;36m[K^~~~~~~~~~~[m[K
[01m[K/home/team/SoftwareDevelopment/ROS2/skinny/src/autonomy/src/autonomy_node.cpp:21:82:[m[K [01;31m[Kerror: [m[Kâ€˜[01m[KspeedRight[m[Kâ€™ was not declared in this scope
  RCLCPP_INFO(nodeHandle->get_logger(), "speed left=%f right=%f", speedLeft.data, [01;31m[Ks[m[KpeedRight.data);
                                                                                  [01;31m[K^[m[K
[01m[K/opt/ros/eloquent/include/rcutils/logging_macros.h:72:64:[m[K [01;36m[Knote: [m[Kin definition of macro â€˜[01m[KRCUTILS_LOG_COND_NAMED[m[Kâ€™
       rcutils_log(&__rcutils_logging_location, severity, name, [01;36m[K__VA_ARGS__[m[K); \
                                                                [01;36m[K^~~~~~~~~~~[m[K
[01m[K/opt/ros/eloquent/include/rclcpp/logging.hpp:541:5:[m[K [01;36m[Knote: [m[Kin expansion of macro â€˜[01m[KRCUTILS_LOG_INFO_NAMED[m[Kâ€™
     [01;36m[KRCUTILS_LOG_INFO_NAMED[m[K( \
     [01;36m[K^~~~~~~~~~~~~~~~~~~~~~[m[K
[01m[K/opt/ros/eloquent/include/rclcpp/logging.hpp:544:9:[m[K [01;36m[Knote: [m[Kin expansion of macro â€˜[01m[KRCLCPP_ALL_BUT_FIRST_ARGS[m[Kâ€™
         [01;36m[KRCLCPP_ALL_BUT_FIRST_ARGS[m[K(__VA_ARGS__,"")); \
         [01;36m[K^~~~~~~~~~~~~~~~~~~~~~~~~[m[K
[01m[K/home/team/SoftwareDevelopment/ROS2/skinny/src/autonomy/src/autonomy_node.cpp:21:2:[m[K [01;36m[Knote: [m[Kin expansion of macro â€˜[01m[KRCLCPP_INFO[m[Kâ€™
  [01;36m[KRCLCPP_INFO[m[K(nodeHandle->get_logger(), "speed left=%f right=%f", speedLeft.data, speedRight.data);
  [01;36m[K^~~~~~~~~~~[m[K
[01m[K/home/team/SoftwareDevelopment/ROS2/skinny/src/autonomy/src/autonomy_node.cpp:22:25:[m[K [01;31m[Kerror: [m[Kbase operand of â€˜[01m[K->[m[Kâ€™ is not a pointer
  driveLeftSpeedPublisher[01;31m[K->[m[Kpublish(speedLeft);
                         [01;31m[K^~[m[K
[01m[K/home/team/SoftwareDevelopment/ROS2/skinny/src/autonomy/src/autonomy_node.cpp:22:35:[m[K [01;31m[Kerror: [m[Kâ€˜[01m[KspeedLeft[m[Kâ€™ was not declared in this scope
  driveLeftSpeedPublisher->publish([01;31m[KspeedLeft[m[K);
                                   [01;31m[K^~~~~~~~~[m[K
[01m[K/home/team/SoftwareDevelopment/ROS2/skinny/src/autonomy/src/autonomy_node.cpp:23:26:[m[K [01;31m[Kerror: [m[Kbase operand of â€˜[01m[K->[m[Kâ€™ is not a pointer
  driveRightSpeedPublisher[01;31m[K->[m[Kpublish(speedRight);
                          [01;31m[K^~[m[K
[01m[K/home/team/SoftwareDevelopment/ROS2/skinny/src/autonomy/src/autonomy_node.cpp:23:36:[m[K [01;31m[Kerror: [m[Kâ€˜[01m[KspeedRight[m[Kâ€™ was not declared in this scope
  driveRightSpeedPublisher->publish([01;31m[KspeedRight[m[K);
                                    [01;31m[K^~~~~~~~~~[m[K
[01m[K/home/team/SoftwareDevelopment/ROS2/skinny/src/autonomy/src/autonomy_node.cpp:[m[K In function â€˜[01m[Kint main(int, char**)[m[Kâ€™:
[01m[K/home/team/SoftwareDevelopment/ROS2/skinny/src/autonomy/src/autonomy_node.cpp:27:25:[m[K [01;31m[Kerror: [m[Kinvalid conversion from â€˜[01m[Kint[m[Kâ€™ to â€˜[01m[Kconst char* const*[m[Kâ€™ [[01;31m[K-fpermissive[m[K]
  rclcpp::init(argc, argc[01;31m[K)[m[K;
                         [01;31m[K^[m[K
In file included from [01m[K/opt/ros/eloquent/include/rclcpp/client.hpp:35:0[m[K,
                 from [01m[K/opt/ros/eloquent/include/rclcpp/callback_group.hpp:23[m[K,
                 from [01m[K/opt/ros/eloquent/include/rclcpp/any_executable.hpp:20[m[K,
                 from [01m[K/opt/ros/eloquent/include/rclcpp/memory_strategy.hpp:24[m[K,
                 from [01m[K/opt/ros/eloquent/include/rclcpp/memory_strategies.hpp:18[m[K,
                 from [01m[K/opt/ros/eloquent/include/rclcpp/executor.hpp:33[m[K,
                 from [01m[K/opt/ros/eloquent/include/rclcpp/executors/multi_threaded_executor.hpp:25[m[K,
                 from [01m[K/opt/ros/eloquent/include/rclcpp/executors.hpp:21[m[K,
                 from [01m[K/opt/ros/eloquent/include/rclcpp/rclcpp.hpp:145[m[K,
                 from [01m[K/home/team/SoftwareDevelopment/ROS2/skinny/src/autonomy/src/autonomy_node.cpp:1[m[K:
[01m[K/opt/ros/eloquent/include/rclcpp/utilities.hpp:56:1:[m[K [01;36m[Knote: [m[K  initializing argument 2 of â€˜[01m[Kvoid rclcpp::init(int, const char* const*, const rclcpp::InitOptions&)[m[Kâ€™
 [01;36m[Kinit[m[K(int argc, char const * const argv[], const InitOptions & init_options = InitOptions());
 [01;36m[K^~~~[m[K
[01m[K/home/team/SoftwareDevelopment/ROS2/skinny/src/autonomy/src/autonomy_node.cpp:30:110:[m[K [01;31m[Kerror: [m[Kâ€˜[01m[KpositionCallback[m[Kâ€™ was not declared in this scope
  auto zedPositionSubscriber = nodeHandle->create_subscription<messages::msg::ZedPosition>("zed_position", 1, [01;31m[KpositionCallback[m[K);
                                                                                                              [01;31m[K^~~~~~~~~~~~~~~~[m[K
[01m[K/home/team/SoftwareDevelopment/ROS2/skinny/src/autonomy/src/autonomy_node.cpp:30:110:[m[K [01;36m[Knote: [m[Ksuggested alternative: â€˜[01m[KpostitionCallback[m[Kâ€™
  auto zedPositionSubscriber = nodeHandle->create_subscription<messages::msg::ZedPosition>("zed_position", 1, [01;36m[KpositionCallback[m[K);
                                                                                                              [01;36m[K^~~~~~~~~~~~~~~~[m[K
                                                                                                              [32m[KpostitionCallback[m[K
[01m[K/home/team/SoftwareDevelopment/ROS2/skinny/src/autonomy/src/autonomy_node.cpp:32:57:[m[K [01;31m[Kerror: [m[Kâ€˜[01m[Kstd_msgs[m[Kâ€™ was not declared in this scope
  driveLeftSpeedPublisher = nodeHandle->create_publisher<[01;31m[Kstd_msgs[m[K::msg::Float32>("drive_left_speed", 1);
                                                         [01;31m[K^~~~~~~~[m[K
[01m[K/home/team/SoftwareDevelopment/ROS2/skinny/src/autonomy/src/autonomy_node.cpp:32:40:[m[K [01;31m[Kerror: [m[Kparse error in template argument list
  driveLeftSpeedPublisher = nodeHandle->[01;31m[Kcreate_publisher<std_msgs::msg::Float32>[m[K("drive_left_speed", 1);
                                        [01;31m[K^~~~~~~~~~~~~~~~~~~~~~~~~~~~~~~~~~~~~~~~[m[K
[01m[K/home/team/SoftwareDevelopment/ROS2/skinny/src/autonomy/src/autonomy_node.cpp:32:102:[m[K [01;31m[Kerror: [m[Kno matching function for call to â€˜[01m[Krclcpp::Node::create_publisher<<expression error> >(const char [17], int)[m[Kâ€™
  driveLeftSpeedPublisher = nodeHandle->create_publisher<std_msgs::msg::Float32>("drive_left_speed", 1[01;31m[K)[m[K;
                                                                                                      [01;31m[K^[m[K
In file included from [01m[K/opt/ros/eloquent/include/rclcpp/executors/single_threaded_executor.hpp:28:0[m[K,
                 from [01m[K/opt/ros/eloquent/include/rclcpp/executors.hpp:22[m[K,
                 from [01m[K/opt/ros/eloquent/include/rclcpp/rclcpp.hpp:145[m[K,
                 from [01m[K/home/team/SoftwareDevelopment/ROS2/skinny/src/autonomy/src/autonomy_node.cpp:1[m[K:
[01m[K/opt/ros/eloquent/include/rclcpp/node.hpp:181:3:[m[K [01;36m[Knote: [m[Kcandidate: template<class MessageT, class AllocatorT, class PublisherT> std::shared_ptr<PublisherT> rclcpp::Node::create_publisher(const string&, const rclcpp::QoS&, const rclcpp::PublisherOptionsWithAllocator<AllocatorT>&)
   [01;36m[Kcreate_publisher[m[K(
   [01;36m[K^~~~~~~~~~~~~~~~[m[K
[01m[K/opt/ros/eloquent/include/rclcpp/node.hpp:181:3:[m[K [01;36m[Knote: [m[K  template argument deduction/substitution failed:
[01m[K/home/team/SoftwareDevelopment/ROS2/skinny/src/autonomy/src/autonomy_node.cpp:32:102:[m[K [01;31m[Kerror: [m[Ktemplate argument 1 is invalid
  driveLeftSpeedPublisher = nodeHandle->create_publisher<std_msgs::msg::Float32>("drive_left_speed", 1[01;31m[K)[m[K;
                                                                                                      [01;31m[K^[m[K
[01m[K/home/team/SoftwareDevelopment/ROS2/skinny/src/autonomy/src/autonomy_node.cpp:33:41:[m[K [01;31m[Kerror: [m[Kparse error in template argument list
  driveRightSpeedPublisher = nodeHandle->[01;31m[Kcreate_publisher<std_msgs::msg::Float32>[m[K("drive_right_speed", 1);
                                         [01;31m[K^~~~~~~~~~~~~~~~~~~~~~~~~~~~~~~~~~~~~~~~[m[K
[01m[K/home/team/SoftwareDevelopment/ROS2/skinny/src/autonomy/src/autonomy_node.cpp:33:104:[m[K [01;31m[Kerror: [m[Kno matching function for call to â€˜[01m[Krclcpp::Node::create_publisher<std_msgs>(const char [18], int)[m[Kâ€™
  driveRightSpeedPublisher = nodeHandle->create_publisher<std_msgs::msg::Float32>("drive_right_speed", 1[01;31m[K)[m[K;
                                                                                                        [01;31m[K^[m[K
In file included from [01m[K/opt/ros/eloquent/include/rclcpp/executors/single_threaded_executor.hpp:28:0[m[K,
                 from [01m[K/opt/ros/eloquent/include/rclcpp/executors.hpp:22[m[K,
                 from [01m[K/opt/ros/eloquent/include/rclcpp/rclcpp.hpp:145[m[K,
                 from [01m[K/home/team/SoftwareDevelopment/ROS2/skinny/src/autonomy/src/autonomy_node.cpp:1[m[K:
[01m[K/opt/ros/eloquent/include/rclcpp/node.hpp:181:3:[m[K [01;36m[Knote: [m[Kcandidate: template<class MessageT, class AllocatorT, class PublisherT> std::shared_ptr<PublisherT> rclcpp::Node::create_publisher(const string&, const rclcpp::QoS&, const rclcpp::PublisherOptionsWithAllocator<AllocatorT>&)
   [01;36m[Kcreate_publisher[m[K(
   [01;36m[K^~~~~~~~~~~~~~~~[m[K
[01m[K/opt/ros/eloquent/include/rclcpp/node.hpp:181:3:[m[K [01;36m[Knote: [m[K  template argument deduction/substitution failed:
[01m[K/home/team/SoftwareDevelopment/ROS2/skinny/src/autonomy/src/autonomy_node.cpp:36:16:[m[K [01;31m[Kerror: [m[Kâ€˜[01m[Kokay[m[Kâ€™ is not a member of â€˜[01m[Krclcpp[m[Kâ€™
  while(rclcpp::[01;31m[Kokay[m[K)){
                [01;31m[K^~~~[m[K
[01m[K/home/team/SoftwareDevelopment/ROS2/skinny/src/autonomy/src/autonomy_node.cpp:36:16:[m[K [01;36m[Knote: [m[Ksuggested alternative: â€˜[01m[Kok[m[Kâ€™
  while(rclcpp::[01;36m[Kokay[m[K)){
                [01;36m[K^~~~[m[K
                [32m[Kok[m[K
[01m[K/home/team/SoftwareDevelopment/ROS2/skinny/src/autonomy/src/autonomy_node.cpp:36:21:[m[K [01;31m[Kerror: [m[Kexpected primary-expression before â€˜[01m[K)[m[Kâ€™ token
  while(rclcpp::okay)[01;31m[K)[m[K{
                     [01;31m[K^[m[K
[01m[K/home/team/SoftwareDevelopment/ROS2/skinny/src/autonomy/src/autonomy_node.cpp:26:27:[m[K [01;35m[Kwarning: [m[Kunused parameter â€˜[01m[Kargv[m[Kâ€™ [[01;35m[K-Wunused-parameter[m[K]
 int main(int argc, char **[01;35m[Kargv[m[K){
                           [01;35m[K^~~~[m[K
make[2]: *** [CMakeFiles/autonomy_node.dir/src/autonomy_node.cpp.o] Error 1
make[1]: *** [CMakeFiles/autonomy_node.dir/all] Error 2
make: *** [all] Error 2
