[0.135s] Invoking command in '/home/team/SoftwareDevelopment/ROS2/skinny/src/build/autonomy': CMAKE_PREFIX_PATH=/home/team/SoftwareDevelopment/ROS2/skinny/src/install/messages:/home/team/SoftwareDevelopment/ROS2/skinny/src/install/zed_tracking:/home/team/SoftwareDevelopment/ROS2/skinny/src/install/talon:/home/team/SoftwareDevelopment/ROS2/skinny/src/install/power_distribution_panel:/home/team/SoftwareDevelopment/ROS2/skinny/src/install/logic:/home/team/SoftwareDevelopment/ROS2/skinny/src/install/communication:/home/team/SoftwareDevelopment/ROS2/skinny/src/install/autonomy:/home/team/SoftwareDevelopment/ROS2/skinny/src/install/excavation:/opt/ros/eloquent /usr/bin/cmake --build /home/team/SoftwareDevelopment/ROS2/skinny/src/build/autonomy -- -j4 -l4
[0.224s] -- Found ament_cmake: 0.8.3 (/opt/ros/eloquent/share/ament_cmake/cmake)
[0.366s] -- Using PYTHON_EXECUTABLE: /usr/bin/python3
[1.703s] -- Found rclcpp: 0.8.5 (/opt/ros/eloquent/share/rclcpp/cmake)
[1.835s] -- Found rosidl_adapter: 0.8.3 (/opt/ros/eloquent/share/rosidl_adapter/cmake)
[2.083s] -- Found rmw_implementation_cmake: 0.8.1 (/opt/ros/eloquent/share/rmw_implementation_cmake/cmake)
[2.090s] -- Using RMW implementation 'rmw_fastrtps_cpp' as default
[2.093s] -- Looking for pthread.h
[2.371s] -- Looking for pthread.h - found
[2.374s] -- Looking for pthread_create
[2.631s] -- Looking for pthread_create - not found
[2.632s] -- Looking for pthread_create in pthreads
[2.846s] -- Looking for pthread_create in pthreads - not found
[2.847s] -- Looking for pthread_create in pthread
[3.082s] -- Looking for pthread_create in pthread - found
[3.085s] -- Found Threads: TRUE  
[3.270s] -- Found std_msgs: 0.8.1 (/opt/ros/eloquent/share/std_msgs/cmake)
[3.288s] -- Found messages: 0.0.0 (/home/team/SoftwareDevelopment/ROS2/skinny/src/install/messages/share/messages/cmake)
[3.683s] -- Configuring done
[3.726s] -- Generating done
[3.732s] -- Build files have been written to: /home/team/SoftwareDevelopment/ROS2/skinny/src/build/autonomy
[3.808s] [35m[1mScanning dependencies of target autonomy_node[0m
[3.932s] [ 50%] [32mBuilding CXX object CMakeFiles/autonomy_node.dir/src/autonomy_node.cpp.o[0m
[7.563s] [01m[K/home/team/SoftwareDevelopment/ROS2/skinny/src/autonomy/src/autonomy_node.cpp:6:35:[m[K [01;31m[Kerror: [m[Kâ€˜[01m[Kstd_msgs[m[Kâ€™ was not declared in this scope
[7.564s]  std::shared_ptr<rclcpp::Publisher<[01;31m[Kstd_msgs[m[K::Float32_<std::allocator<void> >, std::allocator<void> > > driveLeftSpeedPublisher;
[7.564s]                                    [01;31m[K^~~~~~~~[m[K
[7.567s] [01m[K/home/team/SoftwareDevelopment/ROS2/skinny/src/autonomy/src/autonomy_node.cpp:6:99:[m[K [01;31m[Kerror: [m[Ktemplate argument 1 is invalid
[7.568s]  std::shared_ptr<rclcpp::Publisher<std_msgs::Float32_<std::allocator<void> >, std::allocator<void> [01;31m[K>[m[K > driveLeftSpeedPublisher;
[7.568s]                                                                                                    [01;31m[K^[m[K
[7.569s] [01m[K/home/team/SoftwareDevelopment/ROS2/skinny/src/autonomy/src/autonomy_node.cpp:6:101:[m[K [01;31m[Kerror: [m[Ktemplate argument 1 is invalid
[7.569s]  std::shared_ptr<rclcpp::Publisher<std_msgs::Float32_<std::allocator<void> >, std::allocator<void> > [01;31m[K>[m[K driveLeftSpeedPublisher;
[7.570s]                                                                                                      [01;31m[K^[m[K
[7.571s] [01m[K/home/team/SoftwareDevelopment/ROS2/skinny/src/autonomy/src/autonomy_node.cpp:7:35:[m[K [01;31m[Kerror: [m[Kâ€˜[01m[Kstd_msgs[m[Kâ€™ was not declared in this scope
[7.571s]  std::shared_ptr<rclcpp::Publisher<[01;31m[Kstd_msgs[m[K::Float32_<std::allocator<void> >, std::allocator<void> > > driveRightSpeedPublisher;
[7.572s]                                    [01;31m[K^~~~~~~~[m[K
[7.572s] [01m[K/home/team/SoftwareDevelopment/ROS2/skinny/src/autonomy/src/autonomy_node.cpp:7:99:[m[K [01;31m[Kerror: [m[Ktemplate argument 1 is invalid
[7.573s]  std::shared_ptr<rclcpp::Publisher<std_msgs::Float32_<std::allocator<void> >, std::allocator<void> [01;31m[K>[m[K > driveRightSpeedPublisher;
[7.574s]                                                                                                    [01;31m[K^[m[K
[7.574s] [01m[K/home/team/SoftwareDevelopment/ROS2/skinny/src/autonomy/src/autonomy_node.cpp:7:101:[m[K [01;31m[Kerror: [m[Ktemplate argument 1 is invalid
[7.575s]  std::shared_ptr<rclcpp::Publisher<std_msgs::Float32_<std::allocator<void> >, std::allocator<void> > [01;31m[K>[m[K driveRightSpeedPublisher;
[7.575s]                                                                                                      [01;31m[K^[m[K
[7.590s] [01m[K/home/team/SoftwareDevelopment/ROS2/skinny/src/autonomy/src/autonomy_node.cpp:[m[K In function â€˜[01m[Kvoid postitionCallback(messages::msg::ZedPosition_<std::allocator<void> >::SharedPtr)[m[Kâ€™:
[7.590s] [01m[K/home/team/SoftwareDevelopment/ROS2/skinny/src/autonomy/src/autonomy_node.cpp:10:2:[m[K [01;31m[Kerror: [m[Kâ€˜[01m[Kstd_msgs[m[Kâ€™ has not been declared
[7.591s]   [01;31m[Kstd_msgs[m[K::msg::Float32 speedLeft;
[7.592s]   [01;31m[K^~~~~~~~[m[K
[7.592s] [01m[K/home/team/SoftwareDevelopment/ROS2/skinny/src/autonomy/src/autonomy_node.cpp:11:2:[m[K [01;31m[Kerror: [m[Kâ€˜[01m[Kstd_msgs[m[Kâ€™ has not been declared
[7.593s]   [01;31m[Kstd_msgs[m[K::msg::Float32 speedRight;
[7.594s]   [01;31m[K^~~~~~~~[m[K
[7.594s] [01m[K/home/team/SoftwareDevelopment/ROS2/skinny/src/autonomy/src/autonomy_node.cpp:12:18:[m[K [01;31m[Kerror: [m[Kâ€˜[01m[Kusing element_type = struct messages::msg::ZedPosition_<std::allocator<void> > {aka struct messages::msg::ZedPosition_<std::allocator<void> >}[m[Kâ€™ has no member named â€˜[01m[KaZ[m[Kâ€™
[7.595s]   if(zedPosition->[01;31m[KaZ[m[K > 2.5){
[7.595s]                   [01;31m[K^~[m[K
[7.596s] [01m[K/home/team/SoftwareDevelopment/ROS2/skinny/src/autonomy/src/autonomy_node.cpp:13:3:[m[K [01;31m[Kerror: [m[Kâ€˜[01m[KspeedLeft[m[Kâ€™ was not declared in this scope
[7.596s]    [01;31m[KspeedLeft[m[K.data = 0.2;
[7.597s]    [01;31m[K^~~~~~~~~[m[K
[7.597s] [01m[K/home/team/SoftwareDevelopment/ROS2/skinny/src/autonomy/src/autonomy_node.cpp:14:3:[m[K [01;31m[Kerror: [m[Kâ€˜[01m[KspeedRight[m[Kâ€™ was not declared in this scope
[7.598s]    [01;31m[KspeedRight[m[K.data = 0.2;
[7.599s]    [01;31m[K^~~~~~~~~~[m[K
[7.600s] [01m[K/home/team/SoftwareDevelopment/ROS2/skinny/src/autonomy/src/autonomy_node.cpp:16:23:[m[K [01;31m[Kerror: [m[Kâ€˜[01m[Kusing element_type = struct messages::msg::ZedPosition_<std::allocator<void> > {aka struct messages::msg::ZedPosition_<std::allocator<void> >}[m[Kâ€™ has no member named â€˜[01m[KaX[m[Kâ€™
[7.600s]   else if(zedPosition->[01;31m[KaX[m[K == -1){
[7.601s]                        [01;31m[K^~[m[K
[7.601s] [01m[K/home/team/SoftwareDevelopment/ROS2/skinny/src/autonomy/src/autonomy_node.cpp:17:3:[m[K [01;31m[Kerror: [m[Kâ€˜[01m[KspeedLeft[m[Kâ€™ was not declared in this scope
[7.602s]    [01;31m[KspeedLeft[m[K.data = 0.2;
[7.603s]    [01;31m[K^~~~~~~~~[m[K
[7.603s] [01m[K/home/team/SoftwareDevelopment/ROS2/skinny/src/autonomy/src/autonomy_node.cpp:18:3:[m[K [01;31m[Kerror: [m[Kâ€˜[01m[KspeedRight[m[Kâ€™ was not declared in this scope
[7.604s]    [01;31m[KspeedRight[m[K.data = -0.2;
[7.604s]    [01;31m[K^~~~~~~~~~[m[K
[7.610s] In file included from [01m[K/opt/ros/eloquent/include/rclcpp/client.hpp:39:0[m[K,
[7.610s]                  from [01m[K/opt/ros/eloquent/include/rclcpp/callback_group.hpp:23[m[K,
[7.611s]                  from [01m[K/opt/ros/eloquent/include/rclcpp/any_executable.hpp:20[m[K,
[7.611s]                  from [01m[K/opt/ros/eloquent/include/rclcpp/memory_strategy.hpp:24[m[K,
[7.612s]                  from [01m[K/opt/ros/eloquent/include/rclcpp/memory_strategies.hpp:18[m[K,
[7.612s]                  from [01m[K/opt/ros/eloquent/include/rclcpp/executor.hpp:33[m[K,
[7.613s]                  from [01m[K/opt/ros/eloquent/include/rclcpp/executors/multi_threaded_executor.hpp:25[m[K,
[7.614s]                  from [01m[K/opt/ros/eloquent/include/rclcpp/executors.hpp:21[m[K,
[7.615s]                  from [01m[K/opt/ros/eloquent/include/rclcpp/rclcpp.hpp:145[m[K,
[7.615s]                  from [01m[K/home/team/SoftwareDevelopment/ROS2/skinny/src/autonomy/src/autonomy_node.cpp:1[m[K:
[7.616s] [01m[K/home/team/SoftwareDevelopment/ROS2/skinny/src/autonomy/src/autonomy_node.cpp:21:66:[m[K [01;31m[Kerror: [m[Kâ€˜[01m[KspeedLeft[m[Kâ€™ was not declared in this scope
[7.616s]   RCLCPP_INFO(nodeHandle->get_logger(), "speed left=%f right=%f", [01;31m[Ks[m[KpeedLeft.data, speedRight.data);
[7.617s]                                                                   [01;31m[K^[m[K
[7.618s] [01m[K/opt/ros/eloquent/include/rcutils/logging_macros.h:72:64:[m[K [01;36m[Knote: [m[Kin definition of macro â€˜[01m[KRCUTILS_LOG_COND_NAMED[m[Kâ€™
[7.618s]        rcutils_log(&__rcutils_logging_location, severity, name, [01;36m[K__VA_ARGS__[m[K); \
[7.619s]                                                                 [01;36m[K^~~~~~~~~~~[m[K
[7.619s] [01m[K/opt/ros/eloquent/include/rclcpp/logging.hpp:541:5:[m[K [01;36m[Knote: [m[Kin expansion of macro â€˜[01m[KRCUTILS_LOG_INFO_NAMED[m[Kâ€™
[7.620s]      [01;36m[KRCUTILS_LOG_INFO_NAMED[m[K( \
[7.620s]      [01;36m[K^~~~~~~~~~~~~~~~~~~~~~[m[K
[7.621s] [01m[K/opt/ros/eloquent/include/rclcpp/logging.hpp:544:9:[m[K [01;36m[Knote: [m[Kin expansion of macro â€˜[01m[KRCLCPP_ALL_BUT_FIRST_ARGS[m[Kâ€™
[7.622s]          [01;36m[KRCLCPP_ALL_BUT_FIRST_ARGS[m[K(__VA_ARGS__,"")); \
[7.623s]          [01;36m[K^~~~~~~~~~~~~~~~~~~~~~~~~[m[K
[7.623s] [01m[K/home/team/SoftwareDevelopment/ROS2/skinny/src/autonomy/src/autonomy_node.cpp:21:2:[m[K [01;36m[Knote: [m[Kin expansion of macro â€˜[01m[KRCLCPP_INFO[m[Kâ€™
[7.624s]   [01;36m[KRCLCPP_INFO[m[K(nodeHandle->get_logger(), "speed left=%f right=%f", speedLeft.data, speedRight.data);
[7.624s]   [01;36m[K^~~~~~~~~~~[m[K
[7.625s] [01m[K/home/team/SoftwareDevelopment/ROS2/skinny/src/autonomy/src/autonomy_node.cpp:21:82:[m[K [01;31m[Kerror: [m[Kâ€˜[01m[KspeedRight[m[Kâ€™ was not declared in this scope
[7.625s]   RCLCPP_INFO(nodeHandle->get_logger(), "speed left=%f right=%f", speedLeft.data, [01;31m[Ks[m[KpeedRight.data);
[7.626s]                                                                                   [01;31m[K^[m[K
[7.628s] [01m[K/opt/ros/eloquent/include/rcutils/logging_macros.h:72:64:[m[K [01;36m[Knote: [m[Kin definition of macro â€˜[01m[KRCUTILS_LOG_COND_NAMED[m[Kâ€™
[7.628s]        rcutils_log(&__rcutils_logging_location, severity, name, [01;36m[K__VA_ARGS__[m[K); \
[7.629s]                                                                 [01;36m[K^~~~~~~~~~~[m[K
[7.629s] [01m[K/opt/ros/eloquent/include/rclcpp/logging.hpp:541:5:[m[K [01;36m[Knote: [m[Kin expansion of macro â€˜[01m[KRCUTILS_LOG_INFO_NAMED[m[Kâ€™
[7.630s]      [01;36m[KRCUTILS_LOG_INFO_NAMED[m[K( \
[7.630s]      [01;36m[K^~~~~~~~~~~~~~~~~~~~~~[m[K
[7.631s] [01m[K/opt/ros/eloquent/include/rclcpp/logging.hpp:544:9:[m[K [01;36m[Knote: [m[Kin expansion of macro â€˜[01m[KRCLCPP_ALL_BUT_FIRST_ARGS[m[Kâ€™
[7.632s]          [01;36m[KRCLCPP_ALL_BUT_FIRST_ARGS[m[K(__VA_ARGS__,"")); \
[7.632s]          [01;36m[K^~~~~~~~~~~~~~~~~~~~~~~~~[m[K
[7.633s] [01m[K/home/team/SoftwareDevelopment/ROS2/skinny/src/autonomy/src/autonomy_node.cpp:21:2:[m[K [01;36m[Knote: [m[Kin expansion of macro â€˜[01m[KRCLCPP_INFO[m[Kâ€™
[7.634s]   [01;36m[KRCLCPP_INFO[m[K(nodeHandle->get_logger(), "speed left=%f right=%f", speedLeft.data, speedRight.data);
[7.634s]   [01;36m[K^~~~~~~~~~~[m[K
[7.635s] [01m[K/home/team/SoftwareDevelopment/ROS2/skinny/src/autonomy/src/autonomy_node.cpp:22:25:[m[K [01;31m[Kerror: [m[Kbase operand of â€˜[01m[K->[m[Kâ€™ is not a pointer
[7.635s]   driveLeftSpeedPublisher[01;31m[K->[m[Kpublish(speedLeft);
[7.636s]                          [01;31m[K^~[m[K
[7.637s] [01m[K/home/team/SoftwareDevelopment/ROS2/skinny/src/autonomy/src/autonomy_node.cpp:22:35:[m[K [01;31m[Kerror: [m[Kâ€˜[01m[KspeedLeft[m[Kâ€™ was not declared in this scope
[7.637s]   driveLeftSpeedPublisher->publish([01;31m[KspeedLeft[m[K);
[7.639s]                                    [01;31m[K^~~~~~~~~[m[K
[7.640s] [01m[K/home/team/SoftwareDevelopment/ROS2/skinny/src/autonomy/src/autonomy_node.cpp:23:26:[m[K [01;31m[Kerror: [m[Kbase operand of â€˜[01m[K->[m[Kâ€™ is not a pointer
[7.640s]   driveRightSpeedPublisher[01;31m[K->[m[Kpublish(speedRight);
[7.641s]                           [01;31m[K^~[m[K
[7.641s] [01m[K/home/team/SoftwareDevelopment/ROS2/skinny/src/autonomy/src/autonomy_node.cpp:23:36:[m[K [01;31m[Kerror: [m[Kâ€˜[01m[KspeedRight[m[Kâ€™ was not declared in this scope
[7.642s]   driveRightSpeedPublisher->publish([01;31m[KspeedRight[m[K);
[7.642s]                                     [01;31m[K^~~~~~~~~~[m[K
[7.643s] [01m[K/home/team/SoftwareDevelopment/ROS2/skinny/src/autonomy/src/autonomy_node.cpp:[m[K In function â€˜[01m[Kint main(int, char**)[m[Kâ€™:
[7.643s] [01m[K/home/team/SoftwareDevelopment/ROS2/skinny/src/autonomy/src/autonomy_node.cpp:27:25:[m[K [01;31m[Kerror: [m[Kinvalid conversion from â€˜[01m[Kint[m[Kâ€™ to â€˜[01m[Kconst char* const*[m[Kâ€™ [[01;31m[K-fpermissive[m[K]
[7.644s]   rclcpp::init(argc, argc[01;31m[K)[m[K;
[7.644s]                          [01;31m[K^[m[K
[7.645s] In file included from [01m[K/opt/ros/eloquent/include/rclcpp/client.hpp:35:0[m[K,
[7.645s]                  from [01m[K/opt/ros/eloquent/include/rclcpp/callback_group.hpp:23[m[K,
[7.646s]                  from [01m[K/opt/ros/eloquent/include/rclcpp/any_executable.hpp:20[m[K,
[7.646s]                  from [01m[K/opt/ros/eloquent/include/rclcpp/memory_strategy.hpp:24[m[K,
[7.647s]                  from [01m[K/opt/ros/eloquent/include/rclcpp/memory_strategies.hpp:18[m[K,
[7.647s]                  from [01m[K/opt/ros/eloquent/include/rclcpp/executor.hpp:33[m[K,
[7.648s]                  from [01m[K/opt/ros/eloquent/include/rclcpp/executors/multi_threaded_executor.hpp:25[m[K,
[7.648s]                  from [01m[K/opt/ros/eloquent/include/rclcpp/executors.hpp:21[m[K,
[7.649s]                  from [01m[K/opt/ros/eloquent/include/rclcpp/rclcpp.hpp:145[m[K,
[7.649s]                  from [01m[K/home/team/SoftwareDevelopment/ROS2/skinny/src/autonomy/src/autonomy_node.cpp:1[m[K:
[7.650s] [01m[K/opt/ros/eloquent/include/rclcpp/utilities.hpp:56:1:[m[K [01;36m[Knote: [m[K  initializing argument 2 of â€˜[01m[Kvoid rclcpp::init(int, const char* const*, const rclcpp::InitOptions&)[m[Kâ€™
[7.650s]  [01;36m[Kinit[m[K(int argc, char const * const argv[], const InitOptions & init_options = InitOptions());
[7.651s]  [01;36m[K^~~~[m[K
[7.651s] [01m[K/home/team/SoftwareDevelopment/ROS2/skinny/src/autonomy/src/autonomy_node.cpp:30:110:[m[K [01;31m[Kerror: [m[Kâ€˜[01m[KpositionCallback[m[Kâ€™ was not declared in this scope
[7.652s]   auto zedPositionSubscriber = nodeHandle->create_subscription<messages::msg::ZedPosition>("zed_position", 1, [01;31m[KpositionCallback[m[K);
[7.652s]                                                                                                               [01;31m[K^~~~~~~~~~~~~~~~[m[K
[7.652s] [01m[K/home/team/SoftwareDevelopment/ROS2/skinny/src/autonomy/src/autonomy_node.cpp:30:110:[m[K [01;36m[Knote: [m[Ksuggested alternative: â€˜[01m[KpostitionCallback[m[Kâ€™
[7.653s]   auto zedPositionSubscriber = nodeHandle->create_subscription<messages::msg::ZedPosition>("zed_position", 1, [01;36m[KpositionCallback[m[K);
[7.653s]                                                                                                               [01;36m[K^~~~~~~~~~~~~~~~[m[K
[7.654s]                                                                                                               [32m[KpostitionCallback[m[K
[7.654s] [01m[K/home/team/SoftwareDevelopment/ROS2/skinny/src/autonomy/src/autonomy_node.cpp:32:57:[m[K [01;31m[Kerror: [m[Kâ€˜[01m[Kstd_msgs[m[Kâ€™ was not declared in this scope
[7.655s]   driveLeftSpeedPublisher = nodeHandle->create_publisher<[01;31m[Kstd_msgs[m[K::msg::Float32>("drive_left_speed", 1);
[7.655s]                                                          [01;31m[K^~~~~~~~[m[K
[7.656s] [01m[K/home/team/SoftwareDevelopment/ROS2/skinny/src/autonomy/src/autonomy_node.cpp:32:40:[m[K [01;31m[Kerror: [m[Kparse error in template argument list
[7.656s]   driveLeftSpeedPublisher = nodeHandle->[01;31m[Kcreate_publisher<std_msgs::msg::Float32>[m[K("drive_left_speed", 1);
[7.657s]                                         [01;31m[K^~~~~~~~~~~~~~~~~~~~~~~~~~~~~~~~~~~~~~~~[m[K
[7.657s] [01m[K/home/team/SoftwareDevelopment/ROS2/skinny/src/autonomy/src/autonomy_node.cpp:32:102:[m[K [01;31m[Kerror: [m[Kno matching function for call to â€˜[01m[Krclcpp::Node::create_publisher<<expression error> >(const char [17], int)[m[Kâ€™
[7.658s]   driveLeftSpeedPublisher = nodeHandle->create_publisher<std_msgs::msg::Float32>("drive_left_speed", 1[01;31m[K)[m[K;
[7.658s]                                                                                                       [01;31m[K^[m[K
[7.659s] In file included from [01m[K/opt/ros/eloquent/include/rclcpp/executors/single_threaded_executor.hpp:28:0[m[K,
[7.659s]                  from [01m[K/opt/ros/eloquent/include/rclcpp/executors.hpp:22[m[K,
[7.660s]                  from [01m[K/opt/ros/eloquent/include/rclcpp/rclcpp.hpp:145[m[K,
[7.660s]                  from [01m[K/home/team/SoftwareDevelopment/ROS2/skinny/src/autonomy/src/autonomy_node.cpp:1[m[K:
[7.661s] [01m[K/opt/ros/eloquent/include/rclcpp/node.hpp:181:3:[m[K [01;36m[Knote: [m[Kcandidate: template<class MessageT, class AllocatorT, class PublisherT> std::shared_ptr<PublisherT> rclcpp::Node::create_publisher(const string&, const rclcpp::QoS&, const rclcpp::PublisherOptionsWithAllocator<AllocatorT>&)
[7.661s]    [01;36m[Kcreate_publisher[m[K(
[7.662s]    [01;36m[K^~~~~~~~~~~~~~~~[m[K
[7.662s] [01m[K/opt/ros/eloquent/include/rclcpp/node.hpp:181:3:[m[K [01;36m[Knote: [m[K  template argument deduction/substitution failed:
[7.663s] [01m[K/home/team/SoftwareDevelopment/ROS2/skinny/src/autonomy/src/autonomy_node.cpp:32:102:[m[K [01;31m[Kerror: [m[Ktemplate argument 1 is invalid
[7.663s]   driveLeftSpeedPublisher = nodeHandle->create_publisher<std_msgs::msg::Float32>("drive_left_speed", 1[01;31m[K)[m[K;
[7.664s]                                                                                                       [01;31m[K^[m[K
[7.664s] [01m[K/home/team/SoftwareDevelopment/ROS2/skinny/src/autonomy/src/autonomy_node.cpp:33:41:[m[K [01;31m[Kerror: [m[Kparse error in template argument list
[7.665s]   driveRightSpeedPublisher = nodeHandle->[01;31m[Kcreate_publisher<std_msgs::msg::Float32>[m[K("drive_right_speed", 1);
[7.665s]                                          [01;31m[K^~~~~~~~~~~~~~~~~~~~~~~~~~~~~~~~~~~~~~~~[m[K
[7.666s] [01m[K/home/team/SoftwareDevelopment/ROS2/skinny/src/autonomy/src/autonomy_node.cpp:33:104:[m[K [01;31m[Kerror: [m[Kno matching function for call to â€˜[01m[Krclcpp::Node::create_publisher<std_msgs>(const char [18], int)[m[Kâ€™
[7.666s]   driveRightSpeedPublisher = nodeHandle->create_publisher<std_msgs::msg::Float32>("drive_right_speed", 1[01;31m[K)[m[K;
[7.667s]                                                                                                         [01;31m[K^[m[K
[7.667s] In file included from [01m[K/opt/ros/eloquent/include/rclcpp/executors/single_threaded_executor.hpp:28:0[m[K,
[7.668s]                  from [01m[K/opt/ros/eloquent/include/rclcpp/executors.hpp:22[m[K,
[7.668s]                  from [01m[K/opt/ros/eloquent/include/rclcpp/rclcpp.hpp:145[m[K,
[7.669s]                  from [01m[K/home/team/SoftwareDevelopment/ROS2/skinny/src/autonomy/src/autonomy_node.cpp:1[m[K:
[7.669s] [01m[K/opt/ros/eloquent/include/rclcpp/node.hpp:181:3:[m[K [01;36m[Knote: [m[Kcandidate: template<class MessageT, class AllocatorT, class PublisherT> std::shared_ptr<PublisherT> rclcpp::Node::create_publisher(const string&, const rclcpp::QoS&, const rclcpp::PublisherOptionsWithAllocator<AllocatorT>&)
[7.670s]    [01;36m[Kcreate_publisher[m[K(
[7.670s]    [01;36m[K^~~~~~~~~~~~~~~~[m[K
[7.671s] [01m[K/opt/ros/eloquent/include/rclcpp/node.hpp:181:3:[m[K [01;36m[Knote: [m[K  template argument deduction/substitution failed:
[7.671s] [01m[K/home/team/SoftwareDevelopment/ROS2/skinny/src/autonomy/src/autonomy_node.cpp:36:16:[m[K [01;31m[Kerror: [m[Kâ€˜[01m[Kokay[m[Kâ€™ is not a member of â€˜[01m[Krclcpp[m[Kâ€™
[7.672s]   while(rclcpp::[01;31m[Kokay[m[K)){
[7.672s]                 [01;31m[K^~~~[m[K
[7.673s] [01m[K/home/team/SoftwareDevelopment/ROS2/skinny/src/autonomy/src/autonomy_node.cpp:36:16:[m[K [01;36m[Knote: [m[Ksuggested alternative: â€˜[01m[Kok[m[Kâ€™
[7.673s]   while(rclcpp::[01;36m[Kokay[m[K)){
[7.674s]                 [01;36m[K^~~~[m[K
[7.674s]                 [32m[Kok[m[K
[7.675s] [01m[K/home/team/SoftwareDevelopment/ROS2/skinny/src/autonomy/src/autonomy_node.cpp:36:21:[m[K [01;31m[Kerror: [m[Kexpected primary-expression before â€˜[01m[K)[m[Kâ€™ token
[7.675s]   while(rclcpp::okay)[01;31m[K)[m[K{
[7.676s]                      [01;31m[K^[m[K
[7.676s] [01m[K/home/team/SoftwareDevelopment/ROS2/skinny/src/autonomy/src/autonomy_node.cpp:26:27:[m[K [01;35m[Kwarning: [m[Kunused parameter â€˜[01m[Kargv[m[Kâ€™ [[01;35m[K-Wunused-parameter[m[K]
[7.677s]  int main(int argc, char **[01;35m[Kargv[m[K){
[7.677s]                            [01;35m[K^~~~[m[K
[8.242s] CMakeFiles/autonomy_node.dir/build.make:62: recipe for target 'CMakeFiles/autonomy_node.dir/src/autonomy_node.cpp.o' failed
[8.243s] make[2]: *** [CMakeFiles/autonomy_node.dir/src/autonomy_node.cpp.o] Error 1
[8.245s] CMakeFiles/Makefile2:131: recipe for target 'CMakeFiles/autonomy_node.dir/all' failed
[8.246s] make[1]: *** [CMakeFiles/autonomy_node.dir/all] Error 2
[8.246s] make: *** [all] Error 2
[8.247s] Makefile:140: recipe for target 'all' failed
[8.251s] Invoked command in '/home/team/SoftwareDevelopment/ROS2/skinny/src/build/autonomy' returned '2': CMAKE_PREFIX_PATH=/home/team/SoftwareDevelopment/ROS2/skinny/src/install/messages:/home/team/SoftwareDevelopment/ROS2/skinny/src/install/zed_tracking:/home/team/SoftwareDevelopment/ROS2/skinny/src/install/talon:/home/team/SoftwareDevelopment/ROS2/skinny/src/install/power_distribution_panel:/home/team/SoftwareDevelopment/ROS2/skinny/src/install/logic:/home/team/SoftwareDevelopment/ROS2/skinny/src/install/communication:/home/team/SoftwareDevelopment/ROS2/skinny/src/install/autonomy:/home/team/SoftwareDevelopment/ROS2/skinny/src/install/excavation:/opt/ros/eloquent /usr/bin/cmake --build /home/team/SoftwareDevelopment/ROS2/skinny/src/build/autonomy -- -j4 -l4
