[0.107s] Invoking command in '/home/team/SoftwareDevelopment/ROS2/skinny/build/logic': AMENT_PREFIX_PATH=/home/team/SoftwareDevelopment/ROS2/skinny/install/messages:${AMENT_PREFIX_PATH} CMAKE_PREFIX_PATH=/home/team/SoftwareDevelopment/ROS2/skinny/install/messages:/opt/ros/eloquent LD_LIBRARY_PATH=/home/team/SoftwareDevelopment/ROS2/skinny/install/messages/lib:${LD_LIBRARY_PATH} PYTHONPATH=/home/team/SoftwareDevelopment/ROS2/skinny/install/messages/lib/python3.6/site-packages:${PYTHONPATH} /usr/bin/cmake --build /home/team/SoftwareDevelopment/ROS2/skinny/build/logic -- -j4 -l4
[0.290s] [35m[1mScanning dependencies of target logic_node[0m
[0.421s] [ 50%] [32mBuilding CXX object CMakeFiles/logic_node.dir/src/logic_node.cpp.o[0m
[4.778s] In file included from [01m[K/home/team/SoftwareDevelopment/ROS2/skinny/src/logic/include/logic/Automation1.hpp:1:0[m[K,
[4.778s]                  from [01m[K/home/team/SoftwareDevelopment/ROS2/skinny/src/logic/src/logic_node.cpp:17[m[K:
[4.779s] [01m[K/home/team/SoftwareDevelopment/ROS2/skinny/src/logic/include/logic/Automation.hpp:[m[K In member function â€˜[01m[Kvoid Automation::setNode(rclcpp::Node)[m[Kâ€™:
[4.779s] [01m[K/home/team/SoftwareDevelopment/ROS2/skinny/src/logic/include/logic/Automation.hpp:20:20:[m[K [01;31m[Kerror: [m[Kâ€˜[01m[Krclcpp::Node& rclcpp::Node::operator=(const rclcpp::Node&)[m[Kâ€™ is private within this context
[4.780s]          this->node=[01;31m[Knode[m[K;
[4.780s]                     [01;31m[K^~~~[m[K
[4.781s] In file included from [01m[K/opt/ros/eloquent/include/rclcpp/context.hpp:33:0[m[K,
[4.781s]                  from [01m[K/opt/ros/eloquent/include/rclcpp/contexts/default_context.hpp:18[m[K,
[4.782s]                  from [01m[K/opt/ros/eloquent/include/rclcpp/executor.hpp:32[m[K,
[4.782s]                  from [01m[K/opt/ros/eloquent/include/rclcpp/executors/multi_threaded_executor.hpp:25[m[K,
[4.783s]                  from [01m[K/opt/ros/eloquent/include/rclcpp/executors.hpp:21[m[K,
[4.784s]                  from [01m[K/opt/ros/eloquent/include/rclcpp/rclcpp.hpp:145[m[K,
[4.784s]                  from [01m[K/home/team/SoftwareDevelopment/ROS2/skinny/src/logic/src/logic_node.cpp:4[m[K:
[4.785s] [01m[K/opt/ros/eloquent/include/rclcpp/macros.hpp:28:17:[m[K [01;36m[Knote: [m[Kdeclared private here
[4.785s]    __VA_ARGS__ & [01;36m[Ko[m[Kperator=(const __VA_ARGS__ &) = delete;
[4.786s]                  [01;36m[K^[m[K
[4.787s] [01m[K/opt/ros/eloquent/include/rclcpp/node.hpp:1088:3:[m[K [01;36m[Knote: [m[Kin expansion of macro â€˜[01m[KRCLCPP_DISABLE_COPY[m[Kâ€™
[4.787s]    [01;36m[KRCLCPP_DISABLE_COPY[m[K(Node)
[4.788s]    [01;36m[K^~~~~~~~~~~~~~~~~~~[m[K
[4.788s] In file included from [01m[K/home/team/SoftwareDevelopment/ROS2/skinny/src/logic/include/logic/Automation1.hpp:1:0[m[K,
[4.789s]                  from [01m[K/home/team/SoftwareDevelopment/ROS2/skinny/src/logic/src/logic_node.cpp:17[m[K:
[4.789s] [01m[K/home/team/SoftwareDevelopment/ROS2/skinny/src/logic/include/logic/Automation.hpp:20:20:[m[K [01;31m[Kerror: [m[Kuse of deleted function â€˜[01m[Krclcpp::Node& rclcpp::Node::operator=(const rclcpp::Node&)[m[Kâ€™
[4.790s]          this->node=[01;31m[Knode[m[K;
[4.790s]                     [01;31m[K^~~~[m[K
[4.791s] In file included from [01m[K/opt/ros/eloquent/include/rclcpp/context.hpp:33:0[m[K,
[4.791s]                  from [01m[K/opt/ros/eloquent/include/rclcpp/contexts/default_context.hpp:18[m[K,
[4.792s]                  from [01m[K/opt/ros/eloquent/include/rclcpp/executor.hpp:32[m[K,
[4.792s]                  from [01m[K/opt/ros/eloquent/include/rclcpp/executors/multi_threaded_executor.hpp:25[m[K,
[4.793s]                  from [01m[K/opt/ros/eloquent/include/rclcpp/executors.hpp:21[m[K,
[4.793s]                  from [01m[K/opt/ros/eloquent/include/rclcpp/rclcpp.hpp:145[m[K,
[4.794s]                  from [01m[K/home/team/SoftwareDevelopment/ROS2/skinny/src/logic/src/logic_node.cpp:4[m[K:
[4.794s] [01m[K/opt/ros/eloquent/include/rclcpp/macros.hpp:28:17:[m[K [01;36m[Knote: [m[Kdeclared here
[4.795s]    __VA_ARGS__ & [01;36m[Ko[m[Kperator=(const __VA_ARGS__ &) = delete;
[4.795s]                  [01;36m[K^[m[K
[4.796s] [01m[K/opt/ros/eloquent/include/rclcpp/node.hpp:1088:3:[m[K [01;36m[Knote: [m[Kin expansion of macro â€˜[01m[KRCLCPP_DISABLE_COPY[m[Kâ€™
[4.796s]    [01;36m[KRCLCPP_DISABLE_COPY[m[K(Node)
[4.797s]    [01;36m[K^~~~~~~~~~~~~~~~~~~[m[K
[4.797s] In file included from [01m[K/home/team/SoftwareDevelopment/ROS2/skinny/src/logic/include/logic/Automation1.hpp:1:0[m[K,
[4.798s]                  from [01m[K/home/team/SoftwareDevelopment/ROS2/skinny/src/logic/src/logic_node.cpp:17[m[K:
[4.798s] [01m[K/home/team/SoftwareDevelopment/ROS2/skinny/src/logic/include/logic/Automation.hpp:21:34:[m[K [01;31m[Kerror: [m[Kâ€˜[01m[KnodeHandle[m[Kâ€™ was not declared in this scope
[4.799s]          driveLeftSpeedPublisher= [01;31m[KnodeHandle[m[K->create_publisher<std_msgs::msg::Float32>("drive_left_speed",1);
[4.799s]                                   [01;31m[K^~~~~~~~~~[m[K
[4.800s] [01m[K/home/team/SoftwareDevelopment/ROS2/skinny/src/logic/include/logic/Automation.hpp:21:85:[m[K [01;31m[Kerror: [m[Kexpected primary-expression before â€˜[01m[K>[m[Kâ€™ token
[4.800s]          driveLeftSpeedPublisher= nodeHandle->create_publisher<std_msgs::msg::Float32[01;31m[K>[m[K("drive_left_speed",1);
[4.801s]                                                                                      [01;31m[K^[m[K
[4.801s] [01m[K/home/team/SoftwareDevelopment/ROS2/skinny/src/logic/include/logic/Automation.hpp:21:106:[m[K [01;35m[Kwarning: [m[Kleft operand of comma operator has no effect [[01;35m[K-Wunused-value[m[K]
[4.802s]          driveLeftSpeedPublisher= nodeHandle->create_publisher<std_msgs::msg::Float32>("drive_left_speed",[01;35m[K1[m[K);
[4.802s]                                                                                                           [01;35m[K^[m[K
[4.803s] [01m[K/home/team/SoftwareDevelopment/ROS2/skinny/src/logic/include/logic/Automation.hpp:22:86:[m[K [01;31m[Kerror: [m[Kexpected primary-expression before â€˜[01m[K>[m[Kâ€™ token
[4.803s]          driveRightSpeedPublisher= nodeHandle->create_publisher<std_msgs::msg::Float32[01;31m[K>[m[K("drive_right_speed",1);
[4.804s]                                                                                       [01;31m[K^[m[K
[4.804s] [01m[K/home/team/SoftwareDevelopment/ROS2/skinny/src/logic/include/logic/Automation.hpp:22:108:[m[K [01;35m[Kwarning: [m[Kleft operand of comma operator has no effect [[01;35m[K-Wunused-value[m[K]
[4.805s]          driveRightSpeedPublisher= nodeHandle->create_publisher<std_msgs::msg::Float32>("drive_right_speed",[01;35m[K1[m[K);
[4.805s]                                                                                                             [01;35m[K^[m[K
[4.854s] [01m[K/home/team/SoftwareDevelopment/ROS2/skinny/src/logic/src/logic_node.cpp:[m[K At global scope:
[4.855s] [01m[K/home/team/SoftwareDevelopment/ROS2/skinny/src/logic/src/logic_node.cpp:33:40:[m[K [01;31m[Kerror: [m[Kuse of deleted function â€˜[01m[KAutomation1::Automation1()[m[Kâ€™
[4.855s]  Automation* automation=new Automation1([01;31m[K)[m[K;
[4.856s]                                         [01;31m[K^[m[K
[4.856s] In file included from [01m[K/home/team/SoftwareDevelopment/ROS2/skinny/src/logic/src/logic_node.cpp:17:0[m[K:
[4.857s] [01m[K/home/team/SoftwareDevelopment/ROS2/skinny/src/logic/include/logic/Automation1.hpp:3:7:[m[K [01;36m[Knote: [m[Kâ€˜[01m[KAutomation1::Automation1()[m[Kâ€™ is implicitly deleted because the default definition would be ill-formed:
[4.857s]  class [01;36m[KAutomation1[m[K : public Automation{
[4.858s]        [01;36m[K^~~~~~~~~~~[m[K
[4.858s] [01m[K/home/team/SoftwareDevelopment/ROS2/skinny/src/logic/include/logic/Automation1.hpp:3:7:[m[K [01;31m[Kerror: [m[Kuse of deleted function â€˜[01m[KAutomation::Automation()[m[Kâ€™
[4.859s] In file included from [01m[K/home/team/SoftwareDevelopment/ROS2/skinny/src/logic/include/logic/Automation1.hpp:1:0[m[K,
[4.859s]                  from [01m[K/home/team/SoftwareDevelopment/ROS2/skinny/src/logic/src/logic_node.cpp:17[m[K:
[4.860s] [01m[K/home/team/SoftwareDevelopment/ROS2/skinny/src/logic/include/logic/Automation.hpp:6:7:[m[K [01;36m[Knote: [m[Kâ€˜[01m[KAutomation::Automation()[m[Kâ€™ is implicitly deleted because the default definition would be ill-formed:
[4.860s]  class [01;36m[KAutomation[m[K{
[4.861s]        [01;36m[K^~~~~~~~~~[m[K
[4.861s] [01m[K/home/team/SoftwareDevelopment/ROS2/skinny/src/logic/include/logic/Automation.hpp:6:7:[m[K [01;31m[Kerror: [m[Kno matching function for call to â€˜[01m[Krclcpp::Node::Node()[m[Kâ€™
[4.862s] In file included from [01m[K/opt/ros/eloquent/include/rclcpp/executors/single_threaded_executor.hpp:28:0[m[K,
[4.862s]                  from [01m[K/opt/ros/eloquent/include/rclcpp/executors.hpp:22[m[K,
[4.863s]                  from [01m[K/opt/ros/eloquent/include/rclcpp/rclcpp.hpp:145[m[K,
[4.863s]                  from [01m[K/home/team/SoftwareDevelopment/ROS2/skinny/src/logic/src/logic_node.cpp:4[m[K:
[4.864s] [01m[K/opt/ros/eloquent/include/rclcpp/node.hpp:1083:3:[m[K [01;36m[Knote: [m[Kcandidate: rclcpp::Node::Node(const rclcpp::Node&, const string&)
[4.864s]    [01;36m[KNode[m[K(
[4.865s]    [01;36m[K^~~~[m[K
[4.865s] [01m[K/opt/ros/eloquent/include/rclcpp/node.hpp:1083:3:[m[K [01;36m[Knote: [m[K  candidate expects 2 arguments, 0 provided
[4.866s] [01m[K/opt/ros/eloquent/include/rclcpp/node.hpp:96:12:[m[K [01;36m[Knote: [m[Kcandidate: rclcpp::Node::Node(const string&, const string&, const rclcpp::NodeOptions&)
[4.866s]    explicit [01;36m[KNode[m[K(
[4.867s]             [01;36m[K^~~~[m[K
[4.867s] [01m[K/opt/ros/eloquent/include/rclcpp/node.hpp:96:12:[m[K [01;36m[Knote: [m[K  candidate expects 3 arguments, 0 provided
[4.868s] [01m[K/opt/ros/eloquent/include/rclcpp/node.hpp:85:12:[m[K [01;36m[Knote: [m[Kcandidate: rclcpp::Node::Node(const string&, const rclcpp::NodeOptions&)
[4.868s]    explicit [01;36m[KNode[m[K(
[4.869s]             [01;36m[K^~~~[m[K
[4.869s] [01m[K/opt/ros/eloquent/include/rclcpp/node.hpp:85:12:[m[K [01;36m[Knote: [m[K  candidate expects 2 arguments, 0 provided
[5.230s] [01m[K/home/team/SoftwareDevelopment/ROS2/skinny/src/logic/src/logic_node.cpp:[m[K In function â€˜[01m[Kint main(int, char**)[m[Kâ€™:
[5.230s] [01m[K/home/team/SoftwareDevelopment/ROS2/skinny/src/logic/src/logic_node.cpp:308:35:[m[K [01;31m[Kerror: [m[Kno matching function for call to â€˜[01m[KAutomation::setNode(rclcpp::Node::SharedPtr&)[m[Kâ€™
[5.231s]      automation->setNode(nodeHandle[01;31m[K)[m[K;
[5.232s]                                    [01;31m[K^[m[K
[5.232s] In file included from [01m[K/home/team/SoftwareDevelopment/ROS2/skinny/src/logic/include/logic/Automation1.hpp:1:0[m[K,
[5.233s]                  from [01m[K/home/team/SoftwareDevelopment/ROS2/skinny/src/logic/src/logic_node.cpp:17[m[K:
[5.233s] [01m[K/home/team/SoftwareDevelopment/ROS2/skinny/src/logic/include/logic/Automation.hpp:19:10:[m[K [01;36m[Knote: [m[Kcandidate: void Automation::setNode(rclcpp::Node)
[5.234s]      void [01;36m[KsetNode[m[K(rclcpp::Node node){
[5.234s]           [01;36m[K^~~~~~~[m[K
[5.235s] [01m[K/home/team/SoftwareDevelopment/ROS2/skinny/src/logic/include/logic/Automation.hpp:19:10:[m[K [01;36m[Knote: [m[K  no known conversion for argument 1 from â€˜[01m[Krclcpp::Node::SharedPtr {aka std::shared_ptr<rclcpp::Node>}[m[Kâ€™ to â€˜[01m[Krclcpp::Node[m[Kâ€™
[15.338s] make[2]: *** [CMakeFiles/logic_node.dir/src/logic_node.cpp.o] Error 1
[15.338s] CMakeFiles/logic_node.dir/build.make:62: recipe for target 'CMakeFiles/logic_node.dir/src/logic_node.cpp.o' failed
[15.339s] make[1]: *** [CMakeFiles/logic_node.dir/all] Error 2
[15.340s] make: *** [all] Error 2
[15.340s] CMakeFiles/Makefile2:131: recipe for target 'CMakeFiles/logic_node.dir/all' failed
[15.341s] Makefile:140: recipe for target 'all' failed
[15.350s] Invoked command in '/home/team/SoftwareDevelopment/ROS2/skinny/build/logic' returned '2': AMENT_PREFIX_PATH=/home/team/SoftwareDevelopment/ROS2/skinny/install/messages:${AMENT_PREFIX_PATH} CMAKE_PREFIX_PATH=/home/team/SoftwareDevelopment/ROS2/skinny/install/messages:/opt/ros/eloquent LD_LIBRARY_PATH=/home/team/SoftwareDevelopment/ROS2/skinny/install/messages/lib:${LD_LIBRARY_PATH} PYTHONPATH=/home/team/SoftwareDevelopment/ROS2/skinny/install/messages/lib/python3.6/site-packages:${PYTHONPATH} /usr/bin/cmake --build /home/team/SoftwareDevelopment/ROS2/skinny/build/logic -- -j4 -l4
