[0.111s] Invoking command in '/home/team/SoftwareDevelopment/ROS2/skinny/build/logic': AMENT_PREFIX_PATH=/home/team/SoftwareDevelopment/ROS2/skinny/install/messages:${AMENT_PREFIX_PATH} CMAKE_PREFIX_PATH=/home/team/SoftwareDevelopment/ROS2/skinny/install/messages:/opt/ros/eloquent LD_LIBRARY_PATH=/home/team/SoftwareDevelopment/ROS2/skinny/install/messages/lib:${LD_LIBRARY_PATH} PYTHONPATH=/home/team/SoftwareDevelopment/ROS2/skinny/install/messages/lib/python3.6/site-packages:${PYTHONPATH} /usr/bin/cmake --build /home/team/SoftwareDevelopment/ROS2/skinny/build/logic -- -j4 -l4
[0.332s] [35m[1mScanning dependencies of target logic_node[0m
[0.465s] [ 50%] [32mBuilding CXX object CMakeFiles/logic_node.dir/src/logic_node.cpp.o[0m
[4.628s] In file included from [01m[K/home/team/SoftwareDevelopment/ROS2/skinny/src/logic/include/logic/Automation1.hpp:1:0[m[K,
[4.629s]                  from [01m[K/home/team/SoftwareDevelopment/ROS2/skinny/src/logic/src/logic_node.cpp:17[m[K:
[4.629s] [01m[K/home/team/SoftwareDevelopment/ROS2/skinny/src/logic/include/logic/Automation.hpp:17:30:[m[K [01;31m[Kerror: [m[KISO C++ forbids declaration of â€˜[01m[KsetNode[m[Kâ€™ with no type [[01;31m[K-fpermissive[m[K]
[4.631s]      setNode(rclcpp::Node node[01;31m[K)[m[K{
[4.631s]                               [01;31m[K^[m[K
[4.632s] [01m[K/home/team/SoftwareDevelopment/ROS2/skinny/src/logic/include/logic/Automation.hpp:[m[K In member function â€˜[01m[Kint Automation::setNode(rclcpp::Node)[m[Kâ€™:
[4.632s] [01m[K/home/team/SoftwareDevelopment/ROS2/skinny/src/logic/include/logic/Automation.hpp:18:20:[m[K [01;31m[Kerror: [m[Kâ€˜[01m[Krclcpp::Node& rclcpp::Node::operator=(const rclcpp::Node&)[m[Kâ€™ is private within this context
[4.633s]          this->node=[01;31m[Knode[m[K;
[4.633s]                     [01;31m[K^~~~[m[K
[4.634s] In file included from [01m[K/opt/ros/eloquent/include/rclcpp/context.hpp:33:0[m[K,
[4.635s]                  from [01m[K/opt/ros/eloquent/include/rclcpp/contexts/default_context.hpp:18[m[K,
[4.635s]                  from [01m[K/opt/ros/eloquent/include/rclcpp/executor.hpp:32[m[K,
[4.636s]                  from [01m[K/opt/ros/eloquent/include/rclcpp/executors/multi_threaded_executor.hpp:25[m[K,
[4.636s]                  from [01m[K/opt/ros/eloquent/include/rclcpp/executors.hpp:21[m[K,
[4.637s]                  from [01m[K/opt/ros/eloquent/include/rclcpp/rclcpp.hpp:145[m[K,
[4.638s]                  from [01m[K/home/team/SoftwareDevelopment/ROS2/skinny/src/logic/src/logic_node.cpp:4[m[K:
[4.639s] [01m[K/opt/ros/eloquent/include/rclcpp/macros.hpp:28:17:[m[K [01;36m[Knote: [m[Kdeclared private here
[4.639s]    __VA_ARGS__ & [01;36m[Ko[m[Kperator=(const __VA_ARGS__ &) = delete;
[4.640s]                  [01;36m[K^[m[K
[4.640s] [01m[K/opt/ros/eloquent/include/rclcpp/node.hpp:1088:3:[m[K [01;36m[Knote: [m[Kin expansion of macro â€˜[01m[KRCLCPP_DISABLE_COPY[m[Kâ€™
[4.641s]    [01;36m[KRCLCPP_DISABLE_COPY[m[K(Node)
[4.641s]    [01;36m[K^~~~~~~~~~~~~~~~~~~[m[K
[4.642s] In file included from [01m[K/home/team/SoftwareDevelopment/ROS2/skinny/src/logic/include/logic/Automation1.hpp:1:0[m[K,
[4.642s]                  from [01m[K/home/team/SoftwareDevelopment/ROS2/skinny/src/logic/src/logic_node.cpp:17[m[K:
[4.643s] [01m[K/home/team/SoftwareDevelopment/ROS2/skinny/src/logic/include/logic/Automation.hpp:18:20:[m[K [01;31m[Kerror: [m[Kuse of deleted function â€˜[01m[Krclcpp::Node& rclcpp::Node::operator=(const rclcpp::Node&)[m[Kâ€™
[4.643s]          this->node=[01;31m[Knode[m[K;
[4.644s]                     [01;31m[K^~~~[m[K
[4.644s] In file included from [01m[K/opt/ros/eloquent/include/rclcpp/context.hpp:33:0[m[K,
[4.645s]                  from [01m[K/opt/ros/eloquent/include/rclcpp/contexts/default_context.hpp:18[m[K,
[4.645s]                  from [01m[K/opt/ros/eloquent/include/rclcpp/executor.hpp:32[m[K,
[4.646s]                  from [01m[K/opt/ros/eloquent/include/rclcpp/executors/multi_threaded_executor.hpp:25[m[K,
[4.646s]                  from [01m[K/opt/ros/eloquent/include/rclcpp/executors.hpp:21[m[K,
[4.647s]                  from [01m[K/opt/ros/eloquent/include/rclcpp/rclcpp.hpp:145[m[K,
[4.648s]                  from [01m[K/home/team/SoftwareDevelopment/ROS2/skinny/src/logic/src/logic_node.cpp:4[m[K:
[4.648s] [01m[K/opt/ros/eloquent/include/rclcpp/macros.hpp:28:17:[m[K [01;36m[Knote: [m[Kdeclared here
[4.649s]    __VA_ARGS__ & [01;36m[Ko[m[Kperator=(const __VA_ARGS__ &) = delete;
[4.650s]                  [01;36m[K^[m[K
[4.650s] [01m[K/opt/ros/eloquent/include/rclcpp/node.hpp:1088:3:[m[K [01;36m[Knote: [m[Kin expansion of macro â€˜[01m[KRCLCPP_DISABLE_COPY[m[Kâ€™
[4.651s]    [01;36m[KRCLCPP_DISABLE_COPY[m[K(Node)
[4.651s]    [01;36m[K^~~~~~~~~~~~~~~~~~~[m[K
[4.652s] In file included from [01m[K/home/team/SoftwareDevelopment/ROS2/skinny/src/logic/include/logic/Automation1.hpp:1:0[m[K,
[4.652s]                  from [01m[K/home/team/SoftwareDevelopment/ROS2/skinny/src/logic/src/logic_node.cpp:17[m[K:
[4.653s] [01m[K/home/team/SoftwareDevelopment/ROS2/skinny/src/logic/include/logic/Automation.hpp:19:34:[m[K [01;31m[Kerror: [m[Kâ€˜[01m[KnodeHandle[m[Kâ€™ was not declared in this scope
[4.654s]          driveLeftSpeedPublisher= [01;31m[KnodeHandle[m[K->create_publisher<std_msgs::msg::Float32>("drive_left_speed",1);
[4.654s]                                   [01;31m[K^~~~~~~~~~[m[K
[4.655s] [01m[K/home/team/SoftwareDevelopment/ROS2/skinny/src/logic/include/logic/Automation.hpp:19:85:[m[K [01;31m[Kerror: [m[Kexpected primary-expression before â€˜[01m[K>[m[Kâ€™ token
[4.655s]          driveLeftSpeedPublisher= nodeHandle->create_publisher<std_msgs::msg::Float32[01;31m[K>[m[K("drive_left_speed",1);
[4.656s]                                                                                      [01;31m[K^[m[K
[4.656s] [01m[K/home/team/SoftwareDevelopment/ROS2/skinny/src/logic/include/logic/Automation.hpp:19:106:[m[K [01;35m[Kwarning: [m[Kleft operand of comma operator has no effect [[01;35m[K-Wunused-value[m[K]
[4.657s]          driveLeftSpeedPublisher= nodeHandle->create_publisher<std_msgs::msg::Float32>("drive_left_speed",[01;35m[K1[m[K);
[4.657s]                                                                                                           [01;35m[K^[m[K
[4.658s] [01m[K/home/team/SoftwareDevelopment/ROS2/skinny/src/logic/include/logic/Automation.hpp:20:86:[m[K [01;31m[Kerror: [m[Kexpected primary-expression before â€˜[01m[K>[m[Kâ€™ token
[4.658s]          driveRightSpeedPublisher= nodeHandle->create_publisher<std_msgs::msg::Float32[01;31m[K>[m[K("drive_right_speed",1);
[4.659s]                                                                                       [01;31m[K^[m[K
[4.659s] [01m[K/home/team/SoftwareDevelopment/ROS2/skinny/src/logic/include/logic/Automation.hpp:20:108:[m[K [01;35m[Kwarning: [m[Kleft operand of comma operator has no effect [[01;35m[K-Wunused-value[m[K]
[4.660s]          driveRightSpeedPublisher= nodeHandle->create_publisher<std_msgs::msg::Float32>("drive_right_speed",[01;35m[K1[m[K);
[4.660s]                                                                                                             [01;35m[K^[m[K
[4.661s] [01m[K/home/team/SoftwareDevelopment/ROS2/skinny/src/logic/include/logic/Automation.hpp:21:5:[m[K [01;35m[Kwarning: [m[Kno return statement in function returning non-void [[01;35m[K-Wreturn-type[m[K]
[4.661s]      [01;35m[K}[m[K
[4.662s]      [01;35m[K^[m[K
[4.702s] [01m[K/home/team/SoftwareDevelopment/ROS2/skinny/src/logic/src/logic_node.cpp:[m[K At global scope:
[4.703s] [01m[K/home/team/SoftwareDevelopment/ROS2/skinny/src/logic/src/logic_node.cpp:33:40:[m[K [01;31m[Kerror: [m[Kuse of deleted function â€˜[01m[KAutomation1::Automation1()[m[Kâ€™
[4.703s]  Automation* automation=new Automation1([01;31m[K)[m[K;
[4.704s]                                         [01;31m[K^[m[K
[4.704s] In file included from [01m[K/home/team/SoftwareDevelopment/ROS2/skinny/src/logic/src/logic_node.cpp:17:0[m[K:
[4.705s] [01m[K/home/team/SoftwareDevelopment/ROS2/skinny/src/logic/include/logic/Automation1.hpp:3:7:[m[K [01;36m[Knote: [m[Kâ€˜[01m[KAutomation1::Automation1()[m[Kâ€™ is implicitly deleted because the default definition would be ill-formed:
[4.705s]  class [01;36m[KAutomation1[m[K : public Automation{
[4.706s]        [01;36m[K^~~~~~~~~~~[m[K
[4.706s] [01m[K/home/team/SoftwareDevelopment/ROS2/skinny/src/logic/include/logic/Automation1.hpp:3:7:[m[K [01;31m[Kerror: [m[Kuse of deleted function â€˜[01m[KAutomation::Automation()[m[Kâ€™
[4.707s] In file included from [01m[K/home/team/SoftwareDevelopment/ROS2/skinny/src/logic/include/logic/Automation1.hpp:1:0[m[K,
[4.707s]                  from [01m[K/home/team/SoftwareDevelopment/ROS2/skinny/src/logic/src/logic_node.cpp:17[m[K:
[4.708s] [01m[K/home/team/SoftwareDevelopment/ROS2/skinny/src/logic/include/logic/Automation.hpp:4:7:[m[K [01;36m[Knote: [m[Kâ€˜[01m[KAutomation::Automation()[m[Kâ€™ is implicitly deleted because the default definition would be ill-formed:
[4.709s]  class [01;36m[KAutomation[m[K{
[4.709s]        [01;36m[K^~~~~~~~~~[m[K
[4.710s] [01m[K/home/team/SoftwareDevelopment/ROS2/skinny/src/logic/include/logic/Automation.hpp:4:7:[m[K [01;31m[Kerror: [m[Kno matching function for call to â€˜[01m[Krclcpp::Node::Node()[m[Kâ€™
[4.710s] In file included from [01m[K/opt/ros/eloquent/include/rclcpp/executors/single_threaded_executor.hpp:28:0[m[K,
[4.711s]                  from [01m[K/opt/ros/eloquent/include/rclcpp/executors.hpp:22[m[K,
[4.711s]                  from [01m[K/opt/ros/eloquent/include/rclcpp/rclcpp.hpp:145[m[K,
[4.712s]                  from [01m[K/home/team/SoftwareDevelopment/ROS2/skinny/src/logic/src/logic_node.cpp:4[m[K:
[4.712s] [01m[K/opt/ros/eloquent/include/rclcpp/node.hpp:1083:3:[m[K [01;36m[Knote: [m[Kcandidate: rclcpp::Node::Node(const rclcpp::Node&, const string&)
[4.713s]    [01;36m[KNode[m[K(
[4.713s]    [01;36m[K^~~~[m[K
[4.714s] [01m[K/opt/ros/eloquent/include/rclcpp/node.hpp:1083:3:[m[K [01;36m[Knote: [m[K  candidate expects 2 arguments, 0 provided
[4.714s] [01m[K/opt/ros/eloquent/include/rclcpp/node.hpp:96:12:[m[K [01;36m[Knote: [m[Kcandidate: rclcpp::Node::Node(const string&, const string&, const rclcpp::NodeOptions&)
[4.715s]    explicit [01;36m[KNode[m[K(
[4.715s]             [01;36m[K^~~~[m[K
[4.716s] [01m[K/opt/ros/eloquent/include/rclcpp/node.hpp:96:12:[m[K [01;36m[Knote: [m[K  candidate expects 3 arguments, 0 provided
[4.716s] [01m[K/opt/ros/eloquent/include/rclcpp/node.hpp:85:12:[m[K [01;36m[Knote: [m[Kcandidate: rclcpp::Node::Node(const string&, const rclcpp::NodeOptions&)
[4.717s]    explicit [01;36m[KNode[m[K(
[4.718s]             [01;36m[K^~~~[m[K
[4.718s] [01m[K/opt/ros/eloquent/include/rclcpp/node.hpp:85:12:[m[K [01;36m[Knote: [m[K  candidate expects 2 arguments, 0 provided
[5.060s] [01m[K/home/team/SoftwareDevelopment/ROS2/skinny/src/logic/src/logic_node.cpp:[m[K In function â€˜[01m[Kint main(int, char**)[m[Kâ€™:
[5.061s] [01m[K/home/team/SoftwareDevelopment/ROS2/skinny/src/logic/src/logic_node.cpp:308:35:[m[K [01;31m[Kerror: [m[Kno matching function for call to â€˜[01m[KAutomation::setNode(rclcpp::Node::SharedPtr&)[m[Kâ€™
[5.062s]      automation->setNode(nodeHandle[01;31m[K)[m[K;
[5.062s]                                    [01;31m[K^[m[K
[5.063s] In file included from [01m[K/home/team/SoftwareDevelopment/ROS2/skinny/src/logic/include/logic/Automation1.hpp:1:0[m[K,
[5.063s]                  from [01m[K/home/team/SoftwareDevelopment/ROS2/skinny/src/logic/src/logic_node.cpp:17[m[K:
[5.064s] [01m[K/home/team/SoftwareDevelopment/ROS2/skinny/src/logic/include/logic/Automation.hpp:17:5:[m[K [01;36m[Knote: [m[Kcandidate: int Automation::setNode(rclcpp::Node)
[5.064s]      [01;36m[KsetNode[m[K(rclcpp::Node node){
[5.065s]      [01;36m[K^~~~~~~[m[K
[5.065s] [01m[K/home/team/SoftwareDevelopment/ROS2/skinny/src/logic/include/logic/Automation.hpp:17:5:[m[K [01;36m[Knote: [m[K  no known conversion for argument 1 from â€˜[01m[Krclcpp::Node::SharedPtr {aka std::shared_ptr<rclcpp::Node>}[m[Kâ€™ to â€˜[01m[Krclcpp::Node[m[Kâ€™
[14.692s] CMakeFiles/logic_node.dir/build.make:62: recipe for target 'CMakeFiles/logic_node.dir/src/logic_node.cpp.o' failed
[14.693s] make[2]: *** [CMakeFiles/logic_node.dir/src/logic_node.cpp.o] Error 1
[14.693s] CMakeFiles/Makefile2:131: recipe for target 'CMakeFiles/logic_node.dir/all' failed
[14.694s] make[1]: *** [CMakeFiles/logic_node.dir/all] Error 2
[14.694s] make: *** [all] Error 2
[14.695s] Makefile:140: recipe for target 'all' failed
[14.704s] Invoked command in '/home/team/SoftwareDevelopment/ROS2/skinny/build/logic' returned '2': AMENT_PREFIX_PATH=/home/team/SoftwareDevelopment/ROS2/skinny/install/messages:${AMENT_PREFIX_PATH} CMAKE_PREFIX_PATH=/home/team/SoftwareDevelopment/ROS2/skinny/install/messages:/opt/ros/eloquent LD_LIBRARY_PATH=/home/team/SoftwareDevelopment/ROS2/skinny/install/messages/lib:${LD_LIBRARY_PATH} PYTHONPATH=/home/team/SoftwareDevelopment/ROS2/skinny/install/messages/lib/python3.6/site-packages:${PYTHONPATH} /usr/bin/cmake --build /home/team/SoftwareDevelopment/ROS2/skinny/build/logic -- -j4 -l4
