[0.117s] Invoking command in '/home/team/SoftwareDevelopment/ROS2/skinny/build/logic': CMAKE_PREFIX_PATH=/home/team/SoftwareDevelopment/ROS2/skinny/install/messages:/home/team/SoftwareDevelopment/ROS2/skinny/install/zed_tracking:/home/team/SoftwareDevelopment/ROS2/skinny/install/talon:/home/team/SoftwareDevelopment/ROS2/skinny/install/power_distribution_panel:/home/team/SoftwareDevelopment/ROS2/skinny/install/logic:/home/team/SoftwareDevelopment/ROS2/skinny/install/communication:/home/team/SoftwareDevelopment/ROS2/skinny/install/autonomy:/home/team/SoftwareDevelopment/ROS2/skinny/install/excavation:/opt/ros/eloquent /usr/bin/cmake --build /home/team/SoftwareDevelopment/ROS2/skinny/build/logic -- -j4 -l4
[0.304s] [35m[1mScanning dependencies of target logic_node[0m
[0.416s] [ 50%] [32mBuilding CXX object CMakeFiles/logic_node.dir/src/logic_node.cpp.o[0m
[4.635s] [01m[K/home/team/SoftwareDevelopment/ROS2/skinny/src/logic/src/logic_node.cpp:[m[K In function â€˜[01m[Kvoid joystickAxisCallback(messages::msg::AxisState_<std::allocator<void> >::SharedPtr)[m[Kâ€™:
[4.636s] [01m[K/home/team/SoftwareDevelopment/ROS2/skinny/src/logic/src/logic_node.cpp:83:29:[m[K [01;31m[Kerror: [m[Kâ€˜[01m[KreverseAuger[m[Kâ€™ was not declared in this scope
[4.636s]          float augerSpeed = ([01;31m[KreverseAuger[m[K)? joystick1Throttle : -joystick1Throttle;
[4.637s]                              [01;31m[K^~~~~~~~~~~~[m[K
[4.644s] [01m[K/home/team/SoftwareDevelopment/ROS2/skinny/src/logic/src/logic_node.cpp:85:40:[m[K [01;31m[Kerror: [m[Kconversion from â€˜[01m[Kfloat[m[Kâ€™ to non-scalar type â€˜[01m[Kstd_msgs::msg::Float32 {aka std_msgs::msg::Float32_<std::allocator<void> >}[m[Kâ€™ requested
[4.645s]          std_msgs::msg::Float32 auger = [01;31m[KaugerSpeed[m[K;
[4.645s]                                         [01;31m[K^~~~~~~~~~[m[K
[4.646s] [01m[K/home/team/SoftwareDevelopment/ROS2/skinny/src/logic/src/logic_node.cpp:86:9:[m[K [01;31m[Kerror: [m[Kâ€˜[01m[KexavationAugerPublisher[m[Kâ€™ was not declared in this scope
[4.647s]          [01;31m[KexavationAugerPublisher[m[K->publish(auger);
[4.647s]          [01;31m[K^~~~~~~~~~~~~~~~~~~~~~~[m[K
[4.648s] [01m[K/home/team/SoftwareDevelopment/ROS2/skinny/src/logic/src/logic_node.cpp:86:9:[m[K [01;36m[Knote: [m[Ksuggested alternative: â€˜[01m[KexcavationAugerPublisher[m[Kâ€™
[4.648s]          [01;36m[KexavationAugerPublisher[m[K->publish(auger);
[4.649s]          [01;36m[K^~~~~~~~~~~~~~~~~~~~~~~[m[K
[4.649s]          [32m[KexcavationAugerPublisher[m[K
[4.662s] [01m[K/home/team/SoftwareDevelopment/ROS2/skinny/src/logic/src/logic_node.cpp:[m[K In function â€˜[01m[Kvoid joystickButtonCallback(messages::msg::ButtonState_<std::allocator<void> >::SharedPtr)[m[Kâ€™:
[4.663s] [01m[K/home/team/SoftwareDevelopment/ROS2/skinny/src/logic/src/logic_node.cpp:124:13:[m[K [01;31m[Kerror: [m[Kâ€˜[01m[KreverseAuger[m[Kâ€™ was not declared in this scope
[4.663s]              [01;31m[KreverseAuger[m[K = false;
[4.664s]              [01;31m[K^~~~~~~~~~~~[m[K
[14.563s] make[2]: *** [CMakeFiles/logic_node.dir/src/logic_node.cpp.o] Error 1
[14.565s] CMakeFiles/logic_node.dir/build.make:62: recipe for target 'CMakeFiles/logic_node.dir/src/logic_node.cpp.o' failed
[14.565s] CMakeFiles/Makefile2:131: recipe for target 'CMakeFiles/logic_node.dir/all' failed
[14.566s] make[1]: *** [CMakeFiles/logic_node.dir/all] Error 2
[14.567s] Makefile:140: recipe for target 'all' failed
[14.567s] make: *** [all] Error 2
[14.577s] Invoked command in '/home/team/SoftwareDevelopment/ROS2/skinny/build/logic' returned '2': CMAKE_PREFIX_PATH=/home/team/SoftwareDevelopment/ROS2/skinny/install/messages:/home/team/SoftwareDevelopment/ROS2/skinny/install/zed_tracking:/home/team/SoftwareDevelopment/ROS2/skinny/install/talon:/home/team/SoftwareDevelopment/ROS2/skinny/install/power_distribution_panel:/home/team/SoftwareDevelopment/ROS2/skinny/install/logic:/home/team/SoftwareDevelopment/ROS2/skinny/install/communication:/home/team/SoftwareDevelopment/ROS2/skinny/install/autonomy:/home/team/SoftwareDevelopment/ROS2/skinny/install/excavation:/opt/ros/eloquent /usr/bin/cmake --build /home/team/SoftwareDevelopment/ROS2/skinny/build/logic -- -j4 -l4
