[35m[1mScanning dependencies of target logic_node[0m
[ 50%] [32mBuilding CXX object CMakeFiles/logic_node.dir/src/logic_node.cpp.o[0m
[01m[K/home/team/SoftwareDevelopment/ROS2/skinny/src/logic/src/logic_node.cpp:[m[K In function â€˜[01m[Kvoid joystickAxisCallback(messages::msg::AxisState_<std::allocator<void> >::SharedPtr)[m[Kâ€™:
[01m[K/home/team/SoftwareDevelopment/ROS2/skinny/src/logic/src/logic_node.cpp:51:13:[m[K [01;31m[Kerror: [m[Kâ€˜[01m[Kdrive[m[Kâ€™ was not declared in this scope
         if ([01;31m[Kdrive[m[K) updateSpeed();
             [01;31m[K^~~~~[m[K
[01m[K/home/team/SoftwareDevelopment/ROS2/skinny/src/logic/src/logic_node.cpp:51:13:[m[K [01;36m[Knote: [m[Ksuggested alternative: â€˜[01m[Kdiv[m[Kâ€™
         if ([01;36m[Kdrive[m[K) updateSpeed();
             [01;36m[K^~~~~[m[K
             [32m[Kdiv[m[K
[01m[K/home/team/SoftwareDevelopment/ROS2/skinny/src/logic/src/logic_node.cpp:56:13:[m[K [01;31m[Kerror: [m[Kâ€˜[01m[Kdrive[m[Kâ€™ was not declared in this scope
         if ([01;31m[Kdrive[m[K) updateSpeed();
             [01;31m[K^~~~~[m[K
[01m[K/home/team/SoftwareDevelopment/ROS2/skinny/src/logic/src/logic_node.cpp:56:13:[m[K [01;36m[Knote: [m[Ksuggested alternative: â€˜[01m[Kdiv[m[Kâ€™
         if ([01;36m[Kdrive[m[K) updateSpeed();
             [01;36m[K^~~~~[m[K
             [32m[Kdiv[m[K
make[2]: *** [CMakeFiles/logic_node.dir/src/logic_node.cpp.o] Error 1
CMakeFiles/logic_node.dir/build.make:62: recipe for target 'CMakeFiles/logic_node.dir/src/logic_node.cpp.o' failed
CMakeFiles/Makefile2:131: recipe for target 'CMakeFiles/logic_node.dir/all' failed
make[1]: *** [CMakeFiles/logic_node.dir/all] Error 2
Makefile:140: recipe for target 'all' failed
make: *** [all] Error 2
