[0.163s] Invoking command in '/home/team/SoftwareDevelopment/ROS2/skinny/build/logic': AMENT_PREFIX_PATH=/home/team/SoftwareDevelopment/ROS2/skinny/install/messages:${AMENT_PREFIX_PATH} CMAKE_PREFIX_PATH=/home/team/SoftwareDevelopment/ROS2/skinny/install/messages:/opt/ros/eloquent LD_LIBRARY_PATH=/home/team/SoftwareDevelopment/ROS2/skinny/install/messages/lib:${LD_LIBRARY_PATH} PYTHONPATH=/home/team/SoftwareDevelopment/ROS2/skinny/install/messages/lib/python3.6/site-packages:${PYTHONPATH} /usr/bin/cmake --build /home/team/SoftwareDevelopment/ROS2/skinny/build/logic -- -j4 -l4
[0.391s] [35m[1mScanning dependencies of target logic_node[0m
[0.518s] [ 50%] [32mBuilding CXX object CMakeFiles/logic_node.dir/src/logic_node.cpp.o[0m
[5.308s] [01m[K/home/team/SoftwareDevelopment/ROS2/skinny/src/logic/src/logic_node.cpp:[m[K In function â€˜[01m[Kvoid joystickAxisCallback(messages::msg::AxisState_<std::allocator<void> >::SharedPtr)[m[Kâ€™:
[5.308s] [01m[K/home/team/SoftwareDevelopment/ROS2/skinny/src/logic/src/logic_node.cpp:51:13:[m[K [01;31m[Kerror: [m[Kâ€˜[01m[Kdrive[m[Kâ€™ was not declared in this scope
[5.309s]          if ([01;31m[Kdrive[m[K) updateSpeed();
[5.310s]              [01;31m[K^~~~~[m[K
[5.311s] [01m[K/home/team/SoftwareDevelopment/ROS2/skinny/src/logic/src/logic_node.cpp:51:13:[m[K [01;36m[Knote: [m[Ksuggested alternative: â€˜[01m[Kdiv[m[Kâ€™
[5.312s]          if ([01;36m[Kdrive[m[K) updateSpeed();
[5.312s]              [01;36m[K^~~~~[m[K
[5.313s]              [32m[Kdiv[m[K
[5.314s] [01m[K/home/team/SoftwareDevelopment/ROS2/skinny/src/logic/src/logic_node.cpp:56:13:[m[K [01;31m[Kerror: [m[Kâ€˜[01m[Kdrive[m[Kâ€™ was not declared in this scope
[5.315s]          if ([01;31m[Kdrive[m[K) updateSpeed();
[5.315s]              [01;31m[K^~~~~[m[K
[5.316s] [01m[K/home/team/SoftwareDevelopment/ROS2/skinny/src/logic/src/logic_node.cpp:56:13:[m[K [01;36m[Knote: [m[Ksuggested alternative: â€˜[01m[Kdiv[m[Kâ€™
[5.316s]          if ([01;36m[Kdrive[m[K) updateSpeed();
[5.317s]              [01;36m[K^~~~~[m[K
[5.317s]              [32m[Kdiv[m[K
[13.344s] make[2]: *** [CMakeFiles/logic_node.dir/src/logic_node.cpp.o] Error 1
[13.345s] CMakeFiles/logic_node.dir/build.make:62: recipe for target 'CMakeFiles/logic_node.dir/src/logic_node.cpp.o' failed
[13.346s] CMakeFiles/Makefile2:131: recipe for target 'CMakeFiles/logic_node.dir/all' failed
[13.347s] make[1]: *** [CMakeFiles/logic_node.dir/all] Error 2
[13.347s] Makefile:140: recipe for target 'all' failed
[13.348s] make: *** [all] Error 2
[13.359s] Invoked command in '/home/team/SoftwareDevelopment/ROS2/skinny/build/logic' returned '2': AMENT_PREFIX_PATH=/home/team/SoftwareDevelopment/ROS2/skinny/install/messages:${AMENT_PREFIX_PATH} CMAKE_PREFIX_PATH=/home/team/SoftwareDevelopment/ROS2/skinny/install/messages:/opt/ros/eloquent LD_LIBRARY_PATH=/home/team/SoftwareDevelopment/ROS2/skinny/install/messages/lib:${LD_LIBRARY_PATH} PYTHONPATH=/home/team/SoftwareDevelopment/ROS2/skinny/install/messages/lib/python3.6/site-packages:${PYTHONPATH} /usr/bin/cmake --build /home/team/SoftwareDevelopment/ROS2/skinny/build/logic -- -j4 -l4
