[35m[1mScanning dependencies of target logic_node[0m
[ 50%] [32mBuilding CXX object CMakeFiles/logic_node.dir/src/logic_node.cpp.o[0m
[01m[K/home/team/SoftwareDevelopment/ROS2/skinny/src/logic/src/logic_node.cpp:[m[K In function â€˜[01m[Kvoid joystickButtonCallback(messages::msg::ButtonState_<std::allocator<void> >::SharedPtr)[m[Kâ€™:
[01m[K/home/team/SoftwareDevelopment/ROS2/skinny/src/logic/src/logic_node.cpp:78:15:[m[K [01;31m[Kerror: [m[Kâ€˜[01m[Kstd_msgs::mag[m[Kâ€™ has not been declared
   78 |     std_msgs::[01;31m[Kmag[m[K::Bool driveState;
      |               [01;31m[K^~~[m[K
[01m[K/home/team/SoftwareDevelopment/ROS2/skinny/src/logic/src/logic_node.cpp:88:17:[m[K [01;31m[Kerror: [m[Kâ€˜[01m[KdriveState[m[Kâ€™ was not declared in this scope
   88 |                 [01;31m[KdriveState[m[K.data = drive;
      |                 [01;31m[K^~~~~~~~~~[m[K
[01m[K/home/team/SoftwareDevelopment/ROS2/skinny/src/logic/src/logic_node.cpp:89:37:[m[K [01;31m[Kerror: [m[Kâ€˜[01m[Kclass std::shared_ptr<rclcpp::Publisher<std_msgs::msg::Bool_<std::allocator<void> >, std::allocator<void> > >[m[Kâ€™ has no member named â€˜[01m[Kpublish[m[Kâ€™
   89 |                 driveStatePublisher.[01;31m[Kpublish[m[K(driveState);
      |                                     [01;31m[K^~~~~~~[m[K
make[2]: *** [CMakeFiles/logic_node.dir/build.make:63: CMakeFiles/logic_node.dir/src/logic_node.cpp.o] Error 1
make[1]: *** [CMakeFiles/Makefile2:78: CMakeFiles/logic_node.dir/all] Error 2
make: *** [Makefile:141: all] Error 2
