[0.074s] Invoking command in '/home/team/SoftwareDevelopment/ROS2/skinny/build/talon': AMENT_PREFIX_PATH=/home/team/SoftwareDevelopment/ROS2/skinny/install/messages:${AMENT_PREFIX_PATH} CMAKE_PREFIX_PATH=/home/team/SoftwareDevelopment/ROS2/skinny/install/messages:${CMAKE_PREFIX_PATH} LD_LIBRARY_PATH=/home/team/SoftwareDevelopment/ROS2/skinny/install/messages/lib:${LD_LIBRARY_PATH} PYTHONPATH=/home/team/SoftwareDevelopment/ROS2/skinny/install/messages/lib/python3.8/site-packages:${PYTHONPATH} /usr/bin/cmake --build /home/team/SoftwareDevelopment/ROS2/skinny/build/talon -- -j4 -l4
[0.238s] [35m[1mScanning dependencies of target talon_node[0m
[0.352s] [ 50%] [32mBuilding CXX object CMakeFiles/talon_node.dir/src/talon_node.cpp.o[0m
[5.877s] [01m[K/home/team/SoftwareDevelopment/ROS2/skinny/src/talon/src/talon_node.cpp:[m[K In function â€˜[01m[Kvoid stopCallback(std_msgs::msg::Empty)[m[Kâ€™:
[5.878s] [01m[K/home/team/SoftwareDevelopment/ROS2/skinny/src/talon/src/talon_node.cpp:27:40:[m[K [01;35m[Kwarning: [m[Kunused parameter â€˜[01m[Kempty[m[Kâ€™ [[01;35m[K-Wunused-parameter[m[K]
[5.878s]    27 | void stopCallback([01;35m[Kstd_msgs::msg::Empty empty[m[K){
[5.878s]       |                   [01;35m[K~~~~~~~~~~~~~~~~~~~~~^~~~~[m[K
[5.879s] [01m[K/home/team/SoftwareDevelopment/ROS2/skinny/src/talon/src/talon_node.cpp:[m[K In function â€˜[01m[Kvoid goCallback(std_msgs::msg::Empty)[m[Kâ€™:
[5.879s] [01m[K/home/team/SoftwareDevelopment/ROS2/skinny/src/talon/src/talon_node.cpp:31:38:[m[K [01;35m[Kwarning: [m[Kunused parameter â€˜[01m[Kempty[m[Kâ€™ [[01;35m[K-Wunused-parameter[m[K]
[5.879s]    31 | void goCallback([01;35m[Kstd_msgs::msg::Empty empty[m[K){
[5.880s]       |                 [01;35m[K~~~~~~~~~~~~~~~~~~~~~^~~~~[m[K
[6.013s] [01m[K/home/team/SoftwareDevelopment/ROS2/skinny/src/talon/src/talon_node.cpp:[m[K In function â€˜[01m[Kint main(int, char**)[m[Kâ€™:
[6.014s] [01m[K/home/team/SoftwareDevelopment/ROS2/skinny/src/talon/src/talon_node.cpp:200:13:[m[K [01;31m[Kerror: [m[Kâ€˜[01m[Kusing TalonOut = struct messages::msg::TalonOut_<std::allocator<void> >[m[Kâ€™ {aka â€˜[01m[Kstruct messages::msg::TalonOut_<std::allocator<void> >[m[Kâ€™} has no member named â€˜[01m[KdeviceID[m[Kâ€™; did you mean â€˜[01m[Kdevice_id[m[Kâ€™?
[6.014s]   200 |    talonOut.[01;31m[KdeviceID[m[K=deviceID;
[6.015s]       |             [01;31m[K^~~~~~~~[m[K
[6.015s]       |             [32m[Kdevice_id[m[K
[6.015s] [01m[K/home/team/SoftwareDevelopment/ROS2/skinny/src/talon/src/talon_node.cpp:201:13:[m[K [01;31m[Kerror: [m[Kâ€˜[01m[Kusing TalonOut = struct messages::msg::TalonOut_<std::allocator<void> >[m[Kâ€™ {aka â€˜[01m[Kstruct messages::msg::TalonOut_<std::allocator<void> >[m[Kâ€™} has no member named â€˜[01m[KbusVoltage[m[Kâ€™; did you mean â€˜[01m[Kbus_voltage[m[Kâ€™?
[6.016s]   201 |    talonOut.[01;31m[KbusVoltage[m[K=busVoltage;
[6.016s]       |             [01;31m[K^~~~~~~~~~[m[K
[6.016s]       |             [32m[Kbus_voltage[m[K
[6.017s] [01m[K/home/team/SoftwareDevelopment/ROS2/skinny/src/talon/src/talon_node.cpp:202:13:[m[K [01;31m[Kerror: [m[Kâ€˜[01m[Kusing TalonOut = struct messages::msg::TalonOut_<std::allocator<void> >[m[Kâ€™ {aka â€˜[01m[Kstruct messages::msg::TalonOut_<std::allocator<void> >[m[Kâ€™} has no member named â€˜[01m[KoutputCurrent[m[Kâ€™; did you mean â€˜[01m[Koutput_current[m[Kâ€™?
[6.017s]   202 |    talonOut.[01;31m[KoutputCurrent[m[K=outputCurrent;
[6.017s]       |             [01;31m[K^~~~~~~~~~~~~[m[K
[6.018s]       |             [32m[Koutput_current[m[K
[6.018s] [01m[K/home/team/SoftwareDevelopment/ROS2/skinny/src/talon/src/talon_node.cpp:203:13:[m[K [01;31m[Kerror: [m[Kâ€˜[01m[Kusing TalonOut = struct messages::msg::TalonOut_<std::allocator<void> >[m[Kâ€™ {aka â€˜[01m[Kstruct messages::msg::TalonOut_<std::allocator<void> >[m[Kâ€™} has no member named â€˜[01m[KoutputVoltage[m[Kâ€™; did you mean â€˜[01m[Koutput_voltage[m[Kâ€™?
[6.018s]   203 |    talonOut.[01;31m[KoutputVoltage[m[K=motorOutputVoltage;
[6.019s]       |             [01;31m[K^~~~~~~~~~~~~[m[K
[6.019s]       |             [32m[Koutput_voltage[m[K
[6.019s] [01m[K/home/team/SoftwareDevelopment/ROS2/skinny/src/talon/src/talon_node.cpp:204:13:[m[K [01;31m[Kerror: [m[Kâ€˜[01m[Kusing TalonOut = struct messages::msg::TalonOut_<std::allocator<void> >[m[Kâ€™ {aka â€˜[01m[Kstruct messages::msg::TalonOut_<std::allocator<void> >[m[Kâ€™} has no member named â€˜[01m[KoutputPercent[m[Kâ€™; did you mean â€˜[01m[Koutput_percent[m[Kâ€™?
[6.020s]   204 |    talonOut.[01;31m[KoutputPercent[m[K=motorOutputPercent;
[6.020s]       |             [01;31m[K^~~~~~~~~~~~~[m[K
[6.021s]       |             [32m[Koutput_percent[m[K
[6.021s] [01m[K/home/team/SoftwareDevelopment/ROS2/skinny/src/talon/src/talon_node.cpp:206:13:[m[K [01;31m[Kerror: [m[Kâ€˜[01m[Kusing TalonOut = struct messages::msg::TalonOut_<std::allocator<void> >[m[Kâ€™ {aka â€˜[01m[Kstruct messages::msg::TalonOut_<std::allocator<void> >[m[Kâ€™} has no member named â€˜[01m[KsensorPosition[m[Kâ€™; did you mean â€˜[01m[Ksensor_position[m[Kâ€™?
[6.021s]   206 |    talonOut.[01;31m[KsensorPosition[m[K=sensorPosition0;
[6.022s]       |             [01;31m[K^~~~~~~~~~~~~~[m[K
[6.022s]       |             [32m[Ksensor_position[m[K
[6.022s] [01m[K/home/team/SoftwareDevelopment/ROS2/skinny/src/talon/src/talon_node.cpp:207:13:[m[K [01;31m[Kerror: [m[Kâ€˜[01m[Kusing TalonOut = struct messages::msg::TalonOut_<std::allocator<void> >[m[Kâ€™ {aka â€˜[01m[Kstruct messages::msg::TalonOut_<std::allocator<void> >[m[Kâ€™} has no member named â€˜[01m[KsensorVelocity[m[Kâ€™; did you mean â€˜[01m[Ksensor_velocity[m[Kâ€™?
[6.023s]   207 |    talonOut.[01;31m[KsensorVelocity[m[K=sensorVelocity0;
[6.023s]       |             [01;31m[K^~~~~~~~~~~~~~[m[K
[6.023s]       |             [32m[Ksensor_velocity[m[K
[6.024s] [01m[K/home/team/SoftwareDevelopment/ROS2/skinny/src/talon/src/talon_node.cpp:208:13:[m[K [01;31m[Kerror: [m[Kâ€˜[01m[Kusing TalonOut = struct messages::msg::TalonOut_<std::allocator<void> >[m[Kâ€™ {aka â€˜[01m[Kstruct messages::msg::TalonOut_<std::allocator<void> >[m[Kâ€™} has no member named â€˜[01m[KclosedLoopError[m[Kâ€™; did you mean â€˜[01m[Kclosed_loop_error[m[Kâ€™?
[6.024s]   208 |    talonOut.[01;31m[KclosedLoopError[m[K=closedLoopError0;
[6.024s]       |             [01;31m[K^~~~~~~~~~~~~~~[m[K
[6.025s]       |             [32m[Kclosed_loop_error[m[K
[6.025s] [01m[K/home/team/SoftwareDevelopment/ROS2/skinny/src/talon/src/talon_node.cpp:209:13:[m[K [01;31m[Kerror: [m[Kâ€˜[01m[Kusing TalonOut = struct messages::msg::TalonOut_<std::allocator<void> >[m[Kâ€™ {aka â€˜[01m[Kstruct messages::msg::TalonOut_<std::allocator<void> >[m[Kâ€™} has no member named â€˜[01m[KintegralAccumulator[m[Kâ€™; did you mean â€˜[01m[Kintegral_accumulator[m[Kâ€™?
[6.025s]   209 |    talonOut.[01;31m[KintegralAccumulator[m[K=integralAccumulator0;
[6.026s]       |             [01;31m[K^~~~~~~~~~~~~~~~~~~[m[K
[6.026s]       |             [32m[Kintegral_accumulator[m[K
[6.026s] [01m[K/home/team/SoftwareDevelopment/ROS2/skinny/src/talon/src/talon_node.cpp:210:13:[m[K [01;31m[Kerror: [m[Kâ€˜[01m[Kusing TalonOut = struct messages::msg::TalonOut_<std::allocator<void> >[m[Kâ€™ {aka â€˜[01m[Kstruct messages::msg::TalonOut_<std::allocator<void> >[m[Kâ€™} has no member named â€˜[01m[KerrorDerivative[m[Kâ€™; did you mean â€˜[01m[Kerror_derivative[m[Kâ€™?
[6.027s]   210 |    talonOut.[01;31m[KerrorDerivative[m[K=errorDerivative0;
[6.027s]       |             [01;31m[K^~~~~~~~~~~~~~~[m[K
[6.027s]       |             [32m[Kerror_derivative[m[K
[6.055s] [01m[K/home/team/SoftwareDevelopment/ROS2/skinny/src/talon/src/talon_node.cpp:190:9:[m[K [01;35m[Kwarning: [m[Kunused variable â€˜[01m[KisInverted[m[Kâ€™ [[01;35m[K-Wunused-variable[m[K]
[6.055s]   190 |    bool [01;35m[KisInverted[m[K=talonSRX->GetInverted();
[6.056s]       |         [01;35m[K^~~~~~~~~~[m[K
[6.062s] [01m[K/home/team/SoftwareDevelopment/ROS2/skinny/src/talon/src/talon_node.cpp:144:6:[m[K [01;35m[Kwarning: [m[Kunused variable â€˜[01m[KkSlotIdx[m[Kâ€™ [[01;35m[K-Wunused-variable[m[K]
[6.063s]   144 |  int [01;35m[KkSlotIdx[m[K=0;
[6.063s]       |      [01;35m[K^~~~~~~~[m[K
[6.063s] [01m[K/home/team/SoftwareDevelopment/ROS2/skinny/src/talon/src/talon_node.cpp:167:14:[m[K [01;35m[Kwarning: [m[Kunused variable â€˜[01m[KstatusFrame[m[Kâ€™ [[01;35m[K-Wunused-variable[m[K]
[6.064s]   167 |  StatusFrame [01;35m[KstatusFrame[m[K;
[6.064s]       |              [01;35m[K^~~~~~~~~~~[m[K
[12.222s] make[2]: *** [CMakeFiles/talon_node.dir/build.make:63: CMakeFiles/talon_node.dir/src/talon_node.cpp.o] Error 1
[12.229s] make[1]: *** [CMakeFiles/Makefile2:78: CMakeFiles/talon_node.dir/all] Error 2
[12.230s] make: *** [Makefile:141: all] Error 2
[12.239s] Invoked command in '/home/team/SoftwareDevelopment/ROS2/skinny/build/talon' returned '2': AMENT_PREFIX_PATH=/home/team/SoftwareDevelopment/ROS2/skinny/install/messages:${AMENT_PREFIX_PATH} CMAKE_PREFIX_PATH=/home/team/SoftwareDevelopment/ROS2/skinny/install/messages:${CMAKE_PREFIX_PATH} LD_LIBRARY_PATH=/home/team/SoftwareDevelopment/ROS2/skinny/install/messages/lib:${LD_LIBRARY_PATH} PYTHONPATH=/home/team/SoftwareDevelopment/ROS2/skinny/install/messages/lib/python3.8/site-packages:${PYTHONPATH} /usr/bin/cmake --build /home/team/SoftwareDevelopment/ROS2/skinny/build/talon -- -j4 -l4
