[35m[1mScanning dependencies of target logic_node[0m
[ 50%] [32mBuilding CXX object CMakeFiles/logic_node.dir/src/logic_node.cpp.o[0m
[01m[K/home/team/SoftwareDevelopment/ROS2/skinny/src/logic/src/logic_node.cpp:[m[K In function â€˜[01m[Kvoid joystickAxisCallback(messages::msg::AxisState_<std::allocator<void> >::SharedPtr)[m[Kâ€™:
[01m[K/home/team/SoftwareDevelopment/ROS2/skinny/src/logic/src/logic_node.cpp:87:9:[m[K [01;31m[Kerror: [m[Kâ€˜[01m[KexavationAugerPublisher[m[Kâ€™ was not declared in this scope
         [01;31m[KexavationAugerPublisher[m[K->publish(auger);
         [01;31m[K^~~~~~~~~~~~~~~~~~~~~~~[m[K
[01m[K/home/team/SoftwareDevelopment/ROS2/skinny/src/logic/src/logic_node.cpp:87:9:[m[K [01;36m[Knote: [m[Ksuggested alternative: â€˜[01m[KexcavationAugerPublisher[m[Kâ€™
         [01;36m[KexavationAugerPublisher[m[K->publish(auger);
         [01;36m[K^~~~~~~~~~~~~~~~~~~~~~~[m[K
         [32m[KexcavationAugerPublisher[m[K
make[2]: *** [CMakeFiles/logic_node.dir/src/logic_node.cpp.o] Error 1
CMakeFiles/logic_node.dir/build.make:62: recipe for target 'CMakeFiles/logic_node.dir/src/logic_node.cpp.o' failed
make[1]: *** [CMakeFiles/logic_node.dir/all] Error 2
CMakeFiles/Makefile2:131: recipe for target 'CMakeFiles/logic_node.dir/all' failed
Makefile:140: recipe for target 'all' failed
make: *** [all] Error 2
