[0.117s] Invoking command in '/home/team/SoftwareDevelopment/ROS2/skinny/build/logic': CMAKE_PREFIX_PATH=/home/team/SoftwareDevelopment/ROS2/skinny/install/messages:/home/team/SoftwareDevelopment/ROS2/skinny/install/zed_tracking:/home/team/SoftwareDevelopment/ROS2/skinny/install/talon:/home/team/SoftwareDevelopment/ROS2/skinny/install/power_distribution_panel:/home/team/SoftwareDevelopment/ROS2/skinny/install/logic:/home/team/SoftwareDevelopment/ROS2/skinny/install/communication:/home/team/SoftwareDevelopment/ROS2/skinny/install/autonomy:/home/team/SoftwareDevelopment/ROS2/skinny/install/excavation:/opt/ros/eloquent /usr/bin/cmake --build /home/team/SoftwareDevelopment/ROS2/skinny/build/logic -- -j4 -l4
[0.352s] [35m[1mScanning dependencies of target logic_node[0m
[0.474s] [ 50%] [32mBuilding CXX object CMakeFiles/logic_node.dir/src/logic_node.cpp.o[0m
[4.713s] [01m[K/home/team/SoftwareDevelopment/ROS2/skinny/src/logic/src/logic_node.cpp:[m[K In function â€˜[01m[Kvoid joystickAxisCallback(messages::msg::AxisState_<std::allocator<void> >::SharedPtr)[m[Kâ€™:
[4.714s] [01m[K/home/team/SoftwareDevelopment/ROS2/skinny/src/logic/src/logic_node.cpp:87:9:[m[K [01;31m[Kerror: [m[Kâ€˜[01m[KexavationAugerPublisher[m[Kâ€™ was not declared in this scope
[4.714s]          [01;31m[KexavationAugerPublisher[m[K->publish(auger);
[4.715s]          [01;31m[K^~~~~~~~~~~~~~~~~~~~~~~[m[K
[4.716s] [01m[K/home/team/SoftwareDevelopment/ROS2/skinny/src/logic/src/logic_node.cpp:87:9:[m[K [01;36m[Knote: [m[Ksuggested alternative: â€˜[01m[KexcavationAugerPublisher[m[Kâ€™
[4.717s]          [01;36m[KexavationAugerPublisher[m[K->publish(auger);
[4.717s]          [01;36m[K^~~~~~~~~~~~~~~~~~~~~~~[m[K
[4.718s]          [32m[KexcavationAugerPublisher[m[K
[14.638s] make[2]: *** [CMakeFiles/logic_node.dir/src/logic_node.cpp.o] Error 1
[14.639s] CMakeFiles/logic_node.dir/build.make:62: recipe for target 'CMakeFiles/logic_node.dir/src/logic_node.cpp.o' failed
[14.640s] make[1]: *** [CMakeFiles/logic_node.dir/all] Error 2
[14.640s] CMakeFiles/Makefile2:131: recipe for target 'CMakeFiles/logic_node.dir/all' failed
[14.641s] Makefile:140: recipe for target 'all' failed
[14.641s] make: *** [all] Error 2
[14.651s] Invoked command in '/home/team/SoftwareDevelopment/ROS2/skinny/build/logic' returned '2': CMAKE_PREFIX_PATH=/home/team/SoftwareDevelopment/ROS2/skinny/install/messages:/home/team/SoftwareDevelopment/ROS2/skinny/install/zed_tracking:/home/team/SoftwareDevelopment/ROS2/skinny/install/talon:/home/team/SoftwareDevelopment/ROS2/skinny/install/power_distribution_panel:/home/team/SoftwareDevelopment/ROS2/skinny/install/logic:/home/team/SoftwareDevelopment/ROS2/skinny/install/communication:/home/team/SoftwareDevelopment/ROS2/skinny/install/autonomy:/home/team/SoftwareDevelopment/ROS2/skinny/install/excavation:/opt/ros/eloquent /usr/bin/cmake --build /home/team/SoftwareDevelopment/ROS2/skinny/build/logic -- -j4 -l4
