[35m[1mScanning dependencies of target logic_node[0m
[ 50%] [32mBuilding CXX object CMakeFiles/logic_node.dir/src/logic_node.cpp.o[0m
[01m[K/home/team/SoftwareDevelopment/ROS2/skinny/src/logic/src/logic_node.cpp:22:1:[m[K [01;31m[Kerror: [m[Kdeclaration of â€˜[01m[Kauto driveLeftSpeedPublisher[m[Kâ€™ has no initializer
   22 | [01;31m[Kauto[m[K driveLeftSpeedPublisher;
      | [01;31m[K^~~~[m[K
[01m[K/home/team/SoftwareDevelopment/ROS2/skinny/src/logic/src/logic_node.cpp:23:1:[m[K [01;31m[Kerror: [m[Kâ€˜[01m[Kros[m[Kâ€™ does not name a type; did you mean â€˜[01m[Kcos[m[Kâ€™?
   23 | [01;31m[Kros[m[K::Publisher driveRightSpeedPublisher;
      | [01;31m[K^~~[m[K
      | [32m[Kcos[m[K
[01m[K/home/team/SoftwareDevelopment/ROS2/skinny/src/logic/src/logic_node.cpp:24:1:[m[K [01;31m[Kerror: [m[Kâ€˜[01m[Kros[m[Kâ€™ does not name a type; did you mean â€˜[01m[Kcos[m[Kâ€™?
   24 | [01;31m[Kros[m[K::Publisher driveStatePublisher;
      | [01;31m[K^~~[m[K
      | [32m[Kcos[m[K
[01m[K/home/team/SoftwareDevelopment/ROS2/skinny/src/logic/src/logic_node.cpp:[m[K In function â€˜[01m[Kvoid updateSpeed()[m[Kâ€™:
[01m[K/home/team/SoftwareDevelopment/ROS2/skinny/src/logic/src/logic_node.cpp:29:15:[m[K [01;31m[Kerror: [m[Kâ€˜[01m[KFloat32[m[Kâ€™ is not a member of â€˜[01m[Kstd_msgs[m[Kâ€™; did you mean â€˜[01m[Kstd_msgs::msg::Float32[m[Kâ€™?
   29 |     std_msgs::[01;31m[KFloat32[m[K speedLeft;
      |               [01;31m[K^~~~~~~[m[K
In file included from [01m[K/opt/ros/foxy/include/std_msgs/msg/float32.hpp:7[m[K,
                 from [01m[K/home/team/SoftwareDevelopment/ROS2/skinny/src/logic/src/logic_node.cpp:5[m[K:
[01m[K/opt/ros/foxy/include/std_msgs/msg/detail/float32__struct.hpp:121:7:[m[K [01;36m[Knote: [m[Kâ€˜[01m[Kstd_msgs::msg::Float32[m[Kâ€™ declared here
  121 | using [01;36m[KFloat32[m[K =
      |       [01;36m[K^~~~~~~[m[K
[01m[K/home/team/SoftwareDevelopment/ROS2/skinny/src/logic/src/logic_node.cpp:30:15:[m[K [01;31m[Kerror: [m[Kâ€˜[01m[KFloat32[m[Kâ€™ is not a member of â€˜[01m[Kstd_msgs[m[Kâ€™; did you mean â€˜[01m[Kstd_msgs::msg::Float32[m[Kâ€™?
   30 |     std_msgs::[01;31m[KFloat32[m[K speedRight;
      |               [01;31m[K^~~~~~~[m[K
In file included from [01m[K/opt/ros/foxy/include/std_msgs/msg/float32.hpp:7[m[K,
                 from [01m[K/home/team/SoftwareDevelopment/ROS2/skinny/src/logic/src/logic_node.cpp:5[m[K:
[01m[K/opt/ros/foxy/include/std_msgs/msg/detail/float32__struct.hpp:121:7:[m[K [01;36m[Knote: [m[Kâ€˜[01m[Kstd_msgs::msg::Float32[m[Kâ€™ declared here
  121 | using [01;36m[KFloat32[m[K =
      |       [01;36m[K^~~~~~~[m[K
[01m[K/home/team/SoftwareDevelopment/ROS2/skinny/src/logic/src/logic_node.cpp:39:5:[m[K [01;31m[Kerror: [m[Kâ€˜[01m[KspeedLeft[m[Kâ€™ was not declared in this scope
   39 |     [01;31m[KspeedLeft[m[K.data = (joystick1Pitch + joystick1Roll);
      |     [01;31m[K^~~~~~~~~[m[K
[01m[K/home/team/SoftwareDevelopment/ROS2/skinny/src/logic/src/logic_node.cpp:40:5:[m[K [01;31m[Kerror: [m[Kâ€˜[01m[KspeedRight[m[Kâ€™ was not declared in this scope
   40 |     [01;31m[KspeedRight[m[K.data = (joystick1Pitch - joystick1Roll);
      |     [01;31m[K^~~~~~~~~~[m[K
[01m[K/home/team/SoftwareDevelopment/ROS2/skinny/src/logic/src/logic_node.cpp:50:9:[m[K [01;31m[Kerror: [m[Kâ€˜[01m[KdriveRightSpeedPublisher[m[Kâ€™ was not declared in this scope
   50 |         [01;31m[KdriveRightSpeedPublisher[m[K.publish(speedRight);
      |         [01;31m[K^~~~~~~~~~~~~~~~~~~~~~~~[m[K
[01m[K/home/team/SoftwareDevelopment/ROS2/skinny/src/logic/src/logic_node.cpp:55:9:[m[K [01;31m[Kerror: [m[Kâ€˜[01m[KdriveRightSpeedPublisher[m[Kâ€™ was not declared in this scope
   55 |         [01;31m[KdriveRightSpeedPublisher[m[K.publish(speedRight);
      |         [01;31m[K^~~~~~~~~~~~~~~~~~~~~~~~[m[K
[01m[K/home/team/SoftwareDevelopment/ROS2/skinny/src/logic/src/logic_node.cpp:[m[K At global scope:
[01m[K/home/team/SoftwareDevelopment/ROS2/skinny/src/logic/src/logic_node.cpp:60:33:[m[K [01;31m[Kerror: [m[Kâ€˜[01m[Kmessages[m[Kâ€™ does not name a type
   60 | void joystickAxisCallback(const [01;31m[Kmessages[m[K::msg::AxisState& axisState){
      |                                 [01;31m[K^~~~~~~~[m[K
[01m[K/home/team/SoftwareDevelopment/ROS2/skinny/src/logic/src/logic_node.cpp:60:46:[m[K [01;31m[Kerror: [m[Kexpected unqualified-id before â€˜[01m[K::[m[Kâ€™ token
   60 | void joystickAxisCallback(const messages::msg[01;31m[K::[m[KAxisState& axisState){
      |                                              [01;31m[K^~[m[K
[01m[K/home/team/SoftwareDevelopment/ROS2/skinny/src/logic/src/logic_node.cpp:60:46:[m[K [01;31m[Kerror: [m[Kexpected â€˜[01m[K)[m[Kâ€™ before â€˜[01m[K::[m[Kâ€™ token
   60 | void joystickAxisCallback[34m[K([m[Kconst messages::msg[01;31m[K:[m[K[32m[K:[m[KAxisState& axisState){
      |                          [34m[K~[m[K                   [01;31m[K^[m[K[32m[K~[m[K
      |                                              [32m[K)[m[K
[01m[K/home/team/SoftwareDevelopment/ROS2/skinny/src/logic/src/logic_node.cpp:60:46:[m[K [01;31m[Kerror: [m[Kexpected initializer before â€˜[01m[K::[m[Kâ€™ token
   60 | void joystickAxisCallback(const messages::msg[01;31m[K::[m[KAxisState& axisState){
      |                                              [01;31m[K^~[m[K
[01m[K/home/team/SoftwareDevelopment/ROS2/skinny/src/logic/src/logic_node.cpp:75:35:[m[K [01;31m[Kerror: [m[Kâ€˜[01m[Kmessages[m[Kâ€™ does not name a type
   75 | void joystickButtonCallback(const [01;31m[Kmessages[m[K::msg::ButtonState& buttonState){
      |                                   [01;31m[K^~~~~~~~[m[K
[01m[K/home/team/SoftwareDevelopment/ROS2/skinny/src/logic/src/logic_node.cpp:75:48:[m[K [01;31m[Kerror: [m[Kexpected unqualified-id before â€˜[01m[K::[m[Kâ€™ token
   75 | void joystickButtonCallback(const messages::msg[01;31m[K::[m[KButtonState& buttonState){
      |                                                [01;31m[K^~[m[K
[01m[K/home/team/SoftwareDevelopment/ROS2/skinny/src/logic/src/logic_node.cpp:75:48:[m[K [01;31m[Kerror: [m[Kexpected â€˜[01m[K)[m[Kâ€™ before â€˜[01m[K::[m[Kâ€™ token
   75 | void joystickButtonCallback[34m[K([m[Kconst messages::msg[01;31m[K:[m[K[32m[K:[m[KButtonState& buttonState){
      |                            [34m[K~[m[K                   [01;31m[K^[m[K[32m[K~[m[K
      |                                                [32m[K)[m[K
[01m[K/home/team/SoftwareDevelopment/ROS2/skinny/src/logic/src/logic_node.cpp:75:48:[m[K [01;31m[Kerror: [m[Kexpected initializer before â€˜[01m[K::[m[Kâ€™ token
   75 | void joystickButtonCallback(const messages::msg[01;31m[K::[m[KButtonState& buttonState){
      |                                                [01;31m[K^~[m[K
[01m[K/home/team/SoftwareDevelopment/ROS2/skinny/src/logic/src/logic_node.cpp:128:32:[m[K [01;31m[Kerror: [m[Kâ€˜[01m[Kmessages[m[Kâ€™ does not name a type
  128 | void joystickHatCallback(const [01;31m[Kmessages[m[K::msg::HatState& hatState){
      |                                [01;31m[K^~~~~~~~[m[K
[01m[K/home/team/SoftwareDevelopment/ROS2/skinny/src/logic/src/logic_node.cpp:128:45:[m[K [01;31m[Kerror: [m[Kexpected unqualified-id before â€˜[01m[K::[m[Kâ€™ token
  128 | void joystickHatCallback(const messages::msg[01;31m[K::[m[KHatState& hatState){
      |                                             [01;31m[K^~[m[K
[01m[K/home/team/SoftwareDevelopment/ROS2/skinny/src/logic/src/logic_node.cpp:128:45:[m[K [01;31m[Kerror: [m[Kexpected â€˜[01m[K)[m[Kâ€™ before â€˜[01m[K::[m[Kâ€™ token
  128 | void joystickHatCallback[34m[K([m[Kconst messages::msg[01;31m[K:[m[K[32m[K:[m[KHatState& hatState){
      |                         [34m[K~[m[K                   [01;31m[K^[m[K[32m[K~[m[K
      |                                             [32m[K)[m[K
[01m[K/home/team/SoftwareDevelopment/ROS2/skinny/src/logic/src/logic_node.cpp:128:45:[m[K [01;31m[Kerror: [m[Kexpected initializer before â€˜[01m[K::[m[Kâ€™ token
  128 | void joystickHatCallback(const messages::msg[01;31m[K::[m[KHatState& hatState){
      |                                             [01;31m[K^~[m[K
[01m[K/home/team/SoftwareDevelopment/ROS2/skinny/src/logic/src/logic_node.cpp:[m[K In function â€˜[01m[Kint main(int, char**)[m[Kâ€™:
[01m[K/home/team/SoftwareDevelopment/ROS2/skinny/src/logic/src/logic_node.cpp:136:66:[m[K [01;31m[Kerror: [m[Kâ€˜[01m[Kmessages[m[Kâ€™ was not declared in this scope; did you mean â€˜[01m[Kstd::__cxx11::messages[m[Kâ€™?
  136 |     auto joystickAxisSubscriber= nodeHandle->create_subscription<[01;31m[Kmessages[m[K::msg::AxisState>("joystick_axis",1,joystickAxisCallback);
      |                                                                  [01;31m[K^~~~~~~~[m[K
      |                                                                  [32m[Kstd::__cxx11::messages[m[K
In file included from [01m[K/usr/include/c++/9/string:43[m[K,
                 from [01m[K/usr/include/c++/9/stdexcept:39[m[K,
                 from [01m[K/usr/include/c++/9/array:39[m[K,
                 from [01m[K/usr/include/c++/9/tuple:39[m[K,
                 from [01m[K/usr/include/c++/9/bits/unique_ptr.h:37[m[K,
                 from [01m[K/usr/include/c++/9/memory:80[m[K,
                 from [01m[K/opt/ros/foxy/include/rclcpp/rclcpp.hpp:144[m[K,
                 from [01m[K/home/team/SoftwareDevelopment/ROS2/skinny/src/logic/src/logic_node.cpp:3[m[K:
[01m[K/usr/include/c++/9/bits/localefwd.h:206:11:[m[K [01;36m[Knote: [m[Kâ€˜[01m[Kstd::__cxx11::messages[m[Kâ€™ declared here
  206 |     class [01;36m[Kmessages[m[K;
      |           [01;36m[K^~~~~~~~[m[K
[01m[K/home/team/SoftwareDevelopment/ROS2/skinny/src/logic/src/logic_node.cpp:136:46:[m[K [01;31m[Kerror: [m[Kparse error in template argument list
  136 |     auto joystickAxisSubscriber= nodeHandle->[01;31m[Kcreate_subscription<messages::msg::AxisState>[m[K("joystick_axis",1,joystickAxisCallback);
      |                                              [01;31m[K^~~~~~~~~~~~~~~~~~~~~~~~~~~~~~~~~~~~~~~~~~~~~[m[K
[01m[K/home/team/SoftwareDevelopment/ROS2/skinny/src/logic/src/logic_node.cpp:136:110:[m[K [01;31m[Kerror: [m[Kâ€˜[01m[KjoystickAxisCallback[m[Kâ€™ was not declared in this scope
  136 |     auto joystickAxisSubscriber= nodeHandle->create_subscription<messages::msg::AxisState>("joystick_axis",1,[01;31m[KjoystickAxisCallback[m[K);
      |                                                                                                              [01;31m[K^~~~~~~~~~~~~~~~~~~~[m[K
[01m[K/home/team/SoftwareDevelopment/ROS2/skinny/src/logic/src/logic_node.cpp:137:48:[m[K [01;31m[Kerror: [m[Kparse error in template argument list
  137 |     auto joystickButtonSubscriber= nodeHandle->[01;31m[Kcreate_subscription<messages::msg::ButtonState>[m[K("joystick_button",1,joystickButtonCallback);
      |                                                [01;31m[K^~~~~~~~~~~~~~~~~~~~~~~~~~~~~~~~~~~~~~~~~~~~~~~[m[K
[01m[K/home/team/SoftwareDevelopment/ROS2/skinny/src/logic/src/logic_node.cpp:137:116:[m[K [01;31m[Kerror: [m[Kâ€˜[01m[KjoystickButtonCallback[m[Kâ€™ was not declared in this scope
  137 |     auto joystickButtonSubscriber= nodeHandle->create_subscription<messages::msg::ButtonState>("joystick_button",1,[01;31m[KjoystickButtonCallback[m[K);
      |                                                                                                                    [01;31m[K^~~~~~~~~~~~~~~~~~~~~~[m[K
[01m[K/home/team/SoftwareDevelopment/ROS2/skinny/src/logic/src/logic_node.cpp:138:45:[m[K [01;31m[Kerror: [m[Kparse error in template argument list
  138 |     auto joystickHatSubscriber= nodeHandle->[01;31m[Kcreate_subscription<messages::msg::HatState>[m[K("joystick_hat",1,joystickHatCallback);
      |                                             [01;31m[K^~~~~~~~~~~~~~~~~~~~~~~~~~~~~~~~~~~~~~~~~~~~[m[K
[01m[K/home/team/SoftwareDevelopment/ROS2/skinny/src/logic/src/logic_node.cpp:138:107:[m[K [01;31m[Kerror: [m[Kâ€˜[01m[KjoystickHatCallback[m[Kâ€™ was not declared in this scope
  138 |     auto joystickHatSubscriber= nodeHandle->create_subscription<messages::msg::HatState>("joystick_hat",1,[01;31m[KjoystickHatCallback[m[K);
      |                                                                                                           [01;31m[K^~~~~~~~~~~~~~~~~~~[m[K
[01m[K/home/team/SoftwareDevelopment/ROS2/skinny/src/logic/src/logic_node.cpp:141:5:[m[K [01;31m[Kerror: [m[Kâ€˜[01m[KdriveRightSpeedPublisher[m[Kâ€™ was not declared in this scope
  141 |     [01;31m[KdriveRightSpeedPublisher[m[K= nodeHandle->create_publisher<std_msgs::msg::Float32>("drive_right_speed",1);
      |     [01;31m[K^~~~~~~~~~~~~~~~~~~~~~~~[m[K
[01m[K/home/team/SoftwareDevelopment/ROS2/skinny/src/logic/src/logic_node.cpp:142:5:[m[K [01;31m[Kerror: [m[Kâ€˜[01m[KdriveStatePublisher[m[Kâ€™ was not declared in this scope
  142 |     [01;31m[KdriveStatePublisher[m[K= nodeHandle->create_publisher<std_msgs::msg::Bool>("drive_state",1);
      |     [01;31m[K^~~~~~~~~~~~~~~~~~~[m[K
[01m[K/home/team/SoftwareDevelopment/ROS2/skinny/src/logic/src/logic_node.cpp:145:12:[m[K [01;35m[Kwarning: [m[Kunused variable â€˜[01m[Kincrement[m[Kâ€™ [[01;35m[K-Wunused-variable[m[K]
  145 |     double [01;35m[Kincrement[m[K=.01;
      |            [01;35m[K^~~~~~~~~[m[K
[01m[K/home/team/SoftwareDevelopment/ROS2/skinny/src/logic/src/logic_node.cpp:146:12:[m[K [01;35m[Kwarning: [m[Kunused variable â€˜[01m[KjoystickXPrevious[m[Kâ€™ [[01;35m[K-Wunused-variable[m[K]
  146 |     double [01;35m[KjoystickXPrevious[m[K=0;
      |            [01;35m[K^~~~~~~~~~~~~~~~~[m[K
make[2]: *** [CMakeFiles/logic_node.dir/build.make:63: CMakeFiles/logic_node.dir/src/logic_node.cpp.o] Error 1
make[1]: *** [CMakeFiles/Makefile2:78: CMakeFiles/logic_node.dir/all] Error 2
make: *** [Makefile:141: all] Error 2
