[0.123s] Invoking command in '/home/team/SoftwareDevelopment/ROS2/skinny/build/logic': AMENT_PREFIX_PATH=/home/team/SoftwareDevelopment/ROS2/skinny/install/messages:${AMENT_PREFIX_PATH} CMAKE_PREFIX_PATH=/home/team/SoftwareDevelopment/ROS2/skinny/install/messages:${CMAKE_PREFIX_PATH} LD_LIBRARY_PATH=/home/team/SoftwareDevelopment/ROS2/skinny/install/messages/lib:${LD_LIBRARY_PATH} PYTHONPATH=/home/team/SoftwareDevelopment/ROS2/skinny/install/messages/lib/python3.8/site-packages:${PYTHONPATH} /usr/bin/cmake --build /home/team/SoftwareDevelopment/ROS2/skinny/build/logic -- -j4 -l4
[0.309s] [35m[1mScanning dependencies of target logic_node[0m
[0.440s] [ 50%] [32mBuilding CXX object CMakeFiles/logic_node.dir/src/logic_node.cpp.o[0m
[5.742s] [01m[K/home/team/SoftwareDevelopment/ROS2/skinny/src/logic/src/logic_node.cpp:22:1:[m[K [01;31m[Kerror: [m[Kdeclaration of â€˜[01m[Kauto driveLeftSpeedPublisher[m[Kâ€™ has no initializer
[5.742s]    22 | [01;31m[Kauto[m[K driveLeftSpeedPublisher;
[5.742s]       | [01;31m[K^~~~[m[K
[5.745s] [01m[K/home/team/SoftwareDevelopment/ROS2/skinny/src/logic/src/logic_node.cpp:23:1:[m[K [01;31m[Kerror: [m[Kâ€˜[01m[Kros[m[Kâ€™ does not name a type; did you mean â€˜[01m[Kcos[m[Kâ€™?
[5.745s]    23 | [01;31m[Kros[m[K::Publisher driveRightSpeedPublisher;
[5.746s]       | [01;31m[K^~~[m[K
[5.746s]       | [32m[Kcos[m[K
[5.748s] [01m[K/home/team/SoftwareDevelopment/ROS2/skinny/src/logic/src/logic_node.cpp:24:1:[m[K [01;31m[Kerror: [m[Kâ€˜[01m[Kros[m[Kâ€™ does not name a type; did you mean â€˜[01m[Kcos[m[Kâ€™?
[5.749s]    24 | [01;31m[Kros[m[K::Publisher driveStatePublisher;
[5.749s]       | [01;31m[K^~~[m[K
[5.750s]       | [32m[Kcos[m[K
[5.751s] [01m[K/home/team/SoftwareDevelopment/ROS2/skinny/src/logic/src/logic_node.cpp:[m[K In function â€˜[01m[Kvoid updateSpeed()[m[Kâ€™:
[5.751s] [01m[K/home/team/SoftwareDevelopment/ROS2/skinny/src/logic/src/logic_node.cpp:29:15:[m[K [01;31m[Kerror: [m[Kâ€˜[01m[KFloat32[m[Kâ€™ is not a member of â€˜[01m[Kstd_msgs[m[Kâ€™; did you mean â€˜[01m[Kstd_msgs::msg::Float32[m[Kâ€™?
[5.751s]    29 |     std_msgs::[01;31m[KFloat32[m[K speedLeft;
[5.752s]       |               [01;31m[K^~~~~~~[m[K
[5.752s] In file included from [01m[K/opt/ros/foxy/include/std_msgs/msg/float32.hpp:7[m[K,
[5.753s]                  from [01m[K/home/team/SoftwareDevelopment/ROS2/skinny/src/logic/src/logic_node.cpp:5[m[K:
[5.753s] [01m[K/opt/ros/foxy/include/std_msgs/msg/detail/float32__struct.hpp:121:7:[m[K [01;36m[Knote: [m[Kâ€˜[01m[Kstd_msgs::msg::Float32[m[Kâ€™ declared here
[5.753s]   121 | using [01;36m[KFloat32[m[K =
[5.754s]       |       [01;36m[K^~~~~~~[m[K
[5.754s] [01m[K/home/team/SoftwareDevelopment/ROS2/skinny/src/logic/src/logic_node.cpp:30:15:[m[K [01;31m[Kerror: [m[Kâ€˜[01m[KFloat32[m[Kâ€™ is not a member of â€˜[01m[Kstd_msgs[m[Kâ€™; did you mean â€˜[01m[Kstd_msgs::msg::Float32[m[Kâ€™?
[5.754s]    30 |     std_msgs::[01;31m[KFloat32[m[K speedRight;
[5.755s]       |               [01;31m[K^~~~~~~[m[K
[5.755s] In file included from [01m[K/opt/ros/foxy/include/std_msgs/msg/float32.hpp:7[m[K,
[5.756s]                  from [01m[K/home/team/SoftwareDevelopment/ROS2/skinny/src/logic/src/logic_node.cpp:5[m[K:
[5.756s] [01m[K/opt/ros/foxy/include/std_msgs/msg/detail/float32__struct.hpp:121:7:[m[K [01;36m[Knote: [m[Kâ€˜[01m[Kstd_msgs::msg::Float32[m[Kâ€™ declared here
[5.756s]   121 | using [01;36m[KFloat32[m[K =
[5.757s]       |       [01;36m[K^~~~~~~[m[K
[5.758s] [01m[K/home/team/SoftwareDevelopment/ROS2/skinny/src/logic/src/logic_node.cpp:39:5:[m[K [01;31m[Kerror: [m[Kâ€˜[01m[KspeedLeft[m[Kâ€™ was not declared in this scope
[5.758s]    39 |     [01;31m[KspeedLeft[m[K.data = (joystick1Pitch + joystick1Roll);
[5.759s]       |     [01;31m[K^~~~~~~~~[m[K
[5.765s] [01m[K/home/team/SoftwareDevelopment/ROS2/skinny/src/logic/src/logic_node.cpp:40:5:[m[K [01;31m[Kerror: [m[Kâ€˜[01m[KspeedRight[m[Kâ€™ was not declared in this scope
[5.766s]    40 |     [01;31m[KspeedRight[m[K.data = (joystick1Pitch - joystick1Roll);
[5.766s]       |     [01;31m[K^~~~~~~~~~[m[K
[5.780s] [01m[K/home/team/SoftwareDevelopment/ROS2/skinny/src/logic/src/logic_node.cpp:50:9:[m[K [01;31m[Kerror: [m[Kâ€˜[01m[KdriveRightSpeedPublisher[m[Kâ€™ was not declared in this scope
[5.781s]    50 |         [01;31m[KdriveRightSpeedPublisher[m[K.publish(speedRight);
[5.781s]       |         [01;31m[K^~~~~~~~~~~~~~~~~~~~~~~~[m[K
[5.793s] [01m[K/home/team/SoftwareDevelopment/ROS2/skinny/src/logic/src/logic_node.cpp:55:9:[m[K [01;31m[Kerror: [m[Kâ€˜[01m[KdriveRightSpeedPublisher[m[Kâ€™ was not declared in this scope
[5.794s]    55 |         [01;31m[KdriveRightSpeedPublisher[m[K.publish(speedRight);
[5.794s]       |         [01;31m[K^~~~~~~~~~~~~~~~~~~~~~~~[m[K
[5.799s] [01m[K/home/team/SoftwareDevelopment/ROS2/skinny/src/logic/src/logic_node.cpp:[m[K At global scope:
[5.799s] [01m[K/home/team/SoftwareDevelopment/ROS2/skinny/src/logic/src/logic_node.cpp:60:33:[m[K [01;31m[Kerror: [m[Kâ€˜[01m[Kmessages[m[Kâ€™ does not name a type
[5.800s]    60 | void joystickAxisCallback(const [01;31m[Kmessages[m[K::msg::AxisState& axisState){
[5.800s]       |                                 [01;31m[K^~~~~~~~[m[K
[5.800s] [01m[K/home/team/SoftwareDevelopment/ROS2/skinny/src/logic/src/logic_node.cpp:60:46:[m[K [01;31m[Kerror: [m[Kexpected unqualified-id before â€˜[01m[K::[m[Kâ€™ token
[5.801s]    60 | void joystickAxisCallback(const messages::msg[01;31m[K::[m[KAxisState& axisState){
[5.801s]       |                                              [01;31m[K^~[m[K
[5.802s] [01m[K/home/team/SoftwareDevelopment/ROS2/skinny/src/logic/src/logic_node.cpp:60:46:[m[K [01;31m[Kerror: [m[Kexpected â€˜[01m[K)[m[Kâ€™ before â€˜[01m[K::[m[Kâ€™ token
[5.802s]    60 | void joystickAxisCallback[34m[K([m[Kconst messages::msg[01;31m[K:[m[K[32m[K:[m[KAxisState& axisState){
[5.802s]       |                          [34m[K~[m[K                   [01;31m[K^[m[K[32m[K~[m[K
[5.803s]       |                                              [32m[K)[m[K
[5.803s] [01m[K/home/team/SoftwareDevelopment/ROS2/skinny/src/logic/src/logic_node.cpp:60:46:[m[K [01;31m[Kerror: [m[Kexpected initializer before â€˜[01m[K::[m[Kâ€™ token
[5.804s]    60 | void joystickAxisCallback(const messages::msg[01;31m[K::[m[KAxisState& axisState){
[5.804s]       |                                              [01;31m[K^~[m[K
[5.805s] [01m[K/home/team/SoftwareDevelopment/ROS2/skinny/src/logic/src/logic_node.cpp:75:35:[m[K [01;31m[Kerror: [m[Kâ€˜[01m[Kmessages[m[Kâ€™ does not name a type
[5.805s]    75 | void joystickButtonCallback(const [01;31m[Kmessages[m[K::msg::ButtonState& buttonState){
[5.805s]       |                                   [01;31m[K^~~~~~~~[m[K
[5.806s] [01m[K/home/team/SoftwareDevelopment/ROS2/skinny/src/logic/src/logic_node.cpp:75:48:[m[K [01;31m[Kerror: [m[Kexpected unqualified-id before â€˜[01m[K::[m[Kâ€™ token
[5.806s]    75 | void joystickButtonCallback(const messages::msg[01;31m[K::[m[KButtonState& buttonState){
[5.807s]       |                                                [01;31m[K^~[m[K
[5.807s] [01m[K/home/team/SoftwareDevelopment/ROS2/skinny/src/logic/src/logic_node.cpp:75:48:[m[K [01;31m[Kerror: [m[Kexpected â€˜[01m[K)[m[Kâ€™ before â€˜[01m[K::[m[Kâ€™ token
[5.807s]    75 | void joystickButtonCallback[34m[K([m[Kconst messages::msg[01;31m[K:[m[K[32m[K:[m[KButtonState& buttonState){
[5.808s]       |                            [34m[K~[m[K                   [01;31m[K^[m[K[32m[K~[m[K
[5.808s]       |                                                [32m[K)[m[K
[5.808s] [01m[K/home/team/SoftwareDevelopment/ROS2/skinny/src/logic/src/logic_node.cpp:75:48:[m[K [01;31m[Kerror: [m[Kexpected initializer before â€˜[01m[K::[m[Kâ€™ token
[5.809s]    75 | void joystickButtonCallback(const messages::msg[01;31m[K::[m[KButtonState& buttonState){
[5.810s]       |                                                [01;31m[K^~[m[K
[5.810s] [01m[K/home/team/SoftwareDevelopment/ROS2/skinny/src/logic/src/logic_node.cpp:128:32:[m[K [01;31m[Kerror: [m[Kâ€˜[01m[Kmessages[m[Kâ€™ does not name a type
[5.811s]   128 | void joystickHatCallback(const [01;31m[Kmessages[m[K::msg::HatState& hatState){
[5.811s]       |                                [01;31m[K^~~~~~~~[m[K
[5.811s] [01m[K/home/team/SoftwareDevelopment/ROS2/skinny/src/logic/src/logic_node.cpp:128:45:[m[K [01;31m[Kerror: [m[Kexpected unqualified-id before â€˜[01m[K::[m[Kâ€™ token
[5.812s]   128 | void joystickHatCallback(const messages::msg[01;31m[K::[m[KHatState& hatState){
[5.812s]       |                                             [01;31m[K^~[m[K
[5.813s] [01m[K/home/team/SoftwareDevelopment/ROS2/skinny/src/logic/src/logic_node.cpp:128:45:[m[K [01;31m[Kerror: [m[Kexpected â€˜[01m[K)[m[Kâ€™ before â€˜[01m[K::[m[Kâ€™ token
[5.814s]   128 | void joystickHatCallback[34m[K([m[Kconst messages::msg[01;31m[K:[m[K[32m[K:[m[KHatState& hatState){
[5.814s]       |                         [34m[K~[m[K                   [01;31m[K^[m[K[32m[K~[m[K
[5.815s]       |                                             [32m[K)[m[K
[5.815s] [01m[K/home/team/SoftwareDevelopment/ROS2/skinny/src/logic/src/logic_node.cpp:128:45:[m[K [01;31m[Kerror: [m[Kexpected initializer before â€˜[01m[K::[m[Kâ€™ token
[5.815s]   128 | void joystickHatCallback(const messages::msg[01;31m[K::[m[KHatState& hatState){
[5.815s]       |                                             [01;31m[K^~[m[K
[5.816s] [01m[K/home/team/SoftwareDevelopment/ROS2/skinny/src/logic/src/logic_node.cpp:[m[K In function â€˜[01m[Kint main(int, char**)[m[Kâ€™:
[5.816s] [01m[K/home/team/SoftwareDevelopment/ROS2/skinny/src/logic/src/logic_node.cpp:136:66:[m[K [01;31m[Kerror: [m[Kâ€˜[01m[Kmessages[m[Kâ€™ was not declared in this scope; did you mean â€˜[01m[Kstd::__cxx11::messages[m[Kâ€™?
[5.816s]   136 |     auto joystickAxisSubscriber= nodeHandle->create_subscription<[01;31m[Kmessages[m[K::msg::AxisState>("joystick_axis",1,joystickAxisCallback);
[5.817s]       |                                                                  [01;31m[K^~~~~~~~[m[K
[5.817s]       |                                                                  [32m[Kstd::__cxx11::messages[m[K
[5.817s] In file included from [01m[K/usr/include/c++/9/string:43[m[K,
[5.818s]                  from [01m[K/usr/include/c++/9/stdexcept:39[m[K,
[5.818s]                  from [01m[K/usr/include/c++/9/array:39[m[K,
[5.819s]                  from [01m[K/usr/include/c++/9/tuple:39[m[K,
[5.819s]                  from [01m[K/usr/include/c++/9/bits/unique_ptr.h:37[m[K,
[5.819s]                  from [01m[K/usr/include/c++/9/memory:80[m[K,
[5.820s]                  from [01m[K/opt/ros/foxy/include/rclcpp/rclcpp.hpp:144[m[K,
[5.820s]                  from [01m[K/home/team/SoftwareDevelopment/ROS2/skinny/src/logic/src/logic_node.cpp:3[m[K:
[5.820s] [01m[K/usr/include/c++/9/bits/localefwd.h:206:11:[m[K [01;36m[Knote: [m[Kâ€˜[01m[Kstd::__cxx11::messages[m[Kâ€™ declared here
[5.821s]   206 |     class [01;36m[Kmessages[m[K;
[5.821s]       |           [01;36m[K^~~~~~~~[m[K
[5.822s] [01m[K/home/team/SoftwareDevelopment/ROS2/skinny/src/logic/src/logic_node.cpp:136:46:[m[K [01;31m[Kerror: [m[Kparse error in template argument list
[5.822s]   136 |     auto joystickAxisSubscriber= nodeHandle->[01;31m[Kcreate_subscription<messages::msg::AxisState>[m[K("joystick_axis",1,joystickAxisCallback);
[5.822s]       |                                              [01;31m[K^~~~~~~~~~~~~~~~~~~~~~~~~~~~~~~~~~~~~~~~~~~~~[m[K
[5.824s] [01m[K/home/team/SoftwareDevelopment/ROS2/skinny/src/logic/src/logic_node.cpp:136:110:[m[K [01;31m[Kerror: [m[Kâ€˜[01m[KjoystickAxisCallback[m[Kâ€™ was not declared in this scope
[5.825s]   136 |     auto joystickAxisSubscriber= nodeHandle->create_subscription<messages::msg::AxisState>("joystick_axis",1,[01;31m[KjoystickAxisCallback[m[K);
[5.825s]       |                                                                                                              [01;31m[K^~~~~~~~~~~~~~~~~~~~[m[K
[5.825s] [01m[K/home/team/SoftwareDevelopment/ROS2/skinny/src/logic/src/logic_node.cpp:137:48:[m[K [01;31m[Kerror: [m[Kparse error in template argument list
[5.826s]   137 |     auto joystickButtonSubscriber= nodeHandle->[01;31m[Kcreate_subscription<messages::msg::ButtonState>[m[K("joystick_button",1,joystickButtonCallback);
[5.826s]       |                                                [01;31m[K^~~~~~~~~~~~~~~~~~~~~~~~~~~~~~~~~~~~~~~~~~~~~~~[m[K
[5.837s] [01m[K/home/team/SoftwareDevelopment/ROS2/skinny/src/logic/src/logic_node.cpp:137:116:[m[K [01;31m[Kerror: [m[Kâ€˜[01m[KjoystickButtonCallback[m[Kâ€™ was not declared in this scope
[5.837s]   137 |     auto joystickButtonSubscriber= nodeHandle->create_subscription<messages::msg::ButtonState>("joystick_button",1,[01;31m[KjoystickButtonCallback[m[K);
[5.837s]       |                                                                                                                    [01;31m[K^~~~~~~~~~~~~~~~~~~~~~[m[K
[5.838s] [01m[K/home/team/SoftwareDevelopment/ROS2/skinny/src/logic/src/logic_node.cpp:138:45:[m[K [01;31m[Kerror: [m[Kparse error in template argument list
[5.838s]   138 |     auto joystickHatSubscriber= nodeHandle->[01;31m[Kcreate_subscription<messages::msg::HatState>[m[K("joystick_hat",1,joystickHatCallback);
[5.838s]       |                                             [01;31m[K^~~~~~~~~~~~~~~~~~~~~~~~~~~~~~~~~~~~~~~~~~~~[m[K
[5.846s] [01m[K/home/team/SoftwareDevelopment/ROS2/skinny/src/logic/src/logic_node.cpp:138:107:[m[K [01;31m[Kerror: [m[Kâ€˜[01m[KjoystickHatCallback[m[Kâ€™ was not declared in this scope
[5.847s]   138 |     auto joystickHatSubscriber= nodeHandle->create_subscription<messages::msg::HatState>("joystick_hat",1,[01;31m[KjoystickHatCallback[m[K);
[5.847s]       |                                                                                                           [01;31m[K^~~~~~~~~~~~~~~~~~~[m[K
[5.873s] [01m[K/home/team/SoftwareDevelopment/ROS2/skinny/src/logic/src/logic_node.cpp:141:5:[m[K [01;31m[Kerror: [m[Kâ€˜[01m[KdriveRightSpeedPublisher[m[Kâ€™ was not declared in this scope
[5.873s]   141 |     [01;31m[KdriveRightSpeedPublisher[m[K= nodeHandle->create_publisher<std_msgs::msg::Float32>("drive_right_speed",1);
[5.874s]       |     [01;31m[K^~~~~~~~~~~~~~~~~~~~~~~~[m[K
[5.884s] [01m[K/home/team/SoftwareDevelopment/ROS2/skinny/src/logic/src/logic_node.cpp:142:5:[m[K [01;31m[Kerror: [m[Kâ€˜[01m[KdriveStatePublisher[m[Kâ€™ was not declared in this scope
[5.884s]   142 |     [01;31m[KdriveStatePublisher[m[K= nodeHandle->create_publisher<std_msgs::msg::Bool>("drive_state",1);
[5.884s]       |     [01;31m[K^~~~~~~~~~~~~~~~~~~[m[K
[5.899s] [01m[K/home/team/SoftwareDevelopment/ROS2/skinny/src/logic/src/logic_node.cpp:145:12:[m[K [01;35m[Kwarning: [m[Kunused variable â€˜[01m[Kincrement[m[Kâ€™ [[01;35m[K-Wunused-variable[m[K]
[5.900s]   145 |     double [01;35m[Kincrement[m[K=.01;
[5.900s]       |            [01;35m[K^~~~~~~~~[m[K
[5.901s] [01m[K/home/team/SoftwareDevelopment/ROS2/skinny/src/logic/src/logic_node.cpp:146:12:[m[K [01;35m[Kwarning: [m[Kunused variable â€˜[01m[KjoystickXPrevious[m[Kâ€™ [[01;35m[K-Wunused-variable[m[K]
[5.901s]   146 |     double [01;35m[KjoystickXPrevious[m[K=0;
[5.902s]       |            [01;35m[K^~~~~~~~~~~~~~~~~[m[K
[9.500s] make[2]: *** [CMakeFiles/logic_node.dir/build.make:63: CMakeFiles/logic_node.dir/src/logic_node.cpp.o] Error 1
[9.506s] make[1]: *** [CMakeFiles/Makefile2:78: CMakeFiles/logic_node.dir/all] Error 2
[9.508s] make: *** [Makefile:141: all] Error 2
[9.520s] Invoked command in '/home/team/SoftwareDevelopment/ROS2/skinny/build/logic' returned '2': AMENT_PREFIX_PATH=/home/team/SoftwareDevelopment/ROS2/skinny/install/messages:${AMENT_PREFIX_PATH} CMAKE_PREFIX_PATH=/home/team/SoftwareDevelopment/ROS2/skinny/install/messages:${CMAKE_PREFIX_PATH} LD_LIBRARY_PATH=/home/team/SoftwareDevelopment/ROS2/skinny/install/messages/lib:${LD_LIBRARY_PATH} PYTHONPATH=/home/team/SoftwareDevelopment/ROS2/skinny/install/messages/lib/python3.8/site-packages:${PYTHONPATH} /usr/bin/cmake --build /home/team/SoftwareDevelopment/ROS2/skinny/build/logic -- -j4 -l4
