[0.126s] Invoking command in '/home/team/SoftwareDevelopment/ROS2/skinny/build/zed_tracking': CMAKE_PREFIX_PATH=/home/team/SoftwareDevelopment/ROS2/skinny/install/messages:/home/team/SoftwareDevelopment/ROS2/skinny/install/talon:/home/team/SoftwareDevelopment/ROS2/skinny/install/power_distribution_panel:/home/team/SoftwareDevelopment/ROS2/skinny/install/logic:/home/team/SoftwareDevelopment/ROS2/skinny/install/communication:/home/team/SoftwareDevelopment/ROS2/skinny/install/excavation:/opt/ros/eloquent /usr/bin/cmake --build /home/team/SoftwareDevelopment/ROS2/skinny/build/zed_tracking -- -j4 -l4
[0.284s] [35m[1mScanning dependencies of target zed_tracking_node[0m
[0.398s] [ 33%] [32mBuilding CXX object CMakeFiles/zed_tracking_node.dir/src/zed_tracking_node.cpp.o[0m
[0.771s] In file included from [01m[K/home/team/SoftwareDevelopment/ROS2/skinny/src/zed_tracking/src/zed_tracking_node.cpp:4:0[m[K:
[0.771s] [01m[K/usr/local/zed/include/sl/Camera.hpp:94:2:[m[K [01;35m[Kwarning: [m[K#warning ("'Debug' builds are not supported since this library was built in 'Release', 'RelWithDebInfo' should be preferred to avoid crashes and memory issues") [[01;35m[K-Wcpp[m[K]
[0.772s]  #[01;35m[Kwarning[m[K("'Debug' builds are not supported since this library was built in 'Release', 'RelWithDebInfo' should be preferred to avoid crashes and memory issues")
[0.772s]   [01;35m[K^~~~~~~[m[K
[1.295s] [01m[K/home/team/SoftwareDevelopment/ROS2/skinny/src/zed_tracking/src/zed_tracking_node.cpp:10:2:[m[K [01;31m[Kerror: [m[Kinvalid preprocessing directive #using
[1.296s]  #[01;31m[Kusing[m[K namespace sl;
[1.296s] 
[1.297s]   [01;31m[K^~~~~[m[K
[1.297s] [01m[K/home/team/SoftwareDevelopment/ROS2/skinny/src/zed_tracking/src/zed_tracking_node.cpp:11:2:[m[K [01;31m[Kerror: [m[Kinvalid preprocessing directive #using
[1.298s]  #[01;31m[Kusing[m[K namespace std;
[1.298s] 
[1.299s]   [01;31m[K^~~~~[m[K
[8.493s] [01m[K/home/team/SoftwareDevelopment/ROS2/skinny/src/zed_tracking/src/zed_tracking_node.cpp:[m[K In function â€˜[01m[Kint main(int, char**)[m[Kâ€™:
[8.494s] [01m[K/home/team/SoftwareDevelopment/ROS2/skinny/src/zed_tracking/src/zed_tracking_node.cpp:23:5:[m[K [01;31m[Kerror: [m[Kâ€˜[01m[KCamera[m[Kâ€™ was not declared in this scope
[8.495s]      [01;31m[KCamera[m[K zed;
[8.496s] 
[8.496s]      [01;31m[K^~~~~~[m[K
[8.497s] [01m[K/home/team/SoftwareDevelopment/ROS2/skinny/src/zed_tracking/src/zed_tracking_node.cpp:23:5:[m[K [01;36m[Knote: [m[Ksuggested alternative:
[8.497s] In file included from [01m[K/home/team/SoftwareDevelopment/ROS2/skinny/src/zed_tracking/src/zed_tracking_node.cpp:4:0[m[K:
[8.498s] [01m[K/usr/local/zed/include/sl/Camera.hpp:6418:57:[m[K [01;36m[Knote: [m[K  â€˜[01m[Ksl::Camera[m[Kâ€™
[8.498s]      class /*@cond SHOWHIDDEN*/SL_SDK_EXPORT/*@endcond*/ [01;36m[KCamera[m[K {
[8.499s]                                                          [01;36m[K^~~~~~[m[K
[8.499s] [01m[K/home/team/SoftwareDevelopment/ROS2/skinny/src/zed_tracking/src/zed_tracking_node.cpp:26:5:[m[K [01;31m[Kerror: [m[Kâ€˜[01m[KInitParameters[m[Kâ€™ was not declared in this scope
[8.500s]      [01;31m[KInitParameters[m[K init_params;
[8.500s] 
[8.501s]      [01;31m[K^~~~~~~~~~~~~~[m[K
[8.501s] [01m[K/home/team/SoftwareDevelopment/ROS2/skinny/src/zed_tracking/src/zed_tracking_node.cpp:26:5:[m[K [01;36m[Knote: [m[Ksuggested alternative:
[8.502s] In file included from [01m[K/home/team/SoftwareDevelopment/ROS2/skinny/src/zed_tracking/src/zed_tracking_node.cpp:4:0[m[K:
[8.502s] [01m[K/usr/local/zed/include/sl/Camera.hpp:5448:58:[m[K [01;36m[Knote: [m[K  â€˜[01m[Ksl::InitParameters[m[Kâ€™
[8.503s]      struct /*@cond SHOWHIDDEN*/SL_SDK_EXPORT/*@endcond*/ [01;36m[KInitParameters[m[K {
[8.503s]                                                           [01;36m[K^~~~~~~~~~~~~~[m[K
[8.504s] [01m[K/home/team/SoftwareDevelopment/ROS2/skinny/src/zed_tracking/src/zed_tracking_node.cpp:28:5:[m[K [01;31m[Kerror: [m[Kâ€˜[01m[Kinit_params[m[Kâ€™ was not declared in this scope
[8.504s]      [01;31m[Kinit_params[m[K.camera_resolution = RESOLUTION::VGA;
[8.505s] 
[8.505s]      [01;31m[K^~~~~~~~~~~[m[K
[8.510s] [01m[K/home/team/SoftwareDevelopment/ROS2/skinny/src/zed_tracking/src/zed_tracking_node.cpp:28:5:[m[K [01;36m[Knote: [m[Ksuggested alternative: â€˜[01m[Krcl_params_t[m[Kâ€™
[8.511s]      [01;36m[Kinit_params[m[K.camera_resolution = RESOLUTION::VGA;
[8.512s] 
[8.513s]      [01;36m[K^~~~~~~~~~~[m[K
[8.514s]      [32m[Krcl_params_t[m[K
[8.514s] [01m[K/home/team/SoftwareDevelopment/ROS2/skinny/src/zed_tracking/src/zed_tracking_node.cpp:28:37:[m[K [01;31m[Kerror: [m[Kâ€˜[01m[KRESOLUTION[m[Kâ€™ has not been declared
[8.516s]      init_params.camera_resolution = [01;31m[KRESOLUTION[m[K::VGA;
[8.517s] 
[8.517s]                                      [01;31m[K^~~~~~~~~~[m[K
[8.518s] [01m[K/home/team/SoftwareDevelopment/ROS2/skinny/src/zed_tracking/src/zed_tracking_node.cpp:29:36:[m[K [01;31m[Kerror: [m[Kâ€˜[01m[KUNIT[m[Kâ€™ has not been declared
[8.519s]      init_params.coordinate_units = [01;31m[KUNIT[m[K::METER;
[8.519s] 
[8.520s]                                     [01;31m[K^~~~[m[K
[8.521s] [01m[K/home/team/SoftwareDevelopment/ROS2/skinny/src/zed_tracking/src/zed_tracking_node.cpp:30:37:[m[K [01;31m[Kerror: [m[Kâ€˜[01m[KCOORDINATE_SYSTEM[m[Kâ€™ has not been declared
[8.522s]      init_params.coordinate_system = [01;31m[KCOORDINATE_SYSTEM[m[K::RIGHT_HANDED_Y_UP;
[8.522s] 
[8.523s]                                      [01;31m[K^~~~~~~~~~~~~~~~~[m[K
[8.524s] [01m[K/home/team/SoftwareDevelopment/ROS2/skinny/src/zed_tracking/src/zed_tracking_node.cpp:41:5:[m[K [01;31m[Kerror: [m[Kâ€˜[01m[KERROR_CODE[m[Kâ€™ was not declared in this scope
[8.524s]      [01;31m[KERROR_CODE[m[K err = zed.open(init_params);
[8.525s] 
[8.526s]      [01;31m[K^~~~~~~~~~[m[K
[8.527s] [01m[K/home/team/SoftwareDevelopment/ROS2/skinny/src/zed_tracking/src/zed_tracking_node.cpp:41:5:[m[K [01;36m[Knote: [m[Ksuggested alternative:
[8.528s] In file included from [01m[K/home/team/SoftwareDevelopment/ROS2/skinny/src/zed_tracking/src/zed_tracking_node.cpp:4:0[m[K:
[8.528s] [01m[K/usr/local/zed/include/sl/Camera.hpp:365:16:[m[K [01;36m[Knote: [m[K  â€˜[01m[Ksl::ERROR_CODE[m[Kâ€™
[8.529s]      enum class [01;36m[KERROR_CODE[m[K {
[8.530s]                 [01;36m[K^~~~~~~~~~[m[K
[8.530s] [01m[K/home/team/SoftwareDevelopment/ROS2/skinny/src/zed_tracking/src/zed_tracking_node.cpp:42:9:[m[K [01;31m[Kerror: [m[Kâ€˜[01m[Kerr[m[Kâ€™ was not declared in this scope
[8.531s]      if ([01;31m[Kerr[m[K != ERROR_CODE::SUCCESS) {
[8.531s] 
[8.532s]          [01;31m[K^~~[m[K
[8.532s] [01m[K/home/team/SoftwareDevelopment/ROS2/skinny/src/zed_tracking/src/zed_tracking_node.cpp:42:9:[m[K [01;36m[Knote: [m[Ksuggested alternative: â€˜[01m[Kerf[m[Kâ€™
[8.533s]      if ([01;36m[Kerr[m[K != ERROR_CODE::SUCCESS) {
[8.533s] 
[8.534s]          [01;36m[K^~~[m[K
[8.535s]          [32m[Kerf[m[K
[8.535s] [01m[K/home/team/SoftwareDevelopment/ROS2/skinny/src/zed_tracking/src/zed_tracking_node.cpp:42:16:[m[K [01;31m[Kerror: [m[Kâ€˜[01m[KERROR_CODE[m[Kâ€™ is not a class, namespace, or enumeration
[8.536s]      if (err != [01;31m[KERROR_CODE[m[K::SUCCESS) {
[8.537s] 
[8.538s]                 [01;31m[K^~~~~~~~~~[m[K
[8.539s] [01m[K/home/team/SoftwareDevelopment/ROS2/skinny/src/zed_tracking/src/zed_tracking_node.cpp:43:9:[m[K [01;31m[Kerror: [m[Kâ€˜[01m[Kcout[m[Kâ€™ was not declared in this scope
[8.539s]          [01;31m[Kcout[m[K << "Error, unable to open ZED camera: " << err << "\n";
[8.542s] 
[8.542s]          [01;31m[K^~~~[m[K
[8.543s] [01m[K/home/team/SoftwareDevelopment/ROS2/skinny/src/zed_tracking/src/zed_tracking_node.cpp:43:9:[m[K [01;36m[Knote: [m[Ksuggested alternative:
[8.543s] In file included from [01m[K/opt/ros/eloquent/include/rclcpp/executor.hpp:22:0[m[K,
[8.544s]                  from [01m[K/opt/ros/eloquent/include/rclcpp/executors/multi_threaded_executor.hpp:25[m[K,
[8.545s]                  from [01m[K/opt/ros/eloquent/include/rclcpp/executors.hpp:21[m[K,
[8.545s]                  from [01m[K/opt/ros/eloquent/include/rclcpp/rclcpp.hpp:145[m[K,
[8.546s]                  from [01m[K/home/team/SoftwareDevelopment/ROS2/skinny/src/zed_tracking/src/zed_tracking_node.cpp:2[m[K:
[8.547s] [01m[K/usr/include/c++/7/iostream:61:18:[m[K [01;36m[Knote: [m[K  â€˜[01m[Kstd::cout[m[Kâ€™
[8.547s]    extern ostream [01;36m[Kcout[m[K;  /// Linked to standard output
[8.548s]                   [01;36m[K^~~~[m[K
[8.549s] [01m[K/home/team/SoftwareDevelopment/ROS2/skinny/src/zed_tracking/src/zed_tracking_node.cpp:44:9:[m[K [01;31m[Kerror: [m[Kâ€˜[01m[Kzed[m[Kâ€™ was not declared in this scope
[8.549s]          [01;31m[Kzed[m[K.close();
[8.550s] 
[8.551s]          [01;31m[K^~~[m[K
[8.551s] [01m[K/home/team/SoftwareDevelopment/ROS2/skinny/src/zed_tracking/src/zed_tracking_node.cpp:44:9:[m[K [01;36m[Knote: [m[Ksuggested alternative: â€˜[01m[KzedZ[m[Kâ€™
[8.552s]          [01;36m[Kzed[m[K.close();
[8.552s] 
[8.554s]          [01;36m[K^~~[m[K
[8.554s]          [32m[KzedZ[m[K
[8.555s] [01m[K/home/team/SoftwareDevelopment/ROS2/skinny/src/zed_tracking/src/zed_tracking_node.cpp:48:23:[m[K [01;31m[Kerror: [m[Kâ€˜[01m[Kzed[m[Kâ€™ was not declared in this scope
[8.555s]      auto cameraInfo = [01;31m[Kzed[m[K.getCameraInformation();
[8.556s] 
[8.556s]                        [01;31m[K^~~[m[K
[8.557s] [01m[K/home/team/SoftwareDevelopment/ROS2/skinny/src/zed_tracking/src/zed_tracking_node.cpp:48:23:[m[K [01;36m[Knote: [m[Ksuggested alternative: â€˜[01m[KzedZ[m[Kâ€™
[8.557s]      auto cameraInfo = [01;36m[Kzed[m[K.getCameraInformation();
[8.558s] 
[8.559s]                        [01;36m[K^~~[m[K
[8.559s]                        [32m[KzedZ[m[K
[8.560s] [01m[K/home/team/SoftwareDevelopment/ROS2/skinny/src/zed_tracking/src/zed_tracking_node.cpp:49:5:[m[K [01;31m[Kerror: [m[Kâ€˜[01m[KResolution[m[Kâ€™ was not declared in this scope
[8.560s]      [01;31m[KResolution[m[K image_size = cameraInfo.camera_resolution;
[8.561s] 
[8.562s]      [01;31m[K^~~~~~~~~~[m[K
[8.563s] [01m[K/home/team/SoftwareDevelopment/ROS2/skinny/src/zed_tracking/src/zed_tracking_node.cpp:49:5:[m[K [01;36m[Knote: [m[Ksuggested alternative:
[8.564s] In file included from [01m[K/home/team/SoftwareDevelopment/ROS2/skinny/src/zed_tracking/src/zed_tracking_node.cpp:4:0[m[K:
[8.564s] [01m[K/usr/local/zed/include/sl/Camera.hpp:185:12:[m[K [01;36m[Knote: [m[K  â€˜[01m[Ksl::Resolution[m[Kâ€™
[8.565s]      struct [01;36m[KResolution[m[K {
[8.565s]             [01;36m[K^~~~~~~~~~[m[K
[8.566s] [01m[K/home/team/SoftwareDevelopment/ROS2/skinny/src/zed_tracking/src/zed_tracking_node.cpp:50:5:[m[K [01;31m[Kerror: [m[Kâ€˜[01m[KMat[m[Kâ€™ was not declared in this scope
[8.566s]      [01;31m[KMat[m[K image_zed(image_size, MAT_TYPE::U8_C4);
[8.567s] 
[8.567s]      [01;31m[K^~~[m[K
[8.567s] [01m[K/home/team/SoftwareDevelopment/ROS2/skinny/src/zed_tracking/src/zed_tracking_node.cpp:50:5:[m[K [01;36m[Knote: [m[Ksuggested alternatives:
[8.568s] In file included from [01m[K/home/team/SoftwareDevelopment/ROS2/skinny/src/zed_tracking/src/zed_tracking_node.cpp:4:0[m[K:
[8.568s] [01m[K/usr/local/zed/include/sl/Camera.hpp:2212:58:[m[K [01;36m[Knote: [m[K  â€˜[01m[Ksl::Mat[m[Kâ€™
[8.569s]      class /*@cond SHOWHIDDEN*/SL_CORE_EXPORT/*@endcond*/ [01;36m[KMat[m[K {
[8.569s]                                                           [01;36m[K^~~[m[K
[8.570s] In file included from [01m[K/usr/include/opencv2/core.hpp:59:0[m[K,
[8.570s]                  from [01m[K/home/team/SoftwareDevelopment/ROS2/skinny/src/zed_tracking/include/aruco.hpp:42[m[K,
[8.571s]                  from [01m[K/home/team/SoftwareDevelopment/ROS2/skinny/src/zed_tracking/src/zed_tracking_node.cpp:5[m[K:
[8.571s] [01m[K/usr/include/opencv2/core/mat.hpp:776:18:[m[K [01;36m[Knote: [m[K  â€˜[01m[Kcv::Mat[m[Kâ€™
[8.572s]  class CV_EXPORTS [01;36m[KMat[m[K
[8.572s]                   [01;36m[K^~~[m[K
[8.573s] [01m[K/home/team/SoftwareDevelopment/ROS2/skinny/src/zed_tracking/src/zed_tracking_node.cpp:51:33:[m[K [01;31m[Kerror: [m[Kâ€˜[01m[Kimage_zed[m[Kâ€™ was not declared in this scope
[8.573s]      cv::Mat image_ocv = cv::Mat([01;31m[Kimage_zed[m[K.getHeight(), image_zed.getWidth(), CV_8UC4, image_zed.getPtr<sl::uchar1>(MEM::CPU));
[8.574s] 
[8.574s]                                  [01;31m[K^~~~~~~~~[m[K
[8.575s] [01m[K/home/team/SoftwareDevelopment/ROS2/skinny/src/zed_tracking/src/zed_tracking_node.cpp:51:33:[m[K [01;36m[Knote: [m[Ksuggested alternative: â€˜[01m[Kimage_ocv[m[Kâ€™
[8.575s]      cv::Mat image_ocv = cv::Mat([01;36m[Kimage_zed[m[K.getHeight(), image_zed.getWidth(), CV_8UC4, image_zed.getPtr<sl::uchar1>(MEM::CPU));
[8.576s] 
[8.576s]                                  [01;36m[K^~~~~~~~~[m[K
[8.577s]                                  [32m[Kimage_ocv[m[K
[8.577s] [01m[K/home/team/SoftwareDevelopment/ROS2/skinny/src/zed_tracking/src/zed_tracking_node.cpp:51:116:[m[K [01;31m[Kerror: [m[Kâ€˜[01m[KMEM[m[Kâ€™ was not declared in this scope
[8.578s]      cv::Mat image_ocv = cv::Mat(image_zed.getHeight(), image_zed.getWidth(), CV_8UC4, image_zed.getPtr<sl::uchar1>([01;31m[KMEM[m[K::CPU));
[8.578s] 
[8.579s]                                                                                                                     [01;31m[K^~~[m[K
[8.579s] [01m[K/home/team/SoftwareDevelopment/ROS2/skinny/src/zed_tracking/src/zed_tracking_node.cpp:51:116:[m[K [01;36m[Knote: [m[Ksuggested alternative:
[8.580s] In file included from [01m[K/home/team/SoftwareDevelopment/ROS2/skinny/src/zed_tracking/src/zed_tracking_node.cpp:4:0[m[K:
[8.580s] [01m[K/usr/local/zed/include/sl/Camera.hpp:2139:16:[m[K [01;36m[Knote: [m[K  â€˜[01m[Ksl::MEM[m[Kâ€™
[8.581s]      enum class [01;36m[KMEM[m[K {
[8.581s]                 [01;36m[K^~~[m[K
[8.582s] [01m[K/home/team/SoftwareDevelopment/ROS2/skinny/src/zed_tracking/src/zed_tracking_node.cpp:51:32:[m[K [01;31m[Kerror: [m[Kexpected primary-expression before â€˜[01m[K([m[Kâ€™ token
[8.582s]      cv::Mat image_ocv = cv::Mat[01;31m[K([m[Kimage_zed.getHeight(), image_zed.getWidth(), CV_8UC4, image_zed.getPtr<sl::uchar1>(MEM::CPU));
[8.583s] 
[8.583s]                                 [01;31m[K^[m[K
[8.584s] [01m[K/home/team/SoftwareDevelopment/ROS2/skinny/src/zed_tracking/src/zed_tracking_node.cpp:51:114:[m[K [01;31m[Kerror: [m[Kexpected primary-expression before â€˜[01m[K>[m[Kâ€™ token
[8.584s]      cv::Mat image_ocv = cv::Mat(image_zed.getHeight(), image_zed.getWidth(), CV_8UC4, image_zed.getPtr<sl::uchar1[01;31m[K>[m[K(MEM::CPU));
[8.585s] 
[8.586s]                                                                                                                   [01;31m[K^[m[K
[8.587s] [01m[K/home/team/SoftwareDevelopment/ROS2/skinny/src/zed_tracking/src/zed_tracking_node.cpp:51:116:[m[K [01;31m[Kerror: [m[Kâ€˜[01m[KMEM[m[Kâ€™ is not a class, namespace, or enumeration
[8.587s]      cv::Mat image_ocv = cv::Mat(image_zed.getHeight(), image_zed.getWidth(), CV_8UC4, image_zed.getPtr<sl::uchar1>([01;31m[KMEM[m[K::CPU));
[8.588s] 
[8.588s]                                                                                                                     [01;31m[K^~~[m[K
[8.589s] [01m[K/home/team/SoftwareDevelopment/ROS2/skinny/src/zed_tracking/src/zed_tracking_node.cpp:66:5:[m[K [01;31m[Kerror: [m[Kâ€˜[01m[Kcout[m[Kâ€™ was not declared in this scope
[8.589s]      [01;31m[Kcout[m[K << "Make sure the ArUco marker is a 6x6 (100), measuring " << actual_marker_size_meters * 1000 << " mm" << endl;
[8.590s] 
[8.590s]      [01;31m[K^~~~[m[K
[8.591s] [01m[K/home/team/SoftwareDevelopment/ROS2/skinny/src/zed_tracking/src/zed_tracking_node.cpp:66:5:[m[K [01;36m[Knote: [m[Ksuggested alternative:
[8.591s] In file included from [01m[K/opt/ros/eloquent/include/rclcpp/executor.hpp:22:0[m[K,
[8.593s]                  from [01m[K/opt/ros/eloquent/include/rclcpp/executors/multi_threaded_executor.hpp:25[m[K,
[8.593s]                  from [01m[K/opt/ros/eloquent/include/rclcpp/executors.hpp:21[m[K,
[8.594s]                  from [01m[K/opt/ros/eloquent/include/rclcpp/rclcpp.hpp:145[m[K,
[8.594s]                  from [01m[K/home/team/SoftwareDevelopment/ROS2/skinny/src/zed_tracking/src/zed_tracking_node.cpp:2[m[K:
[8.595s] [01m[K/usr/include/c++/7/iostream:61:18:[m[K [01;36m[Knote: [m[K  â€˜[01m[Kstd::cout[m[Kâ€™
[8.595s]    extern ostream [01;36m[Kcout[m[K;  /// Linked to standard output
[8.596s]                   [01;36m[K^~~~[m[K
[8.597s] [01m[K/home/team/SoftwareDevelopment/ROS2/skinny/src/zed_tracking/src/zed_tracking_node.cpp:66:117:[m[K [01;31m[Kerror: [m[Kâ€˜[01m[Kendl[m[Kâ€™ was not declared in this scope
[8.598s]      cout << "Make sure the ArUco marker is a 6x6 (100), measuring " << actual_marker_size_meters * 1000 << " mm" << [01;31m[Kendl[m[K;
[8.598s] 
[8.599s]                                                                                                                      [01;31m[K^~~~[m[K
[8.600s] [01m[K/home/team/SoftwareDevelopment/ROS2/skinny/src/zed_tracking/src/zed_tracking_node.cpp:66:117:[m[K [01;36m[Knote: [m[Ksuggested alternative:
[8.600s] In file included from [01m[K/usr/include/c++/7/iostream:39:0[m[K,
[8.601s]                  from [01m[K/opt/ros/eloquent/include/rclcpp/executor.hpp:22[m[K,
[8.601s]                  from [01m[K/opt/ros/eloquent/include/rclcpp/executors/multi_threaded_executor.hpp:25[m[K,
[8.602s]                  from [01m[K/opt/ros/eloquent/include/rclcpp/executors.hpp:21[m[K,
[8.603s]                  from [01m[K/opt/ros/eloquent/include/rclcpp/rclcpp.hpp:145[m[K,
[8.604s]                  from [01m[K/home/team/SoftwareDevelopment/ROS2/skinny/src/zed_tracking/src/zed_tracking_node.cpp:2[m[K:
[8.604s] [01m[K/usr/include/c++/7/ostream:590:5:[m[K [01;36m[Knote: [m[K  â€˜[01m[Kstd::endl[m[Kâ€™
[8.605s]      [01;36m[Kendl[m[K(basic_ostream<_CharT, _Traits>& __os)
[8.605s]      [01;36m[K^~~~[m[K
[8.606s] [01m[K/home/team/SoftwareDevelopment/ROS2/skinny/src/zed_tracking/src/zed_tracking_node.cpp:68:5:[m[K [01;31m[Kerror: [m[Kâ€˜[01m[KTransform[m[Kâ€™ was not declared in this scope
[8.606s]      [01;31m[KTransform[m[K pose;
[8.607s] 
[8.607s]      [01;31m[K^~~~~~~~~[m[K
[8.607s] [01m[K/home/team/SoftwareDevelopment/ROS2/skinny/src/zed_tracking/src/zed_tracking_node.cpp:68:5:[m[K [01;36m[Knote: [m[Ksuggested alternative:
[8.608s] In file included from [01m[K/home/team/SoftwareDevelopment/ROS2/skinny/src/zed_tracking/src/zed_tracking_node.cpp:4:0[m[K:
[8.608s] [01m[K/usr/local/zed/include/sl/Camera.hpp:2964:58:[m[K [01;36m[Knote: [m[K  â€˜[01m[Ksl::Transform[m[Kâ€™
[8.609s]      class /*@cond SHOWHIDDEN*/SL_CORE_EXPORT/*@endcond*/ [01;36m[KTransform[m[K : public Matrix4f {
[8.609s]                                                           [01;36m[K^~~~~~~~~[m[K
[8.610s] [01m[K/home/team/SoftwareDevelopment/ROS2/skinny/src/zed_tracking/src/zed_tracking_node.cpp:69:5:[m[K [01;31m[Kerror: [m[Kâ€˜[01m[KPose[m[Kâ€™ was not declared in this scope
[8.610s]      [01;31m[KPose[m[K zed_pose;
[8.611s] 
[8.611s]      [01;31m[K^~~~[m[K
[8.612s] [01m[K/home/team/SoftwareDevelopment/ROS2/skinny/src/zed_tracking/src/zed_tracking_node.cpp:69:5:[m[K [01;36m[Knote: [m[Ksuggested alternative:
[8.612s] In file included from [01m[K/home/team/SoftwareDevelopment/ROS2/skinny/src/zed_tracking/src/zed_tracking_node.cpp:4:0[m[K:
[8.613s] [01m[K/usr/local/zed/include/sl/Camera.hpp:3226:58:[m[K [01;36m[Knote: [m[K  â€˜[01m[Ksl::Pose[m[Kâ€™
[8.613s]      class /*@cond SHOWHIDDEN*/SL_CORE_EXPORT/*@endcond*/ [01;36m[KPose[m[K {
[8.614s]                                                           [01;36m[K^~~~[m[K
[8.614s] [01m[K/home/team/SoftwareDevelopment/ROS2/skinny/src/zed_tracking/src/zed_tracking_node.cpp:70:5:[m[K [01;31m[Kerror: [m[Kâ€˜[01m[Kvector[m[Kâ€™ was not declared in this scope
[8.615s]      [01;31m[Kvector[m[K<cv::Vec3d> rvecs, tvecs;
[8.615s] 
[8.616s]      [01;31m[K^~~~~~[m[K
[8.616s] [01m[K/home/team/SoftwareDevelopment/ROS2/skinny/src/zed_tracking/src/zed_tracking_node.cpp:70:5:[m[K [01;36m[Knote: [m[Ksuggested alternative:
[8.617s] In file included from [01m[K/usr/include/c++/7/vector:64:0[m[K,
[8.617s]                  from [01m[K/opt/ros/eloquent/include/rclcpp/executor.hpp:27[m[K,
[8.618s]                  from [01m[K/opt/ros/eloquent/include/rclcpp/executors/multi_threaded_executor.hpp:25[m[K,
[8.618s]                  from [01m[K/opt/ros/eloquent/include/rclcpp/executors.hpp:21[m[K,
[8.619s]                  from [01m[K/opt/ros/eloquent/include/rclcpp/rclcpp.hpp:145[m[K,
[8.619s]                  from [01m[K/home/team/SoftwareDevelopment/ROS2/skinny/src/zed_tracking/src/zed_tracking_node.cpp:2[m[K:
[8.620s] [01m[K/usr/include/c++/7/bits/stl_vector.h:216:11:[m[K [01;36m[Knote: [m[K  â€˜[01m[Kstd::vector[m[Kâ€™
[8.620s]      class [01;36m[Kvector[m[K : protected _Vector_base<_Tp, _Alloc>
[8.621s]            [01;36m[K^~~~~~[m[K
[8.621s] [01m[K/home/team/SoftwareDevelopment/ROS2/skinny/src/zed_tracking/src/zed_tracking_node.cpp:70:21:[m[K [01;31m[Kerror: [m[Kexpected primary-expression before â€˜[01m[K>[m[Kâ€™ token
[8.622s]      vector<cv::Vec3d[01;31m[K>[m[K rvecs, tvecs;
[8.622s] 
[8.623s]                      [01;31m[K^[m[K
[8.623s] [01m[K/home/team/SoftwareDevelopment/ROS2/skinny/src/zed_tracking/src/zed_tracking_node.cpp:70:23:[m[K [01;31m[Kerror: [m[Kâ€˜[01m[Krvecs[m[Kâ€™ was not declared in this scope
[8.624s]      vector<cv::Vec3d> [01;31m[Krvecs[m[K, tvecs;
[8.625s] 
[8.625s]                        [01;31m[K^~~~~[m[K
[8.626s] [01m[K/home/team/SoftwareDevelopment/ROS2/skinny/src/zed_tracking/src/zed_tracking_node.cpp:70:30:[m[K [01;31m[Kerror: [m[Kâ€˜[01m[Ktvecs[m[Kâ€™ was not declared in this scope
[8.626s]      vector<cv::Vec3d> rvecs, [01;31m[Ktvecs[m[K;
[8.627s] 
[8.627s]                               [01;31m[K^~~~~[m[K
[8.628s] [01m[K/home/team/SoftwareDevelopment/ROS2/skinny/src/zed_tracking/src/zed_tracking_node.cpp:71:12:[m[K [01;31m[Kerror: [m[Kexpected primary-expression before â€˜[01m[Kint[m[Kâ€™
[8.628s]      vector<[01;31m[Kint[m[K> ids;
[8.629s] 
[8.630s]             [01;31m[K^~~[m[K
[8.630s] [01m[K/home/team/SoftwareDevelopment/ROS2/skinny/src/zed_tracking/src/zed_tracking_node.cpp:72:30:[m[K [01;31m[Kerror: [m[Kexpected primary-expression before â€˜[01m[K>[m[Kâ€™ token
[8.631s]      vector<vector<cv::Point2f[01;31m[K>[m[K > corners;
[8.631s] 
[8.632s]                               [01;31m[K^[m[K
[8.632s] [01m[K/home/team/SoftwareDevelopment/ROS2/skinny/src/zed_tracking/src/zed_tracking_node.cpp:72:32:[m[K [01;31m[Kerror: [m[Kexpected primary-expression before â€˜[01m[K>[m[Kâ€™ token
[8.633s]      vector<vector<cv::Point2f> [01;31m[K>[m[K corners;
[8.634s] 
[8.634s]                                 [01;31m[K^[m[K
[8.635s] [01m[K/home/team/SoftwareDevelopment/ROS2/skinny/src/zed_tracking/src/zed_tracking_node.cpp:72:34:[m[K [01;31m[Kerror: [m[Kâ€˜[01m[Kcorners[m[Kâ€™ was not declared in this scope
[8.635s]      vector<vector<cv::Point2f> > [01;31m[Kcorners[m[K;
[8.636s] 
[8.636s]                                   [01;31m[K^~~~~~~[m[K
[8.637s] [01m[K/home/team/SoftwareDevelopment/ROS2/skinny/src/zed_tracking/src/zed_tracking_node.cpp:72:34:[m[K [01;36m[Knote: [m[Ksuggested alternative: â€˜[01m[KcvInvert[m[Kâ€™
[8.637s]      vector<vector<cv::Point2f> > [01;36m[Kcorners[m[K;
[8.638s] 
[8.638s]                                   [01;36m[K^~~~~~~[m[K
[8.639s]                                   [32m[KcvInvert[m[K
[8.639s] [01m[K/home/team/SoftwareDevelopment/ROS2/skinny/src/zed_tracking/src/zed_tracking_node.cpp:73:5:[m[K [01;31m[Kerror: [m[Kâ€˜[01m[Kstring[m[Kâ€™ was not declared in this scope
[8.640s]      [01;31m[Kstring[m[K zed_position_txt;
[8.640s] 
[8.641s]      [01;31m[K^~~~~~[m[K
[8.641s] [01m[K/home/team/SoftwareDevelopment/ROS2/skinny/src/zed_tracking/src/zed_tracking_node.cpp:73:5:[m[K [01;36m[Knote: [m[Ksuggested alternatives:
[8.642s] In file included from [01m[K/usr/include/c++/7/iosfwd:39:0[m[K,
[8.642s]                  from [01m[K/usr/include/c++/7/memory:72[m[K,
[8.643s]                  from [01m[K/opt/ros/eloquent/include/rclcpp/rclcpp.hpp:143[m[K,
[8.643s]                  from [01m[K/home/team/SoftwareDevelopment/ROS2/skinny/src/zed_tracking/src/zed_tracking_node.cpp:2[m[K:
[8.644s] [01m[K/usr/include/c++/7/bits/stringfwd.h:74:33:[m[K [01;36m[Knote: [m[K  â€˜[01m[Kstd::__cxx11::string[m[Kâ€™
[8.644s]    typedef basic_string<char>    [01;36m[Kstring[m[K;
[8.645s]                                  [01;36m[K^~~~~~[m[K
[8.645s] [01m[K/usr/include/c++/7/bits/stringfwd.h:74:33:[m[K [01;36m[Knote: [m[K  â€˜[01m[Kstd::__cxx11::string[m[Kâ€™
[8.646s] [01m[K/home/team/SoftwareDevelopment/ROS2/skinny/src/zed_tracking/src/zed_tracking_node.cpp:74:12:[m[K [01;31m[Kerror: [m[Kexpected â€˜[01m[K;[m[Kâ€™ before â€˜[01m[Kzed_rotation_txt[m[Kâ€™
[8.646s]      string [01;31m[Kzed_rotation_txt[m[K;
[8.647s] 
[8.647s]             [01;31m[K^~~~~~~~~~~~~~~~[m[K
[8.648s] [01m[K/home/team/SoftwareDevelopment/ROS2/skinny/src/zed_tracking/src/zed_tracking_node.cpp:75:12:[m[K [01;31m[Kerror: [m[Kexpected â€˜[01m[K;[m[Kâ€™ before â€˜[01m[Karuco_position_txt[m[Kâ€™
[8.648s]      string [01;31m[Karuco_position_txt[m[K;
[8.649s] 
[8.649s]             [01;31m[K^~~~~~~~~~~~~~~~~~[m[K
[8.650s] [01m[K/home/team/SoftwareDevelopment/ROS2/skinny/src/zed_tracking/src/zed_tracking_node.cpp:79:5:[m[K [01;31m[Kerror: [m[Kâ€˜[01m[KPositionalTrackingParameters[m[Kâ€™ was not declared in this scope
[8.650s]      [01;31m[KPositionalTrackingParameters[m[K tracking_params;
[8.651s] 
[8.651s]      [01;31m[K^~~~~~~~~~~~~~~~~~~~~~~~~~~~[m[K
[8.652s] [01m[K/home/team/SoftwareDevelopment/ROS2/skinny/src/zed_tracking/src/zed_tracking_node.cpp:79:5:[m[K [01;36m[Knote: [m[Ksuggested alternative:
[8.656s] In file included from [01m[K/home/team/SoftwareDevelopment/ROS2/skinny/src/zed_tracking/src/zed_tracking_node.cpp:4:0[m[K:
[8.657s] [01m[K/usr/local/zed/include/sl/Camera.hpp:5831:58:[m[K [01;36m[Knote: [m[K  â€˜[01m[Ksl::PositionalTrackingParameters[m[Kâ€™
[8.657s]      struct /*@cond SHOWHIDDEN*/SL_SDK_EXPORT/*@endcond*/ [01;36m[KPositionalTrackingParameters[m[K {
[8.658s]                                                           [01;36m[K^~~~~~~~~~~~~~~~~~~~~~~~~~~~[m[K
[8.658s] [01m[K/home/team/SoftwareDevelopment/ROS2/skinny/src/zed_tracking/src/zed_tracking_node.cpp:80:5:[m[K [01;31m[Kerror: [m[Kâ€˜[01m[Ktracking_params[m[Kâ€™ was not declared in this scope
[8.659s]      [01;31m[Ktracking_params[m[K.enable_imu_fusion = false; // for this sample, IMU (of ZED-M) is disable, we use the gravity given by the marker.
[8.659s] 
[8.660s]      [01;31m[K^~~~~~~~~~~~~~~[m[K
[8.660s] [01m[K/home/team/SoftwareDevelopment/ROS2/skinny/src/zed_tracking/src/zed_tracking_node.cpp:83:27:[m[K [01;31m[Kerror: [m[Kâ€˜[01m[KERROR_CODE[m[Kâ€™ is not a class, namespace, or enumeration
[8.661s]      if (returned_state != [01;31m[KERROR_CODE[m[K::SUCCESS) {
[8.661s] 
[8.662s]                            [01;31m[K^~~~~~~~~~[m[K
[8.662s] [01m[K/home/team/SoftwareDevelopment/ROS2/skinny/src/zed_tracking/src/zed_tracking_node.cpp:87:5:[m[K [01;31m[Kerror: [m[Kâ€˜[01m[KPOSITIONAL_TRACKING_STATE[m[Kâ€™ was not declared in this scope
[8.663s]      [01;31m[KPOSITIONAL_TRACKING_STATE[m[K tracking_state;
[8.663s] 
[8.663s]      [01;31m[K^~~~~~~~~~~~~~~~~~~~~~~~~[m[K
[8.664s] [01m[K/home/team/SoftwareDevelopment/ROS2/skinny/src/zed_tracking/src/zed_tracking_node.cpp:87:5:[m[K [01;36m[Knote: [m[Ksuggested alternative:
[8.664s] In file included from [01m[K/home/team/SoftwareDevelopment/ROS2/skinny/src/zed_tracking/src/zed_tracking_node.cpp:4:0[m[K:
[8.665s] [01m[K/usr/local/zed/include/sl/Camera.hpp:5188:16:[m[K [01;36m[Knote: [m[K  â€˜[01m[Ksl::POSITIONAL_TRACKING_STATE[m[Kâ€™
[8.666s]      enum class [01;36m[KPOSITIONAL_TRACKING_STATE[m[K {
[8.666s]                 [01;36m[K^~~~~~~~~~~~~~~~~~~~~~~~~[m[K
[8.667s] [01m[K/home/team/SoftwareDevelopment/ROS2/skinny/src/zed_tracking/src/zed_tracking_node.cpp:91:27:[m[K [01;31m[Kerror: [m[Kâ€˜[01m[KERROR_CODE[m[Kâ€™ is not a class, namespace, or enumeration
[8.667s]          if (zed.grab() == [01;31m[KERROR_CODE[m[K::SUCCESS) {
[8.667s] 
[8.668s]                            [01;31m[K^~~~~~~~~~[m[K
[8.668s] [01m[K/home/team/SoftwareDevelopment/ROS2/skinny/src/zed_tracking/src/zed_tracking_node.cpp:93:42:[m[K [01;31m[Kerror: [m[Kâ€˜[01m[KVIEW[m[Kâ€™ has not been declared
[8.669s]              zed.retrieveImage(image_zed, [01;31m[KVIEW[m[K::LEFT, MEM::CPU, image_size);
[8.670s] 
[8.670s]                                           [01;31m[K^~~~[m[K
[8.670s] [01m[K/home/team/SoftwareDevelopment/ROS2/skinny/src/zed_tracking/src/zed_tracking_node.cpp:93:54:[m[K [01;31m[Kerror: [m[Kâ€˜[01m[KMEM[m[Kâ€™ is not a class, namespace, or enumeration
[8.671s]              zed.retrieveImage(image_zed, VIEW::LEFT, [01;31m[KMEM[m[K::CPU, image_size);
[8.671s] 
[8.672s]                                                       [01;31m[K^~~[m[K
[8.672s] [01m[K/home/team/SoftwareDevelopment/ROS2/skinny/src/zed_tracking/src/zed_tracking_node.cpp:93:64:[m[K [01;31m[Kerror: [m[Kâ€˜[01m[Kimage_size[m[Kâ€™ was not declared in this scope
[8.673s]              zed.retrieveImage(image_zed, VIEW::LEFT, MEM::CPU, [01;31m[Kimage_size[m[K);
[8.673s] 
[8.674s]                                                                 [01;31m[K^~~~~~~~~~[m[K
[8.674s] [01m[K/home/team/SoftwareDevelopment/ROS2/skinny/src/zed_tracking/src/zed_tracking_node.cpp:93:64:[m[K [01;36m[Knote: [m[Ksuggested alternative: â€˜[01m[Kimage_ocv[m[Kâ€™
[8.675s]              zed.retrieveImage(image_zed, VIEW::LEFT, MEM::CPU, [01;36m[Kimage_size[m[K);
[8.676s] 
[8.676s]                                                                 [01;36m[K^~~~~~~~~~[m[K
[8.677s]                                                                 [32m[Kimage_ocv[m[K
[8.677s] [01m[K/home/team/SoftwareDevelopment/ROS2/skinny/src/zed_tracking/src/zed_tracking_node.cpp:98:74:[m[K [01;31m[Kerror: [m[Kâ€˜[01m[Kids[m[Kâ€™ was not declared in this scope
[8.678s]              cv::aruco::detectMarkers(image_ocv_rgb, dictionary, corners, [01;31m[Kids[m[K);
[8.678s] 
[8.679s]                                                                           [01;31m[K^~~[m[K
[8.679s] [01m[K/home/team/SoftwareDevelopment/ROS2/skinny/src/zed_tracking/src/zed_tracking_node.cpp:98:74:[m[K [01;36m[Knote: [m[Ksuggested alternative: â€˜[01m[Kid_t[m[Kâ€™
[8.680s]              cv::aruco::detectMarkers(image_ocv_rgb, dictionary, corners, [01;36m[Kids[m[K);
[8.680s] 
[8.681s]                                                                           [01;36m[K^~~[m[K
[8.681s]                                                                           [32m[Kid_t[m[K
[8.682s] [01m[K/home/team/SoftwareDevelopment/ROS2/skinny/src/zed_tracking/src/zed_tracking_node.cpp:101:13:[m[K [01;31m[Kerror: [m[Kâ€˜[01m[Ktracking_state[m[Kâ€™ was not declared in this scope
[8.682s]              [01;31m[Ktracking_state[m[K = zed.getPosition(zed_pose, REFERENCE_FRAME::WORLD);
[8.683s] 
[8.683s]              [01;31m[K^~~~~~~~~~~~~~[m[K
[8.684s] [01m[K/home/team/SoftwareDevelopment/ROS2/skinny/src/zed_tracking/src/zed_tracking_node.cpp:101:13:[m[K [01;36m[Knote: [m[Ksuggested alternative: â€˜[01m[Kinitstate[m[Kâ€™
[8.684s]              [01;36m[Ktracking_state[m[K = zed.getPosition(zed_pose, REFERENCE_FRAME::WORLD);
[8.685s] 
[8.685s]              [01;36m[K^~~~~~~~~~~~~~[m[K
[8.686s]              [32m[Kinitstate[m[K
[8.686s] [01m[K/home/team/SoftwareDevelopment/ROS2/skinny/src/zed_tracking/src/zed_tracking_node.cpp:101:46:[m[K [01;31m[Kerror: [m[Kâ€˜[01m[Kzed_pose[m[Kâ€™ was not declared in this scope
[8.687s]              tracking_state = zed.getPosition([01;31m[Kzed_pose[m[K, REFERENCE_FRAME::WORLD);
[8.687s] 
[8.688s]                                               [01;31m[K^~~~~~~~[m[K
[8.688s] [01m[K/home/team/SoftwareDevelopment/ROS2/skinny/src/zed_tracking/src/zed_tracking_node.cpp:101:56:[m[K [01;31m[Kerror: [m[Kâ€˜[01m[KREFERENCE_FRAME[m[Kâ€™ has not been declared
[8.689s]              tracking_state = zed.getPosition(zed_pose, [01;31m[KREFERENCE_FRAME[m[K::WORLD);
[8.689s] 
[8.690s]                                                         [01;31m[K^~~~~~~~~~~~~~~[m[K
[8.690s] [01m[K/home/team/SoftwareDevelopment/ROS2/skinny/src/zed_tracking/src/zed_tracking_node.cpp:102:28:[m[K [01;31m[Kerror: [m[Kâ€˜[01m[KPOSITIONAL_TRACKING_STATE[m[Kâ€™ is not a class, namespace, or enumeration
[8.691s]       if (tracking_state == [01;31m[KPOSITIONAL_TRACKING_STATE[m[K::OK) {
[8.691s] 
[8.692s]                             [01;31m[K^~~~~~~~~~~~~~~~~~~~~~~~~[m[K
[8.693s] [01m[K/home/team/SoftwareDevelopment/ROS2/skinny/src/zed_tracking/src/zed_tracking_node.cpp:107:17:[m[K [01;31m[Kerror: [m[Kâ€˜[01m[Kzed_position_txt[m[Kâ€™ was not declared in this scope
[8.693s]                  [01;31m[Kzed_position_txt[m[K = "ZED  x: " + to_string(zed_pose.pose_data.tx) + "; y: " + to_string(zed_pose.pose_data.ty) + "; z: " + to_string(zed_pose.pose_data.tz);
[8.694s] 
[8.695s]                  [01;31m[K^~~~~~~~~~~~~~~~[m[K
[8.695s] [01m[K/home/team/SoftwareDevelopment/ROS2/skinny/src/zed_tracking/src/zed_tracking_node.cpp:107:17:[m[K [01;36m[Knote: [m[Ksuggested alternative: â€˜[01m[KzedPosition[m[Kâ€™
[8.696s]                  [01;36m[Kzed_position_txt[m[K = "ZED  x: " + to_string(zed_pose.pose_data.tx) + "; y: " + to_string(zed_pose.pose_data.ty) + "; z: " + to_string(zed_pose.pose_data.tz);
[8.696s] 
[8.697s]                  [01;36m[K^~~~~~~~~~~~~~~~[m[K
[8.697s]                  [32m[KzedPosition[m[K
[8.698s] [01m[K/home/team/SoftwareDevelopment/ROS2/skinny/src/zed_tracking/src/zed_tracking_node.cpp:107:49:[m[K [01;31m[Kerror: [m[Kâ€˜[01m[Kto_string[m[Kâ€™ was not declared in this scope
[8.698s]                  zed_position_txt = "ZED  x: " + [01;31m[Kto_string[m[K(zed_pose.pose_data.tx) + "; y: " + to_string(zed_pose.pose_data.ty) + "; z: " + to_string(zed_pose.pose_data.tz);
[8.699s] 
[8.699s]                                                  [01;31m[K^~~~~~~~~[m[K
[8.700s] [01m[K/home/team/SoftwareDevelopment/ROS2/skinny/src/zed_tracking/src/zed_tracking_node.cpp:107:49:[m[K [01;36m[Knote: [m[Ksuggested alternatives:
[8.700s] In file included from [01m[K/usr/include/c++/7/string:52:0[m[K,
[8.701s]                  from [01m[K/usr/include/c++/7/stdexcept:39[m[K,
[8.701s]                  from [01m[K/usr/include/c++/7/array:39[m[K,
[8.702s]                  from [01m[K/usr/include/c++/7/tuple:39[m[K,
[8.702s]                  from [01m[K/usr/include/c++/7/bits/unique_ptr.h:37[m[K,
[8.702s]                  from [01m[K/usr/include/c++/7/memory:80[m[K,
[8.703s]                  from [01m[K/opt/ros/eloquent/include/rclcpp/rclcpp.hpp:143[m[K,
[8.703s]                  from [01m[K/home/team/SoftwareDevelopment/ROS2/skinny/src/zed_tracking/src/zed_tracking_node.cpp:2[m[K:
[8.704s] [01m[K/usr/include/c++/7/bits/basic_string.h:6414:3:[m[K [01;36m[Knote: [m[K  â€˜[01m[Kstd::__cxx11::to_string[m[Kâ€™
[8.704s]    [01;36m[Kto_string[m[K(int __val)
[8.705s]    [01;36m[K^~~~~~~~~[m[K
[8.705s] [01m[K/usr/include/c++/7/bits/basic_string.h:6466:3:[m[K [01;36m[Knote: [m[K  â€˜[01m[Kstd::__cxx11::to_string[m[Kâ€™
[8.706s]    [01;36m[Kto_string[m[K(long double __val)
[8.706s]    [01;36m[K^~~~~~~~~[m[K
[8.707s] In file included from [01m[K/opt/ros/eloquent/include/rclcpp/parameter.hpp:25:0[m[K,
[8.707s]                  from [01m[K/opt/ros/eloquent/include/rclcpp/node_interfaces/node_parameters_interface.hpp:28[m[K,
[8.708s]                  from [01m[K/opt/ros/eloquent/include/rclcpp/node.hpp:51[m[K,
[8.708s]                  from [01m[K/opt/ros/eloquent/include/rclcpp/executors/single_threaded_executor.hpp:28[m[K,
[8.709s]                  from [01m[K/opt/ros/eloquent/include/rclcpp/executors.hpp:22[m[K,
[8.709s]                  from [01m[K/opt/ros/eloquent/include/rclcpp/rclcpp.hpp:145[m[K,
[8.710s]                  from [01m[K/home/team/SoftwareDevelopment/ROS2/skinny/src/zed_tracking/src/zed_tracking_node.cpp:2[m[K:
[8.710s] [01m[K/opt/ros/eloquent/include/rclcpp/parameter_value.hpp:341:1:[m[K [01;36m[Knote: [m[K  â€˜[01m[Krclcpp::to_string[m[Kâ€™
[8.711s]  [01;36m[Kto_string[m[K(const ParameterValue & type);
[8.711s]  [01;36m[K^~~~~~~~~[m[K
[8.712s] In file included from [01m[K/opt/ros/eloquent/include/rclcpp/executors/multi_threaded_executor.hpp:25:0[m[K,
[8.712s]                  from [01m[K/opt/ros/eloquent/include/rclcpp/executors.hpp:21[m[K,
[8.713s]                  from [01m[K/opt/ros/eloquent/include/rclcpp/rclcpp.hpp:145[m[K,
[8.713s]                  from [01m[K/home/team/SoftwareDevelopment/ROS2/skinny/src/zed_tracking/src/zed_tracking_node.cpp:2[m[K:
[8.714s] [01m[K/opt/ros/eloquent/include/rclcpp/executor.hpp:64:1:[m[K [01;36m[Knote: [m[K  â€˜[01m[Krclcpp::executor::to_string[m[Kâ€™
[8.714s]  [01;36m[Kto_string[m[K(const FutureReturnCode & future_return_code);
[8.715s]  [01;36m[K^~~~~~~~~[m[K
[8.715s] [01m[K/home/team/SoftwareDevelopment/ROS2/skinny/src/zed_tracking/src/zed_tracking_node.cpp:108:17:[m[K [01;31m[Kerror: [m[Kâ€˜[01m[Kzed_rotation_txt[m[Kâ€™ was not declared in this scope
[8.716s]                  [01;31m[Kzed_rotation_txt[m[K = "ZED  a: " + to_string(zed_pose.getOrientation().ox) + "; b: " + to_string(zed_pose.getOrientation().oy) + "; c: " + to_string(zed_pose.getOrientation().oz);
[8.716s] 
[8.717s]                  [01;31m[K^~~~~~~~~~~~~~~~[m[K
[8.718s] [01m[K/home/team/SoftwareDevelopment/ROS2/skinny/src/zed_tracking/src/zed_tracking_node.cpp:108:17:[m[K [01;36m[Knote: [m[Ksuggested alternative: â€˜[01m[KzedPosition[m[Kâ€™
[8.719s]                  [01;36m[Kzed_rotation_txt[m[K = "ZED  a: " + to_string(zed_pose.getOrientation().ox) + "; b: " + to_string(zed_pose.getOrientation().oy) + "; c: " + to_string(zed_pose.getOrientation().oz);
[8.719s] 
[8.720s]                  [01;36m[K^~~~~~~~~~~~~~~~[m[K
[8.720s]                  [32m[KzedPosition[m[K
[8.721s] [01m[K/home/team/SoftwareDevelopment/ROS2/skinny/src/zed_tracking/src/zed_tracking_node.cpp:110:4:[m[K [01;31m[Kerror: [m[Kâ€˜[01m[Kzed_position_txt[m[Kâ€™ was not declared in this scope
[8.722s]     [01;31m[Kzed_position_txt[m[K = "";
[8.723s] 
[8.723s]     [01;31m[K^~~~~~~~~~~~~~~~[m[K
[8.724s] [01m[K/home/team/SoftwareDevelopment/ROS2/skinny/src/zed_tracking/src/zed_tracking_node.cpp:110:4:[m[K [01;36m[Knote: [m[Ksuggested alternative: â€˜[01m[KzedPosition[m[Kâ€™
[8.724s]     [01;36m[Kzed_position_txt[m[K = "";
[8.725s] 
[8.725s]     [01;36m[K^~~~~~~~~~~~~~~~[m[K
[8.726s]     [32m[KzedPosition[m[K
[8.726s] [01m[K/home/team/SoftwareDevelopment/ROS2/skinny/src/zed_tracking/src/zed_tracking_node.cpp:111:4:[m[K [01;31m[Kerror: [m[Kâ€˜[01m[Kzed_rotation_txt[m[Kâ€™ was not declared in this scope
[8.727s]     [01;31m[Kzed_rotation_txt[m[K = "";
[8.727s] 
[8.728s]     [01;31m[K^~~~~~~~~~~~~~~~[m[K
[8.728s] [01m[K/home/team/SoftwareDevelopment/ROS2/skinny/src/zed_tracking/src/zed_tracking_node.cpp:111:4:[m[K [01;36m[Knote: [m[Ksuggested alternative: â€˜[01m[KzedPosition[m[Kâ€™
[8.728s]     [01;36m[Kzed_rotation_txt[m[K = "";
[8.729s] 
[8.729s]     [01;36m[K^~~~~~~~~~~~~~~~[m[K
[8.730s]     [32m[KzedPosition[m[K
[8.730s] [01m[K/home/team/SoftwareDevelopment/ROS2/skinny/src/zed_tracking/src/zed_tracking_node.cpp:117:17:[m[K [01;31m[Kerror: [m[Kâ€˜[01m[Kpose[m[Kâ€™ was not declared in this scope
[8.731s]                  [01;31m[Kpose[m[K.setTranslation(sl::float3(tvecs[0](0), tvecs[0](1), tvecs[0](2)));
[8.731s] 
[8.732s]                  [01;31m[K^~~~[m[K
[8.732s] [01m[K/home/team/SoftwareDevelopment/ROS2/skinny/src/zed_tracking/src/zed_tracking_node.cpp:117:17:[m[K [01;36m[Knote: [m[Ksuggested alternative: â€˜[01m[Kpause[m[Kâ€™
[8.733s]                  [01;36m[Kpose[m[K.setTranslation(sl::float3(tvecs[0](0), tvecs[0](1), tvecs[0](2)));
[8.733s] 
[8.734s]                  [01;36m[K^~~~[m[K
[8.734s]                  [32m[Kpause[m[K
[8.735s] [01m[K/home/team/SoftwareDevelopment/ROS2/skinny/src/zed_tracking/src/zed_tracking_node.cpp:126:17:[m[K [01;31m[Kerror: [m[Kâ€˜[01m[Karuco_position_txt[m[Kâ€™ was not declared in this scope
[8.735s]                  [01;31m[Karuco_position_txt[m[K = "Aruco x: " + to_string(pose.tx) + "; y: " + to_string(pose.ty) + "; z: " + to_string(pose.tz);
[8.735s] 
[8.736s]                  [01;31m[K^~~~~~~~~~~~~~~~~~[m[K
[8.751s] [01m[K/home/team/SoftwareDevelopment/ROS2/skinny/src/zed_tracking/src/zed_tracking_node.cpp:126:17:[m[K [01;36m[Knote: [m[Ksuggested alternative: â€˜[01m[Krcl_duration_t[m[Kâ€™
[8.752s]                  [01;36m[Karuco_position_txt[m[K = "Aruco x: " + to_string(pose.tx) + "; y: " + to_string(pose.ty) + "; z: " + to_string(pose.tz);
[8.753s] 
[8.753s]                  [01;36m[K^~~~~~~~~~~~~~~~~~[m[K
[8.754s]                  [32m[Krcl_duration_t[m[K
[8.754s] [01m[K/home/team/SoftwareDevelopment/ROS2/skinny/src/zed_tracking/src/zed_tracking_node.cpp:126:52:[m[K [01;31m[Kerror: [m[Kâ€˜[01m[Kto_string[m[Kâ€™ was not declared in this scope
[8.755s]                  aruco_position_txt = "Aruco x: " + [01;31m[Kto_string[m[K(pose.tx) + "; y: " + to_string(pose.ty) + "; z: " + to_string(pose.tz);
[8.755s] 
[8.756s]                                                     [01;31m[K^~~~~~~~~[m[K
[8.756s] [01m[K/home/team/SoftwareDevelopment/ROS2/skinny/src/zed_tracking/src/zed_tracking_node.cpp:126:52:[m[K [01;36m[Knote: [m[Ksuggested alternatives:
[8.757s] In file included from [01m[K/usr/include/c++/7/string:52:0[m[K,
[8.757s]                  from [01m[K/usr/include/c++/7/stdexcept:39[m[K,
[8.758s]                  from [01m[K/usr/include/c++/7/array:39[m[K,
[8.758s]                  from [01m[K/usr/include/c++/7/tuple:39[m[K,
[8.758s]                  from [01m[K/usr/include/c++/7/bits/unique_ptr.h:37[m[K,
[8.759s]                  from [01m[K/usr/include/c++/7/memory:80[m[K,
[8.759s]                  from [01m[K/opt/ros/eloquent/include/rclcpp/rclcpp.hpp:143[m[K,
[8.760s]                  from [01m[K/home/team/SoftwareDevelopment/ROS2/skinny/src/zed_tracking/src/zed_tracking_node.cpp:2[m[K:
[8.760s] [01m[K/usr/include/c++/7/bits/basic_string.h:6414:3:[m[K [01;36m[Knote: [m[K  â€˜[01m[Kstd::__cxx11::to_string[m[Kâ€™
[8.761s]    [01;36m[Kto_string[m[K(int __val)
[8.761s]    [01;36m[K^~~~~~~~~[m[K
[8.762s] [01m[K/usr/include/c++/7/bits/basic_string.h:6466:3:[m[K [01;36m[Knote: [m[K  â€˜[01m[Kstd::__cxx11::to_string[m[Kâ€™
[8.762s]    [01;36m[Kto_string[m[K(long double __val)
[8.763s]    [01;36m[K^~~~~~~~~[m[K
[8.763s] In file included from [01m[K/opt/ros/eloquent/include/rclcpp/parameter.hpp:25:0[m[K,
[8.763s]                  from [01m[K/opt/ros/eloquent/include/rclcpp/node_interfaces/node_parameters_interface.hpp:28[m[K,
[8.764s]                  from [01m[K/opt/ros/eloquent/include/rclcpp/node.hpp:51[m[K,
[8.764s]                  from [01m[K/opt/ros/eloquent/include/rclcpp/executors/single_threaded_executor.hpp:28[m[K,
[8.765s]                  from [01m[K/opt/ros/eloquent/include/rclcpp/executors.hpp:22[m[K,
[8.765s]                  from [01m[K/opt/ros/eloquent/include/rclcpp/rclcpp.hpp:145[m[K,
[8.766s]                  from [01m[K/home/team/SoftwareDevelopment/ROS2/skinny/src/zed_tracking/src/zed_tracking_node.cpp:2[m[K:
[8.766s] [01m[K/opt/ros/eloquent/include/rclcpp/parameter_value.hpp:341:1:[m[K [01;36m[Knote: [m[K  â€˜[01m[Krclcpp::to_string[m[Kâ€™
[8.767s]  [01;36m[Kto_string[m[K(const ParameterValue & type);
[8.767s]  [01;36m[K^~~~~~~~~[m[K
[8.768s] In file included from [01m[K/opt/ros/eloquent/include/rclcpp/executors/multi_threaded_executor.hpp:25:0[m[K,
[8.768s]                  from [01m[K/opt/ros/eloquent/include/rclcpp/executors.hpp:21[m[K,
[8.769s]                  from [01m[K/opt/ros/eloquent/include/rclcpp/rclcpp.hpp:145[m[K,
[8.769s]                  from [01m[K/home/team/SoftwareDevelopment/ROS2/skinny/src/zed_tracking/src/zed_tracking_node.cpp:2[m[K:
[8.770s] [01m[K/opt/ros/eloquent/include/rclcpp/executor.hpp:64:1:[m[K [01;36m[Knote: [m[K  â€˜[01m[Krclcpp::executor::to_string[m[Kâ€™
[8.770s]  [01;36m[Kto_string[m[K(const FutureReturnCode & future_return_code);
[8.771s]  [01;36m[K^~~~~~~~~[m[K
[8.771s] [01m[K/home/team/SoftwareDevelopment/ROS2/skinny/src/zed_tracking/src/zed_tracking_node.cpp:129:3:[m[K [01;31m[Kerror: [m[Kâ€˜[01m[Karuco_position_txt[m[Kâ€™ was not declared in this scope
[8.772s]    [01;31m[Karuco_position_txt[m[K = "";    
[8.772s] 
[8.773s]    [01;31m[K^~~~~~~~~~~~~~~~~~[m[K
[8.779s] [01m[K/home/team/SoftwareDevelopment/ROS2/skinny/src/zed_tracking/src/zed_tracking_node.cpp:129:3:[m[K [01;36m[Knote: [m[Ksuggested alternative: â€˜[01m[Krcl_duration_t[m[Kâ€™
[8.779s]    [01;36m[Karuco_position_txt[m[K = "";    
[8.780s] 
[8.780s]    [01;36m[K^~~~~~~~~~~~~~~~~~[m[K
[8.781s]    [32m[Krcl_duration_t[m[K
[8.820s] [01m[K/home/team/SoftwareDevelopment/ROS2/skinny/src/zed_tracking/src/zed_tracking_node.cpp:143:84:[m[K [01;31m[Kerror: [m[Kâ€˜[01m[Karuco_position_txt[m[Kâ€™ was not declared in this scope
[8.821s]       std::cout << "ZED: x:" << zedX << " y: " << zedY << " z:" << zedZ << "   " << [01;31m[Karuco_position_txt[m[K << std::endl;
[8.821s] 
[8.822s]                                                                                     [01;31m[K^~~~~~~~~~~~~~~~~~[m[K
[8.848s] [01m[K/home/team/SoftwareDevelopment/ROS2/skinny/src/zed_tracking/src/zed_tracking_node.cpp:143:84:[m[K [01;36m[Knote: [m[Ksuggested alternative: â€˜[01m[Krcl_duration_t[m[Kâ€™
[8.849s]       std::cout << "ZED: x:" << zedX << " y: " << zedY << " z:" << zedZ << "   " << [01;36m[Karuco_position_txt[m[K << std::endl;
[8.849s] 
[8.850s]                                                                                     [01;36m[K^~~~~~~~~~~~~~~~~~[m[K
[8.851s]                                                                                     [32m[Krcl_duration_t[m[K
[12.632s] CMakeFiles/zed_tracking_node.dir/build.make:86: recipe for target 'CMakeFiles/zed_tracking_node.dir/src/zed_tracking_node.cpp.o' failed
[12.633s] make[2]: *** [CMakeFiles/zed_tracking_node.dir/src/zed_tracking_node.cpp.o] Error 1
[12.634s] CMakeFiles/Makefile2:131: recipe for target 'CMakeFiles/zed_tracking_node.dir/all' failed
[12.635s] make[1]: *** [CMakeFiles/zed_tracking_node.dir/all] Error 2
[12.635s] Makefile:140: recipe for target 'all' failed
[12.636s] make: *** [all] Error 2
[12.646s] Invoked command in '/home/team/SoftwareDevelopment/ROS2/skinny/build/zed_tracking' returned '2': CMAKE_PREFIX_PATH=/home/team/SoftwareDevelopment/ROS2/skinny/install/messages:/home/team/SoftwareDevelopment/ROS2/skinny/install/talon:/home/team/SoftwareDevelopment/ROS2/skinny/install/power_distribution_panel:/home/team/SoftwareDevelopment/ROS2/skinny/install/logic:/home/team/SoftwareDevelopment/ROS2/skinny/install/communication:/home/team/SoftwareDevelopment/ROS2/skinny/install/excavation:/opt/ros/eloquent /usr/bin/cmake --build /home/team/SoftwareDevelopment/ROS2/skinny/build/zed_tracking -- -j4 -l4
