[0.082s] Invoking command in '/home/team/SoftwareDevelopment/ROS2/skinny/build/talon': AMENT_PREFIX_PATH=/home/team/SoftwareDevelopment/ROS2/skinny/install/messages:${AMENT_PREFIX_PATH} CMAKE_PREFIX_PATH=/home/team/SoftwareDevelopment/ROS2/skinny/install/messages:${CMAKE_PREFIX_PATH} LD_LIBRARY_PATH=/home/team/SoftwareDevelopment/ROS2/skinny/install/messages/lib:${LD_LIBRARY_PATH} PYTHONPATH=/home/team/SoftwareDevelopment/ROS2/skinny/install/messages/lib/python3.8/site-packages:${PYTHONPATH} /usr/bin/cmake --build /home/team/SoftwareDevelopment/ROS2/skinny/build/talon -- -j4 -l4
[0.234s] [35m[1mScanning dependencies of target talon_node[0m
[0.363s] [ 50%] [32mBuilding CXX object CMakeFiles/talon_node.dir/src/talon_node.cpp.o[0m
[5.855s] [01m[K/home/team/SoftwareDevelopment/ROS2/skinny/src/talon/src/talon_node.cpp:[m[K In function â€˜[01m[Kvoid stopCallback(std_msgs::msg::Empty)[m[Kâ€™:
[5.856s] [01m[K/home/team/SoftwareDevelopment/ROS2/skinny/src/talon/src/talon_node.cpp:27:40:[m[K [01;35m[Kwarning: [m[Kunused parameter â€˜[01m[Kempty[m[Kâ€™ [[01;35m[K-Wunused-parameter[m[K]
[5.856s]    27 | void stopCallback([01;35m[Kstd_msgs::msg::Empty empty[m[K){
[5.856s]       |                   [01;35m[K~~~~~~~~~~~~~~~~~~~~~^~~~~[m[K
[5.857s] [01m[K/home/team/SoftwareDevelopment/ROS2/skinny/src/talon/src/talon_node.cpp:[m[K In function â€˜[01m[Kvoid goCallback(std_msgs::msg::Empty)[m[Kâ€™:
[5.857s] [01m[K/home/team/SoftwareDevelopment/ROS2/skinny/src/talon/src/talon_node.cpp:31:38:[m[K [01;35m[Kwarning: [m[Kunused parameter â€˜[01m[Kempty[m[Kâ€™ [[01;35m[K-Wunused-parameter[m[K]
[5.858s]    31 | void goCallback([01;35m[Kstd_msgs::msg::Empty empty[m[K){
[5.858s]       |                 [01;35m[K~~~~~~~~~~~~~~~~~~~~~^~~~~[m[K
[5.876s] [01m[K/home/team/SoftwareDevelopment/ROS2/skinny/src/talon/src/talon_node.cpp:[m[K In function â€˜[01m[Kint main(int, char**)[m[Kâ€™:
[5.876s] [01m[K/home/team/SoftwareDevelopment/ROS2/skinny/src/talon/src/talon_node.cpp:59:2:[m[K [01;31m[Kerror: [m[Kâ€˜[01m[Ki[m[Kâ€™ was not declared in this scope
[5.877s]    59 |  [01;31m[Ki[m[K//std::string message;
[5.877s]       |  [01;31m[K^[m[K
[5.915s] [01m[K/home/team/SoftwareDevelopment/ROS2/skinny/src/talon/src/talon_node.cpp:96:27:[m[K [01;31m[Kerror: [m[Kredeclaration of â€˜[01m[Krclcpp::Parameter invertMotorParameter[m[Kâ€™
[5.916s]    96 |         rclcpp::Parameter [01;31m[KinvertMotorParameter[m[K = nodeHandle->get_parameter("/talon/use_velocity");
[5.916s]       |                           [01;31m[K^~~~~~~~~~~~~~~~~~~~[m[K
[5.916s] [01m[K/home/team/SoftwareDevelopment/ROS2/skinny/src/talon/src/talon_node.cpp:90:27:[m[K [01;36m[Knote: [m[Kâ€˜[01m[Krclcpp::Parameter invertMotorParameter[m[Kâ€™ previously declared here
[5.917s]    90 |         rclcpp::Parameter [01;36m[KinvertMotorParameter[m[K = nodeHandle->get_parameter("/talon/invert_motor");
[5.917s]       |                           [01;36m[K^~~~~~~~~~~~~~~~~~~~[m[K
[5.926s] [01m[K/home/team/SoftwareDevelopment/ROS2/skinny/src/talon/src/talon_node.cpp:97:23:[m[K [01;31m[Kerror: [m[Kâ€˜[01m[KuseVelocityParameter[m[Kâ€™ was not declared in this scope
[5.926s]    97 |         useVelocity = [01;31m[KuseVelocityParameter[m[K.as_bool();
[5.926s]       |                       [01;31m[K^~~~~~~~~~~~~~~~~~~~[m[K
[5.947s] [01m[K/home/team/SoftwareDevelopment/ROS2/skinny/src/talon/src/talon_node.cpp:169:12:[m[K [01;31m[Kerror: [m[Kâ€˜[01m[KTalonOut[m[Kâ€™ is not a member of â€˜[01m[Kmessages[m[Kâ€™; did you mean â€˜[01m[Kmessages::msg::TalonOut[m[Kâ€™?
[5.948s]   169 |  messages::[01;31m[KTalonOut[m[K talonOut;
[5.948s]       |            [01;31m[K^~~~~~~~[m[K
[5.948s] In file included from [01m[K/home/team/SoftwareDevelopment/ROS2/skinny/install/messages/include/messages/msg/talon_out.hpp:7[m[K,
[5.949s]                  from [01m[K/home/team/SoftwareDevelopment/ROS2/skinny/src/talon/src/talon_node.cpp:18[m[K:
[5.949s] [01m[K/home/team/SoftwareDevelopment/ROS2/skinny/install/messages/include/messages/msg/detail/talon_out__struct.hpp:261:7:[m[K [01;36m[Knote: [m[Kâ€˜[01m[Kmessages::msg::TalonOut[m[Kâ€™ declared here
[5.949s]   261 | using [01;36m[KTalonOut[m[K =
[5.950s]       |       [01;36m[K^~~~~~~~[m[K
[5.950s] [01m[K/home/team/SoftwareDevelopment/ROS2/skinny/src/talon/src/talon_node.cpp:170:2:[m[K [01;31m[Kerror: [m[Kâ€˜[01m[Kros[m[Kâ€™ has not been declared
[5.950s]   170 |  [01;31m[Kros[m[K::Publisher talonOutPublisher=nodeHandle.advertise<messages::TalonOut>(infoTopic.c_str(),1);
[5.951s]       |  [01;31m[K^~~[m[K
[5.951s] [01m[K/home/team/SoftwareDevelopment/ROS2/skinny/src/talon/src/talon_node.cpp:171:2:[m[K [01;31m[Kerror: [m[Kâ€˜[01m[Kros[m[Kâ€™ has not been declared
[5.951s]   171 |  [01;31m[Kros[m[K::Subscriber speedSubscriber=nodeHandle.subscribe(speedTopic.c_str(),1,speedCallback);
[5.952s]       |  [01;31m[K^~~[m[K
[5.952s] [01m[K/home/team/SoftwareDevelopment/ROS2/skinny/src/talon/src/talon_node.cpp:173:2:[m[K [01;31m[Kerror: [m[Kâ€˜[01m[Kros[m[Kâ€™ has not been declared
[5.953s]   173 |  [01;31m[Kros[m[K::Subscriber stopSubscriber=nodeHandle.subscribe("STOP",1,stopCallback);
[5.953s]       |  [01;31m[K^~~[m[K
[5.953s] [01m[K/home/team/SoftwareDevelopment/ROS2/skinny/src/talon/src/talon_node.cpp:174:2:[m[K [01;31m[Kerror: [m[Kâ€˜[01m[Kros[m[Kâ€™ has not been declared
[5.954s]   174 |  [01;31m[Kros[m[K::Subscriber goSubscriber=nodeHandle.subscribe("GO",1,goCallback);
[5.954s]       |  [01;31m[K^~~[m[K
[5.954s] [01m[K/home/team/SoftwareDevelopment/ROS2/skinny/src/talon/src/talon_node.cpp:178:15:[m[K [01;31m[Kerror: [m[Kâ€˜[01m[Kros[m[Kâ€™ has not been declared
[5.955s]   178 |         while([01;31m[Kros[m[K::ok()){
[5.955s]       |               [01;31m[K^~~[m[K
[5.958s] [01m[K/home/team/SoftwareDevelopment/ROS2/skinny/src/talon/src/talon_node.cpp:196:4:[m[K [01;31m[Kerror: [m[Kâ€˜[01m[KtalonOut[m[Kâ€™ was not declared in this scope
[5.959s]   196 |    [01;31m[KtalonOut[m[K.deviceID=deviceID;
[5.959s]       |    [01;31m[K^~~~~~~~[m[K
[5.968s] [01m[K/home/team/SoftwareDevelopment/ROS2/skinny/src/talon/src/talon_node.cpp:208:4:[m[K [01;31m[Kerror: [m[Kâ€˜[01m[KtalonOutPublisher[m[Kâ€™ was not declared in this scope
[5.969s]   208 |    [01;31m[KtalonOutPublisher[m[K.publish(talonOut);
[5.969s]       |    [01;31m[K^~~~~~~~~~~~~~~~~[m[K
[5.970s] [01m[K/home/team/SoftwareDevelopment/ROS2/skinny/src/talon/src/talon_node.cpp:186:9:[m[K [01;35m[Kwarning: [m[Kunused variable â€˜[01m[KisInverted[m[Kâ€™ [[01;35m[K-Wunused-variable[m[K]
[5.970s]   186 |    bool [01;35m[KisInverted[m[K=talonSRX->GetInverted();
[5.970s]       |         [01;35m[K^~~~~~~~~~[m[K
[5.973s] [01m[K/home/team/SoftwareDevelopment/ROS2/skinny/src/talon/src/talon_node.cpp:248:3:[m[K [01;31m[Kerror: [m[Kâ€˜[01m[Kros[m[Kâ€™ has not been declared
[5.973s]   248 |   [01;31m[Kros[m[K::spinOnce();
[5.974s]       |   [01;31m[K^~~[m[K
[5.974s] [01m[K/home/team/SoftwareDevelopment/ROS2/skinny/src/talon/src/talon_node.cpp:144:6:[m[K [01;35m[Kwarning: [m[Kunused variable â€˜[01m[KkSlotIdx[m[Kâ€™ [[01;35m[K-Wunused-variable[m[K]
[5.974s]   144 |  int [01;35m[KkSlotIdx[m[K=0;
[5.975s]       |      [01;35m[K^~~~~~~~[m[K
[5.975s] [01m[K/home/team/SoftwareDevelopment/ROS2/skinny/src/talon/src/talon_node.cpp:167:14:[m[K [01;35m[Kwarning: [m[Kunused variable â€˜[01m[KstatusFrame[m[Kâ€™ [[01;35m[K-Wunused-variable[m[K]
[5.975s]   167 |  StatusFrame [01;35m[KstatusFrame[m[K;
[5.976s]       |              [01;35m[K^~~~~~~~~~~[m[K
[7.513s] make[2]: *** [CMakeFiles/talon_node.dir/build.make:63: CMakeFiles/talon_node.dir/src/talon_node.cpp.o] Error 1
[7.514s] make[1]: *** [CMakeFiles/Makefile2:78: CMakeFiles/talon_node.dir/all] Error 2
[7.514s] make: *** [Makefile:141: all] Error 2
[7.525s] Invoked command in '/home/team/SoftwareDevelopment/ROS2/skinny/build/talon' returned '2': AMENT_PREFIX_PATH=/home/team/SoftwareDevelopment/ROS2/skinny/install/messages:${AMENT_PREFIX_PATH} CMAKE_PREFIX_PATH=/home/team/SoftwareDevelopment/ROS2/skinny/install/messages:${CMAKE_PREFIX_PATH} LD_LIBRARY_PATH=/home/team/SoftwareDevelopment/ROS2/skinny/install/messages/lib:${LD_LIBRARY_PATH} PYTHONPATH=/home/team/SoftwareDevelopment/ROS2/skinny/install/messages/lib/python3.8/site-packages:${PYTHONPATH} /usr/bin/cmake --build /home/team/SoftwareDevelopment/ROS2/skinny/build/talon -- -j4 -l4
