[35m[1mScanning dependencies of target logic_node[0m
[ 50%] [32mBuilding CXX object CMakeFiles/logic_node.dir/src/logic_node.cpp.o[0m
[01m[K/home/team/SoftwareDevelopment/ROS2/skinny/src/logic/src/logic_node.cpp:131:47:[m[K [01;31m[Kerror: [m[Kâ€˜[01m[KZedPosition[m[Kâ€™ in namespace â€˜[01m[Kmessages::msg[m[Kâ€™ does not name a type
 void zedPositionCallback(const messages::msg::[01;31m[KZedPosition[m[K::SharedPtr zedPosition){
                                               [01;31m[K^~~~~~~~~~~[m[K
[01m[K/home/team/SoftwareDevelopment/ROS2/skinny/src/logic/src/logic_node.cpp:131:70:[m[K [01;31m[Kerror: [m[Kexpected unqualified-id before â€˜[01m[KzedPosition[m[Kâ€™
 void zedPositionCallback(const messages::msg::ZedPosition::SharedPtr [01;31m[KzedPosition[m[K){
                                                                      [01;31m[K^~~~~~~~~~~[m[K
[01m[K/home/team/SoftwareDevelopment/ROS2/skinny/src/logic/src/logic_node.cpp:131:70:[m[K [01;31m[Kerror: [m[Kexpected â€˜[01m[K)[m[Kâ€™ before â€˜[01m[KzedPosition[m[Kâ€™
[01m[K/home/team/SoftwareDevelopment/ROS2/skinny/src/logic/src/logic_node.cpp:131:70:[m[K [01;31m[Kerror: [m[Kexpected initializer before â€˜[01m[KzedPosition[m[Kâ€™
[01m[K/home/team/SoftwareDevelopment/ROS2/skinny/src/logic/src/logic_node.cpp:[m[K In function â€˜[01m[Kvoid changeSpeed(float, float)[m[Kâ€™:
[01m[K/home/team/SoftwareDevelopment/ROS2/skinny/src/logic/src/logic_node.cpp:141:5:[m[K [01;31m[Kerror: [m[Kâ€˜[01m[KspeedLeft[m[Kâ€™ was not declared in this scope
     [01;31m[KspeedLeft[m[K.data=left;
     [01;31m[K^~~~~~~~~[m[K
[01m[K/home/team/SoftwareDevelopment/ROS2/skinny/src/logic/src/logic_node.cpp:142:5:[m[K [01;31m[Kerror: [m[Kâ€˜[01m[KspeedRight[m[Kâ€™ was not declared in this scope
     [01;31m[KspeedRight[m[K.data=right;
     [01;31m[K^~~~~~~~~~[m[K
[01m[K/home/team/SoftwareDevelopment/ROS2/skinny/src/logic/src/logic_node.cpp:[m[K In function â€˜[01m[Kint main(int, char**)[m[Kâ€™:
[01m[K/home/team/SoftwareDevelopment/ROS2/skinny/src/logic/src/logic_node.cpp:175:80:[m[K [01;31m[Kerror: [m[Kâ€˜[01m[KZedPosition[m[Kâ€™ is not a member of â€˜[01m[Kmessages::msg[m[Kâ€™
     auto zedPositionSubscriber= nodeHandle->create_subscription<messages::msg::[01;31m[KZedPosition[m[K>("zed_position",1,zedPositionCallback);
                                                                                [01;31m[K^~~~~~~~~~~[m[K
[01m[K/home/team/SoftwareDevelopment/ROS2/skinny/src/logic/src/logic_node.cpp:175:80:[m[K [01;31m[Kerror: [m[Kâ€˜[01m[KZedPosition[m[Kâ€™ is not a member of â€˜[01m[Kmessages::msg[m[Kâ€™
[01m[K/home/team/SoftwareDevelopment/ROS2/skinny/src/logic/src/logic_node.cpp:175:110:[m[K [01;31m[Kerror: [m[Kâ€˜[01m[KzedPositionCallback[m[Kâ€™ was not declared in this scope
 auto zedPositionSubscriber= nodeHandle->create_subscription<messages::msg::ZedPosition>("zed_position",1,[01;31m[KzedPositionCallback[m[K);
                                                                                                          [01;31m[K^~~~~~~~~~~~~~~~~~~[m[K
[01m[K/home/team/SoftwareDevelopment/ROS2/skinny/src/logic/src/logic_node.cpp:175:110:[m[K [01;36m[Knote: [m[Ksuggested alternative: â€˜[01m[KzedPositionSubscriber[m[Kâ€™
 auto zedPositionSubscriber= nodeHandle->create_subscription<messages::msg::ZedPosition>("zed_position",1,[01;36m[KzedPositionCallback[m[K);
                                                                                                          [01;36m[K^~~~~~~~~~~~~~~~~~~[m[K
                                                                                                              [32m[KzedPositionSubscriber[m[K
make[2]: *** [CMakeFiles/logic_node.dir/src/logic_node.cpp.o] Error 1
CMakeFiles/logic_node.dir/build.make:62: recipe for target 'CMakeFiles/logic_node.dir/src/logic_node.cpp.o' failed
make[1]: *** [CMakeFiles/logic_node.dir/all] Error 2
CMakeFiles/Makefile2:131: recipe for target 'CMakeFiles/logic_node.dir/all' failed
make: *** [all] Error 2
Makefile:140: recipe for target 'all' failed
