[0.128s] Invoking command in '/home/team/SoftwareDevelopment/ROS2/skinny/build/logic': CMAKE_PREFIX_PATH=/home/team/SoftwareDevelopment/ROS2/skinny/install/messages:/home/team/SoftwareDevelopment/ROS2/skinny/install/zed_tracking:/home/team/SoftwareDevelopment/ROS2/skinny/install/talon:/home/team/SoftwareDevelopment/ROS2/skinny/install/power_distribution_panel:/home/team/SoftwareDevelopment/ROS2/skinny/install/logic:/home/team/SoftwareDevelopment/ROS2/skinny/install/communication:/home/team/SoftwareDevelopment/ROS2/skinny/install/autonomy:/home/team/SoftwareDevelopment/ROS2/skinny/install/excavation:/opt/ros/eloquent /usr/bin/cmake --build /home/team/SoftwareDevelopment/ROS2/skinny/build/logic -- -j4 -l4
[0.319s] [35m[1mScanning dependencies of target logic_node[0m
[0.451s] [ 50%] [32mBuilding CXX object CMakeFiles/logic_node.dir/src/logic_node.cpp.o[0m
[4.767s] [01m[K/home/team/SoftwareDevelopment/ROS2/skinny/src/logic/src/logic_node.cpp:131:47:[m[K [01;31m[Kerror: [m[Kâ€˜[01m[KZedPosition[m[Kâ€™ in namespace â€˜[01m[Kmessages::msg[m[Kâ€™ does not name a type
[4.768s]  void zedPositionCallback(const messages::msg::[01;31m[KZedPosition[m[K::SharedPtr zedPosition){
[4.769s]                                                [01;31m[K^~~~~~~~~~~[m[K
[4.769s] [01m[K/home/team/SoftwareDevelopment/ROS2/skinny/src/logic/src/logic_node.cpp:131:70:[m[K [01;31m[Kerror: [m[Kexpected unqualified-id before â€˜[01m[KzedPosition[m[Kâ€™
[4.770s]  void zedPositionCallback(const messages::msg::ZedPosition::SharedPtr [01;31m[KzedPosition[m[K){
[4.770s]                                                                       [01;31m[K^~~~~~~~~~~[m[K
[4.771s] [01m[K/home/team/SoftwareDevelopment/ROS2/skinny/src/logic/src/logic_node.cpp:131:70:[m[K [01;31m[Kerror: [m[Kexpected â€˜[01m[K)[m[Kâ€™ before â€˜[01m[KzedPosition[m[Kâ€™
[4.771s] [01m[K/home/team/SoftwareDevelopment/ROS2/skinny/src/logic/src/logic_node.cpp:131:70:[m[K [01;31m[Kerror: [m[Kexpected initializer before â€˜[01m[KzedPosition[m[Kâ€™
[4.772s] [01m[K/home/team/SoftwareDevelopment/ROS2/skinny/src/logic/src/logic_node.cpp:[m[K In function â€˜[01m[Kvoid changeSpeed(float, float)[m[Kâ€™:
[4.773s] [01m[K/home/team/SoftwareDevelopment/ROS2/skinny/src/logic/src/logic_node.cpp:141:5:[m[K [01;31m[Kerror: [m[Kâ€˜[01m[KspeedLeft[m[Kâ€™ was not declared in this scope
[4.773s]      [01;31m[KspeedLeft[m[K.data=left;
[4.774s]      [01;31m[K^~~~~~~~~[m[K
[4.774s] [01m[K/home/team/SoftwareDevelopment/ROS2/skinny/src/logic/src/logic_node.cpp:142:5:[m[K [01;31m[Kerror: [m[Kâ€˜[01m[KspeedRight[m[Kâ€™ was not declared in this scope
[4.775s]      [01;31m[KspeedRight[m[K.data=right;
[4.775s]      [01;31m[K^~~~~~~~~~[m[K
[4.992s] [01m[K/home/team/SoftwareDevelopment/ROS2/skinny/src/logic/src/logic_node.cpp:[m[K In function â€˜[01m[Kint main(int, char**)[m[Kâ€™:
[4.993s] [01m[K/home/team/SoftwareDevelopment/ROS2/skinny/src/logic/src/logic_node.cpp:175:80:[m[K [01;31m[Kerror: [m[Kâ€˜[01m[KZedPosition[m[Kâ€™ is not a member of â€˜[01m[Kmessages::msg[m[Kâ€™
[4.993s]      auto zedPositionSubscriber= nodeHandle->create_subscription<messages::msg::[01;31m[KZedPosition[m[K>("zed_position",1,zedPositionCallback);
[4.994s]                                                                                 [01;31m[K^~~~~~~~~~~[m[K
[4.994s] [01m[K/home/team/SoftwareDevelopment/ROS2/skinny/src/logic/src/logic_node.cpp:175:80:[m[K [01;31m[Kerror: [m[Kâ€˜[01m[KZedPosition[m[Kâ€™ is not a member of â€˜[01m[Kmessages::msg[m[Kâ€™
[4.995s] [01m[K/home/team/SoftwareDevelopment/ROS2/skinny/src/logic/src/logic_node.cpp:175:110:[m[K [01;31m[Kerror: [m[Kâ€˜[01m[KzedPositionCallback[m[Kâ€™ was not declared in this scope
[4.995s]  auto zedPositionSubscriber= nodeHandle->create_subscription<messages::msg::ZedPosition>("zed_position",1,[01;31m[KzedPositionCallback[m[K);
[4.996s]                                                                                                           [01;31m[K^~~~~~~~~~~~~~~~~~~[m[K
[5.006s] [01m[K/home/team/SoftwareDevelopment/ROS2/skinny/src/logic/src/logic_node.cpp:175:110:[m[K [01;36m[Knote: [m[Ksuggested alternative: â€˜[01m[KzedPositionSubscriber[m[Kâ€™
[5.006s]  auto zedPositionSubscriber= nodeHandle->create_subscription<messages::msg::ZedPosition>("zed_position",1,[01;36m[KzedPositionCallback[m[K);
[5.007s]                                                                                                           [01;36m[K^~~~~~~~~~~~~~~~~~~[m[K
[5.007s]                                                                                                               [32m[KzedPositionSubscriber[m[K
[13.654s] make[2]: *** [CMakeFiles/logic_node.dir/src/logic_node.cpp.o] Error 1
[13.656s] CMakeFiles/logic_node.dir/build.make:62: recipe for target 'CMakeFiles/logic_node.dir/src/logic_node.cpp.o' failed
[13.657s] make[1]: *** [CMakeFiles/logic_node.dir/all] Error 2
[13.657s] CMakeFiles/Makefile2:131: recipe for target 'CMakeFiles/logic_node.dir/all' failed
[13.658s] make: *** [all] Error 2
[13.659s] Makefile:140: recipe for target 'all' failed
[13.663s] Invoked command in '/home/team/SoftwareDevelopment/ROS2/skinny/build/logic' returned '2': CMAKE_PREFIX_PATH=/home/team/SoftwareDevelopment/ROS2/skinny/install/messages:/home/team/SoftwareDevelopment/ROS2/skinny/install/zed_tracking:/home/team/SoftwareDevelopment/ROS2/skinny/install/talon:/home/team/SoftwareDevelopment/ROS2/skinny/install/power_distribution_panel:/home/team/SoftwareDevelopment/ROS2/skinny/install/logic:/home/team/SoftwareDevelopment/ROS2/skinny/install/communication:/home/team/SoftwareDevelopment/ROS2/skinny/install/autonomy:/home/team/SoftwareDevelopment/ROS2/skinny/install/excavation:/opt/ros/eloquent /usr/bin/cmake --build /home/team/SoftwareDevelopment/ROS2/skinny/build/logic -- -j4 -l4
