[0.106s] Invoking command in '/home/team/SoftwareDevelopment/ROS2/skinny/build/logic': AMENT_PREFIX_PATH=/home/team/SoftwareDevelopment/ROS2/skinny/install/messages:${AMENT_PREFIX_PATH} CMAKE_PREFIX_PATH=/home/team/SoftwareDevelopment/ROS2/skinny/install/messages:/opt/ros/eloquent LD_LIBRARY_PATH=/home/team/SoftwareDevelopment/ROS2/skinny/install/messages/lib:${LD_LIBRARY_PATH} PYTHONPATH=/home/team/SoftwareDevelopment/ROS2/skinny/install/messages/lib/python3.6/site-packages:${PYTHONPATH} /usr/bin/cmake --build /home/team/SoftwareDevelopment/ROS2/skinny/build/logic -- -j4 -l4
[0.296s] [35m[1mScanning dependencies of target logic_node[0m
[0.419s] [ 50%] [32mBuilding CXX object CMakeFiles/logic_node.dir/src/logic_node.cpp.o[0m
[4.592s] In file included from [01m[K/home/team/SoftwareDevelopment/ROS2/skinny/src/logic/include/logic/Automation1.hpp:1:0[m[K,
[4.593s]                  from [01m[K/home/team/SoftwareDevelopment/ROS2/skinny/src/logic/src/logic_node.cpp:17[m[K:
[4.594s] [01m[K/home/team/SoftwareDevelopment/ROS2/skinny/src/logic/include/logic/Automation.hpp:8:2:[m[K [01;31m[Kerror: [m[Kexpected â€˜[01m[K;[m[Kâ€™ after class definition
[4.594s]  }
[4.594s]   [01;31m[K^[m[K
[4.595s]   [32m[K;[m[K
[4.627s] [01m[K/home/team/SoftwareDevelopment/ROS2/skinny/src/logic/src/logic_node.cpp:174:10:[m[K [01;31m[Kerror: [m[Kredeclaration of â€˜[01m[KAutomation1::Position Automation1::position[m[Kâ€™
[4.629s]  Position [01;31m[Kposition[m[K;
[4.630s]           [01;31m[K^~~~~~~~[m[K
[4.630s] In file included from [01m[K/home/team/SoftwareDevelopment/ROS2/skinny/src/logic/src/logic_node.cpp:17:0[m[K:
[4.631s] [01m[K/home/team/SoftwareDevelopment/ROS2/skinny/src/logic/include/logic/Automation1.hpp:26:14:[m[K [01;36m[Knote: [m[Kprevious declaration â€˜[01m[KAutomation1::Position Automation1::position[m[Kâ€™
[4.631s]      Position [01;36m[Kposition[m[K;
[4.632s]               [01;36m[K^~~~~~~~[m[K
[4.632s] [01m[K/home/team/SoftwareDevelopment/ROS2/skinny/src/logic/src/logic_node.cpp:187:24:[m[K [01;31m[Kerror: [m[Kredeclaration of â€˜[01m[Kfloat Automation1::currentLeftSpeed[m[Kâ€™
[4.633s]  float currentLeftSpeed=[01;31m[K0[m[K;
[4.633s]                         [01;31m[K^[m[K
[4.634s] In file included from [01m[K/home/team/SoftwareDevelopment/ROS2/skinny/src/logic/src/logic_node.cpp:17:0[m[K:
[4.634s] [01m[K/home/team/SoftwareDevelopment/ROS2/skinny/src/logic/include/logic/Automation1.hpp:22:28:[m[K [01;36m[Knote: [m[Kprevious declaration â€˜[01m[Kfloat Automation1::currentLeftSpeed[m[Kâ€™
[4.635s]      float currentLeftSpeed=[01;36m[K0[m[K;
[4.635s]                             [01;36m[K^[m[K
[4.636s] [01m[K/home/team/SoftwareDevelopment/ROS2/skinny/src/logic/src/logic_node.cpp:188:25:[m[K [01;31m[Kerror: [m[Kredeclaration of â€˜[01m[Kfloat Automation1::currentRightSpeed[m[Kâ€™
[4.636s]  float currentRightSpeed=[01;31m[K0[m[K;
[4.637s]                          [01;31m[K^[m[K
[4.637s] In file included from [01m[K/home/team/SoftwareDevelopment/ROS2/skinny/src/logic/src/logic_node.cpp:17:0[m[K:
[4.638s] [01m[K/home/team/SoftwareDevelopment/ROS2/skinny/src/logic/include/logic/Automation1.hpp:23:29:[m[K [01;36m[Knote: [m[Kprevious declaration â€˜[01m[Kfloat Automation1::currentRightSpeed[m[Kâ€™
[4.638s]      float currentRightSpeed=[01;36m[K0[m[K;
[4.639s]                              [01;36m[K^[m[K
[4.639s] [01m[K/home/team/SoftwareDevelopment/ROS2/skinny/src/logic/src/logic_node.cpp:189:6:[m[K [01;31m[Kerror: [m[Kâ€˜[01m[Kvoid Automation1::changeSpeed(float, float)[m[Kâ€™ cannot be overloaded
[4.640s]  void [01;31m[KchangeSpeed[m[K(float left, float right){
[4.640s]       [01;31m[K^~~~~~~~~~~[m[K
[4.641s] In file included from [01m[K/home/team/SoftwareDevelopment/ROS2/skinny/src/logic/src/logic_node.cpp:17:0[m[K:
[4.641s] [01m[K/home/team/SoftwareDevelopment/ROS2/skinny/src/logic/include/logic/Automation1.hpp:34:10:[m[K [01;31m[Kerror: [m[Kwith â€˜[01m[Kvoid Automation1::changeSpeed(float, float)[m[Kâ€™
[4.642s]      void [01;31m[KchangeSpeed[m[K(float left, float right){
[4.642s]           [01;31m[K^~~~~~~~~~~[m[K
[4.643s] [01m[K/home/team/SoftwareDevelopment/ROS2/skinny/src/logic/src/logic_node.cpp:201:8:[m[K [01;31m[Kerror: [m[Kredefinition of â€˜[01m[Kstruct Automation1::Location[m[Kâ€™
[4.643s]  struct [01;31m[KLocation[m[K{
[4.644s]         [01;31m[K^~~~~~~~[m[K
[4.644s] In file included from [01m[K/home/team/SoftwareDevelopment/ROS2/skinny/src/logic/src/logic_node.cpp:17:0[m[K:
[4.645s] [01m[K/home/team/SoftwareDevelopment/ROS2/skinny/src/logic/include/logic/Automation1.hpp:8:12:[m[K [01;36m[Knote: [m[Kprevious definition of â€˜[01m[Kstruct Automation1::Location[m[Kâ€™
[4.645s]      struct [01;36m[KLocation[m[K{
[4.646s]             [01;36m[K^~~~~~~~[m[K
[4.646s] [01m[K/home/team/SoftwareDevelopment/ROS2/skinny/src/logic/src/logic_node.cpp:205:8:[m[K [01;31m[Kerror: [m[Kredefinition of â€˜[01m[Kstruct Automation1::Quaternion[m[Kâ€™
[4.647s]  struct [01;31m[KQuaternion[m[K {
[4.647s]         [01;31m[K^~~~~~~~~~[m[K
[4.648s] In file included from [01m[K/home/team/SoftwareDevelopment/ROS2/skinny/src/logic/src/logic_node.cpp:17:0[m[K:
[4.648s] [01m[K/home/team/SoftwareDevelopment/ROS2/skinny/src/logic/include/logic/Automation1.hpp:12:12:[m[K [01;36m[Knote: [m[Kprevious definition of â€˜[01m[Kstruct Automation1::Quaternion[m[Kâ€™
[4.649s]      struct [01;36m[KQuaternion[m[K {
[4.649s]             [01;36m[K^~~~~~~~~~[m[K
[4.649s] [01m[K/home/team/SoftwareDevelopment/ROS2/skinny/src/logic/src/logic_node.cpp:209:8:[m[K [01;31m[Kerror: [m[Kredefinition of â€˜[01m[Kstruct Automation1::EulerAngles[m[Kâ€™
[4.650s]  struct [01;31m[KEulerAngles[m[K {
[4.650s]         [01;31m[K^~~~~~~~~~~[m[K
[4.651s] In file included from [01m[K/home/team/SoftwareDevelopment/ROS2/skinny/src/logic/src/logic_node.cpp:17:0[m[K:
[4.651s] [01m[K/home/team/SoftwareDevelopment/ROS2/skinny/src/logic/include/logic/Automation1.hpp:16:12:[m[K [01;36m[Knote: [m[Kprevious definition of â€˜[01m[Kstruct Automation1::EulerAngles[m[Kâ€™
[4.652s]      struct [01;36m[KEulerAngles[m[K {
[4.652s]             [01;36m[K^~~~~~~~~~~[m[K
[4.653s] [01m[K/home/team/SoftwareDevelopment/ROS2/skinny/src/logic/src/logic_node.cpp:213:13:[m[K [01;31m[Kerror: [m[Kâ€˜[01m[KAutomation1::EulerAngles Automation1::ToEulerAngles(Automation1::Quaternion)[m[Kâ€™ cannot be overloaded
[4.653s]  EulerAngles [01;31m[KToEulerAngles[m[K(Quaternion q) {
[4.654s]              [01;31m[K^~~~~~~~~~~~~[m[K
[4.654s] In file included from [01m[K/home/team/SoftwareDevelopment/ROS2/skinny/src/logic/src/logic_node.cpp:17:0[m[K:
[4.655s] [01m[K/home/team/SoftwareDevelopment/ROS2/skinny/src/logic/include/logic/Automation1.hpp:47:17:[m[K [01;31m[Kerror: [m[Kwith â€˜[01m[KAutomation1::EulerAngles Automation1::ToEulerAngles(Automation1::Quaternion)[m[Kâ€™
[4.655s]      EulerAngles [01;31m[KToEulerAngles[m[K(Quaternion q) {
[4.656s]                  [01;31m[K^~~~~~~~~~~~~[m[K
[4.656s] [01m[K/home/team/SoftwareDevelopment/ROS2/skinny/src/logic/src/logic_node.cpp:237:6:[m[K [01;31m[Kerror: [m[Kmultiple definition of â€˜[01m[Kenum Automation1::RobotState[m[Kâ€™
[4.657s]  enum [01;31m[KRobotState[m[K{LOCATE,GO_TO_DIG_SITE,DIG,HOME,DOCK,DUMP};
[4.657s]       [01;31m[K^~~~~~~~~~[m[K
[4.658s] In file included from [01m[K/home/team/SoftwareDevelopment/ROS2/skinny/src/logic/src/logic_node.cpp:17:0[m[K:
[4.658s] [01m[K/home/team/SoftwareDevelopment/ROS2/skinny/src/logic/include/logic/Automation1.hpp:20:10:[m[K [01;36m[Knote: [m[Kprevious definition here
[4.659s]      enum [01;36m[KRobotState[m[K{LOCATE,GO_TO_DIG_SITE,DIG,HOME,DOCK,DUMP};
[4.659s]           [01;36m[K^~~~~~~~~~[m[K
[4.660s] [01m[K/home/team/SoftwareDevelopment/ROS2/skinny/src/logic/src/logic_node.cpp:238:23:[m[K [01;31m[Kerror: [m[Kredeclaration of â€˜[01m[KAutomation1::RobotState Automation1::robotState[m[Kâ€™
[4.660s]  RobotState robotState=[01;31m[KGO_TO_DIG_SITE[m[K;
[4.661s]                        [01;31m[K^~~~~~~~~~~~~~[m[K
[4.661s] In file included from [01m[K/home/team/SoftwareDevelopment/ROS2/skinny/src/logic/src/logic_node.cpp:17:0[m[K:
[4.662s] [01m[K/home/team/SoftwareDevelopment/ROS2/skinny/src/logic/include/logic/Automation1.hpp:24:27:[m[K [01;36m[Knote: [m[Kprevious declaration â€˜[01m[KAutomation1::RobotState Automation1::robotState[m[Kâ€™
[4.662s]      RobotState robotState=[01;36m[KGO_TO_DIG_SITE[m[K;
[4.662s]                            [01;36m[K^~~~~~~~~~~~~~[m[K
[4.663s] [01m[K/home/team/SoftwareDevelopment/ROS2/skinny/src/logic/src/logic_node.cpp:239:10:[m[K [01;31m[Kerror: [m[Kredeclaration of â€˜[01m[KAutomation1::Location Automation1::destination[m[Kâ€™
[4.664s]  Location [01;31m[Kdestination[m[K;
[4.664s]           [01;31m[K^~~~~~~~~~~[m[K
[4.665s] In file included from [01m[K/home/team/SoftwareDevelopment/ROS2/skinny/src/logic/src/logic_node.cpp:17:0[m[K:
[4.665s] [01m[K/home/team/SoftwareDevelopment/ROS2/skinny/src/logic/include/logic/Automation1.hpp:25:14:[m[K [01;36m[Knote: [m[Kprevious declaration â€˜[01m[KAutomation1::Location Automation1::destination[m[Kâ€™
[4.666s]      Location [01;36m[Kdestination[m[K;
[4.666s]               [01;36m[K^~~~~~~~~~~[m[K
[4.667s] [01m[K/home/team/SoftwareDevelopment/ROS2/skinny/src/logic/src/logic_node.cpp:240:6:[m[K [01;31m[Kerror: [m[Kâ€˜[01m[Kvoid Automation1::automate()[m[Kâ€™ cannot be overloaded
[4.667s]  void [01;31m[Kautomate[m[K(){
[4.668s]       [01;31m[K^~~~~~~~[m[K
[4.668s] In file included from [01m[K/home/team/SoftwareDevelopment/ROS2/skinny/src/logic/src/logic_node.cpp:17:0[m[K:
[4.669s] [01m[K/home/team/SoftwareDevelopment/ROS2/skinny/src/logic/include/logic/Automation1.hpp:71:10:[m[K [01;31m[Kerror: [m[Kwith â€˜[01m[Kvoid Automation1::automate()[m[Kâ€™
[4.669s]      void [01;31m[Kautomate[m[K(){
[4.670s]           [01;31m[K^~~~~~~~[m[K
[4.670s] [01m[K/home/team/SoftwareDevelopment/ROS2/skinny/src/logic/src/logic_node.cpp:317:1:[m[K [01;31m[Kerror: [m[Kexpected â€˜[01m[K}[m[Kâ€™ at end of input
[4.671s]  [01;31m[K}[m[K
[4.671s]  [01;31m[K^[m[K
[4.672s] [01m[K/home/team/SoftwareDevelopment/ROS2/skinny/src/logic/src/logic_node.cpp:33:40:[m[K [01;31m[Kerror: [m[Kinvalid new-expression of abstract class type â€˜[01m[KAutomation1[m[Kâ€™
[4.672s]  Automation* automation=new Automation1([01;31m[K)[m[K;
[4.673s]                                         [01;31m[K^[m[K
[4.673s] In file included from [01m[K/home/team/SoftwareDevelopment/ROS2/skinny/src/logic/src/logic_node.cpp:17:0[m[K:
[4.674s] [01m[K/home/team/SoftwareDevelopment/ROS2/skinny/src/logic/include/logic/Automation1.hpp:3:7:[m[K [01;36m[Knote: [m[K  because the following virtual functions are pure within â€˜[01m[KAutomation1[m[Kâ€™:
[4.674s]  class [01;36m[KAutomation1[m[K: public Automation{
[4.674s]        [01;36m[K^~~~~~~~~~~[m[K
[4.675s] In file included from [01m[K/home/team/SoftwareDevelopment/ROS2/skinny/src/logic/include/logic/Automation1.hpp:1:0[m[K,
[4.676s]                  from [01m[K/home/team/SoftwareDevelopment/ROS2/skinny/src/logic/src/logic_node.cpp:17[m[K:
[4.676s] [01m[K/home/team/SoftwareDevelopment/ROS2/skinny/src/logic/include/logic/Automation.hpp:7:16:[m[K [01;36m[Knote: [m[K	virtual void Automation::setPosition(Position)
[4.676s]    virtual void [01;36m[KsetPosition[m[K(Position position) = 0;
[4.677s]                 [01;36m[K^~~~~~~~~~~[m[K
[4.759s] [01m[K/home/team/SoftwareDevelopment/ROS2/skinny/src/logic/src/logic_node.cpp:[m[K In member function â€˜[01m[Kvoid Automation1::zedPositionCallback(messages::msg::ZedPosition_<std::allocator<void> >::SharedPtr)[m[Kâ€™:
[4.760s] [01m[K/home/team/SoftwareDevelopment/ROS2/skinny/src/logic/src/logic_node.cpp:184:37:[m[K [01;31m[Kerror: [m[Kno matching function for call to â€˜[01m[KAutomation::setPosition(Automation1::Position&)[m[Kâ€™
[4.760s]      automation->setPosition(position[01;31m[K)[m[K;
[4.761s]                                      [01;31m[K^[m[K
[4.761s] In file included from [01m[K/home/team/SoftwareDevelopment/ROS2/skinny/src/logic/include/logic/Automation1.hpp:1:0[m[K,
[4.762s]                  from [01m[K/home/team/SoftwareDevelopment/ROS2/skinny/src/logic/src/logic_node.cpp:17[m[K:
[4.762s] [01m[K/home/team/SoftwareDevelopment/ROS2/skinny/src/logic/include/logic/Automation.hpp:7:16:[m[K [01;36m[Knote: [m[Kcandidate: virtual void Automation::setPosition(Position)
[4.763s]    virtual void [01;36m[KsetPosition[m[K(Position position) = 0;
[4.763s]                 [01;36m[K^~~~~~~~~~~[m[K
[4.764s] [01m[K/home/team/SoftwareDevelopment/ROS2/skinny/src/logic/include/logic/Automation.hpp:7:16:[m[K [01;36m[Knote: [m[K  no known conversion for argument 1 from â€˜[01m[KAutomation1::Position[m[Kâ€™ to â€˜[01m[KPosition[m[Kâ€™
[4.775s] [01m[K/home/team/SoftwareDevelopment/ROS2/skinny/src/logic/src/logic_node.cpp:[m[K In member function â€˜[01m[Kint Automation1::main(int, char**)[m[Kâ€™:
[4.775s] [01m[K/home/team/SoftwareDevelopment/ROS2/skinny/src/logic/src/logic_node.cpp:295:130:[m[K [01;31m[Kerror: [m[Kinvalid use of non-static member function â€˜[01m[Kvoid Automation1::joystickAxisCallback(messages::msg::AxisState_<std::allocator<void> >::SharedPtr)[m[Kâ€™
[4.776s]  stickAxisSubscriber= nodeHandle->create_subscription<messages::msg::AxisState>("joystick_axis",1,joystickAxisCallback[01;31m[K)[m[K;
[4.776s]                                                                                                                       [01;31m[K^[m[K
[4.777s] [01m[K/home/team/SoftwareDevelopment/ROS2/skinny/src/logic/src/logic_node.cpp:63:6:[m[K [01;36m[Knote: [m[Kdeclared here
[4.777s]  void [01;36m[KjoystickAxisCallback[m[K(const messages::msg::AxisState::SharedPtr axisState){
[4.778s]       [01;36m[K^~~~~~~~~~~~~~~~~~~~[m[K
[4.778s] [01m[K/home/team/SoftwareDevelopment/ROS2/skinny/src/logic/src/logic_node.cpp:296:138:[m[K [01;31m[Kerror: [m[Kinvalid use of non-static member function â€˜[01m[Kvoid Automation1::joystickButtonCallback(messages::msg::ButtonState_<std::allocator<void> >::SharedPtr)[m[Kâ€™
[4.779s]  tonSubscriber= nodeHandle->create_subscription<messages::msg::ButtonState>("joystick_button",1,joystickButtonCallback[01;31m[K)[m[K;
[4.779s]                                                                                                                       [01;31m[K^[m[K
[4.780s] [01m[K/home/team/SoftwareDevelopment/ROS2/skinny/src/logic/src/logic_node.cpp:86:6:[m[K [01;36m[Knote: [m[Kdeclared here
[4.780s]  void [01;36m[KjoystickButtonCallback[m[K(const messages::msg::ButtonState::SharedPtr buttonState){
[4.781s]       [01;36m[K^~~~~~~~~~~~~~~~~~~~~~[m[K
[4.781s] [01m[K/home/team/SoftwareDevelopment/ROS2/skinny/src/logic/src/logic_node.cpp:297:126:[m[K [01;31m[Kerror: [m[Kinvalid use of non-static member function â€˜[01m[Kvoid Automation1::joystickHatCallback(messages::msg::HatState_<std::allocator<void> >::SharedPtr)[m[Kâ€™
[4.782s]   joystickHatSubscriber= nodeHandle->create_subscription<messages::msg::HatState>("joystick_hat",1,joystickHatCallback[01;31m[K)[m[K;
[4.782s]                                                                                                                       [01;31m[K^[m[K
[4.783s] [01m[K/home/team/SoftwareDevelopment/ROS2/skinny/src/logic/src/logic_node.cpp:159:6:[m[K [01;36m[Knote: [m[Kdeclared here
[4.784s]  void [01;36m[KjoystickHatCallback[m[K(const messages::msg::HatState::SharedPtr hatState){
[4.784s]       [01;36m[K^~~~~~~~~~~~~~~~~~~[m[K
[4.785s] [01m[K/home/team/SoftwareDevelopment/ROS2/skinny/src/logic/src/logic_node.cpp:298:101:[m[K [01;31m[Kerror: [m[Kinvalid use of non-static member function â€˜[01m[Kvoid Automation1::keyCallback(messages::msg::KeyState_<std::allocator<void> >::SharedPtr)[m[Kâ€™
[4.785s]      auto keySubscriber= nodeHandle->create_subscription<messages::msg::KeyState>("key",1,keyCallback[01;31m[K)[m[K;
[4.786s]                                                                                                      [01;31m[K^[m[K
[4.786s] [01m[K/home/team/SoftwareDevelopment/ROS2/skinny/src/logic/src/logic_node.cpp:163:6:[m[K [01;36m[Knote: [m[Kdeclared here
[4.787s]  void [01;36m[KkeyCallback[m[K(const messages::msg::KeyState::SharedPtr keyState){
[4.787s]       [01;36m[K^~~~~~~~~~~[m[K
[4.788s] [01m[K/home/team/SoftwareDevelopment/ROS2/skinny/src/logic/src/logic_node.cpp:299:129:[m[K [01;31m[Kerror: [m[Kinvalid use of non-static member function â€˜[01m[Kvoid Automation1::zedPositionCallback(messages::msg::ZedPosition_<std::allocator<void> >::SharedPtr)[m[Kâ€™
[4.788s]  dPositionSubscriber= nodeHandle->create_subscription<messages::msg::ZedPosition>("zed_position",1,zedPositionCallback[01;31m[K)[m[K;
[4.789s]                                                                                                                       [01;31m[K^[m[K
[4.789s] [01m[K/home/team/SoftwareDevelopment/ROS2/skinny/src/logic/src/logic_node.cpp:175:6:[m[K [01;36m[Knote: [m[Kdeclared here
[4.790s]  void [01;36m[KzedPositionCallback[m[K(const messages::msg::ZedPosition::SharedPtr zedPosition){
[4.790s]       [01;36m[K^~~~~~~~~~~~~~~~~~~[m[K
[4.805s] [01m[K/home/team/SoftwareDevelopment/ROS2/skinny/src/logic/src/logic_node.cpp:317:1:[m[K [01;35m[Kwarning: [m[Kno return statement in function returning non-void [[01;35m[K-Wreturn-type[m[K]
[4.806s]  [01;35m[K}[m[K
[4.807s]  [01;35m[K^[m[K
[4.807s] [01m[K/home/team/SoftwareDevelopment/ROS2/skinny/src/logic/src/logic_node.cpp:[m[K At global scope:
[4.808s] [01m[K/home/team/SoftwareDevelopment/ROS2/skinny/src/logic/src/logic_node.cpp:317:1:[m[K [01;31m[Kerror: [m[Kexpected unqualified-id at end of input
[7.374s] CMakeFiles/logic_node.dir/build.make:62: recipe for target 'CMakeFiles/logic_node.dir/src/logic_node.cpp.o' failed
[7.376s] CMakeFiles/Makefile2:131: recipe for target 'CMakeFiles/logic_node.dir/all' failed
[7.377s] make[2]: *** [CMakeFiles/logic_node.dir/src/logic_node.cpp.o] Error 1
[7.378s] make[1]: *** [CMakeFiles/logic_node.dir/all] Error 2
[7.378s] Makefile:140: recipe for target 'all' failed
[7.379s] make: *** [all] Error 2
[7.389s] Invoked command in '/home/team/SoftwareDevelopment/ROS2/skinny/build/logic' returned '2': AMENT_PREFIX_PATH=/home/team/SoftwareDevelopment/ROS2/skinny/install/messages:${AMENT_PREFIX_PATH} CMAKE_PREFIX_PATH=/home/team/SoftwareDevelopment/ROS2/skinny/install/messages:/opt/ros/eloquent LD_LIBRARY_PATH=/home/team/SoftwareDevelopment/ROS2/skinny/install/messages/lib:${LD_LIBRARY_PATH} PYTHONPATH=/home/team/SoftwareDevelopment/ROS2/skinny/install/messages/lib/python3.6/site-packages:${PYTHONPATH} /usr/bin/cmake --build /home/team/SoftwareDevelopment/ROS2/skinny/build/logic -- -j4 -l4
