[35m[1mScanning dependencies of target logic_node[0m
[ 50%] [32mBuilding CXX object CMakeFiles/logic_node.dir/src/logic_node.cpp.o[0m
[01m[K/home/team/SoftwareDevelopment/ROS2/skinny/src/logic/src/logic_node.cpp:[m[K In function â€˜[01m[Kvoid keyboardCallback(messages::msg::KeyState_<std::allocator<void> >::SharedPtr)[m[Kâ€™:
[01m[K/home/team/SoftwareDevelopment/ROS2/skinny/src/logic/src/logic_node.cpp:125:8:[m[K [01;31m[Kerror: [m[Kâ€˜[01m[KKeyState[m[Kâ€™ was not declared in this scope
     if([01;31m[KKeyState[m[K->key==32){
        [01;31m[K^~~~~~~~[m[K
[01m[K/home/team/SoftwareDevelopment/ROS2/skinny/src/logic/src/logic_node.cpp:125:8:[m[K [01;36m[Knote: [m[Ksuggested alternative:
In file included from [01m[K/home/team/SoftwareDevelopment/ROS2/skinny/install/messages/include/messages/msg/key_state.hpp:7:0[m[K,
                 from [01m[K/home/team/SoftwareDevelopment/ROS2/skinny/src/logic/src/logic_node.cpp:13[m[K:
[01m[K/home/team/SoftwareDevelopment/ROS2/skinny/install/messages/include/messages/msg/key_state__struct.hpp:136:49:[m[K [01;36m[Knote: [m[K  â€˜[01m[Kmessages::msg::KeyState[m[Kâ€™
   messages::msg::KeyState_<std::allocator<void>>[01;36m[K;[m[K
                                                 [01;36m[K^[m[K
CMakeFiles/logic_node.dir/build.make:62: recipe for target 'CMakeFiles/logic_node.dir/src/logic_node.cpp.o' failed
make[2]: *** [CMakeFiles/logic_node.dir/src/logic_node.cpp.o] Error 1
make[1]: *** [CMakeFiles/logic_node.dir/all] Error 2
CMakeFiles/Makefile2:131: recipe for target 'CMakeFiles/logic_node.dir/all' failed
make: *** [all] Error 2
Makefile:140: recipe for target 'all' failed
