[0.171s] Invoking command in '/home/team/SoftwareDevelopment/ROS2/skinny/build/logic': CMAKE_PREFIX_PATH=/home/team/SoftwareDevelopment/ROS2/skinny/install/messages:/home/team/SoftwareDevelopment/ROS2/skinny/install/talon:/home/team/SoftwareDevelopment/ROS2/skinny/install/power_distribution_panel:/home/team/SoftwareDevelopment/ROS2/skinny/install/logic:/home/team/SoftwareDevelopment/ROS2/skinny/install/communication:/opt/ros/eloquent /usr/bin/cmake --build /home/team/SoftwareDevelopment/ROS2/skinny/build/logic -- -j4 -l4
[0.447s] [35m[1mScanning dependencies of target logic_node[0m
[0.585s] [ 50%] [32mBuilding CXX object CMakeFiles/logic_node.dir/src/logic_node.cpp.o[0m
[4.929s] In file included from [01m[K/opt/ros/eloquent/include/rclcpp/service.hpp:33:0[m[K,
[4.930s]                  from [01m[K/opt/ros/eloquent/include/rclcpp/callback_group.hpp:25[m[K,
[4.931s]                  from [01m[K/opt/ros/eloquent/include/rclcpp/any_executable.hpp:20[m[K,
[4.932s]                  from [01m[K/opt/ros/eloquent/include/rclcpp/memory_strategy.hpp:24[m[K,
[4.933s]                  from [01m[K/opt/ros/eloquent/include/rclcpp/memory_strategies.hpp:18[m[K,
[4.933s]                  from [01m[K/opt/ros/eloquent/include/rclcpp/executor.hpp:33[m[K,
[4.934s]                  from [01m[K/opt/ros/eloquent/include/rclcpp/executors/multi_threaded_executor.hpp:25[m[K,
[4.934s]                  from [01m[K/opt/ros/eloquent/include/rclcpp/executors.hpp:21[m[K,
[4.935s]                  from [01m[K/opt/ros/eloquent/include/rclcpp/rclcpp.hpp:145[m[K,
[4.935s]                  from [01m[K/home/team/SoftwareDevelopment/ROS2/skinny/src/logic/src/logic_node.cpp:3[m[K:
[4.936s] [01m[K/home/team/SoftwareDevelopment/ROS2/skinny/src/logic/src/logic_node.cpp:[m[K In function â€˜[01m[Kvoid updateSpeed()[m[Kâ€™:
[4.937s] [01m[K/home/team/SoftwareDevelopment/ROS2/skinny/src/logic/src/logic_node.cpp:39:29:[m[K [01;31m[Kerror: [m[Kâ€˜[01m[Kusing element_type = class rclcpp::Node {aka class rclcpp::Node}[m[Kâ€™ has no member named â€˜[01m[KgetLogger[m[Kâ€™; did you mean â€˜[01m[Kget_logger[m[Kâ€™?
[4.937s]      RCLCPP_INFO(nodeHandle->[01;31m[Kg[m[KetLogger(),"speed %f %f", speedLeft.data,  speedRight.data);
[4.938s]                              [01;31m[K^[m[K
[4.939s] [01m[K/opt/ros/eloquent/include/rclcpp/logging.hpp:537:86:[m[K [01;36m[Knote: [m[Kin definition of macro â€˜[01m[KRCLCPP_INFO[m[Kâ€™
[4.939s]   ::std::is_same<typename std::remove_cv<typename std::remove_reference<decltype([01;36m[Klogger[m[K)>::type>::type, \
[4.940s]                                                                                  [01;36m[K^~~~~~[m[K
[4.940s] [01m[K/home/team/SoftwareDevelopment/ROS2/skinny/src/logic/src/logic_node.cpp:39:29:[m[K [01;31m[Kerror: [m[Kâ€˜[01m[Kusing element_type = class rclcpp::Node {aka class rclcpp::Node}[m[Kâ€™ has no member named â€˜[01m[KgetLogger[m[Kâ€™; did you mean â€˜[01m[Kget_logger[m[Kâ€™?
[4.941s]      RCLCPP_INFO(nodeHandle->[01;31m[Kg[m[KetLogger(),"speed %f %f", speedLeft.data,  speedRight.data);
[4.941s]                              [01;31m[K^[m[K
[4.942s] [01m[K/opt/ros/eloquent/include/rclcpp/logging.hpp:537:86:[m[K [01;36m[Knote: [m[Kin definition of macro â€˜[01m[KRCLCPP_INFO[m[Kâ€™
[4.943s]   ::std::is_same<typename std::remove_cv<typename std::remove_reference<decltype([01;36m[Klogger[m[K)>::type>::type, \
[4.943s]                                                                                  [01;36m[K^~~~~~[m[K
[4.944s] [01m[K/opt/ros/eloquent/include/rclcpp/logging.hpp:537:93:[m[K [01;31m[Kerror: [m[Ktemplate argument 1 is invalid
[4.944s]  :is_same<typename std::remove_cv<typename std::remove_reference<decltype(logger)[01;31m[K>[m[K::type>::type, \
[4.945s]                                                                                  [01;31m[K^[m[K
[4.945s] [01m[K/home/team/SoftwareDevelopment/ROS2/skinny/src/logic/src/logic_node.cpp:39:5:[m[K [01;36m[Knote: [m[Kin expansion of macro â€˜[01m[KRCLCPP_INFO[m[Kâ€™
[4.946s]      [01;36m[KRCLCPP_INFO[m[K(nodeHandle->getLogger(),"speed %f %f", speedLeft.data,  speedRight.data);
[4.947s]      [01;36m[K^~~~~~~~~~~[m[K
[4.947s] [01m[K/opt/ros/eloquent/include/rclcpp/logging.hpp:537:100:[m[K [01;31m[Kerror: [m[Ktemplate argument 1 is invalid
[4.948s]  me<typename std::remove_cv<typename std::remove_reference<decltype(logger)>::type[01;31m[K>[m[K::type, \
[4.948s]                                                                                   [01;31m[K^[m[K
[4.949s] [01m[K/home/team/SoftwareDevelopment/ROS2/skinny/src/logic/src/logic_node.cpp:39:5:[m[K [01;36m[Knote: [m[Kin expansion of macro â€˜[01m[KRCLCPP_INFO[m[Kâ€™
[4.949s]      [01;36m[KRCLCPP_INFO[m[K(nodeHandle->getLogger(),"speed %f %f", speedLeft.data,  speedRight.data);
[4.950s]      [01;36m[K^~~~~~~~~~~[m[K
[4.950s] [01m[K/opt/ros/eloquent/include/rclcpp/logging.hpp:538:32:[m[K [01;31m[Kerror: [m[Ktemplate argument 1 is invalid
[4.951s]        typename ::rclcpp::Logger[01;31m[K>[m[K::value, \
[4.951s]                                 [01;31m[K^[m[K
[4.952s] [01m[K/home/team/SoftwareDevelopment/ROS2/skinny/src/logic/src/logic_node.cpp:39:5:[m[K [01;36m[Knote: [m[Kin expansion of macro â€˜[01m[KRCLCPP_INFO[m[Kâ€™
[4.952s]      [01;36m[KRCLCPP_INFO[m[K(nodeHandle->getLogger(),"speed %f %f", speedLeft.data,  speedRight.data);
[4.953s]      [01;36m[K^~~~~~~~~~~[m[K
[4.953s] In file included from [01m[K/opt/ros/eloquent/include/rclcpp/client.hpp:39:0[m[K,
[4.954s]                  from [01m[K/opt/ros/eloquent/include/rclcpp/callback_group.hpp:23[m[K,
[4.954s]                  from [01m[K/opt/ros/eloquent/include/rclcpp/any_executable.hpp:20[m[K,
[4.955s]                  from [01m[K/opt/ros/eloquent/include/rclcpp/memory_strategy.hpp:24[m[K,
[4.955s]                  from [01m[K/opt/ros/eloquent/include/rclcpp/memory_strategies.hpp:18[m[K,
[4.956s]                  from [01m[K/opt/ros/eloquent/include/rclcpp/executor.hpp:33[m[K,
[4.956s]                  from [01m[K/opt/ros/eloquent/include/rclcpp/executors/multi_threaded_executor.hpp:25[m[K,
[4.957s]                  from [01m[K/opt/ros/eloquent/include/rclcpp/executors.hpp:21[m[K,
[4.957s]                  from [01m[K/opt/ros/eloquent/include/rclcpp/rclcpp.hpp:145[m[K,
[4.958s]                  from [01m[K/home/team/SoftwareDevelopment/ROS2/skinny/src/logic/src/logic_node.cpp:3[m[K:
[4.958s] [01m[K/home/team/SoftwareDevelopment/ROS2/skinny/src/logic/src/logic_node.cpp:39:29:[m[K [01;31m[Kerror: [m[Kâ€˜[01m[Kusing element_type = class rclcpp::Node {aka class rclcpp::Node}[m[Kâ€™ has no member named â€˜[01m[KgetLogger[m[Kâ€™; did you mean â€˜[01m[Kget_logger[m[Kâ€™?
[4.959s]      RCLCPP_INFO(nodeHandle->[01;31m[Kg[m[KetLogger(),"speed %f %f", speedLeft.data,  speedRight.data);
[4.959s]                              [01;31m[K^[m[K
[4.960s] [01m[K/opt/ros/eloquent/include/rcutils/logging_macros.h:70:47:[m[K [01;36m[Knote: [m[Kin definition of macro â€˜[01m[KRCUTILS_LOG_COND_NAMED[m[Kâ€™
[4.960s]      if (rcutils_logging_logger_is_enabled_for([01;36m[Kname[m[K, severity)) { \
[4.961s]                                                [01;36m[K^~~~[m[K
[4.961s] [01m[K/opt/ros/eloquent/include/rclcpp/logging.hpp:541:5:[m[K [01;36m[Knote: [m[Kin expansion of macro â€˜[01m[KRCUTILS_LOG_INFO_NAMED[m[Kâ€™
[4.962s]      [01;36m[KRCUTILS_LOG_INFO_NAMED[m[K( \
[4.962s]      [01;36m[K^~~~~~~~~~~~~~~~~~~~~~[m[K
[4.963s] [01m[K/home/team/SoftwareDevelopment/ROS2/skinny/src/logic/src/logic_node.cpp:39:5:[m[K [01;36m[Knote: [m[Kin expansion of macro â€˜[01m[KRCLCPP_INFO[m[Kâ€™
[4.963s]      [01;36m[KRCLCPP_INFO[m[K(nodeHandle->getLogger(),"speed %f %f", speedLeft.data,  speedRight.data);
[4.964s]      [01;36m[K^~~~~~~~~~~[m[K
[4.964s] [01m[K/home/team/SoftwareDevelopment/ROS2/skinny/src/logic/src/logic_node.cpp:39:29:[m[K [01;31m[Kerror: [m[Kâ€˜[01m[Kusing element_type = class rclcpp::Node {aka class rclcpp::Node}[m[Kâ€™ has no member named â€˜[01m[KgetLogger[m[Kâ€™; did you mean â€˜[01m[Kget_logger[m[Kâ€™?
[4.965s]      RCLCPP_INFO(nodeHandle->[01;31m[Kg[m[KetLogger(),"speed %f %f", speedLeft.data,  speedRight.data);
[4.965s]                              [01;31m[K^[m[K
[4.966s] [01m[K/opt/ros/eloquent/include/rcutils/logging_macros.h:72:58:[m[K [01;36m[Knote: [m[Kin definition of macro â€˜[01m[KRCUTILS_LOG_COND_NAMED[m[Kâ€™
[4.967s]        rcutils_log(&__rcutils_logging_location, severity, [01;36m[Kname[m[K, __VA_ARGS__); \
[4.967s]                                                           [01;36m[K^~~~[m[K
[4.968s] [01m[K/opt/ros/eloquent/include/rclcpp/logging.hpp:541:5:[m[K [01;36m[Knote: [m[Kin expansion of macro â€˜[01m[KRCUTILS_LOG_INFO_NAMED[m[Kâ€™
[4.968s]      [01;36m[KRCUTILS_LOG_INFO_NAMED[m[K( \
[4.969s]      [01;36m[K^~~~~~~~~~~~~~~~~~~~~~[m[K
[4.969s] [01m[K/home/team/SoftwareDevelopment/ROS2/skinny/src/logic/src/logic_node.cpp:39:5:[m[K [01;36m[Knote: [m[Kin expansion of macro â€˜[01m[KRCLCPP_INFO[m[Kâ€™
[4.970s]      [01;36m[KRCLCPP_INFO[m[K(nodeHandle->getLogger(),"speed %f %f", speedLeft.data,  speedRight.data);
[4.970s]      [01;36m[K^~~~~~~~~~~[m[K
[13.019s] make[2]: *** [CMakeFiles/logic_node.dir/src/logic_node.cpp.o] Error 1
[13.020s] CMakeFiles/logic_node.dir/build.make:62: recipe for target 'CMakeFiles/logic_node.dir/src/logic_node.cpp.o' failed
[13.021s] make[1]: *** [CMakeFiles/logic_node.dir/all] Error 2
[13.021s] make: *** [all] Error 2
[13.022s] CMakeFiles/Makefile2:131: recipe for target 'CMakeFiles/logic_node.dir/all' failed
[13.023s] Makefile:140: recipe for target 'all' failed
[13.033s] Invoked command in '/home/team/SoftwareDevelopment/ROS2/skinny/build/logic' returned '2': CMAKE_PREFIX_PATH=/home/team/SoftwareDevelopment/ROS2/skinny/install/messages:/home/team/SoftwareDevelopment/ROS2/skinny/install/talon:/home/team/SoftwareDevelopment/ROS2/skinny/install/power_distribution_panel:/home/team/SoftwareDevelopment/ROS2/skinny/install/logic:/home/team/SoftwareDevelopment/ROS2/skinny/install/communication:/opt/ros/eloquent /usr/bin/cmake --build /home/team/SoftwareDevelopment/ROS2/skinny/build/logic -- -j4 -l4
