[0.162s] Invoking command in '/home/team/SoftwareDevelopment/ROS2/skinny/build/talon': AMENT_PREFIX_PATH=/home/team/SoftwareDevelopment/ROS2/skinny/install/messages:${AMENT_PREFIX_PATH} CMAKE_PREFIX_PATH=/home/team/SoftwareDevelopment/ROS2/skinny/install/messages:${CMAKE_PREFIX_PATH} LD_LIBRARY_PATH=/home/team/SoftwareDevelopment/ROS2/skinny/install/messages/lib:${LD_LIBRARY_PATH} PYTHONPATH=/home/team/SoftwareDevelopment/ROS2/skinny/install/messages/lib/python3.8/site-packages:${PYTHONPATH} /usr/bin/cmake --build /home/team/SoftwareDevelopment/ROS2/skinny/build/talon -- -j4 -l4
[0.370s] [35m[1mScanning dependencies of target talon_node[0m
[0.496s] [ 50%] [32mBuilding CXX object CMakeFiles/talon_node.dir/src/talon_node.cpp.o[0m
[6.543s] [01m[K/home/team/SoftwareDevelopment/ROS2/skinny/src/talon/src/talon_node.cpp:[m[K In function â€˜[01m[Kvoid stopCallback(std_msgs::msg::Empty)[m[Kâ€™:
[6.544s] [01m[K/home/team/SoftwareDevelopment/ROS2/skinny/src/talon/src/talon_node.cpp:27:40:[m[K [01;35m[Kwarning: [m[Kunused parameter â€˜[01m[Kempty[m[Kâ€™ [[01;35m[K-Wunused-parameter[m[K]
[6.544s]    27 | void stopCallback([01;35m[Kstd_msgs::msg::Empty empty[m[K){
[6.544s]       |                   [01;35m[K~~~~~~~~~~~~~~~~~~~~~^~~~~[m[K
[6.545s] [01m[K/home/team/SoftwareDevelopment/ROS2/skinny/src/talon/src/talon_node.cpp:[m[K In function â€˜[01m[Kvoid goCallback(std_msgs::msg::Empty)[m[Kâ€™:
[6.545s] [01m[K/home/team/SoftwareDevelopment/ROS2/skinny/src/talon/src/talon_node.cpp:31:38:[m[K [01;35m[Kwarning: [m[Kunused parameter â€˜[01m[Kempty[m[Kâ€™ [[01;35m[K-Wunused-parameter[m[K]
[6.546s]    31 | void goCallback([01;35m[Kstd_msgs::msg::Empty empty[m[K){
[6.546s]       |                 [01;35m[K~~~~~~~~~~~~~~~~~~~~~^~~~~[m[K
[6.602s] In file included from [01m[K/opt/ros/foxy/include/rclcpp/client.hpp:40[m[K,
[6.603s]                  from [01m[K/opt/ros/foxy/include/rclcpp/callback_group.hpp:23[m[K,
[6.603s]                  from [01m[K/opt/ros/foxy/include/rclcpp/any_executable.hpp:20[m[K,
[6.604s]                  from [01m[K/opt/ros/foxy/include/rclcpp/memory_strategy.hpp:24[m[K,
[6.604s]                  from [01m[K/opt/ros/foxy/include/rclcpp/memory_strategies.hpp:18[m[K,
[6.604s]                  from [01m[K/opt/ros/foxy/include/rclcpp/executor_options.hpp:20[m[K,
[6.605s]                  from [01m[K/opt/ros/foxy/include/rclcpp/executor.hpp:33[m[K,
[6.605s]                  from [01m[K/opt/ros/foxy/include/rclcpp/executors/multi_threaded_executor.hpp:25[m[K,
[6.605s]                  from [01m[K/opt/ros/foxy/include/rclcpp/executors.hpp:21[m[K,
[6.606s]                  from [01m[K/opt/ros/foxy/include/rclcpp/rclcpp.hpp:146[m[K,
[6.606s]                  from [01m[K/home/team/SoftwareDevelopment/ROS2/skinny/src/talon/src/talon_node.cpp:7[m[K:
[6.607s] [01m[K/home/team/SoftwareDevelopment/ROS2/skinny/src/talon/src/talon_node.cpp:[m[K In function â€˜[01m[Kint main(int, char**)[m[Kâ€™:
[6.607s] [01m[K/home/team/SoftwareDevelopment/ROS2/skinny/src/talon/src/talon_node.cpp:73:56:[m[K [01;31m[Kerror: [m[Kâ€˜[01m[Kinfo_topic[m[Kâ€™ was not declared in this scope; did you mean â€˜[01m[KinfoTopic[m[Kâ€™?
[6.607s]    73 |  RCLCPP_INFO(nodeHandle->get_logger(),"info_topic: %s",[01;31m[Kinfo_topic[m[K.c_str());
[6.608s]       |                                                        [01;31m[K^~~~~~~~~~[m[K
[6.613s] [01m[K/home/team/SoftwareDevelopment/ROS2/skinny/src/talon/src/talon_node.cpp:81:57:[m[K [01;31m[Kerror: [m[Kâ€˜[01m[Kspeed_topic[m[Kâ€™ was not declared in this scope; did you mean â€˜[01m[KspeedTopic[m[Kâ€™?
[6.613s]    81 |  RCLCPP_INFO(nodeHandle->get_logger(),"speed_topic: %s",[01;31m[Kspeed_topic[m[K.c_str());
[6.614s]       |                                                         [01;31m[K^~~~~~~~~~~[m[K
[6.629s] [01m[K/home/team/SoftwareDevelopment/ROS2/skinny/src/talon/src/talon_node.cpp:89:58:[m[K [01;31m[Kerror: [m[Kâ€˜[01m[Kinveret_motor[m[Kâ€™ was not declared in this scope; did you mean â€˜[01m[KinvertMotor[m[Kâ€™?
[6.629s]    89 |  RCLCPP_INFO(nodeHandle->get_logger(),"invert_motor: %d",[01;31m[Kinveret_motor[m[K);
[6.630s]       |                                                          [01;31m[K^~~~~~~~~~~~~[m[K
[6.638s] [01m[K/home/team/SoftwareDevelopment/ROS2/skinny/src/talon/src/talon_node.cpp:96:58:[m[K [01;31m[Kerror: [m[Kâ€˜[01m[Kuse_velocity[m[Kâ€™ was not declared in this scope; did you mean â€˜[01m[KuseVelocity[m[Kâ€™?
[6.639s]    96 |  RCLCPP_INFO(nodeHandle->get_logger(),"use_velocity: %d",[01;31m[Kuse_velocity[m[K);
[6.639s]       |                                                          [01;31m[K^~~~~~~~~~~~[m[K
[6.648s] [01m[K/home/team/SoftwareDevelopment/ROS2/skinny/src/talon/src/talon_node.cpp:103:65:[m[K [01;31m[Kerror: [m[Kâ€˜[01m[Kvelocity_multiplier[m[Kâ€™ was not declared in this scope; did you mean â€˜[01m[KvelocityMultiplier[m[Kâ€™?
[6.649s]   103 |  RCLCPP_INFO(nodeHandle->get_logger(),"velocity_multiplier: %d",[01;31m[Kvelocity_multiplier[m[K);
[6.649s]       |                                                                 [01;31m[K^~~~~~~~~~~~~~~~~~~[m[K
[6.796s] [01m[K/home/team/SoftwareDevelopment/ROS2/skinny/src/talon/src/talon_node.cpp:202:9:[m[K [01;35m[Kwarning: [m[Kunused variable â€˜[01m[KisInverted[m[Kâ€™ [[01;35m[K-Wunused-variable[m[K]
[6.797s]   202 |    bool [01;35m[KisInverted[m[K=talonSRX->GetInverted();
[6.797s]       |         [01;35m[K^~~~~~~~~~[m[K
[13.650s] make[2]: *** [CMakeFiles/talon_node.dir/build.make:63: CMakeFiles/talon_node.dir/src/talon_node.cpp.o] Error 1
[13.650s] make[1]: *** [CMakeFiles/Makefile2:78: CMakeFiles/talon_node.dir/all] Error 2
[13.651s] make: *** [Makefile:141: all] Error 2
[13.659s] Invoked command in '/home/team/SoftwareDevelopment/ROS2/skinny/build/talon' returned '2': AMENT_PREFIX_PATH=/home/team/SoftwareDevelopment/ROS2/skinny/install/messages:${AMENT_PREFIX_PATH} CMAKE_PREFIX_PATH=/home/team/SoftwareDevelopment/ROS2/skinny/install/messages:${CMAKE_PREFIX_PATH} LD_LIBRARY_PATH=/home/team/SoftwareDevelopment/ROS2/skinny/install/messages/lib:${LD_LIBRARY_PATH} PYTHONPATH=/home/team/SoftwareDevelopment/ROS2/skinny/install/messages/lib/python3.8/site-packages:${PYTHONPATH} /usr/bin/cmake --build /home/team/SoftwareDevelopment/ROS2/skinny/build/talon -- -j4 -l4
