-- Found ament_cmake: 0.8.3 (/opt/ros/eloquent/share/ament_cmake/cmake)
-- Using PYTHON_EXECUTABLE: /usr/bin/python3
-- Found rclcpp: 0.8.5 (/opt/ros/eloquent/share/rclcpp/cmake)
-- Found rosidl_adapter: 0.8.3 (/opt/ros/eloquent/share/rosidl_adapter/cmake)
-- Found rmw_implementation_cmake: 0.8.1 (/opt/ros/eloquent/share/rmw_implementation_cmake/cmake)
-- Using RMW implementation 'rmw_fastrtps_cpp' as default
-- Found std_msgs: 0.8.1 (/opt/ros/eloquent/share/std_msgs/cmake)
-- Found messages: 0.0.0 (/home/team/SoftwareDevelopment/ROS2/skinny/install/messages/share/messages/cmake)
-- Configuring done
-- Generating done
-- Build files have been written to: /home/team/SoftwareDevelopment/ROS2/skinny/build/logic
[35m[1mScanning dependencies of target logic_node[0m
[ 75%] [32mBuilding CXX object CMakeFiles/logic_node.dir/src/Automation1.cpp.o[0m
[ 75%] [32mBuilding CXX object CMakeFiles/logic_node.dir/src/logic_node.cpp.o[0m
[ 75%] [32mBuilding CXX object CMakeFiles/logic_node.dir/src/Automation.cpp.o[0m
[01m[K/home/team/SoftwareDevelopment/ROS2/skinny/src/logic/src/Automation.cpp:1:9:[m[K [01;35m[Kwarning: [m[K#pragma once in main file
 #pragma [01;35m[Konce[m[K
         [01;35m[K^~~~[m[K
[01m[K/home/team/SoftwareDevelopment/ROS2/skinny/src/logic/src/Automation1.cpp:[m[K In member function â€˜[01m[Kvirtual void Automation1::automate()[m[Kâ€™:
[01m[K/home/team/SoftwareDevelopment/ROS2/skinny/src/logic/src/Automation1.cpp:18:33:[m[K [01;31m[Kerror: [m[Kâ€˜[01m[Ksin[m[Kâ€™ was not declared in this scope
             double facingUnitX=-[01;31m[Ksin[m[K(yawRadians);
                                 [01;31m[K^~~[m[K
[01m[K/home/team/SoftwareDevelopment/ROS2/skinny/src/logic/src/Automation1.cpp:18:33:[m[K [01;36m[Knote: [m[Ksuggested alternative: â€˜[01m[Kstdin[m[Kâ€™
             double facingUnitX=-[01;36m[Ksin[m[K(yawRadians);
                                 [01;36m[K^~~[m[K
                                 [32m[Kstdin[m[K
[01m[K/home/team/SoftwareDevelopment/ROS2/skinny/src/logic/src/Automation1.cpp:19:32:[m[K [01;31m[Kerror: [m[Kâ€˜[01m[Kcos[m[Kâ€™ was not declared in this scope
             double facingUnitZ=[01;31m[Kcos[m[K(yawRadians);
                                [01;31m[K^~~[m[K
[01m[K/home/team/SoftwareDevelopment/ROS2/skinny/src/logic/src/Automation1.cpp:23:84:[m[K [01;31m[Kerror: [m[Kâ€˜[01m[Ksqrt[m[Kâ€™ was not declared in this scope
             double theta = acos((facingUnitX*directionX + facingUnitZ*directionZ)/([01;31m[Ksqrt[m[K(directionX*directionX + directionZ*directionZ)))*180/M_PI;
                                                                                    [01;31m[K^~~~[m[K
[01m[K/home/team/SoftwareDevelopment/ROS2/skinny/src/logic/src/Automation1.cpp:23:84:[m[K [01;36m[Knote: [m[Ksuggested alternative: â€˜[01m[Kqsort[m[Kâ€™
             double theta = acos((facingUnitX*directionX + facingUnitZ*directionZ)/([01;36m[Ksqrt[m[K(directionX*directionX + directionZ*directionZ)))*180/M_PI;
                                                                                    [01;36m[K^~~~[m[K
                                                                                    [32m[Kqsort[m[K
[01m[K/home/team/SoftwareDevelopment/ROS2/skinny/src/logic/src/Automation1.cpp:23:28:[m[K [01;31m[Kerror: [m[Kâ€˜[01m[Kacos[m[Kâ€™ was not declared in this scope
             double theta = [01;31m[Kacos[m[K((facingUnitX*directionX + facingUnitZ*directionZ)/(sqrt(directionX*directionX + directionZ*directionZ)))*180/M_PI;
                            [01;31m[K^~~~[m[K
[01m[K/home/team/SoftwareDevelopment/ROS2/skinny/src/logic/src/Automation1.cpp:23:28:[m[K [01;36m[Knote: [m[Ksuggested alternative: â€˜[01m[Katol[m[Kâ€™
             double theta = [01;36m[Kacos[m[K((facingUnitX*directionX + facingUnitZ*directionZ)/(sqrt(directionX*directionX + directionZ*directionZ)))*180/M_PI;
                            [01;36m[K^~~~[m[K
                            [32m[Katol[m[K
[01m[K/home/team/SoftwareDevelopment/ROS2/skinny/src/logic/src/Automation1.cpp:23:142:[m[K [01;31m[Kerror: [m[Kâ€˜[01m[KM_PI[m[Kâ€™ was not declared in this scope
             double theta = acos((facingUnitX*directionX + facingUnitZ*directionZ)/(sqrt(directionX*directionX + directionZ*directionZ)))*180/[01;31m[KM_PI[m[K;
                                                                                                                                              [01;31m[K^~~~[m[K
[01m[K/home/team/SoftwareDevelopment/ROS2/skinny/src/logic/src/Automation1.cpp:23:142:[m[K [01;36m[Knote: [m[Ksuggested alternative: â€˜[01m[KP_PID[m[Kâ€™
             double theta = acos((facingUnitX*directionX + facingUnitZ*directionZ)/(sqrt(directionX*directionX + directionZ*directionZ)))*180/[01;36m[KM_PI[m[K;
                                                                                                                                              [01;36m[K^~~~[m[K
                                                                                                                                              [32m[KP_PID[m[K
[01m[K/home/team/SoftwareDevelopment/ROS2/skinny/src/logic/src/Automation.cpp:[m[K In member function â€˜[01m[KEulerAngles Automation::toEulerAngles(Quaternion)[m[Kâ€™:
[01m[K/home/team/SoftwareDevelopment/ROS2/skinny/src/logic/src/Automation.cpp:45:24:[m[K [01;31m[Kerror: [m[Kâ€˜[01m[Katan2[m[Kâ€™ is not a member of â€˜[01m[Kstd[m[Kâ€™
     angles.roll = std::[01;31m[Katan2[m[K(sinr_cosp, cosr_cosp);
                        [01;31m[K^~~~~[m[K
[01m[K/home/team/SoftwareDevelopment/ROS2/skinny/src/logic/src/Automation.cpp:50:29:[m[K [01;31m[Kerror: [m[Kâ€˜[01m[Kcopysign[m[Kâ€™ is not a member of â€˜[01m[Kstd[m[Kâ€™
         angles.pitch = std::[01;31m[Kcopysign[m[K(M_PI / 2, sinp); // use 90 degrees if out of range
                             [01;31m[K^~~~~~~~[m[K
[01m[K/home/team/SoftwareDevelopment/ROS2/skinny/src/logic/src/Automation.cpp:50:29:[m[K [01;36m[Knote: [m[Ksuggested alternative: â€˜[01m[Kcopy_n[m[Kâ€™
         angles.pitch = std::[01;36m[Kcopysign[m[K(M_PI / 2, sinp); // use 90 degrees if out of range
                             [01;36m[K^~~~~~~~[m[K
                             [32m[Kcopy_n[m[K
[01m[K/home/team/SoftwareDevelopment/ROS2/skinny/src/logic/src/Automation.cpp:50:38:[m[K [01;31m[Kerror: [m[Kâ€˜[01m[KM_PI[m[Kâ€™ was not declared in this scope
         angles.pitch = std::copysign([01;31m[KM_PI[m[K / 2, sinp); // use 90 degrees if out of range
                                      [01;31m[K^~~~[m[K
[01m[K/home/team/SoftwareDevelopment/ROS2/skinny/src/logic/src/Automation.cpp:50:38:[m[K [01;36m[Knote: [m[Ksuggested alternative: â€˜[01m[KP_PID[m[Kâ€™
         angles.pitch = std::copysign([01;36m[KM_PI[m[K / 2, sinp); // use 90 degrees if out of range
                                      [01;36m[K^~~~[m[K
                                      [32m[KP_PID[m[K
[01m[K/home/team/SoftwareDevelopment/ROS2/skinny/src/logic/src/Automation.cpp:52:29:[m[K [01;31m[Kerror: [m[Kâ€˜[01m[Kasin[m[Kâ€™ is not a member of â€˜[01m[Kstd[m[Kâ€™
         angles.pitch = std::[01;31m[Kasin[m[K(sinp);
                             [01;31m[K^~~~[m[K
[01m[K/home/team/SoftwareDevelopment/ROS2/skinny/src/logic/src/Automation.cpp:52:29:[m[K [01;36m[Knote: [m[Ksuggested alternative: â€˜[01m[Kwcin[m[Kâ€™
         angles.pitch = std::[01;36m[Kasin[m[K(sinp);
                             [01;36m[K^~~~[m[K
                             [32m[Kwcin[m[K
[01m[K/home/team/SoftwareDevelopment/ROS2/skinny/src/logic/src/Automation.cpp:57:23:[m[K [01;31m[Kerror: [m[Kâ€˜[01m[Katan2[m[Kâ€™ is not a member of â€˜[01m[Kstd[m[Kâ€™
     angles.yaw = std::[01;31m[Katan2[m[K(siny_cosp, cosy_cosp);
                       [01;31m[K^~~~~[m[K
make[2]: *** [CMakeFiles/logic_node.dir/src/Automation1.cpp.o] Error 1
CMakeFiles/logic_node.dir/build.make:110: recipe for target 'CMakeFiles/logic_node.dir/src/Automation1.cpp.o' failed
make[2]: *** Waiting for unfinished jobs....
make[2]: *** [CMakeFiles/logic_node.dir/src/Automation.cpp.o] Error 1
CMakeFiles/logic_node.dir/build.make:86: recipe for target 'CMakeFiles/logic_node.dir/src/Automation.cpp.o' failed
make[1]: *** [CMakeFiles/logic_node.dir/all] Error 2
CMakeFiles/Makefile2:131: recipe for target 'CMakeFiles/logic_node.dir/all' failed
Makefile:140: recipe for target 'all' failed
make: *** [all] Error 2
