[0.104s] Invoking command in '/home/team/SoftwareDevelopment/ROS2/skinny/build/logic': AMENT_PREFIX_PATH=/home/team/SoftwareDevelopment/ROS2/skinny/install/messages:${AMENT_PREFIX_PATH} CMAKE_PREFIX_PATH=/home/team/SoftwareDevelopment/ROS2/skinny/install/messages:/opt/ros/eloquent LD_LIBRARY_PATH=/home/team/SoftwareDevelopment/ROS2/skinny/install/messages/lib:${LD_LIBRARY_PATH} PYTHONPATH=/home/team/SoftwareDevelopment/ROS2/skinny/install/messages/lib/python3.6/site-packages:${PYTHONPATH} /usr/bin/cmake --build /home/team/SoftwareDevelopment/ROS2/skinny/build/logic -- -j4 -l4
[0.244s] -- Found ament_cmake: 0.8.3 (/opt/ros/eloquent/share/ament_cmake/cmake)
[0.404s] -- Using PYTHON_EXECUTABLE: /usr/bin/python3
[1.799s] -- Found rclcpp: 0.8.5 (/opt/ros/eloquent/share/rclcpp/cmake)
[1.870s] -- Found rosidl_adapter: 0.8.3 (/opt/ros/eloquent/share/rosidl_adapter/cmake)
[2.042s] -- Found rmw_implementation_cmake: 0.8.1 (/opt/ros/eloquent/share/rmw_implementation_cmake/cmake)
[2.049s] -- Using RMW implementation 'rmw_fastrtps_cpp' as default
[2.205s] -- Found std_msgs: 0.8.1 (/opt/ros/eloquent/share/std_msgs/cmake)
[2.242s] -- Found messages: 0.0.0 (/home/team/SoftwareDevelopment/ROS2/skinny/install/messages/share/messages/cmake)
[2.657s] -- Configuring done
[2.719s] -- Generating done
[2.725s] -- Build files have been written to: /home/team/SoftwareDevelopment/ROS2/skinny/build/logic
[2.812s] [35m[1mScanning dependencies of target logic_node[0m
[2.939s] [ 75%] [32mBuilding CXX object CMakeFiles/logic_node.dir/src/Automation1.cpp.o[0m
[2.940s] [ 75%] [32mBuilding CXX object CMakeFiles/logic_node.dir/src/logic_node.cpp.o[0m
[2.941s] [ 75%] [32mBuilding CXX object CMakeFiles/logic_node.dir/src/Automation.cpp.o[0m
[2.967s] [01m[K/home/team/SoftwareDevelopment/ROS2/skinny/src/logic/src/Automation.cpp:1:9:[m[K [01;35m[Kwarning: [m[K#pragma once in main file
[2.968s]  #pragma [01;35m[Konce[m[K
[2.968s]          [01;35m[K^~~~[m[K
[7.030s] [01m[K/home/team/SoftwareDevelopment/ROS2/skinny/src/logic/src/Automation1.cpp:[m[K In member function â€˜[01m[Kvirtual void Automation1::automate()[m[Kâ€™:
[7.031s] [01m[K/home/team/SoftwareDevelopment/ROS2/skinny/src/logic/src/Automation1.cpp:18:33:[m[K [01;31m[Kerror: [m[Kâ€˜[01m[Ksin[m[Kâ€™ was not declared in this scope
[7.032s]              double facingUnitX=-[01;31m[Ksin[m[K(yawRadians);
[7.033s]                                  [01;31m[K^~~[m[K
[7.034s] [01m[K/home/team/SoftwareDevelopment/ROS2/skinny/src/logic/src/Automation1.cpp:18:33:[m[K [01;36m[Knote: [m[Ksuggested alternative: â€˜[01m[Kstdin[m[Kâ€™
[7.035s]              double facingUnitX=-[01;36m[Ksin[m[K(yawRadians);
[7.036s]                                  [01;36m[K^~~[m[K
[7.036s]                                  [32m[Kstdin[m[K
[7.038s] [01m[K/home/team/SoftwareDevelopment/ROS2/skinny/src/logic/src/Automation1.cpp:19:32:[m[K [01;31m[Kerror: [m[Kâ€˜[01m[Kcos[m[Kâ€™ was not declared in this scope
[7.039s]              double facingUnitZ=[01;31m[Kcos[m[K(yawRadians);
[7.039s]                                 [01;31m[K^~~[m[K
[7.040s] [01m[K/home/team/SoftwareDevelopment/ROS2/skinny/src/logic/src/Automation1.cpp:23:84:[m[K [01;31m[Kerror: [m[Kâ€˜[01m[Ksqrt[m[Kâ€™ was not declared in this scope
[7.041s]              double theta = acos((facingUnitX*directionX + facingUnitZ*directionZ)/([01;31m[Ksqrt[m[K(directionX*directionX + directionZ*directionZ)))*180/M_PI;
[7.042s]                                                                                     [01;31m[K^~~~[m[K
[7.043s] [01m[K/home/team/SoftwareDevelopment/ROS2/skinny/src/logic/src/Automation1.cpp:23:84:[m[K [01;36m[Knote: [m[Ksuggested alternative: â€˜[01m[Kqsort[m[Kâ€™
[7.044s]              double theta = acos((facingUnitX*directionX + facingUnitZ*directionZ)/([01;36m[Ksqrt[m[K(directionX*directionX + directionZ*directionZ)))*180/M_PI;
[7.045s]                                                                                     [01;36m[K^~~~[m[K
[7.046s]                                                                                     [32m[Kqsort[m[K
[7.047s] [01m[K/home/team/SoftwareDevelopment/ROS2/skinny/src/logic/src/Automation1.cpp:23:28:[m[K [01;31m[Kerror: [m[Kâ€˜[01m[Kacos[m[Kâ€™ was not declared in this scope
[7.048s]              double theta = [01;31m[Kacos[m[K((facingUnitX*directionX + facingUnitZ*directionZ)/(sqrt(directionX*directionX + directionZ*directionZ)))*180/M_PI;
[7.049s]                             [01;31m[K^~~~[m[K
[7.050s] [01m[K/home/team/SoftwareDevelopment/ROS2/skinny/src/logic/src/Automation1.cpp:23:28:[m[K [01;36m[Knote: [m[Ksuggested alternative: â€˜[01m[Katol[m[Kâ€™
[7.051s]              double theta = [01;36m[Kacos[m[K((facingUnitX*directionX + facingUnitZ*directionZ)/(sqrt(directionX*directionX + directionZ*directionZ)))*180/M_PI;
[7.051s]                             [01;36m[K^~~~[m[K
[7.052s]                             [32m[Katol[m[K
[7.053s] [01m[K/home/team/SoftwareDevelopment/ROS2/skinny/src/logic/src/Automation1.cpp:23:142:[m[K [01;31m[Kerror: [m[Kâ€˜[01m[KM_PI[m[Kâ€™ was not declared in this scope
[7.054s]              double theta = acos((facingUnitX*directionX + facingUnitZ*directionZ)/(sqrt(directionX*directionX + directionZ*directionZ)))*180/[01;31m[KM_PI[m[K;
[7.054s]                                                                                                                                               [01;31m[K^~~~[m[K
[7.055s] [01m[K/home/team/SoftwareDevelopment/ROS2/skinny/src/logic/src/Automation1.cpp:23:142:[m[K [01;36m[Knote: [m[Ksuggested alternative: â€˜[01m[KP_PID[m[Kâ€™
[7.056s]              double theta = acos((facingUnitX*directionX + facingUnitZ*directionZ)/(sqrt(directionX*directionX + directionZ*directionZ)))*180/[01;36m[KM_PI[m[K;
[7.056s]                                                                                                                                               [01;36m[K^~~~[m[K
[7.057s]                                                                                                                                               [32m[KP_PID[m[K
[7.100s] [01m[K/home/team/SoftwareDevelopment/ROS2/skinny/src/logic/src/Automation.cpp:[m[K In member function â€˜[01m[KEulerAngles Automation::toEulerAngles(Quaternion)[m[Kâ€™:
[7.101s] [01m[K/home/team/SoftwareDevelopment/ROS2/skinny/src/logic/src/Automation.cpp:45:24:[m[K [01;31m[Kerror: [m[Kâ€˜[01m[Katan2[m[Kâ€™ is not a member of â€˜[01m[Kstd[m[Kâ€™
[7.102s]      angles.roll = std::[01;31m[Katan2[m[K(sinr_cosp, cosr_cosp);
[7.103s]                         [01;31m[K^~~~~[m[K
[7.104s] [01m[K/home/team/SoftwareDevelopment/ROS2/skinny/src/logic/src/Automation.cpp:50:29:[m[K [01;31m[Kerror: [m[Kâ€˜[01m[Kcopysign[m[Kâ€™ is not a member of â€˜[01m[Kstd[m[Kâ€™
[7.105s]          angles.pitch = std::[01;31m[Kcopysign[m[K(M_PI / 2, sinp); // use 90 degrees if out of range
[7.107s]                              [01;31m[K^~~~~~~~[m[K
[7.108s] [01m[K/home/team/SoftwareDevelopment/ROS2/skinny/src/logic/src/Automation.cpp:50:29:[m[K [01;36m[Knote: [m[Ksuggested alternative: â€˜[01m[Kcopy_n[m[Kâ€™
[7.108s]          angles.pitch = std::[01;36m[Kcopysign[m[K(M_PI / 2, sinp); // use 90 degrees if out of range
[7.109s]                              [01;36m[K^~~~~~~~[m[K
[7.110s]                              [32m[Kcopy_n[m[K
[7.110s] [01m[K/home/team/SoftwareDevelopment/ROS2/skinny/src/logic/src/Automation.cpp:50:38:[m[K [01;31m[Kerror: [m[Kâ€˜[01m[KM_PI[m[Kâ€™ was not declared in this scope
[7.111s]          angles.pitch = std::copysign([01;31m[KM_PI[m[K / 2, sinp); // use 90 degrees if out of range
[7.112s]                                       [01;31m[K^~~~[m[K
[7.112s] [01m[K/home/team/SoftwareDevelopment/ROS2/skinny/src/logic/src/Automation.cpp:50:38:[m[K [01;36m[Knote: [m[Ksuggested alternative: â€˜[01m[KP_PID[m[Kâ€™
[7.113s]          angles.pitch = std::copysign([01;36m[KM_PI[m[K / 2, sinp); // use 90 degrees if out of range
[7.114s]                                       [01;36m[K^~~~[m[K
[7.114s]                                       [32m[KP_PID[m[K
[7.115s] [01m[K/home/team/SoftwareDevelopment/ROS2/skinny/src/logic/src/Automation.cpp:52:29:[m[K [01;31m[Kerror: [m[Kâ€˜[01m[Kasin[m[Kâ€™ is not a member of â€˜[01m[Kstd[m[Kâ€™
[7.116s]          angles.pitch = std::[01;31m[Kasin[m[K(sinp);
[7.116s]                              [01;31m[K^~~~[m[K
[7.117s] [01m[K/home/team/SoftwareDevelopment/ROS2/skinny/src/logic/src/Automation.cpp:52:29:[m[K [01;36m[Knote: [m[Ksuggested alternative: â€˜[01m[Kwcin[m[Kâ€™
[7.118s]          angles.pitch = std::[01;36m[Kasin[m[K(sinp);
[7.118s]                              [01;36m[K^~~~[m[K
[7.119s]                              [32m[Kwcin[m[K
[7.120s] [01m[K/home/team/SoftwareDevelopment/ROS2/skinny/src/logic/src/Automation.cpp:57:23:[m[K [01;31m[Kerror: [m[Kâ€˜[01m[Katan2[m[Kâ€™ is not a member of â€˜[01m[Kstd[m[Kâ€™
[7.120s]      angles.yaw = std::[01;31m[Katan2[m[K(siny_cosp, cosy_cosp);
[7.121s]                        [01;31m[K^~~~~[m[K
[7.670s] make[2]: *** [CMakeFiles/logic_node.dir/src/Automation1.cpp.o] Error 1
[7.670s] CMakeFiles/logic_node.dir/build.make:110: recipe for target 'CMakeFiles/logic_node.dir/src/Automation1.cpp.o' failed
[7.671s] make[2]: *** Waiting for unfinished jobs....
[9.354s] make[2]: *** [CMakeFiles/logic_node.dir/src/Automation.cpp.o] Error 1
[9.355s] CMakeFiles/logic_node.dir/build.make:86: recipe for target 'CMakeFiles/logic_node.dir/src/Automation.cpp.o' failed
[35.099s] make[1]: *** [CMakeFiles/logic_node.dir/all] Error 2
[35.100s] CMakeFiles/Makefile2:131: recipe for target 'CMakeFiles/logic_node.dir/all' failed
[35.102s] Makefile:140: recipe for target 'all' failed
[35.103s] make: *** [all] Error 2
[35.119s] Invoked command in '/home/team/SoftwareDevelopment/ROS2/skinny/build/logic' returned '2': AMENT_PREFIX_PATH=/home/team/SoftwareDevelopment/ROS2/skinny/install/messages:${AMENT_PREFIX_PATH} CMAKE_PREFIX_PATH=/home/team/SoftwareDevelopment/ROS2/skinny/install/messages:/opt/ros/eloquent LD_LIBRARY_PATH=/home/team/SoftwareDevelopment/ROS2/skinny/install/messages/lib:${LD_LIBRARY_PATH} PYTHONPATH=/home/team/SoftwareDevelopment/ROS2/skinny/install/messages/lib/python3.6/site-packages:${PYTHONPATH} /usr/bin/cmake --build /home/team/SoftwareDevelopment/ROS2/skinny/build/logic -- -j4 -l4
