[0.123s] Invoking command in '/home/team/SoftwareDevelopment/ROS2/skinny/build/logic': CMAKE_PREFIX_PATH=/home/team/SoftwareDevelopment/ROS2/skinny/install/messages:/home/team/SoftwareDevelopment/ROS2/skinny/install/zed_tracking:/home/team/SoftwareDevelopment/ROS2/skinny/install/talon:/home/team/SoftwareDevelopment/ROS2/skinny/install/power_distribution_panel:/home/team/SoftwareDevelopment/ROS2/skinny/install/logic:/home/team/SoftwareDevelopment/ROS2/skinny/install/communication:/home/team/SoftwareDevelopment/ROS2/skinny/install/autonomy:/home/team/SoftwareDevelopment/ROS2/skinny/install/excavation:/opt/ros/eloquent /usr/bin/cmake --build /home/team/SoftwareDevelopment/ROS2/skinny/build/logic -- -j4 -l4
[0.303s] [35m[1mScanning dependencies of target logic_node[0m
[0.423s] [ 50%] [32mBuilding CXX object CMakeFiles/logic_node.dir/src/logic_node.cpp.o[0m
[4.708s] [01m[K/home/team/SoftwareDevelopment/ROS2/skinny/src/logic/src/logic_node.cpp:[m[K In function â€˜[01m[Kvoid keyboardCallback(messages::msg::KeyState_<std::allocator<void> >::SharedPtr)[m[Kâ€™:
[4.709s] [01m[K/home/team/SoftwareDevelopment/ROS2/skinny/src/logic/src/logic_node.cpp:123:28:[m[K [01;31m[Kerror: [m[Kâ€˜[01m[KKeyState[m[Kâ€™ was not declared in this scope
[4.710s]      std::cout << "Key " << [01;31m[KKeyState[m[K->key << " " << hatState->state << std::endl;
[4.710s]                             [01;31m[K^~~~~~~~[m[K
[4.711s] [01m[K/home/team/SoftwareDevelopment/ROS2/skinny/src/logic/src/logic_node.cpp:123:28:[m[K [01;36m[Knote: [m[Ksuggested alternative:
[4.711s] In file included from [01m[K/home/team/SoftwareDevelopment/ROS2/skinny/install/messages/include/messages/msg/key_state.hpp:7:0[m[K,
[4.712s]                  from [01m[K/home/team/SoftwareDevelopment/ROS2/skinny/src/logic/src/logic_node.cpp:13[m[K:
[4.713s] [01m[K/home/team/SoftwareDevelopment/ROS2/skinny/install/messages/include/messages/msg/key_state__struct.hpp:136:49:[m[K [01;36m[Knote: [m[K  â€˜[01m[Kmessages::msg::KeyState[m[Kâ€™
[4.713s]    messages::msg::KeyState_<std::allocator<void>>[01;36m[K;[m[K
[4.714s]                                                  [01;36m[K^[m[K
[4.715s] [01m[K/home/team/SoftwareDevelopment/ROS2/skinny/src/logic/src/logic_node.cpp:123:52:[m[K [01;31m[Kerror: [m[Kâ€˜[01m[KhatState[m[Kâ€™ was not declared in this scope
[4.715s]      std::cout << "Key " << KeyState->key << " " << [01;31m[KhatState[m[K->state << std::endl;
[4.716s]                                                     [01;31m[K^~~~~~~~[m[K
[4.716s] [01m[K/home/team/SoftwareDevelopment/ROS2/skinny/src/logic/src/logic_node.cpp:123:52:[m[K [01;36m[Knote: [m[Ksuggested alternative: â€˜[01m[KkeyState[m[Kâ€™
[4.717s]      std::cout << "Key " << KeyState->key << " " << [01;36m[KhatState[m[K->state << std::endl;
[4.717s]                                                     [01;36m[K^~~~~~~~[m[K
[4.718s]                                                     [32m[KkeyState[m[K
[4.718s] [01m[K/home/team/SoftwareDevelopment/ROS2/skinny/src/logic/src/logic_node.cpp:122:64:[m[K [01;35m[Kwarning: [m[Kunused parameter â€˜[01m[KkeyState[m[Kâ€™ [[01;35m[K-Wunused-parameter[m[K]
[4.719s]  void keyboardCallback(const messages::msg::KeyState::SharedPtr [01;35m[KkeyState[m[K){
[4.719s]                                                                 [01;35m[K^~~~~~~~[m[K
[12.279s] CMakeFiles/logic_node.dir/build.make:62: recipe for target 'CMakeFiles/logic_node.dir/src/logic_node.cpp.o' failed
[12.280s] make[2]: *** [CMakeFiles/logic_node.dir/src/logic_node.cpp.o] Error 1
[12.281s] make[1]: *** [CMakeFiles/logic_node.dir/all] Error 2
[12.282s] CMakeFiles/Makefile2:131: recipe for target 'CMakeFiles/logic_node.dir/all' failed
[12.282s] Makefile:140: recipe for target 'all' failed
[12.283s] make: *** [all] Error 2
[12.294s] Invoked command in '/home/team/SoftwareDevelopment/ROS2/skinny/build/logic' returned '2': CMAKE_PREFIX_PATH=/home/team/SoftwareDevelopment/ROS2/skinny/install/messages:/home/team/SoftwareDevelopment/ROS2/skinny/install/zed_tracking:/home/team/SoftwareDevelopment/ROS2/skinny/install/talon:/home/team/SoftwareDevelopment/ROS2/skinny/install/power_distribution_panel:/home/team/SoftwareDevelopment/ROS2/skinny/install/logic:/home/team/SoftwareDevelopment/ROS2/skinny/install/communication:/home/team/SoftwareDevelopment/ROS2/skinny/install/autonomy:/home/team/SoftwareDevelopment/ROS2/skinny/install/excavation:/opt/ros/eloquent /usr/bin/cmake --build /home/team/SoftwareDevelopment/ROS2/skinny/build/logic -- -j4 -l4
