[0.104s] Invoking command in '/home/team/SoftwareDevelopment/ROS2/skinny/build/logic': AMENT_PREFIX_PATH=/home/team/SoftwareDevelopment/ROS2/skinny/install/messages:${AMENT_PREFIX_PATH} CMAKE_PREFIX_PATH=/home/team/SoftwareDevelopment/ROS2/skinny/install/messages:/opt/ros/eloquent LD_LIBRARY_PATH=/home/team/SoftwareDevelopment/ROS2/skinny/install/messages/lib:${LD_LIBRARY_PATH} PYTHONPATH=/home/team/SoftwareDevelopment/ROS2/skinny/install/messages/lib/python3.6/site-packages:${PYTHONPATH} /usr/bin/cmake --build /home/team/SoftwareDevelopment/ROS2/skinny/build/logic -- -j4 -l4
[0.389s] [ 50%] [32mBuilding CXX object CMakeFiles/logic_node.dir/src/logic_node.cpp.o[0m
[4.576s] [01m[K/home/team/SoftwareDevelopment/ROS2/skinny/src/logic/src/logic_node.cpp:174:10:[m[K [01;31m[Kerror: [m[Kredeclaration of â€˜[01m[KAutomation1::Position Automation1::position[m[Kâ€™
[4.577s]  Position [01;31m[Kposition[m[K;
[4.577s]           [01;31m[K^~~~~~~~[m[K
[4.578s] In file included from [01m[K/home/team/SoftwareDevelopment/ROS2/skinny/src/logic/src/logic_node.cpp:17:0[m[K:
[4.579s] [01m[K/home/team/SoftwareDevelopment/ROS2/skinny/src/logic/include/logic/Automation1.hpp:26:14:[m[K [01;36m[Knote: [m[Kprevious declaration â€˜[01m[KAutomation1::Position Automation1::position[m[Kâ€™
[4.579s]      Position [01;36m[Kposition[m[K;
[4.580s]               [01;36m[K^~~~~~~~[m[K
[4.580s] [01m[K/home/team/SoftwareDevelopment/ROS2/skinny/src/logic/src/logic_node.cpp:187:24:[m[K [01;31m[Kerror: [m[Kredeclaration of â€˜[01m[Kfloat Automation1::currentLeftSpeed[m[Kâ€™
[4.581s]  float currentLeftSpeed=[01;31m[K0[m[K;
[4.581s]                         [01;31m[K^[m[K
[4.582s] In file included from [01m[K/home/team/SoftwareDevelopment/ROS2/skinny/src/logic/src/logic_node.cpp:17:0[m[K:
[4.582s] [01m[K/home/team/SoftwareDevelopment/ROS2/skinny/src/logic/include/logic/Automation1.hpp:22:28:[m[K [01;36m[Knote: [m[Kprevious declaration â€˜[01m[Kfloat Automation1::currentLeftSpeed[m[Kâ€™
[4.583s]      float currentLeftSpeed=[01;36m[K0[m[K;
[4.583s]                             [01;36m[K^[m[K
[4.584s] [01m[K/home/team/SoftwareDevelopment/ROS2/skinny/src/logic/src/logic_node.cpp:188:25:[m[K [01;31m[Kerror: [m[Kredeclaration of â€˜[01m[Kfloat Automation1::currentRightSpeed[m[Kâ€™
[4.584s]  float currentRightSpeed=[01;31m[K0[m[K;
[4.585s]                          [01;31m[K^[m[K
[4.585s] In file included from [01m[K/home/team/SoftwareDevelopment/ROS2/skinny/src/logic/src/logic_node.cpp:17:0[m[K:
[4.586s] [01m[K/home/team/SoftwareDevelopment/ROS2/skinny/src/logic/include/logic/Automation1.hpp:23:29:[m[K [01;36m[Knote: [m[Kprevious declaration â€˜[01m[Kfloat Automation1::currentRightSpeed[m[Kâ€™
[4.586s]      float currentRightSpeed=[01;36m[K0[m[K;
[4.587s]                              [01;36m[K^[m[K
[4.587s] [01m[K/home/team/SoftwareDevelopment/ROS2/skinny/src/logic/src/logic_node.cpp:189:6:[m[K [01;31m[Kerror: [m[Kâ€˜[01m[Kvoid Automation1::changeSpeed(float, float)[m[Kâ€™ cannot be overloaded
[4.588s]  void [01;31m[KchangeSpeed[m[K(float left, float right){
[4.588s]       [01;31m[K^~~~~~~~~~~[m[K
[4.589s] In file included from [01m[K/home/team/SoftwareDevelopment/ROS2/skinny/src/logic/src/logic_node.cpp:17:0[m[K:
[4.589s] [01m[K/home/team/SoftwareDevelopment/ROS2/skinny/src/logic/include/logic/Automation1.hpp:34:10:[m[K [01;31m[Kerror: [m[Kwith â€˜[01m[Kvoid Automation1::changeSpeed(float, float)[m[Kâ€™
[4.590s]      void [01;31m[KchangeSpeed[m[K(float left, float right){
[4.590s]           [01;31m[K^~~~~~~~~~~[m[K
[4.591s] [01m[K/home/team/SoftwareDevelopment/ROS2/skinny/src/logic/src/logic_node.cpp:201:8:[m[K [01;31m[Kerror: [m[Kredefinition of â€˜[01m[Kstruct Automation1::Location[m[Kâ€™
[4.591s]  struct [01;31m[KLocation[m[K{
[4.592s]         [01;31m[K^~~~~~~~[m[K
[4.592s] In file included from [01m[K/home/team/SoftwareDevelopment/ROS2/skinny/src/logic/src/logic_node.cpp:17:0[m[K:
[4.593s] [01m[K/home/team/SoftwareDevelopment/ROS2/skinny/src/logic/include/logic/Automation1.hpp:8:12:[m[K [01;36m[Knote: [m[Kprevious definition of â€˜[01m[Kstruct Automation1::Location[m[Kâ€™
[4.594s]      struct [01;36m[KLocation[m[K{
[4.594s]             [01;36m[K^~~~~~~~[m[K
[4.594s] [01m[K/home/team/SoftwareDevelopment/ROS2/skinny/src/logic/src/logic_node.cpp:205:8:[m[K [01;31m[Kerror: [m[Kredefinition of â€˜[01m[Kstruct Automation1::Quaternion[m[Kâ€™
[4.595s]  struct [01;31m[KQuaternion[m[K {
[4.595s]         [01;31m[K^~~~~~~~~~[m[K
[4.596s] In file included from [01m[K/home/team/SoftwareDevelopment/ROS2/skinny/src/logic/src/logic_node.cpp:17:0[m[K:
[4.597s] [01m[K/home/team/SoftwareDevelopment/ROS2/skinny/src/logic/include/logic/Automation1.hpp:12:12:[m[K [01;36m[Knote: [m[Kprevious definition of â€˜[01m[Kstruct Automation1::Quaternion[m[Kâ€™
[4.597s]      struct [01;36m[KQuaternion[m[K {
[4.598s]             [01;36m[K^~~~~~~~~~[m[K
[4.599s] [01m[K/home/team/SoftwareDevelopment/ROS2/skinny/src/logic/src/logic_node.cpp:209:8:[m[K [01;31m[Kerror: [m[Kredefinition of â€˜[01m[Kstruct Automation1::EulerAngles[m[Kâ€™
[4.599s]  struct [01;31m[KEulerAngles[m[K {
[4.600s]         [01;31m[K^~~~~~~~~~~[m[K
[4.600s] In file included from [01m[K/home/team/SoftwareDevelopment/ROS2/skinny/src/logic/src/logic_node.cpp:17:0[m[K:
[4.601s] [01m[K/home/team/SoftwareDevelopment/ROS2/skinny/src/logic/include/logic/Automation1.hpp:16:12:[m[K [01;36m[Knote: [m[Kprevious definition of â€˜[01m[Kstruct Automation1::EulerAngles[m[Kâ€™
[4.601s]      struct [01;36m[KEulerAngles[m[K {
[4.602s]             [01;36m[K^~~~~~~~~~~[m[K
[4.602s] [01m[K/home/team/SoftwareDevelopment/ROS2/skinny/src/logic/src/logic_node.cpp:213:13:[m[K [01;31m[Kerror: [m[Kâ€˜[01m[KAutomation1::EulerAngles Automation1::ToEulerAngles(Automation1::Quaternion)[m[Kâ€™ cannot be overloaded
[4.603s]  EulerAngles [01;31m[KToEulerAngles[m[K(Quaternion q) {
[4.603s]              [01;31m[K^~~~~~~~~~~~~[m[K
[4.604s] In file included from [01m[K/home/team/SoftwareDevelopment/ROS2/skinny/src/logic/src/logic_node.cpp:17:0[m[K:
[4.604s] [01m[K/home/team/SoftwareDevelopment/ROS2/skinny/src/logic/include/logic/Automation1.hpp:47:17:[m[K [01;31m[Kerror: [m[Kwith â€˜[01m[KAutomation1::EulerAngles Automation1::ToEulerAngles(Automation1::Quaternion)[m[Kâ€™
[4.605s]      EulerAngles [01;31m[KToEulerAngles[m[K(Quaternion q) {
[4.605s]                  [01;31m[K^~~~~~~~~~~~~[m[K
[4.606s] [01m[K/home/team/SoftwareDevelopment/ROS2/skinny/src/logic/src/logic_node.cpp:237:6:[m[K [01;31m[Kerror: [m[Kmultiple definition of â€˜[01m[Kenum Automation1::RobotState[m[Kâ€™
[4.606s]  enum [01;31m[KRobotState[m[K{LOCATE,GO_TO_DIG_SITE,DIG,HOME,DOCK,DUMP};
[4.607s]       [01;31m[K^~~~~~~~~~[m[K
[4.607s] In file included from [01m[K/home/team/SoftwareDevelopment/ROS2/skinny/src/logic/src/logic_node.cpp:17:0[m[K:
[4.608s] [01m[K/home/team/SoftwareDevelopment/ROS2/skinny/src/logic/include/logic/Automation1.hpp:20:10:[m[K [01;36m[Knote: [m[Kprevious definition here
[4.608s]      enum [01;36m[KRobotState[m[K{LOCATE,GO_TO_DIG_SITE,DIG,HOME,DOCK,DUMP};
[4.609s]           [01;36m[K^~~~~~~~~~[m[K
[4.609s] [01m[K/home/team/SoftwareDevelopment/ROS2/skinny/src/logic/src/logic_node.cpp:238:23:[m[K [01;31m[Kerror: [m[Kredeclaration of â€˜[01m[KAutomation1::RobotState Automation1::robotState[m[Kâ€™
[4.610s]  RobotState robotState=[01;31m[KGO_TO_DIG_SITE[m[K;
[4.610s]                        [01;31m[K^~~~~~~~~~~~~~[m[K
[4.611s] In file included from [01m[K/home/team/SoftwareDevelopment/ROS2/skinny/src/logic/src/logic_node.cpp:17:0[m[K:
[4.611s] [01m[K/home/team/SoftwareDevelopment/ROS2/skinny/src/logic/include/logic/Automation1.hpp:24:27:[m[K [01;36m[Knote: [m[Kprevious declaration â€˜[01m[KAutomation1::RobotState Automation1::robotState[m[Kâ€™
[4.612s]      RobotState robotState=[01;36m[KGO_TO_DIG_SITE[m[K;
[4.613s]                            [01;36m[K^~~~~~~~~~~~~~[m[K
[4.613s] [01m[K/home/team/SoftwareDevelopment/ROS2/skinny/src/logic/src/logic_node.cpp:239:10:[m[K [01;31m[Kerror: [m[Kredeclaration of â€˜[01m[KAutomation1::Location Automation1::destination[m[Kâ€™
[4.614s]  Location [01;31m[Kdestination[m[K;
[4.614s]           [01;31m[K^~~~~~~~~~~[m[K
[4.615s] In file included from [01m[K/home/team/SoftwareDevelopment/ROS2/skinny/src/logic/src/logic_node.cpp:17:0[m[K:
[4.615s] [01m[K/home/team/SoftwareDevelopment/ROS2/skinny/src/logic/include/logic/Automation1.hpp:25:14:[m[K [01;36m[Knote: [m[Kprevious declaration â€˜[01m[KAutomation1::Location Automation1::destination[m[Kâ€™
[4.616s]      Location [01;36m[Kdestination[m[K;
[4.616s]               [01;36m[K^~~~~~~~~~~[m[K
[4.617s] [01m[K/home/team/SoftwareDevelopment/ROS2/skinny/src/logic/src/logic_node.cpp:240:6:[m[K [01;31m[Kerror: [m[Kâ€˜[01m[Kvoid Automation1::automate()[m[Kâ€™ cannot be overloaded
[4.617s]  void [01;31m[Kautomate[m[K(){
[4.618s]       [01;31m[K^~~~~~~~[m[K
[4.618s] In file included from [01m[K/home/team/SoftwareDevelopment/ROS2/skinny/src/logic/src/logic_node.cpp:17:0[m[K:
[4.619s] [01m[K/home/team/SoftwareDevelopment/ROS2/skinny/src/logic/include/logic/Automation1.hpp:71:10:[m[K [01;31m[Kerror: [m[Kwith â€˜[01m[Kvoid Automation1::automate()[m[Kâ€™
[4.619s]      void [01;31m[Kautomate[m[K(){
[4.620s]           [01;31m[K^~~~~~~~[m[K
[4.620s] [01m[K/home/team/SoftwareDevelopment/ROS2/skinny/src/logic/src/logic_node.cpp:317:1:[m[K [01;31m[Kerror: [m[Kexpected â€˜[01m[K}[m[Kâ€™ at end of input
[4.621s]  [01;31m[K}[m[K
[4.621s]  [01;31m[K^[m[K
[4.622s] [01m[K/home/team/SoftwareDevelopment/ROS2/skinny/src/logic/src/logic_node.cpp:33:40:[m[K [01;31m[Kerror: [m[Kinvalid new-expression of abstract class type â€˜[01m[KAutomation1[m[Kâ€™
[4.622s]  Automation* automation=new Automation1([01;31m[K)[m[K;
[4.623s]                                         [01;31m[K^[m[K
[4.623s] In file included from [01m[K/home/team/SoftwareDevelopment/ROS2/skinny/src/logic/src/logic_node.cpp:17:0[m[K:
[4.624s] [01m[K/home/team/SoftwareDevelopment/ROS2/skinny/src/logic/include/logic/Automation1.hpp:3:7:[m[K [01;36m[Knote: [m[K  because the following virtual functions are pure within â€˜[01m[KAutomation1[m[Kâ€™:
[4.624s]  class [01;36m[KAutomation1[m[K: public Automation{
[4.625s]        [01;36m[K^~~~~~~~~~~[m[K
[4.625s] In file included from [01m[K/home/team/SoftwareDevelopment/ROS2/skinny/src/logic/include/logic/Automation1.hpp:1:0[m[K,
[4.625s]                  from [01m[K/home/team/SoftwareDevelopment/ROS2/skinny/src/logic/src/logic_node.cpp:17[m[K:
[4.626s] [01m[K/home/team/SoftwareDevelopment/ROS2/skinny/src/logic/include/logic/Automation.hpp:7:16:[m[K [01;36m[Knote: [m[K	virtual void Automation::setPosition(Position)
[4.626s]    virtual void [01;36m[KsetPosition[m[K(Position position) = 0;
[4.627s]                 [01;36m[K^~~~~~~~~~~[m[K
[4.703s] [01m[K/home/team/SoftwareDevelopment/ROS2/skinny/src/logic/src/logic_node.cpp:[m[K In member function â€˜[01m[Kvoid Automation1::zedPositionCallback(messages::msg::ZedPosition_<std::allocator<void> >::SharedPtr)[m[Kâ€™:
[4.704s] [01m[K/home/team/SoftwareDevelopment/ROS2/skinny/src/logic/src/logic_node.cpp:184:37:[m[K [01;31m[Kerror: [m[Kno matching function for call to â€˜[01m[KAutomation::setPosition(Automation1::Position&)[m[Kâ€™
[4.704s]      automation->setPosition(position[01;31m[K)[m[K;
[4.705s]                                      [01;31m[K^[m[K
[4.705s] In file included from [01m[K/home/team/SoftwareDevelopment/ROS2/skinny/src/logic/include/logic/Automation1.hpp:1:0[m[K,
[4.706s]                  from [01m[K/home/team/SoftwareDevelopment/ROS2/skinny/src/logic/src/logic_node.cpp:17[m[K:
[4.707s] [01m[K/home/team/SoftwareDevelopment/ROS2/skinny/src/logic/include/logic/Automation.hpp:7:16:[m[K [01;36m[Knote: [m[Kcandidate: virtual void Automation::setPosition(Position)
[4.707s]    virtual void [01;36m[KsetPosition[m[K(Position position) = 0;
[4.707s]                 [01;36m[K^~~~~~~~~~~[m[K
[4.708s] [01m[K/home/team/SoftwareDevelopment/ROS2/skinny/src/logic/include/logic/Automation.hpp:7:16:[m[K [01;36m[Knote: [m[K  no known conversion for argument 1 from â€˜[01m[KAutomation1::Position[m[Kâ€™ to â€˜[01m[KPosition[m[Kâ€™
[4.724s] [01m[K/home/team/SoftwareDevelopment/ROS2/skinny/src/logic/src/logic_node.cpp:[m[K In member function â€˜[01m[Kint Automation1::main(int, char**)[m[Kâ€™:
[4.724s] [01m[K/home/team/SoftwareDevelopment/ROS2/skinny/src/logic/src/logic_node.cpp:295:130:[m[K [01;31m[Kerror: [m[Kinvalid use of non-static member function â€˜[01m[Kvoid Automation1::joystickAxisCallback(messages::msg::AxisState_<std::allocator<void> >::SharedPtr)[m[Kâ€™
[4.725s]  stickAxisSubscriber= nodeHandle->create_subscription<messages::msg::AxisState>("joystick_axis",1,joystickAxisCallback[01;31m[K)[m[K;
[4.725s]                                                                                                                       [01;31m[K^[m[K
[4.726s] [01m[K/home/team/SoftwareDevelopment/ROS2/skinny/src/logic/src/logic_node.cpp:63:6:[m[K [01;36m[Knote: [m[Kdeclared here
[4.726s]  void [01;36m[KjoystickAxisCallback[m[K(const messages::msg::AxisState::SharedPtr axisState){
[4.727s]       [01;36m[K^~~~~~~~~~~~~~~~~~~~[m[K
[4.727s] [01m[K/home/team/SoftwareDevelopment/ROS2/skinny/src/logic/src/logic_node.cpp:296:138:[m[K [01;31m[Kerror: [m[Kinvalid use of non-static member function â€˜[01m[Kvoid Automation1::joystickButtonCallback(messages::msg::ButtonState_<std::allocator<void> >::SharedPtr)[m[Kâ€™
[4.728s]  tonSubscriber= nodeHandle->create_subscription<messages::msg::ButtonState>("joystick_button",1,joystickButtonCallback[01;31m[K)[m[K;
[4.728s]                                                                                                                       [01;31m[K^[m[K
[4.729s] [01m[K/home/team/SoftwareDevelopment/ROS2/skinny/src/logic/src/logic_node.cpp:86:6:[m[K [01;36m[Knote: [m[Kdeclared here
[4.729s]  void [01;36m[KjoystickButtonCallback[m[K(const messages::msg::ButtonState::SharedPtr buttonState){
[4.730s]       [01;36m[K^~~~~~~~~~~~~~~~~~~~~~[m[K
[4.730s] [01m[K/home/team/SoftwareDevelopment/ROS2/skinny/src/logic/src/logic_node.cpp:297:126:[m[K [01;31m[Kerror: [m[Kinvalid use of non-static member function â€˜[01m[Kvoid Automation1::joystickHatCallback(messages::msg::HatState_<std::allocator<void> >::SharedPtr)[m[Kâ€™
[4.731s]   joystickHatSubscriber= nodeHandle->create_subscription<messages::msg::HatState>("joystick_hat",1,joystickHatCallback[01;31m[K)[m[K;
[4.731s]                                                                                                                       [01;31m[K^[m[K
[4.732s] [01m[K/home/team/SoftwareDevelopment/ROS2/skinny/src/logic/src/logic_node.cpp:159:6:[m[K [01;36m[Knote: [m[Kdeclared here
[4.733s]  void [01;36m[KjoystickHatCallback[m[K(const messages::msg::HatState::SharedPtr hatState){
[4.733s]       [01;36m[K^~~~~~~~~~~~~~~~~~~[m[K
[4.734s] [01m[K/home/team/SoftwareDevelopment/ROS2/skinny/src/logic/src/logic_node.cpp:298:101:[m[K [01;31m[Kerror: [m[Kinvalid use of non-static member function â€˜[01m[Kvoid Automation1::keyCallback(messages::msg::KeyState_<std::allocator<void> >::SharedPtr)[m[Kâ€™
[4.734s]      auto keySubscriber= nodeHandle->create_subscription<messages::msg::KeyState>("key",1,keyCallback[01;31m[K)[m[K;
[4.735s]                                                                                                      [01;31m[K^[m[K
[4.735s] [01m[K/home/team/SoftwareDevelopment/ROS2/skinny/src/logic/src/logic_node.cpp:163:6:[m[K [01;36m[Knote: [m[Kdeclared here
[4.736s]  void [01;36m[KkeyCallback[m[K(const messages::msg::KeyState::SharedPtr keyState){
[4.736s]       [01;36m[K^~~~~~~~~~~[m[K
[4.737s] [01m[K/home/team/SoftwareDevelopment/ROS2/skinny/src/logic/src/logic_node.cpp:299:129:[m[K [01;31m[Kerror: [m[Kinvalid use of non-static member function â€˜[01m[Kvoid Automation1::zedPositionCallback(messages::msg::ZedPosition_<std::allocator<void> >::SharedPtr)[m[Kâ€™
[4.737s]  dPositionSubscriber= nodeHandle->create_subscription<messages::msg::ZedPosition>("zed_position",1,zedPositionCallback[01;31m[K)[m[K;
[4.738s]                                                                                                                       [01;31m[K^[m[K
[4.738s] [01m[K/home/team/SoftwareDevelopment/ROS2/skinny/src/logic/src/logic_node.cpp:175:6:[m[K [01;36m[Knote: [m[Kdeclared here
[4.739s]  void [01;36m[KzedPositionCallback[m[K(const messages::msg::ZedPosition::SharedPtr zedPosition){
[4.739s]       [01;36m[K^~~~~~~~~~~~~~~~~~~[m[K
[4.753s] [01m[K/home/team/SoftwareDevelopment/ROS2/skinny/src/logic/src/logic_node.cpp:317:1:[m[K [01;35m[Kwarning: [m[Kno return statement in function returning non-void [[01;35m[K-Wreturn-type[m[K]
[4.753s]  [01;35m[K}[m[K
[4.754s]  [01;35m[K^[m[K
[4.754s] [01m[K/home/team/SoftwareDevelopment/ROS2/skinny/src/logic/src/logic_node.cpp:[m[K At global scope:
[4.755s] [01m[K/home/team/SoftwareDevelopment/ROS2/skinny/src/logic/src/logic_node.cpp:317:1:[m[K [01;31m[Kerror: [m[Kexpected unqualified-id at end of input
[7.222s] make[2]: *** [CMakeFiles/logic_node.dir/src/logic_node.cpp.o] Error 1
[7.223s] CMakeFiles/logic_node.dir/build.make:62: recipe for target 'CMakeFiles/logic_node.dir/src/logic_node.cpp.o' failed
[7.224s] CMakeFiles/Makefile2:131: recipe for target 'CMakeFiles/logic_node.dir/all' failed
[7.224s] make[1]: *** [CMakeFiles/logic_node.dir/all] Error 2
[7.225s] Makefile:140: recipe for target 'all' failed
[7.226s] make: *** [all] Error 2
[7.231s] Invoked command in '/home/team/SoftwareDevelopment/ROS2/skinny/build/logic' returned '2': AMENT_PREFIX_PATH=/home/team/SoftwareDevelopment/ROS2/skinny/install/messages:${AMENT_PREFIX_PATH} CMAKE_PREFIX_PATH=/home/team/SoftwareDevelopment/ROS2/skinny/install/messages:/opt/ros/eloquent LD_LIBRARY_PATH=/home/team/SoftwareDevelopment/ROS2/skinny/install/messages/lib:${LD_LIBRARY_PATH} PYTHONPATH=/home/team/SoftwareDevelopment/ROS2/skinny/install/messages/lib/python3.6/site-packages:${PYTHONPATH} /usr/bin/cmake --build /home/team/SoftwareDevelopment/ROS2/skinny/build/logic -- -j4 -l4
