[0.124s] Invoking command in '/home/team/SoftwareDevelopment/ROS2/skinny/build/logic': AMENT_PREFIX_PATH=/home/team/SoftwareDevelopment/ROS2/skinny/install/messages:${AMENT_PREFIX_PATH} CMAKE_PREFIX_PATH=/home/team/SoftwareDevelopment/ROS2/skinny/install/messages:${CMAKE_PREFIX_PATH} LD_LIBRARY_PATH=/home/team/SoftwareDevelopment/ROS2/skinny/install/messages/lib:${LD_LIBRARY_PATH} PYTHONPATH=/home/team/SoftwareDevelopment/ROS2/skinny/install/messages/lib/python3.8/site-packages:${PYTHONPATH} /usr/bin/cmake --build /home/team/SoftwareDevelopment/ROS2/skinny/build/logic -- -j4 -l4
[0.369s] [ 50%] [32mBuilding CXX object CMakeFiles/logic_node.dir/src/logic_node.cpp.o[0m
[5.719s] [01m[K/home/team/SoftwareDevelopment/ROS2/skinny/src/logic/src/logic_node.cpp:[m[K In function â€˜[01m[Kvoid updateSpeed()[m[Kâ€™:
[5.719s] [01m[K/home/team/SoftwareDevelopment/ROS2/skinny/src/logic/src/logic_node.cpp:48:33:[m[K [01;31m[Kerror: [m[Kâ€˜[01m[Kclass std::shared_ptr<rclcpp::Publisher<std_msgs::msg::Float32_<std::allocator<void> >, std::allocator<void> > >[m[Kâ€™ has no member named â€˜[01m[Kpublish[m[Kâ€™
[5.720s]    48 |         driveLeftSpeedPublisher.[01;31m[Kpublish[m[K(speedLeft);
[5.720s]       |                                 [01;31m[K^~~~~~~[m[K
[5.721s] [01m[K/home/team/SoftwareDevelopment/ROS2/skinny/src/logic/src/logic_node.cpp:49:34:[m[K [01;31m[Kerror: [m[Kâ€˜[01m[Kclass std::shared_ptr<rclcpp::Publisher<std_msgs::msg::Float32_<std::allocator<void> >, std::allocator<void> > >[m[Kâ€™ has no member named â€˜[01m[Kpublish[m[Kâ€™
[5.721s]    49 |         driveRightSpeedPublisher.[01;31m[Kpublish[m[K(speedRight);
[5.721s]       |                                  [01;31m[K^~~~~~~[m[K
[5.722s] [01m[K/home/team/SoftwareDevelopment/ROS2/skinny/src/logic/src/logic_node.cpp:53:33:[m[K [01;31m[Kerror: [m[Kâ€˜[01m[Kclass std::shared_ptr<rclcpp::Publisher<std_msgs::msg::Float32_<std::allocator<void> >, std::allocator<void> > >[m[Kâ€™ has no member named â€˜[01m[Kpublish[m[Kâ€™
[5.722s]    53 |         driveLeftSpeedPublisher.[01;31m[Kpublish[m[K(speedLeft);
[5.722s]       |                                 [01;31m[K^~~~~~~[m[K
[5.723s] [01m[K/home/team/SoftwareDevelopment/ROS2/skinny/src/logic/src/logic_node.cpp:54:34:[m[K [01;31m[Kerror: [m[Kâ€˜[01m[Kclass std::shared_ptr<rclcpp::Publisher<std_msgs::msg::Float32_<std::allocator<void> >, std::allocator<void> > >[m[Kâ€™ has no member named â€˜[01m[Kpublish[m[Kâ€™
[5.723s]    54 |         driveRightSpeedPublisher.[01;31m[Kpublish[m[K(speedRight);
[5.724s]       |                                  [01;31m[K^~~~~~~[m[K
[5.725s] [01m[K/home/team/SoftwareDevelopment/ROS2/skinny/src/logic/src/logic_node.cpp:[m[K At global scope:
[5.725s] [01m[K/home/team/SoftwareDevelopment/ROS2/skinny/src/logic/src/logic_node.cpp:59:33:[m[K [01;31m[Kerror: [m[Kâ€˜[01m[Kmessages[m[Kâ€™ does not name a type
[5.726s]    59 | void joystickAxisCallback(const [01;31m[Kmessages[m[K::msg::AxisState::SharedPtr axisState){
[5.726s]       |                                 [01;31m[K^~~~~~~~[m[K
[5.726s] [01m[K/home/team/SoftwareDevelopment/ROS2/skinny/src/logic/src/logic_node.cpp:59:46:[m[K [01;31m[Kerror: [m[Kexpected unqualified-id before â€˜[01m[K::[m[Kâ€™ token
[5.727s]    59 | void joystickAxisCallback(const messages::msg[01;31m[K::[m[KAxisState::SharedPtr axisState){
[5.727s]       |                                              [01;31m[K^~[m[K
[5.728s] [01m[K/home/team/SoftwareDevelopment/ROS2/skinny/src/logic/src/logic_node.cpp:59:46:[m[K [01;31m[Kerror: [m[Kexpected â€˜[01m[K)[m[Kâ€™ before â€˜[01m[K::[m[Kâ€™ token
[5.728s]    59 | void joystickAxisCallback[34m[K([m[Kconst messages::msg[01;31m[K:[m[K[32m[K:[m[KAxisState::SharedPtr axisState){
[5.729s]       |                          [34m[K~[m[K                   [01;31m[K^[m[K[32m[K~[m[K
[5.729s]       |                                              [32m[K)[m[K
[5.729s] [01m[K/home/team/SoftwareDevelopment/ROS2/skinny/src/logic/src/logic_node.cpp:59:46:[m[K [01;31m[Kerror: [m[Kexpected initializer before â€˜[01m[K::[m[Kâ€™ token
[5.730s]    59 | void joystickAxisCallback(const messages::msg[01;31m[K::[m[KAxisState::SharedPtr axisState){
[5.730s]       |                                              [01;31m[K^~[m[K
[5.731s] [01m[K/home/team/SoftwareDevelopment/ROS2/skinny/src/logic/src/logic_node.cpp:74:35:[m[K [01;31m[Kerror: [m[Kâ€˜[01m[Kmessages[m[Kâ€™ does not name a type
[5.731s]    74 | void joystickButtonCallback(const [01;31m[Kmessages[m[K::msg::ButtonState::SharedPtr buttonState){
[5.732s]       |                                   [01;31m[K^~~~~~~~[m[K
[5.732s] [01m[K/home/team/SoftwareDevelopment/ROS2/skinny/src/logic/src/logic_node.cpp:74:48:[m[K [01;31m[Kerror: [m[Kexpected unqualified-id before â€˜[01m[K::[m[Kâ€™ token
[5.732s]    74 | void joystickButtonCallback(const messages::msg[01;31m[K::[m[KButtonState::SharedPtr buttonState){
[5.733s]       |                                                [01;31m[K^~[m[K
[5.733s] [01m[K/home/team/SoftwareDevelopment/ROS2/skinny/src/logic/src/logic_node.cpp:74:48:[m[K [01;31m[Kerror: [m[Kexpected â€˜[01m[K)[m[Kâ€™ before â€˜[01m[K::[m[Kâ€™ token
[5.734s]    74 | void joystickButtonCallback[34m[K([m[Kconst messages::msg[01;31m[K:[m[K[32m[K:[m[KButtonState::SharedPtr buttonState){
[5.734s]       |                            [34m[K~[m[K                   [01;31m[K^[m[K[32m[K~[m[K
[5.734s]       |                                                [32m[K)[m[K
[5.735s] [01m[K/home/team/SoftwareDevelopment/ROS2/skinny/src/logic/src/logic_node.cpp:74:48:[m[K [01;31m[Kerror: [m[Kexpected initializer before â€˜[01m[K::[m[Kâ€™ token
[5.735s]    74 | void joystickButtonCallback(const messages::msg[01;31m[K::[m[KButtonState::SharedPtr buttonState){
[5.736s]       |                                                [01;31m[K^~[m[K
[5.736s] [01m[K/home/team/SoftwareDevelopment/ROS2/skinny/src/logic/src/logic_node.cpp:126:32:[m[K [01;31m[Kerror: [m[Kâ€˜[01m[Kmessages[m[Kâ€™ does not name a type
[5.737s]   126 | void joystickHatCallback(const [01;31m[Kmessages[m[K::msg::HatState::SharedPtr hatState){
[5.738s]       |                                [01;31m[K^~~~~~~~[m[K
[5.738s] [01m[K/home/team/SoftwareDevelopment/ROS2/skinny/src/logic/src/logic_node.cpp:126:45:[m[K [01;31m[Kerror: [m[Kexpected unqualified-id before â€˜[01m[K::[m[Kâ€™ token
[5.738s]   126 | void joystickHatCallback(const messages::msg[01;31m[K::[m[KHatState::SharedPtr hatState){
[5.739s]       |                                             [01;31m[K^~[m[K
[5.739s] [01m[K/home/team/SoftwareDevelopment/ROS2/skinny/src/logic/src/logic_node.cpp:126:45:[m[K [01;31m[Kerror: [m[Kexpected â€˜[01m[K)[m[Kâ€™ before â€˜[01m[K::[m[Kâ€™ token
[5.740s]   126 | void joystickHatCallback[34m[K([m[Kconst messages::msg[01;31m[K:[m[K[32m[K:[m[KHatState::SharedPtr hatState){
[5.741s]       |                         [34m[K~[m[K                   [01;31m[K^[m[K[32m[K~[m[K
[5.741s]       |                                             [32m[K)[m[K
[5.741s] [01m[K/home/team/SoftwareDevelopment/ROS2/skinny/src/logic/src/logic_node.cpp:126:45:[m[K [01;31m[Kerror: [m[Kexpected initializer before â€˜[01m[K::[m[Kâ€™ token
[5.742s]   126 | void joystickHatCallback(const messages::msg[01;31m[K::[m[KHatState::SharedPtr hatState){
[5.742s]       |                                             [01;31m[K^~[m[K
[5.742s] [01m[K/home/team/SoftwareDevelopment/ROS2/skinny/src/logic/src/logic_node.cpp:[m[K In function â€˜[01m[Kint main(int, char**)[m[Kâ€™:
[5.742s] [01m[K/home/team/SoftwareDevelopment/ROS2/skinny/src/logic/src/logic_node.cpp:134:66:[m[K [01;31m[Kerror: [m[Kâ€˜[01m[Kmessages[m[Kâ€™ was not declared in this scope; did you mean â€˜[01m[Kstd::__cxx11::messages[m[Kâ€™?
[5.743s]   134 |     auto joystickAxisSubscriber= nodeHandle->create_subscription<[01;31m[Kmessages[m[K::msg::AxisState>("joystick_axis",1,joystickAxisCallback);
[5.743s]       |                                                                  [01;31m[K^~~~~~~~[m[K
[5.744s]       |                                                                  [32m[Kstd::__cxx11::messages[m[K
[5.744s] In file included from [01m[K/usr/include/c++/9/string:43[m[K,
[5.744s]                  from [01m[K/usr/include/c++/9/stdexcept:39[m[K,
[5.745s]                  from [01m[K/usr/include/c++/9/array:39[m[K,
[5.745s]                  from [01m[K/usr/include/c++/9/tuple:39[m[K,
[5.745s]                  from [01m[K/usr/include/c++/9/bits/unique_ptr.h:37[m[K,
[5.746s]                  from [01m[K/usr/include/c++/9/memory:80[m[K,
[5.746s]                  from [01m[K/opt/ros/foxy/include/rclcpp/rclcpp.hpp:144[m[K,
[5.746s]                  from [01m[K/home/team/SoftwareDevelopment/ROS2/skinny/src/logic/src/logic_node.cpp:3[m[K:
[5.747s] [01m[K/usr/include/c++/9/bits/localefwd.h:206:11:[m[K [01;36m[Knote: [m[Kâ€˜[01m[Kstd::__cxx11::messages[m[Kâ€™ declared here
[5.747s]   206 |     class [01;36m[Kmessages[m[K;
[5.748s]       |           [01;36m[K^~~~~~~~[m[K
[5.748s] [01m[K/home/team/SoftwareDevelopment/ROS2/skinny/src/logic/src/logic_node.cpp:134:46:[m[K [01;31m[Kerror: [m[Kparse error in template argument list
[5.748s]   134 |     auto joystickAxisSubscriber= nodeHandle->[01;31m[Kcreate_subscription<messages::msg::AxisState>[m[K("joystick_axis",1,joystickAxisCallback);
[5.749s]       |                                              [01;31m[K^~~~~~~~~~~~~~~~~~~~~~~~~~~~~~~~~~~~~~~~~~~~~[m[K
[5.751s] [01m[K/home/team/SoftwareDevelopment/ROS2/skinny/src/logic/src/logic_node.cpp:134:110:[m[K [01;31m[Kerror: [m[Kâ€˜[01m[KjoystickAxisCallback[m[Kâ€™ was not declared in this scope
[5.752s]   134 |     auto joystickAxisSubscriber= nodeHandle->create_subscription<messages::msg::AxisState>("joystick_axis",1,[01;31m[KjoystickAxisCallback[m[K);
[5.752s]       |                                                                                                              [01;31m[K^~~~~~~~~~~~~~~~~~~~[m[K
[5.752s] [01m[K/home/team/SoftwareDevelopment/ROS2/skinny/src/logic/src/logic_node.cpp:135:48:[m[K [01;31m[Kerror: [m[Kparse error in template argument list
[5.753s]   135 |     auto joystickButtonSubscriber= nodeHandle->[01;31m[Kcreate_subscription<messages::msg::ButtonState>[m[K("joystick_button",1,joystickButtonCallback);
[5.753s]       |                                                [01;31m[K^~~~~~~~~~~~~~~~~~~~~~~~~~~~~~~~~~~~~~~~~~~~~~~[m[K
[5.763s] [01m[K/home/team/SoftwareDevelopment/ROS2/skinny/src/logic/src/logic_node.cpp:135:116:[m[K [01;31m[Kerror: [m[Kâ€˜[01m[KjoystickButtonCallback[m[Kâ€™ was not declared in this scope
[5.764s]   135 |     auto joystickButtonSubscriber= nodeHandle->create_subscription<messages::msg::ButtonState>("joystick_button",1,[01;31m[KjoystickButtonCallback[m[K);
[5.764s]       |                                                                                                                    [01;31m[K^~~~~~~~~~~~~~~~~~~~~~[m[K
[5.764s] [01m[K/home/team/SoftwareDevelopment/ROS2/skinny/src/logic/src/logic_node.cpp:136:45:[m[K [01;31m[Kerror: [m[Kparse error in template argument list
[5.765s]   136 |     auto joystickHatSubscriber= nodeHandle->[01;31m[Kcreate_subscription<messages::msg::HatState>[m[K("joystick_hat",1,joystickHatCallback);
[5.765s]       |                                             [01;31m[K^~~~~~~~~~~~~~~~~~~~~~~~~~~~~~~~~~~~~~~~~~~~[m[K
[5.773s] [01m[K/home/team/SoftwareDevelopment/ROS2/skinny/src/logic/src/logic_node.cpp:136:107:[m[K [01;31m[Kerror: [m[Kâ€˜[01m[KjoystickHatCallback[m[Kâ€™ was not declared in this scope
[5.774s]   136 |     auto joystickHatSubscriber= nodeHandle->create_subscription<messages::msg::HatState>("joystick_hat",1,[01;31m[KjoystickHatCallback[m[K);
[5.774s]       |                                                                                                           [01;31m[K^~~~~~~~~~~~~~~~~~~[m[K
[9.596s] make[2]: *** [CMakeFiles/logic_node.dir/build.make:63: CMakeFiles/logic_node.dir/src/logic_node.cpp.o] Error 1
[9.596s] make[1]: *** [CMakeFiles/Makefile2:78: CMakeFiles/logic_node.dir/all] Error 2
[9.597s] make: *** [Makefile:141: all] Error 2
[9.607s] Invoked command in '/home/team/SoftwareDevelopment/ROS2/skinny/build/logic' returned '2': AMENT_PREFIX_PATH=/home/team/SoftwareDevelopment/ROS2/skinny/install/messages:${AMENT_PREFIX_PATH} CMAKE_PREFIX_PATH=/home/team/SoftwareDevelopment/ROS2/skinny/install/messages:${CMAKE_PREFIX_PATH} LD_LIBRARY_PATH=/home/team/SoftwareDevelopment/ROS2/skinny/install/messages/lib:${LD_LIBRARY_PATH} PYTHONPATH=/home/team/SoftwareDevelopment/ROS2/skinny/install/messages/lib/python3.8/site-packages:${PYTHONPATH} /usr/bin/cmake --build /home/team/SoftwareDevelopment/ROS2/skinny/build/logic -- -j4 -l4
