[35m[1mScanning dependencies of target communication_node[0m
[ 50%] [32mBuilding CXX object CMakeFiles/communication_node.dir/src/communication_node.cpp.o[0m
In file included from [01m[K/opt/ros/foxy/include/rclcpp/client.hpp:40[m[K,
                 from [01m[K/opt/ros/foxy/include/rclcpp/callback_group.hpp:23[m[K,
                 from [01m[K/opt/ros/foxy/include/rclcpp/any_executable.hpp:20[m[K,
                 from [01m[K/opt/ros/foxy/include/rclcpp/memory_strategy.hpp:24[m[K,
                 from [01m[K/opt/ros/foxy/include/rclcpp/memory_strategies.hpp:18[m[K,
                 from [01m[K/opt/ros/foxy/include/rclcpp/executor_options.hpp:20[m[K,
                 from [01m[K/opt/ros/foxy/include/rclcpp/executor.hpp:33[m[K,
                 from [01m[K/opt/ros/foxy/include/rclcpp/executors/multi_threaded_executor.hpp:25[m[K,
                 from [01m[K/opt/ros/foxy/include/rclcpp/executors.hpp:21[m[K,
                 from [01m[K/opt/ros/foxy/include/rclcpp/rclcpp.hpp:146[m[K,
                 from [01m[K/home/team/SoftwareDevelopment/ROS2/skinny/src/communication/src/communication_node.cpp:17[m[K:
[01m[K/home/team/SoftwareDevelopment/ROS2/skinny/src/communication/src/communication_node.cpp:[m[K In function â€˜[01m[Kint main(int, char**)[m[Kâ€™:
[01m[K/home/team/SoftwareDevelopment/ROS2/skinny/src/communication/src/communication_node.cpp:484:92:[m[K [01;31m[Kerror: [m[Kâ€˜[01m[KkeyState[m[Kâ€™ was not declared in this scope
  484 |   RCLCPP_INFO(nodeHandle->get_logger(),"axis %d %d ", axisState.joystick, axisState.axis , [01;31m[KkeyState[m[K.state);
      |                                                                                            [01;31m[K^~~~~~~~[m[K
make[2]: *** [CMakeFiles/communication_node.dir/build.make:63: CMakeFiles/communication_node.dir/src/communication_node.cpp.o] Error 1
make[1]: *** [CMakeFiles/Makefile2:78: CMakeFiles/communication_node.dir/all] Error 2
make: *** [Makefile:141: all] Error 2
