[0.185s] Invoking command in '/home/team/SoftwareDevelopment/ROS2/skinny/build/communication': CMAKE_PREFIX_PATH=/home/team/SoftwareDevelopment/ROS2/skinny/install/messages:/home/team/SoftwareDevelopment/ROS2/skinny/install/talon:/home/team/SoftwareDevelopment/ROS2/skinny/install/power_distribution_panel:/home/team/SoftwareDevelopment/ROS2/skinny/install/logic:/home/team/SoftwareDevelopment/ROS2/skinny/install/communication:/opt/ros/foxy /usr/bin/cmake --build /home/team/SoftwareDevelopment/ROS2/skinny/build/communication -- -j4 -l4
[0.417s] [35m[1mScanning dependencies of target communication_node[0m
[0.590s] [ 50%] [32mBuilding CXX object CMakeFiles/communication_node.dir/src/communication_node.cpp.o[0m
[7.050s] In file included from [01m[K/opt/ros/foxy/include/rclcpp/client.hpp:40[m[K,
[7.052s]                  from [01m[K/opt/ros/foxy/include/rclcpp/callback_group.hpp:23[m[K,
[7.052s]                  from [01m[K/opt/ros/foxy/include/rclcpp/any_executable.hpp:20[m[K,
[7.053s]                  from [01m[K/opt/ros/foxy/include/rclcpp/memory_strategy.hpp:24[m[K,
[7.053s]                  from [01m[K/opt/ros/foxy/include/rclcpp/memory_strategies.hpp:18[m[K,
[7.053s]                  from [01m[K/opt/ros/foxy/include/rclcpp/executor_options.hpp:20[m[K,
[7.054s]                  from [01m[K/opt/ros/foxy/include/rclcpp/executor.hpp:33[m[K,
[7.054s]                  from [01m[K/opt/ros/foxy/include/rclcpp/executors/multi_threaded_executor.hpp:25[m[K,
[7.054s]                  from [01m[K/opt/ros/foxy/include/rclcpp/executors.hpp:21[m[K,
[7.055s]                  from [01m[K/opt/ros/foxy/include/rclcpp/rclcpp.hpp:146[m[K,
[7.055s]                  from [01m[K/home/team/SoftwareDevelopment/ROS2/skinny/src/communication/src/communication_node.cpp:17[m[K:
[7.055s] [01m[K/home/team/SoftwareDevelopment/ROS2/skinny/src/communication/src/communication_node.cpp:[m[K In function â€˜[01m[Kint main(int, char**)[m[Kâ€™:
[7.056s] [01m[K/home/team/SoftwareDevelopment/ROS2/skinny/src/communication/src/communication_node.cpp:484:92:[m[K [01;31m[Kerror: [m[Kâ€˜[01m[KkeyState[m[Kâ€™ was not declared in this scope
[7.056s]   484 |   RCLCPP_INFO(nodeHandle->get_logger(),"axis %d %d ", axisState.joystick, axisState.axis , [01;31m[KkeyState[m[K.state);
[7.057s]       |                                                                                            [01;31m[K^~~~~~~~[m[K
[22.595s] make[2]: *** [CMakeFiles/communication_node.dir/build.make:63: CMakeFiles/communication_node.dir/src/communication_node.cpp.o] Error 1
[22.596s] make[1]: *** [CMakeFiles/Makefile2:78: CMakeFiles/communication_node.dir/all] Error 2
[22.597s] make: *** [Makefile:141: all] Error 2
[22.603s] Invoked command in '/home/team/SoftwareDevelopment/ROS2/skinny/build/communication' returned '2': CMAKE_PREFIX_PATH=/home/team/SoftwareDevelopment/ROS2/skinny/install/messages:/home/team/SoftwareDevelopment/ROS2/skinny/install/talon:/home/team/SoftwareDevelopment/ROS2/skinny/install/power_distribution_panel:/home/team/SoftwareDevelopment/ROS2/skinny/install/logic:/home/team/SoftwareDevelopment/ROS2/skinny/install/communication:/opt/ros/foxy /usr/bin/cmake --build /home/team/SoftwareDevelopment/ROS2/skinny/build/communication -- -j4 -l4
