CMake Error at /opt/ros/eloquent/share/rosidl_adapter/cmake/rosidl_adapt_interfaces.cmake:60 (message):
  execute_process(/usr/bin/python3 -m rosidl_adapter --package-name messages
  --arguments-file
  /home/team/SoftwareDevelopment/ROS2/skinny/src/build/messages/rosidl_adapter__arguments__messages.json
  --output-dir
  /home/team/SoftwareDevelopment/ROS2/skinny/src/build/messages/rosidl_adapter/messages
  --output-file
  /home/team/SoftwareDevelopment/ROS2/skinny/src/build/messages/rosidl_adapter/messages.idls)
  returned error code 1:

  Error processing 'float32 aX' of 'messages/ZedPosition': ''aX' is an
  invalid field name.  It should have the pattern
  '^[a-z]([a-z0-9_]?[a-z0-9]+)*$''

  Traceback (most recent call last):

    File "/usr/lib/python3.6/runpy.py", line 193, in _run_module_as_main
      "__main__", mod_spec)
    File "/usr/lib/python3.6/runpy.py", line 85, in _run_code
      exec(code, run_globals)
    File "/opt/ros/eloquent/lib/python3.6/site-packages/rosidl_adapter/__main__.py", line 19, in <module>
      sys.exit(main())
    File "/opt/ros/eloquent/lib/python3.6/site-packages/rosidl_adapter/main.py", line 55, in main
      pathlib.Path(relative_path), output_dir)
    File "/opt/ros/eloquent/lib/python3.6/site-packages/rosidl_adapter/__init__.py", line 20, in convert_to_idl
      package_dir, package_name, interface_file, output_dir / 'msg')
    File "/opt/ros/eloquent/lib/python3.6/site-packages/rosidl_adapter/msg/__init__.py", line 28, in convert_msg_to_idl
      msg = parse_message_string(package_name, input_file.stem, content)
    File "/opt/ros/eloquent/lib/python3.6/site-packages/rosidl_adapter/parser.py", line 508, in parse_message_string
      field_name, default_value_string))
    File "/opt/ros/eloquent/lib/python3.6/site-packages/rosidl_adapter/parser.py", line 349, in __init__
      name, VALID_FIELD_NAME_PATTERN.pattern))

  NameError: 'aX' is an invalid field name.  It should have the pattern
  '^[a-z]([a-z0-9_]?[a-z0-9]+)*$'

Call Stack (most recent call first):
  /opt/ros/eloquent/share/rosidl_cmake/cmake/rosidl_generate_interfaces.cmake:130 (rosidl_adapt_interfaces)
  CMakeLists.txt:36 (rosidl_generate_interfaces)


make: *** [cmake_check_build_system] Error 1
