[0.107s] Invoking command in '/home/team/SoftwareDevelopment/ROS2/skinny/src/build/messages': CMAKE_PREFIX_PATH=${CMAKE_PREFIX_PATH}:/home/team/SoftwareDevelopment/ROS2/skinny/src/install/excavation:/opt/ros/eloquent /usr/bin/cmake --build /home/team/SoftwareDevelopment/ROS2/skinny/src/build/messages -- -j4 -l4
[1.611s] -- Found ament_cmake: 0.8.3 (/opt/ros/eloquent/share/ament_cmake/cmake)
[1.612s] -- Found PythonInterp: /usr/bin/python3 (found suitable version "3.6.9", minimum required is "3") 
[1.613s] -- Using PYTHON_EXECUTABLE: /usr/bin/python3
[1.613s] -- Found rclcpp: 0.8.5 (/opt/ros/eloquent/share/rclcpp/cmake)
[1.617s] -- Found rosidl_adapter: 0.8.3 (/opt/ros/eloquent/share/rosidl_adapter/cmake)
[1.684s] -- Found rmw_implementation_cmake: 0.8.1 (/opt/ros/eloquent/share/rmw_implementation_cmake/cmake)
[1.691s] -- Using RMW implementation 'rmw_fastrtps_cpp' as default
[1.816s] -- Found std_msgs: 0.8.1 (/opt/ros/eloquent/share/std_msgs/cmake)
[1.834s] -- Found rosidl_default_generators: 0.8.0 (/opt/ros/eloquent/share/rosidl_default_generators/cmake)
[2.329s] -- Found ament_lint_auto: 0.8.2 (/opt/ros/eloquent/share/ament_lint_auto/cmake)
[2.779s] -- Found PythonInterp: /usr/bin/python3 (found version "3.6.9") 
[3.753s] CMake Error at /opt/ros/eloquent/share/rosidl_adapter/cmake/rosidl_adapt_interfaces.cmake:60 (message):
[3.753s]   execute_process(/usr/bin/python3 -m rosidl_adapter --package-name messages
[3.754s]   --arguments-file
[3.754s]   /home/team/SoftwareDevelopment/ROS2/skinny/src/build/messages/rosidl_adapter__arguments__messages.json
[3.755s]   --output-dir
[3.755s]   /home/team/SoftwareDevelopment/ROS2/skinny/src/build/messages/rosidl_adapter/messages
[3.756s]   --output-file
[3.756s]   /home/team/SoftwareDevelopment/ROS2/skinny/src/build/messages/rosidl_adapter/messages.idls)
[3.756s]   returned error code 1:
[3.757s] 
[3.757s]   Error processing 'float32 aX' of 'messages/ZedPosition': ''aX' is an
[3.758s]   invalid field name.  It should have the pattern
[3.758s]   '^[a-z]([a-z0-9_]?[a-z0-9]+)*$''
[3.759s] 
[3.759s]   Traceback (most recent call last):
[3.760s] 
[3.761s]     File "/usr/lib/python3.6/runpy.py", line 193, in _run_module_as_main
[3.761s]       "__main__", mod_spec)
[3.762s]     File "/usr/lib/python3.6/runpy.py", line 85, in _run_code
[3.762s]       exec(code, run_globals)
[3.763s]     File "/opt/ros/eloquent/lib/python3.6/site-packages/rosidl_adapter/__main__.py", line 19, in <module>
[3.763s]       sys.exit(main())
[3.764s]     File "/opt/ros/eloquent/lib/python3.6/site-packages/rosidl_adapter/main.py", line 55, in main
[3.764s]       pathlib.Path(relative_path), output_dir)
[3.765s]     File "/opt/ros/eloquent/lib/python3.6/site-packages/rosidl_adapter/__init__.py", line 20, in convert_to_idl
[3.765s]       package_dir, package_name, interface_file, output_dir / 'msg')
[3.766s]     File "/opt/ros/eloquent/lib/python3.6/site-packages/rosidl_adapter/msg/__init__.py", line 28, in convert_msg_to_idl
[3.766s]       msg = parse_message_string(package_name, input_file.stem, content)
[3.767s]     File "/opt/ros/eloquent/lib/python3.6/site-packages/rosidl_adapter/parser.py", line 508, in parse_message_string
[3.767s]       field_name, default_value_string))
[3.768s]     File "/opt/ros/eloquent/lib/python3.6/site-packages/rosidl_adapter/parser.py", line 349, in __init__
[3.768s]       name, VALID_FIELD_NAME_PATTERN.pattern))
[3.769s] 
[3.770s]   NameError: 'aX' is an invalid field name.  It should have the pattern
[3.770s]   '^[a-z]([a-z0-9_]?[a-z0-9]+)*$'
[3.771s] 
[3.771s] Call Stack (most recent call first):
[3.772s]   /opt/ros/eloquent/share/rosidl_cmake/cmake/rosidl_generate_interfaces.cmake:130 (rosidl_adapt_interfaces)
[3.772s]   CMakeLists.txt:36 (rosidl_generate_interfaces)
[3.773s] 
[3.774s] 
[3.775s] -- Configuring incomplete, errors occurred!
[3.775s] See also "/home/team/SoftwareDevelopment/ROS2/skinny/src/build/messages/CMakeFiles/CMakeOutput.log".
[3.776s] See also "/home/team/SoftwareDevelopment/ROS2/skinny/src/build/messages/CMakeFiles/CMakeError.log".
[3.777s] make: *** [cmake_check_build_system] Error 1
[3.779s] Makefile:2864: recipe for target 'cmake_check_build_system' failed
[3.780s] Invoked command in '/home/team/SoftwareDevelopment/ROS2/skinny/src/build/messages' returned '2': CMAKE_PREFIX_PATH=${CMAKE_PREFIX_PATH}:/home/team/SoftwareDevelopment/ROS2/skinny/src/install/excavation:/opt/ros/eloquent /usr/bin/cmake --build /home/team/SoftwareDevelopment/ROS2/skinny/src/build/messages -- -j4 -l4
