[35m[1mScanning dependencies of target logic_node[0m
[ 50%] [32mBuilding CXX object CMakeFiles/logic_node.dir/src/logic_node.cpp.o[0m
In file included from [01m[K/home/team/SoftwareDevelopment/ROS2/skinny/src/logic/src/logic_node.cpp:17:0[m[K:
[01m[K/home/team/SoftwareDevelopment/ROS2/skinny/src/logic/include/logic/Automation1.hpp:[m[K In member function â€˜[01m[Kvoid Automation1::changeSpeed(float, float)[m[Kâ€™:
[01m[K/home/team/SoftwareDevelopment/ROS2/skinny/src/logic/include/logic/Automation1.hpp:27:9:[m[K [01;31m[Kerror: [m[Kâ€˜[01m[KdriveLeftSpeedPublisher[m[Kâ€™ was not declared in this scope
         [01;31m[KdriveLeftSpeedPublisher[m[K->publish(speedLeft);
         [01;31m[K^~~~~~~~~~~~~~~~~~~~~~~[m[K
[01m[K/home/team/SoftwareDevelopment/ROS2/skinny/src/logic/include/logic/Automation1.hpp:28:9:[m[K [01;31m[Kerror: [m[Kâ€˜[01m[KdriveRightSpeedPublisher[m[Kâ€™ was not declared in this scope
         [01;31m[KdriveRightSpeedPublisher[m[K->publish(speedRight);
         [01;31m[K^~~~~~~~~~~~~~~~~~~~~~~~[m[K
[01m[K/home/team/SoftwareDevelopment/ROS2/skinny/src/logic/src/logic_node.cpp:[m[K At global scope:
[01m[K/home/team/SoftwareDevelopment/ROS2/skinny/src/logic/src/logic_node.cpp:201:8:[m[K [01;31m[Kerror: [m[Kredefinition of â€˜[01m[Kstruct Location[m[Kâ€™
 struct [01;31m[KLocation[m[K{
        [01;31m[K^~~~~~~~[m[K
In file included from [01m[K/home/team/SoftwareDevelopment/ROS2/skinny/src/logic/include/logic/Automation.hpp:1:0[m[K,
                 from [01m[K/home/team/SoftwareDevelopment/ROS2/skinny/src/logic/include/logic/Automation1.hpp:1[m[K,
                 from [01m[K/home/team/SoftwareDevelopment/ROS2/skinny/src/logic/src/logic_node.cpp:17[m[K:
[01m[K/home/team/SoftwareDevelopment/ROS2/skinny/src/logic/include/logic/AutomationTypes.hpp:7:8:[m[K [01;36m[Knote: [m[Kprevious definition of â€˜[01m[Kstruct Location[m[Kâ€™
 struct [01;36m[KLocation[m[K{
        [01;36m[K^~~~~~~~[m[K
[01m[K/home/team/SoftwareDevelopment/ROS2/skinny/src/logic/src/logic_node.cpp:205:8:[m[K [01;31m[Kerror: [m[Kredefinition of â€˜[01m[Kstruct Quaternion[m[Kâ€™
 struct [01;31m[KQuaternion[m[K {
        [01;31m[K^~~~~~~~~~[m[K
In file included from [01m[K/home/team/SoftwareDevelopment/ROS2/skinny/src/logic/include/logic/Automation.hpp:1:0[m[K,
                 from [01m[K/home/team/SoftwareDevelopment/ROS2/skinny/src/logic/include/logic/Automation1.hpp:1[m[K,
                 from [01m[K/home/team/SoftwareDevelopment/ROS2/skinny/src/logic/src/logic_node.cpp:17[m[K:
[01m[K/home/team/SoftwareDevelopment/ROS2/skinny/src/logic/include/logic/AutomationTypes.hpp:11:8:[m[K [01;36m[Knote: [m[Kprevious definition of â€˜[01m[Kstruct Quaternion[m[Kâ€™
 struct [01;36m[KQuaternion[m[K {
        [01;36m[K^~~~~~~~~~[m[K
[01m[K/home/team/SoftwareDevelopment/ROS2/skinny/src/logic/src/logic_node.cpp:209:8:[m[K [01;31m[Kerror: [m[Kredefinition of â€˜[01m[Kstruct EulerAngles[m[Kâ€™
 struct [01;31m[KEulerAngles[m[K {
        [01;31m[K^~~~~~~~~~~[m[K
In file included from [01m[K/home/team/SoftwareDevelopment/ROS2/skinny/src/logic/include/logic/Automation.hpp:1:0[m[K,
                 from [01m[K/home/team/SoftwareDevelopment/ROS2/skinny/src/logic/include/logic/Automation1.hpp:1[m[K,
                 from [01m[K/home/team/SoftwareDevelopment/ROS2/skinny/src/logic/src/logic_node.cpp:17[m[K:
[01m[K/home/team/SoftwareDevelopment/ROS2/skinny/src/logic/include/logic/AutomationTypes.hpp:15:8:[m[K [01;36m[Knote: [m[Kprevious definition of â€˜[01m[Kstruct EulerAngles[m[Kâ€™
 struct [01;36m[KEulerAngles[m[K {
        [01;36m[K^~~~~~~~~~~[m[K
CMakeFiles/logic_node.dir/build.make:62: recipe for target 'CMakeFiles/logic_node.dir/src/logic_node.cpp.o' failed
make[2]: *** [CMakeFiles/logic_node.dir/src/logic_node.cpp.o] Error 1
make[1]: *** [CMakeFiles/logic_node.dir/all] Error 2
CMakeFiles/Makefile2:131: recipe for target 'CMakeFiles/logic_node.dir/all' failed
make: *** [all] Error 2
Makefile:140: recipe for target 'all' failed
