[0.113s] Invoking command in '/home/team/SoftwareDevelopment/ROS2/skinny/build/logic': AMENT_PREFIX_PATH=/home/team/SoftwareDevelopment/ROS2/skinny/install/messages:${AMENT_PREFIX_PATH} CMAKE_PREFIX_PATH=/home/team/SoftwareDevelopment/ROS2/skinny/install/messages:/opt/ros/eloquent LD_LIBRARY_PATH=/home/team/SoftwareDevelopment/ROS2/skinny/install/messages/lib:${LD_LIBRARY_PATH} PYTHONPATH=/home/team/SoftwareDevelopment/ROS2/skinny/install/messages/lib/python3.6/site-packages:${PYTHONPATH} /usr/bin/cmake --build /home/team/SoftwareDevelopment/ROS2/skinny/build/logic -- -j4 -l4
[0.290s] [35m[1mScanning dependencies of target logic_node[0m
[0.409s] [ 50%] [32mBuilding CXX object CMakeFiles/logic_node.dir/src/logic_node.cpp.o[0m
[4.599s] In file included from [01m[K/home/team/SoftwareDevelopment/ROS2/skinny/src/logic/src/logic_node.cpp:17:0[m[K:
[4.600s] [01m[K/home/team/SoftwareDevelopment/ROS2/skinny/src/logic/include/logic/Automation1.hpp:[m[K In member function â€˜[01m[Kvoid Automation1::changeSpeed(float, float)[m[Kâ€™:
[4.601s] [01m[K/home/team/SoftwareDevelopment/ROS2/skinny/src/logic/include/logic/Automation1.hpp:27:9:[m[K [01;31m[Kerror: [m[Kâ€˜[01m[KdriveLeftSpeedPublisher[m[Kâ€™ was not declared in this scope
[4.601s]          [01;31m[KdriveLeftSpeedPublisher[m[K->publish(speedLeft);
[4.602s]          [01;31m[K^~~~~~~~~~~~~~~~~~~~~~~[m[K
[4.628s] [01m[K/home/team/SoftwareDevelopment/ROS2/skinny/src/logic/include/logic/Automation1.hpp:28:9:[m[K [01;31m[Kerror: [m[Kâ€˜[01m[KdriveRightSpeedPublisher[m[Kâ€™ was not declared in this scope
[4.628s]          [01;31m[KdriveRightSpeedPublisher[m[K->publish(speedRight);
[4.629s]          [01;31m[K^~~~~~~~~~~~~~~~~~~~~~~~[m[K
[4.822s] [01m[K/home/team/SoftwareDevelopment/ROS2/skinny/src/logic/src/logic_node.cpp:[m[K At global scope:
[4.823s] [01m[K/home/team/SoftwareDevelopment/ROS2/skinny/src/logic/src/logic_node.cpp:201:8:[m[K [01;31m[Kerror: [m[Kredefinition of â€˜[01m[Kstruct Location[m[Kâ€™
[4.824s]  struct [01;31m[KLocation[m[K{
[4.824s]         [01;31m[K^~~~~~~~[m[K
[4.825s] In file included from [01m[K/home/team/SoftwareDevelopment/ROS2/skinny/src/logic/include/logic/Automation.hpp:1:0[m[K,
[4.825s]                  from [01m[K/home/team/SoftwareDevelopment/ROS2/skinny/src/logic/include/logic/Automation1.hpp:1[m[K,
[4.826s]                  from [01m[K/home/team/SoftwareDevelopment/ROS2/skinny/src/logic/src/logic_node.cpp:17[m[K:
[4.826s] [01m[K/home/team/SoftwareDevelopment/ROS2/skinny/src/logic/include/logic/AutomationTypes.hpp:7:8:[m[K [01;36m[Knote: [m[Kprevious definition of â€˜[01m[Kstruct Location[m[Kâ€™
[4.827s]  struct [01;36m[KLocation[m[K{
[4.827s]         [01;36m[K^~~~~~~~[m[K
[4.828s] [01m[K/home/team/SoftwareDevelopment/ROS2/skinny/src/logic/src/logic_node.cpp:205:8:[m[K [01;31m[Kerror: [m[Kredefinition of â€˜[01m[Kstruct Quaternion[m[Kâ€™
[4.828s]  struct [01;31m[KQuaternion[m[K {
[4.829s]         [01;31m[K^~~~~~~~~~[m[K
[4.829s] In file included from [01m[K/home/team/SoftwareDevelopment/ROS2/skinny/src/logic/include/logic/Automation.hpp:1:0[m[K,
[4.830s]                  from [01m[K/home/team/SoftwareDevelopment/ROS2/skinny/src/logic/include/logic/Automation1.hpp:1[m[K,
[4.830s]                  from [01m[K/home/team/SoftwareDevelopment/ROS2/skinny/src/logic/src/logic_node.cpp:17[m[K:
[4.831s] [01m[K/home/team/SoftwareDevelopment/ROS2/skinny/src/logic/include/logic/AutomationTypes.hpp:11:8:[m[K [01;36m[Knote: [m[Kprevious definition of â€˜[01m[Kstruct Quaternion[m[Kâ€™
[4.831s]  struct [01;36m[KQuaternion[m[K {
[4.832s]         [01;36m[K^~~~~~~~~~[m[K
[4.832s] [01m[K/home/team/SoftwareDevelopment/ROS2/skinny/src/logic/src/logic_node.cpp:209:8:[m[K [01;31m[Kerror: [m[Kredefinition of â€˜[01m[Kstruct EulerAngles[m[Kâ€™
[4.838s]  struct [01;31m[KEulerAngles[m[K {
[4.839s]         [01;31m[K^~~~~~~~~~~[m[K
[4.840s] In file included from [01m[K/home/team/SoftwareDevelopment/ROS2/skinny/src/logic/include/logic/Automation.hpp:1:0[m[K,
[4.841s]                  from [01m[K/home/team/SoftwareDevelopment/ROS2/skinny/src/logic/include/logic/Automation1.hpp:1[m[K,
[4.841s]                  from [01m[K/home/team/SoftwareDevelopment/ROS2/skinny/src/logic/src/logic_node.cpp:17[m[K:
[4.842s] [01m[K/home/team/SoftwareDevelopment/ROS2/skinny/src/logic/include/logic/AutomationTypes.hpp:15:8:[m[K [01;36m[Knote: [m[Kprevious definition of â€˜[01m[Kstruct EulerAngles[m[Kâ€™
[4.843s]  struct [01;36m[KEulerAngles[m[K {
[4.843s]         [01;36m[K^~~~~~~~~~~[m[K
[14.788s] CMakeFiles/logic_node.dir/build.make:62: recipe for target 'CMakeFiles/logic_node.dir/src/logic_node.cpp.o' failed
[14.788s] make[2]: *** [CMakeFiles/logic_node.dir/src/logic_node.cpp.o] Error 1
[14.789s] make[1]: *** [CMakeFiles/logic_node.dir/all] Error 2
[14.790s] CMakeFiles/Makefile2:131: recipe for target 'CMakeFiles/logic_node.dir/all' failed
[14.791s] make: *** [all] Error 2
[14.791s] Makefile:140: recipe for target 'all' failed
[14.801s] Invoked command in '/home/team/SoftwareDevelopment/ROS2/skinny/build/logic' returned '2': AMENT_PREFIX_PATH=/home/team/SoftwareDevelopment/ROS2/skinny/install/messages:${AMENT_PREFIX_PATH} CMAKE_PREFIX_PATH=/home/team/SoftwareDevelopment/ROS2/skinny/install/messages:/opt/ros/eloquent LD_LIBRARY_PATH=/home/team/SoftwareDevelopment/ROS2/skinny/install/messages/lib:${LD_LIBRARY_PATH} PYTHONPATH=/home/team/SoftwareDevelopment/ROS2/skinny/install/messages/lib/python3.6/site-packages:${PYTHONPATH} /usr/bin/cmake --build /home/team/SoftwareDevelopment/ROS2/skinny/build/logic -- -j4 -l4
